ARM GAS  C:\Users\Joseph\AppData\Local\Temp\ccuRC95l.s 			page 1


   1              		.cpu cortex-m0
   2              		.fpu softvfp
   3              		.eabi_attribute 20, 1
   4              		.eabi_attribute 21, 1
   5              		.eabi_attribute 23, 3
   6              		.eabi_attribute 24, 1
   7              		.eabi_attribute 25, 1
   8              		.eabi_attribute 26, 1
   9              		.eabi_attribute 30, 6
  10              		.eabi_attribute 34, 0
  11              		.eabi_attribute 18, 4
  12              		.code	16
  13              		.file	"cyfitter_cfg.c"
  14              		.text
  15              	.Ltext0:
  16              		.cfi_sections	.debug_frame
  17              		.section	.text.CYMEMZERO,"ax",%progbits
  18              		.align	2
  19              		.code	16
  20              		.thumb_func
  21              		.type	CYMEMZERO, %function
  22              	CYMEMZERO:
  23              	.LFB0:
  24              		.file 1 ".\\Generated_Source\\PSoC4\\cyfitter_cfg.c"
   1:.\Generated_Source\PSoC4/cyfitter_cfg.c **** /*******************************************************************************
   2:.\Generated_Source\PSoC4/cyfitter_cfg.c **** * FILENAME: cyfitter_cfg.c
   3:.\Generated_Source\PSoC4/cyfitter_cfg.c **** * PSoC Creator  3.1 SP3
   4:.\Generated_Source\PSoC4/cyfitter_cfg.c **** *
   5:.\Generated_Source\PSoC4/cyfitter_cfg.c **** * Description:
   6:.\Generated_Source\PSoC4/cyfitter_cfg.c **** * This file is automatically generated by PSoC Creator with device 
   7:.\Generated_Source\PSoC4/cyfitter_cfg.c **** * initialization code.  Except for the user defined sections in
   8:.\Generated_Source\PSoC4/cyfitter_cfg.c **** * CyClockStartupError(), this file should not be modified.
   9:.\Generated_Source\PSoC4/cyfitter_cfg.c **** *
  10:.\Generated_Source\PSoC4/cyfitter_cfg.c **** ********************************************************************************
  11:.\Generated_Source\PSoC4/cyfitter_cfg.c **** * Copyright 2013, Cypress Semiconductor Corporation.  All rights reserved.
  12:.\Generated_Source\PSoC4/cyfitter_cfg.c **** * You may use this file only in accordance with the license, terms, conditions, 
  13:.\Generated_Source\PSoC4/cyfitter_cfg.c **** * disclaimers, and limitations in the end user license agreement accompanying 
  14:.\Generated_Source\PSoC4/cyfitter_cfg.c **** * the software package with which this file was provided.
  15:.\Generated_Source\PSoC4/cyfitter_cfg.c **** ********************************************************************************/
  16:.\Generated_Source\PSoC4/cyfitter_cfg.c **** 
  17:.\Generated_Source\PSoC4/cyfitter_cfg.c **** #include <string.h>
  18:.\Generated_Source\PSoC4/cyfitter_cfg.c **** #include <cytypes.h>
  19:.\Generated_Source\PSoC4/cyfitter_cfg.c **** #include <cydevice_trm.h>
  20:.\Generated_Source\PSoC4/cyfitter_cfg.c **** #include <cyfitter.h>
  21:.\Generated_Source\PSoC4/cyfitter_cfg.c **** #include <CyLib.h>
  22:.\Generated_Source\PSoC4/cyfitter_cfg.c **** #include <cyfitter_cfg.h>
  23:.\Generated_Source\PSoC4/cyfitter_cfg.c **** 
  24:.\Generated_Source\PSoC4/cyfitter_cfg.c **** 
  25:.\Generated_Source\PSoC4/cyfitter_cfg.c **** #if defined(__GNUC__) || defined(__ARMCC_VERSION)
  26:.\Generated_Source\PSoC4/cyfitter_cfg.c ****     #define CYPACKED 
  27:.\Generated_Source\PSoC4/cyfitter_cfg.c ****     #define CYPACKED_ATTR __attribute__ ((packed))
  28:.\Generated_Source\PSoC4/cyfitter_cfg.c ****     #define CYALIGNED __attribute__ ((aligned))
  29:.\Generated_Source\PSoC4/cyfitter_cfg.c ****     #define CY_CFG_UNUSED __attribute__ ((unused))
  30:.\Generated_Source\PSoC4/cyfitter_cfg.c ****     #define CY_CFG_SECTION __attribute__ ((section(".psocinit")))
  31:.\Generated_Source\PSoC4/cyfitter_cfg.c ****     
  32:.\Generated_Source\PSoC4/cyfitter_cfg.c ****     #if defined(__ARMCC_VERSION)
  33:.\Generated_Source\PSoC4/cyfitter_cfg.c ****         #define CY_CFG_MEMORY_BARRIER() __memory_changed()
ARM GAS  C:\Users\Joseph\AppData\Local\Temp\ccuRC95l.s 			page 2


  34:.\Generated_Source\PSoC4/cyfitter_cfg.c ****     #else
  35:.\Generated_Source\PSoC4/cyfitter_cfg.c ****         #define CY_CFG_MEMORY_BARRIER() __sync_synchronize()
  36:.\Generated_Source\PSoC4/cyfitter_cfg.c ****     #endif
  37:.\Generated_Source\PSoC4/cyfitter_cfg.c ****     
  38:.\Generated_Source\PSoC4/cyfitter_cfg.c **** #elif defined(__ICCARM__)
  39:.\Generated_Source\PSoC4/cyfitter_cfg.c ****     #include <intrinsics.h>
  40:.\Generated_Source\PSoC4/cyfitter_cfg.c **** 
  41:.\Generated_Source\PSoC4/cyfitter_cfg.c ****     #define CYPACKED __packed
  42:.\Generated_Source\PSoC4/cyfitter_cfg.c ****     #define CYPACKED_ATTR 
  43:.\Generated_Source\PSoC4/cyfitter_cfg.c ****     #define CYALIGNED _Pragma("data_alignment=4")
  44:.\Generated_Source\PSoC4/cyfitter_cfg.c ****     #define CY_CFG_UNUSED _Pragma("diag_suppress=Pe177")
  45:.\Generated_Source\PSoC4/cyfitter_cfg.c ****     #define CY_CFG_SECTION _Pragma("location=\".psocinit\"")
  46:.\Generated_Source\PSoC4/cyfitter_cfg.c ****     
  47:.\Generated_Source\PSoC4/cyfitter_cfg.c ****     #define CY_CFG_MEMORY_BARRIER() __DMB()
  48:.\Generated_Source\PSoC4/cyfitter_cfg.c ****     
  49:.\Generated_Source\PSoC4/cyfitter_cfg.c **** #else
  50:.\Generated_Source\PSoC4/cyfitter_cfg.c ****     #error Unsupported toolchain
  51:.\Generated_Source\PSoC4/cyfitter_cfg.c **** #endif
  52:.\Generated_Source\PSoC4/cyfitter_cfg.c **** 
  53:.\Generated_Source\PSoC4/cyfitter_cfg.c **** 
  54:.\Generated_Source\PSoC4/cyfitter_cfg.c **** CY_CFG_UNUSED
  55:.\Generated_Source\PSoC4/cyfitter_cfg.c **** static void CYMEMZERO(void *s, size_t n);
  56:.\Generated_Source\PSoC4/cyfitter_cfg.c **** CY_CFG_UNUSED
  57:.\Generated_Source\PSoC4/cyfitter_cfg.c **** static void CYMEMZERO(void *s, size_t n)
  58:.\Generated_Source\PSoC4/cyfitter_cfg.c **** {
  25              		.loc 1 58 0
  26              		.cfi_startproc
  27 0000 80B5     		push	{r7, lr}
  28              		.cfi_def_cfa_offset 8
  29              		.cfi_offset 7, -8
  30              		.cfi_offset 14, -4
  31 0002 82B0     		sub	sp, sp, #8
  32              		.cfi_def_cfa_offset 16
  33 0004 00AF     		add	r7, sp, #0
  34              		.cfi_def_cfa_register 7
  35 0006 7860     		str	r0, [r7, #4]
  36 0008 3960     		str	r1, [r7]
  59:.\Generated_Source\PSoC4/cyfitter_cfg.c **** 	(void)memset(s, 0, n);
  37              		.loc 1 59 0
  38 000a 7A68     		ldr	r2, [r7, #4]
  39 000c 3B68     		ldr	r3, [r7]
  40 000e 101C     		mov	r0, r2
  41 0010 0021     		mov	r1, #0
  42 0012 1A1C     		mov	r2, r3
  43 0014 FFF7FEFF 		bl	memset
  60:.\Generated_Source\PSoC4/cyfitter_cfg.c **** }
  44              		.loc 1 60 0
  45 0018 BD46     		mov	sp, r7
  46 001a 02B0     		add	sp, sp, #8
  47              		@ sp needed
  48 001c 80BD     		pop	{r7, pc}
  49              		.cfi_endproc
  50              	.LFE0:
  51              		.size	CYMEMZERO, .-CYMEMZERO
  52 001e C046     		.section	.text.CYCONFIGCPY,"ax",%progbits
  53              		.align	2
  54              		.code	16
ARM GAS  C:\Users\Joseph\AppData\Local\Temp\ccuRC95l.s 			page 3


  55              		.thumb_func
  56              		.type	CYCONFIGCPY, %function
  57              	CYCONFIGCPY:
  58              	.LFB1:
  61:.\Generated_Source\PSoC4/cyfitter_cfg.c **** CY_CFG_UNUSED
  62:.\Generated_Source\PSoC4/cyfitter_cfg.c **** static void CYCONFIGCPY(void *dest, const void *src, size_t n);
  63:.\Generated_Source\PSoC4/cyfitter_cfg.c **** CY_CFG_UNUSED
  64:.\Generated_Source\PSoC4/cyfitter_cfg.c **** static void CYCONFIGCPY(void *dest, const void *src, size_t n)
  65:.\Generated_Source\PSoC4/cyfitter_cfg.c **** {
  59              		.loc 1 65 0
  60              		.cfi_startproc
  61 0000 80B5     		push	{r7, lr}
  62              		.cfi_def_cfa_offset 8
  63              		.cfi_offset 7, -8
  64              		.cfi_offset 14, -4
  65 0002 84B0     		sub	sp, sp, #16
  66              		.cfi_def_cfa_offset 24
  67 0004 00AF     		add	r7, sp, #0
  68              		.cfi_def_cfa_register 7
  69 0006 F860     		str	r0, [r7, #12]
  70 0008 B960     		str	r1, [r7, #8]
  71 000a 7A60     		str	r2, [r7, #4]
  66:.\Generated_Source\PSoC4/cyfitter_cfg.c **** 	(void)memcpy(dest, src, n);
  72              		.loc 1 66 0
  73 000c F968     		ldr	r1, [r7, #12]
  74 000e BA68     		ldr	r2, [r7, #8]
  75 0010 7B68     		ldr	r3, [r7, #4]
  76 0012 081C     		mov	r0, r1
  77 0014 111C     		mov	r1, r2
  78 0016 1A1C     		mov	r2, r3
  79 0018 FFF7FEFF 		bl	memcpy
  67:.\Generated_Source\PSoC4/cyfitter_cfg.c **** }
  80              		.loc 1 67 0
  81 001c BD46     		mov	sp, r7
  82 001e 04B0     		add	sp, sp, #16
  83              		@ sp needed
  84 0020 80BD     		pop	{r7, pc}
  85              		.cfi_endproc
  86              	.LFE1:
  87              		.size	CYCONFIGCPY, .-CYCONFIGCPY
  88 0022 C046     		.section	.text.CYCONFIGCPYCODE,"ax",%progbits
  89              		.align	2
  90              		.code	16
  91              		.thumb_func
  92              		.type	CYCONFIGCPYCODE, %function
  93              	CYCONFIGCPYCODE:
  94              	.LFB2:
  68:.\Generated_Source\PSoC4/cyfitter_cfg.c **** CY_CFG_UNUSED
  69:.\Generated_Source\PSoC4/cyfitter_cfg.c **** static void CYCONFIGCPYCODE(void *dest, const void *src, size_t n);
  70:.\Generated_Source\PSoC4/cyfitter_cfg.c **** CY_CFG_UNUSED
  71:.\Generated_Source\PSoC4/cyfitter_cfg.c **** static void CYCONFIGCPYCODE(void *dest, const void *src, size_t n)
  72:.\Generated_Source\PSoC4/cyfitter_cfg.c **** {
  95              		.loc 1 72 0
  96              		.cfi_startproc
  97 0000 80B5     		push	{r7, lr}
  98              		.cfi_def_cfa_offset 8
  99              		.cfi_offset 7, -8
ARM GAS  C:\Users\Joseph\AppData\Local\Temp\ccuRC95l.s 			page 4


 100              		.cfi_offset 14, -4
 101 0002 84B0     		sub	sp, sp, #16
 102              		.cfi_def_cfa_offset 24
 103 0004 00AF     		add	r7, sp, #0
 104              		.cfi_def_cfa_register 7
 105 0006 F860     		str	r0, [r7, #12]
 106 0008 B960     		str	r1, [r7, #8]
 107 000a 7A60     		str	r2, [r7, #4]
  73:.\Generated_Source\PSoC4/cyfitter_cfg.c **** 	(void)memcpy(dest, src, n);
 108              		.loc 1 73 0
 109 000c F968     		ldr	r1, [r7, #12]
 110 000e BA68     		ldr	r2, [r7, #8]
 111 0010 7B68     		ldr	r3, [r7, #4]
 112 0012 081C     		mov	r0, r1
 113 0014 111C     		mov	r1, r2
 114 0016 1A1C     		mov	r2, r3
 115 0018 FFF7FEFF 		bl	memcpy
  74:.\Generated_Source\PSoC4/cyfitter_cfg.c **** }
 116              		.loc 1 74 0
 117 001c BD46     		mov	sp, r7
 118 001e 04B0     		add	sp, sp, #16
 119              		@ sp needed
 120 0020 80BD     		pop	{r7, pc}
 121              		.cfi_endproc
 122              	.LFE2:
 123              		.size	CYCONFIGCPYCODE, .-CYCONFIGCPYCODE
 124 0022 C046     		.section	.psocinit,"ax",%progbits
 125              		.align	2
 126              		.code	16
 127              		.thumb_func
 128              		.type	SetIMOBGTrims, %function
 129              	SetIMOBGTrims:
 130              	.LFB3:
  75:.\Generated_Source\PSoC4/cyfitter_cfg.c **** 
  76:.\Generated_Source\PSoC4/cyfitter_cfg.c **** 
  77:.\Generated_Source\PSoC4/cyfitter_cfg.c **** 
  78:.\Generated_Source\PSoC4/cyfitter_cfg.c **** /* Clock startup error codes                                                   */
  79:.\Generated_Source\PSoC4/cyfitter_cfg.c **** #define CYCLOCKSTART_NO_ERROR    0u
  80:.\Generated_Source\PSoC4/cyfitter_cfg.c **** #define CYCLOCKSTART_XTAL_ERROR  1u
  81:.\Generated_Source\PSoC4/cyfitter_cfg.c **** #define CYCLOCKSTART_32KHZ_ERROR 2u
  82:.\Generated_Source\PSoC4/cyfitter_cfg.c **** #define CYCLOCKSTART_PLL_ERROR   3u
  83:.\Generated_Source\PSoC4/cyfitter_cfg.c **** 
  84:.\Generated_Source\PSoC4/cyfitter_cfg.c **** #ifdef CY_NEED_CYCLOCKSTARTUPERROR
  85:.\Generated_Source\PSoC4/cyfitter_cfg.c **** /*******************************************************************************
  86:.\Generated_Source\PSoC4/cyfitter_cfg.c **** * Function Name: CyClockStartupError
  87:.\Generated_Source\PSoC4/cyfitter_cfg.c **** ********************************************************************************
  88:.\Generated_Source\PSoC4/cyfitter_cfg.c **** * Summary:
  89:.\Generated_Source\PSoC4/cyfitter_cfg.c **** *  If an error is encountered during clock configuration (crystal startup error,
  90:.\Generated_Source\PSoC4/cyfitter_cfg.c **** *  PLL lock error, etc.), the system will end up here.  Unless reimplemented by
  91:.\Generated_Source\PSoC4/cyfitter_cfg.c **** *  the customer, this function will stop in an infinite loop.
  92:.\Generated_Source\PSoC4/cyfitter_cfg.c **** *
  93:.\Generated_Source\PSoC4/cyfitter_cfg.c **** * Parameters:
  94:.\Generated_Source\PSoC4/cyfitter_cfg.c **** *   void
  95:.\Generated_Source\PSoC4/cyfitter_cfg.c **** *
  96:.\Generated_Source\PSoC4/cyfitter_cfg.c **** * Return:
  97:.\Generated_Source\PSoC4/cyfitter_cfg.c **** *   void
  98:.\Generated_Source\PSoC4/cyfitter_cfg.c **** *
ARM GAS  C:\Users\Joseph\AppData\Local\Temp\ccuRC95l.s 			page 5


  99:.\Generated_Source\PSoC4/cyfitter_cfg.c **** *******************************************************************************/
 100:.\Generated_Source\PSoC4/cyfitter_cfg.c **** CY_CFG_UNUSED
 101:.\Generated_Source\PSoC4/cyfitter_cfg.c **** static void CyClockStartupError(uint8 errorCode);
 102:.\Generated_Source\PSoC4/cyfitter_cfg.c **** CY_CFG_UNUSED
 103:.\Generated_Source\PSoC4/cyfitter_cfg.c **** static void CyClockStartupError(uint8 errorCode)
 104:.\Generated_Source\PSoC4/cyfitter_cfg.c **** {
 105:.\Generated_Source\PSoC4/cyfitter_cfg.c ****     /* To remove the compiler warning if errorCode not used.                */
 106:.\Generated_Source\PSoC4/cyfitter_cfg.c ****     errorCode = errorCode;
 107:.\Generated_Source\PSoC4/cyfitter_cfg.c **** 
 108:.\Generated_Source\PSoC4/cyfitter_cfg.c ****     /* `#START CyClockStartupError` */
 109:.\Generated_Source\PSoC4/cyfitter_cfg.c **** 
 110:.\Generated_Source\PSoC4/cyfitter_cfg.c ****     /* If we have a clock startup error (bad MHz crystal, PLL lock, etc.),  */
 111:.\Generated_Source\PSoC4/cyfitter_cfg.c ****     /* we will end up here to allow the customer to implement something to  */
 112:.\Generated_Source\PSoC4/cyfitter_cfg.c ****     /* deal with the clock condition.                                       */
 113:.\Generated_Source\PSoC4/cyfitter_cfg.c **** 
 114:.\Generated_Source\PSoC4/cyfitter_cfg.c ****     /* `#END` */
 115:.\Generated_Source\PSoC4/cyfitter_cfg.c **** 
 116:.\Generated_Source\PSoC4/cyfitter_cfg.c ****     /* If nothing else, stop here since the clocks have not started         */
 117:.\Generated_Source\PSoC4/cyfitter_cfg.c ****     /* correctly.                                                           */
 118:.\Generated_Source\PSoC4/cyfitter_cfg.c ****     while(1) {}
 119:.\Generated_Source\PSoC4/cyfitter_cfg.c **** }
 120:.\Generated_Source\PSoC4/cyfitter_cfg.c **** #endif
 121:.\Generated_Source\PSoC4/cyfitter_cfg.c **** 
 122:.\Generated_Source\PSoC4/cyfitter_cfg.c **** 
 123:.\Generated_Source\PSoC4/cyfitter_cfg.c **** /*******************************************************************************
 124:.\Generated_Source\PSoC4/cyfitter_cfg.c **** * Function Name: SetIMOBGTrims
 125:.\Generated_Source\PSoC4/cyfitter_cfg.c **** ********************************************************************************
 126:.\Generated_Source\PSoC4/cyfitter_cfg.c **** *
 127:.\Generated_Source\PSoC4/cyfitter_cfg.c **** * Summary:
 128:.\Generated_Source\PSoC4/cyfitter_cfg.c **** *   Performs the configuration of the bandgap trim for the IMO based on the given
 129:.\Generated_Source\PSoC4/cyfitter_cfg.c **** *   expected frequency of the IMO. 
 130:.\Generated_Source\PSoC4/cyfitter_cfg.c **** *
 131:.\Generated_Source\PSoC4/cyfitter_cfg.c **** * Parameters:
 132:.\Generated_Source\PSoC4/cyfitter_cfg.c **** *   imoFreq: Frequency for operation of the IMO.
 133:.\Generated_Source\PSoC4/cyfitter_cfg.c **** *
 134:.\Generated_Source\PSoC4/cyfitter_cfg.c **** * Return:
 135:.\Generated_Source\PSoC4/cyfitter_cfg.c **** *   void
 136:.\Generated_Source\PSoC4/cyfitter_cfg.c **** *
 137:.\Generated_Source\PSoC4/cyfitter_cfg.c **** *******************************************************************************/
 138:.\Generated_Source\PSoC4/cyfitter_cfg.c **** static void SetIMOBGTrims(uint8 imoFreq);
 139:.\Generated_Source\PSoC4/cyfitter_cfg.c **** CY_CFG_SECTION
 140:.\Generated_Source\PSoC4/cyfitter_cfg.c **** static void SetIMOBGTrims(uint8 imoFreq)
 141:.\Generated_Source\PSoC4/cyfitter_cfg.c **** {
 131              		.loc 1 141 0
 132              		.cfi_startproc
 133 0000 80B5     		push	{r7, lr}
 134              		.cfi_def_cfa_offset 8
 135              		.cfi_offset 7, -8
 136              		.cfi_offset 14, -4
 137 0002 84B0     		sub	sp, sp, #16
 138              		.cfi_def_cfa_offset 24
 139 0004 00AF     		add	r7, sp, #0
 140              		.cfi_def_cfa_register 7
 141 0006 021C     		mov	r2, r0
 142 0008 FB1D     		add	r3, r7, #7
 143 000a 1A70     		strb	r2, [r3]
 142:.\Generated_Source\PSoC4/cyfitter_cfg.c **** 	CYPACKED typedef struct {
ARM GAS  C:\Users\Joseph\AppData\Local\Temp\ccuRC95l.s 			page 6


 143:.\Generated_Source\PSoC4/cyfitter_cfg.c **** 		uint8 freq;
 144:.\Generated_Source\PSoC4/cyfitter_cfg.c **** 		uint8 absolute;
 145:.\Generated_Source\PSoC4/cyfitter_cfg.c **** 		uint8 tmpco;
 146:.\Generated_Source\PSoC4/cyfitter_cfg.c **** 	} CYPACKED_ATTR imo_trim_entry_t;
 147:.\Generated_Source\PSoC4/cyfitter_cfg.c **** 
 148:.\Generated_Source\PSoC4/cyfitter_cfg.c **** 	CYPACKED typedef struct {
 149:.\Generated_Source\PSoC4/cyfitter_cfg.c **** 		imo_trim_entry_t entries[4];
 150:.\Generated_Source\PSoC4/cyfitter_cfg.c **** 	} CYPACKED_ATTR imo_trim_table_t;
 151:.\Generated_Source\PSoC4/cyfitter_cfg.c **** 
 152:.\Generated_Source\PSoC4/cyfitter_cfg.c **** 	static const imo_trim_table_t *imo_trim_table = (const imo_trim_table_t *)CYREG_SFLASH_IMO_MAXF0;
 153:.\Generated_Source\PSoC4/cyfitter_cfg.c **** 	static const uint32 IMO_TRIM_FREQ_TABLE_ENTRIES = sizeof(imo_trim_table->entries)/sizeof(imo_trim_
 154:.\Generated_Source\PSoC4/cyfitter_cfg.c **** 
 155:.\Generated_Source\PSoC4/cyfitter_cfg.c **** 	int32 imoTrimIndex;
 156:.\Generated_Source\PSoC4/cyfitter_cfg.c **** 	uint8 setAbs;
 157:.\Generated_Source\PSoC4/cyfitter_cfg.c **** 	uint8 setTmpCo;
 158:.\Generated_Source\PSoC4/cyfitter_cfg.c **** 
 159:.\Generated_Source\PSoC4/cyfitter_cfg.c **** 	/* Traverse the SFLASH IMO frequency-dependent bandgap trim table to
 160:.\Generated_Source\PSoC4/cyfitter_cfg.c **** 	 * locate the appropriate value to trim the IMO bandgap based on freq. */
 161:.\Generated_Source\PSoC4/cyfitter_cfg.c **** 	setAbs = CY_GET_REG8((const void *)CYREG_SFLASH_IMO_ABS4);
 144              		.loc 1 161 0
 145 000c 204A     		ldr	r2, .L8
 146 000e 3B1C     		mov	r3, r7
 147 0010 0B33     		add	r3, r3, #11
 148 0012 1278     		ldrb	r2, [r2]
 149 0014 1A70     		strb	r2, [r3]
 162:.\Generated_Source\PSoC4/cyfitter_cfg.c **** 	setTmpCo = CY_GET_REG8((const void *)CYREG_SFLASH_IMO_TMPCO4);
 150              		.loc 1 162 0
 151 0016 1F4A     		ldr	r2, .L8+4
 152 0018 3B1C     		mov	r3, r7
 153 001a 0A33     		add	r3, r3, #10
 154 001c 1278     		ldrb	r2, [r2]
 155 001e 1A70     		strb	r2, [r3]
 163:.\Generated_Source\PSoC4/cyfitter_cfg.c **** 	for (imoTrimIndex = ((int32)IMO_TRIM_FREQ_TABLE_ENTRIES)-1;
 156              		.loc 1 163 0
 157 0020 0423     		mov	r3, #4
 158 0022 013B     		sub	r3, r3, #1
 159 0024 FB60     		str	r3, [r7, #12]
 160 0026 18E0     		b	.L5
 161              	.L7:
 164:.\Generated_Source\PSoC4/cyfitter_cfg.c **** 	     (imoTrimIndex >= 0) && (imoFreq <= imo_trim_table->entries[imoTrimIndex].freq);
 165:.\Generated_Source\PSoC4/cyfitter_cfg.c **** 	     imoTrimIndex--)
 166:.\Generated_Source\PSoC4/cyfitter_cfg.c **** 	{
 167:.\Generated_Source\PSoC4/cyfitter_cfg.c **** 		setAbs = imo_trim_table->entries[imoTrimIndex].absolute;
 162              		.loc 1 167 0
 163 0028 1B4B     		ldr	r3, .L8+8
 164 002a 1868     		ldr	r0, [r3]
 165 002c 391C     		mov	r1, r7
 166 002e 0B31     		add	r1, r1, #11
 167 0030 FA68     		ldr	r2, [r7, #12]
 168 0032 131C     		mov	r3, r2
 169 0034 5B00     		lsl	r3, r3, #1
 170 0036 9B18     		add	r3, r3, r2
 171 0038 C318     		add	r3, r0, r3
 172 003a 5B78     		ldrb	r3, [r3, #1]
 173 003c 0B70     		strb	r3, [r1]
 168:.\Generated_Source\PSoC4/cyfitter_cfg.c **** 		setTmpCo = imo_trim_table->entries[imoTrimIndex].tmpco;
 174              		.loc 1 168 0
ARM GAS  C:\Users\Joseph\AppData\Local\Temp\ccuRC95l.s 			page 7


 175 003e 164B     		ldr	r3, .L8+8
 176 0040 1868     		ldr	r0, [r3]
 177 0042 391C     		mov	r1, r7
 178 0044 0A31     		add	r1, r1, #10
 179 0046 FA68     		ldr	r2, [r7, #12]
 180 0048 131C     		mov	r3, r2
 181 004a 5B00     		lsl	r3, r3, #1
 182 004c 9B18     		add	r3, r3, r2
 183 004e C318     		add	r3, r0, r3
 184 0050 9B78     		ldrb	r3, [r3, #2]
 185 0052 0B70     		strb	r3, [r1]
 165:.\Generated_Source\PSoC4/cyfitter_cfg.c **** 	     imoTrimIndex--)
 186              		.loc 1 165 0
 187 0054 FB68     		ldr	r3, [r7, #12]
 188 0056 013B     		sub	r3, r3, #1
 189 0058 FB60     		str	r3, [r7, #12]
 190              	.L5:
 163:.\Generated_Source\PSoC4/cyfitter_cfg.c **** 	for (imoTrimIndex = ((int32)IMO_TRIM_FREQ_TABLE_ENTRIES)-1;
 191              		.loc 1 163 0 discriminator 1
 192 005a FB68     		ldr	r3, [r7, #12]
 193 005c 002B     		cmp	r3, #0
 194 005e 0ADB     		blt	.L6
 164:.\Generated_Source\PSoC4/cyfitter_cfg.c **** 	     (imoTrimIndex >= 0) && (imoFreq <= imo_trim_table->entries[imoTrimIndex].freq);
 195              		.loc 1 164 0
 196 0060 0D4B     		ldr	r3, .L8+8
 197 0062 1968     		ldr	r1, [r3]
 198 0064 FA68     		ldr	r2, [r7, #12]
 199 0066 131C     		mov	r3, r2
 200 0068 5B00     		lsl	r3, r3, #1
 201 006a 9B18     		add	r3, r3, r2
 202 006c 5B5C     		ldrb	r3, [r3, r1]
 203 006e FA1D     		add	r2, r7, #7
 204 0070 1278     		ldrb	r2, [r2]
 205 0072 9A42     		cmp	r2, r3
 206 0074 D8D9     		bls	.L7
 207              	.L6:
 169:.\Generated_Source\PSoC4/cyfitter_cfg.c **** 	}
 170:.\Generated_Source\PSoC4/cyfitter_cfg.c **** 
 171:.\Generated_Source\PSoC4/cyfitter_cfg.c **** 	CY_SET_REG32((void *)CYREG_PWR_BG_TRIM4, setAbs);
 208              		.loc 1 171 0
 209 0076 094B     		ldr	r3, .L8+12
 210 0078 3A1C     		mov	r2, r7
 211 007a 0B32     		add	r2, r2, #11
 212 007c 1278     		ldrb	r2, [r2]
 213 007e 1A60     		str	r2, [r3]
 172:.\Generated_Source\PSoC4/cyfitter_cfg.c **** 	CY_SET_REG32((void *)CYREG_PWR_BG_TRIM5, setTmpCo);
 214              		.loc 1 172 0
 215 0080 074B     		ldr	r3, .L8+16
 216 0082 3A1C     		mov	r2, r7
 217 0084 0A32     		add	r2, r2, #10
 218 0086 1278     		ldrb	r2, [r2]
 219 0088 1A60     		str	r2, [r3]
 173:.\Generated_Source\PSoC4/cyfitter_cfg.c **** }
 220              		.loc 1 173 0
 221 008a BD46     		mov	sp, r7
 222 008c 04B0     		add	sp, sp, #16
 223              		@ sp needed
ARM GAS  C:\Users\Joseph\AppData\Local\Temp\ccuRC95l.s 			page 8


 224 008e 80BD     		pop	{r7, pc}
 225              	.L9:
 226              		.align	2
 227              	.L8:
 228 0090 CCF1FF0F 		.word	268431820
 229 0094 CDF1FF0F 		.word	268431821
 230 0098 00000000 		.word	imo_trim_table.4687
 231 009c 1CFF0B40 		.word	1074528028
 232 00a0 20FF0B40 		.word	1074528032
 233              		.cfi_endproc
 234              	.LFE3:
 235              		.size	SetIMOBGTrims, .-SetIMOBGTrims
 236              		.align	2
 237              		.code	16
 238              		.thumb_func
 239              		.type	ClockSetup, %function
 240              	ClockSetup:
 241              	.LFB4:
 174:.\Generated_Source\PSoC4/cyfitter_cfg.c **** 
 175:.\Generated_Source\PSoC4/cyfitter_cfg.c **** 
 176:.\Generated_Source\PSoC4/cyfitter_cfg.c **** 
 177:.\Generated_Source\PSoC4/cyfitter_cfg.c **** /*******************************************************************************
 178:.\Generated_Source\PSoC4/cyfitter_cfg.c **** * Function Name: ClockSetup
 179:.\Generated_Source\PSoC4/cyfitter_cfg.c **** ********************************************************************************
 180:.\Generated_Source\PSoC4/cyfitter_cfg.c **** *
 181:.\Generated_Source\PSoC4/cyfitter_cfg.c **** * Summary:
 182:.\Generated_Source\PSoC4/cyfitter_cfg.c **** *   Performs the initialization of all of the clocks in the device based on the
 183:.\Generated_Source\PSoC4/cyfitter_cfg.c **** *   settings in the Clock tab of the DWR.  This includes enabling the requested
 184:.\Generated_Source\PSoC4/cyfitter_cfg.c **** *   clocks and setting the necessary dividers to produce the desired frequency. 
 185:.\Generated_Source\PSoC4/cyfitter_cfg.c **** *
 186:.\Generated_Source\PSoC4/cyfitter_cfg.c **** * Parameters:
 187:.\Generated_Source\PSoC4/cyfitter_cfg.c **** *   void
 188:.\Generated_Source\PSoC4/cyfitter_cfg.c **** *
 189:.\Generated_Source\PSoC4/cyfitter_cfg.c **** * Return:
 190:.\Generated_Source\PSoC4/cyfitter_cfg.c **** *   void
 191:.\Generated_Source\PSoC4/cyfitter_cfg.c **** *
 192:.\Generated_Source\PSoC4/cyfitter_cfg.c **** *******************************************************************************/
 193:.\Generated_Source\PSoC4/cyfitter_cfg.c **** static void ClockSetup(void);
 194:.\Generated_Source\PSoC4/cyfitter_cfg.c **** CY_CFG_SECTION
 195:.\Generated_Source\PSoC4/cyfitter_cfg.c **** static void ClockSetup(void)
 196:.\Generated_Source\PSoC4/cyfitter_cfg.c **** {
 242              		.loc 1 196 0
 243              		.cfi_startproc
 244 00a4 80B5     		push	{r7, lr}
 245              		.cfi_def_cfa_offset 8
 246              		.cfi_offset 7, -8
 247              		.cfi_offset 14, -4
 248 00a6 00AF     		add	r7, sp, #0
 249              		.cfi_def_cfa_register 7
 197:.\Generated_Source\PSoC4/cyfitter_cfg.c **** 	/* Enable HALF_EN before trimming for the flash accelerator. */
 198:.\Generated_Source\PSoC4/cyfitter_cfg.c **** 	CY_SET_REG32((void CYXDATA *)(CYREG_CLK_SELECT), (CY_GET_REG32((void *)CYREG_CLK_SELECT) | 0x00040
 250              		.loc 1 198 0
 251 00a8 194B     		ldr	r3, .L11
 252 00aa 194A     		ldr	r2, .L11
 253 00ac 1268     		ldr	r2, [r2]
 254 00ae 8021     		mov	r1, #128
 255 00b0 C902     		lsl	r1, r1, #11
ARM GAS  C:\Users\Joseph\AppData\Local\Temp\ccuRC95l.s 			page 9


 256 00b2 0A43     		orr	r2, r1
 257 00b4 1A60     		str	r2, [r3]
 199:.\Generated_Source\PSoC4/cyfitter_cfg.c **** 
 200:.\Generated_Source\PSoC4/cyfitter_cfg.c **** 	/* Trim IMO BG based on desired frequency. */
 201:.\Generated_Source\PSoC4/cyfitter_cfg.c **** 	SetIMOBGTrims(24u);
 258              		.loc 1 201 0
 259 00b6 1820     		mov	r0, #24
 260 00b8 FFF7A2FF 		bl	SetIMOBGTrims
 202:.\Generated_Source\PSoC4/cyfitter_cfg.c **** 
 203:.\Generated_Source\PSoC4/cyfitter_cfg.c **** 	/* Going less than or equal to 24MHz, so update the clock speed then adjust trim value. */
 204:.\Generated_Source\PSoC4/cyfitter_cfg.c **** 	CY_SET_REG32((void CYXDATA *)(CYREG_CLK_IMO_TRIM2), (25u));
 261              		.loc 1 204 0
 262 00bc 154B     		ldr	r3, .L11+4
 263 00be 1922     		mov	r2, #25
 264 00c0 1A60     		str	r2, [r3]
 205:.\Generated_Source\PSoC4/cyfitter_cfg.c **** 	CyDelayCycles(5u);
 265              		.loc 1 205 0
 266 00c2 0520     		mov	r0, #5
 267 00c4 FFF7FEFF 		bl	CyDelayCycles
 206:.\Generated_Source\PSoC4/cyfitter_cfg.c **** 	CY_SET_REG32((void CYXDATA *)(CYREG_CLK_IMO_TRIM1), (CY_GET_REG8((void *)CYREG_SFLASH_IMO_TRIM21))
 268              		.loc 1 206 0
 269 00c8 134B     		ldr	r3, .L11+8
 270 00ca 144A     		ldr	r2, .L11+12
 271 00cc 1278     		ldrb	r2, [r2]
 272 00ce D2B2     		uxtb	r2, r2
 273 00d0 1A60     		str	r2, [r3]
 207:.\Generated_Source\PSoC4/cyfitter_cfg.c **** 	CyDelayUs(5u);
 274              		.loc 1 207 0
 275 00d2 0520     		mov	r0, #5
 276 00d4 FFF7FEFF 		bl	CyDelayUs
 208:.\Generated_Source\PSoC4/cyfitter_cfg.c **** 
 209:.\Generated_Source\PSoC4/cyfitter_cfg.c **** 	/* Disable HALF_EN since it is not required at this IMO frequency. */
 210:.\Generated_Source\PSoC4/cyfitter_cfg.c **** 	CY_SET_REG32((void CYXDATA *)(CYREG_CLK_SELECT), (CY_GET_REG32((void *)CYREG_CLK_SELECT) & 0xFFFBF
 277              		.loc 1 210 0
 278 00d8 0D4B     		ldr	r3, .L11
 279 00da 0D4A     		ldr	r2, .L11
 280 00dc 1168     		ldr	r1, [r2]
 281 00de 104A     		ldr	r2, .L11+16
 282 00e0 0A40     		and	r2, r1
 283 00e2 1A60     		str	r2, [r3]
 211:.\Generated_Source\PSoC4/cyfitter_cfg.c **** 	/* CYDEV_CLK_ILO_CONFIG Starting address: CYDEV_CLK_ILO_CONFIG */
 212:.\Generated_Source\PSoC4/cyfitter_cfg.c **** 	CY_SET_XTND_REG32((void CYFAR *)(CYREG_CLK_ILO_CONFIG), 0x80000006u);
 284              		.loc 1 212 0
 285 00e4 0F4B     		ldr	r3, .L11+20
 286 00e6 104A     		ldr	r2, .L11+24
 287 00e8 1A60     		str	r2, [r3]
 213:.\Generated_Source\PSoC4/cyfitter_cfg.c **** 
 214:.\Generated_Source\PSoC4/cyfitter_cfg.c **** 
 215:.\Generated_Source\PSoC4/cyfitter_cfg.c **** 	/* CYDEV_CLK_SELECT00 Starting address: CYDEV_CLK_SELECT00 */
 216:.\Generated_Source\PSoC4/cyfitter_cfg.c **** 	CY_SET_XTND_REG32((void CYFAR *)(CYREG_CLK_SELECT02), 0x00000020u);
 288              		.loc 1 216 0
 289 00ea 104B     		ldr	r3, .L11+28
 290 00ec 2022     		mov	r2, #32
 291 00ee 1A60     		str	r2, [r3]
 217:.\Generated_Source\PSoC4/cyfitter_cfg.c **** 	CY_SET_XTND_REG32((void CYFAR *)(CYREG_CLK_SELECT03), 0x00000010u);
 292              		.loc 1 217 0
 293 00f0 0F4B     		ldr	r3, .L11+32
ARM GAS  C:\Users\Joseph\AppData\Local\Temp\ccuRC95l.s 			page 10


 294 00f2 1022     		mov	r2, #16
 295 00f4 1A60     		str	r2, [r3]
 218:.\Generated_Source\PSoC4/cyfitter_cfg.c **** 
 219:.\Generated_Source\PSoC4/cyfitter_cfg.c **** 	/* CYDEV_CLK_IMO_CONFIG Starting address: CYDEV_CLK_IMO_CONFIG */
 220:.\Generated_Source\PSoC4/cyfitter_cfg.c **** 	CY_SET_XTND_REG32((void CYFAR *)(CYREG_CLK_IMO_CONFIG), 0x80000000u);
 296              		.loc 1 220 0
 297 00f6 0F4B     		ldr	r3, .L11+36
 298 00f8 8022     		mov	r2, #128
 299 00fa 1206     		lsl	r2, r2, #24
 300 00fc 1A60     		str	r2, [r3]
 221:.\Generated_Source\PSoC4/cyfitter_cfg.c **** 
 222:.\Generated_Source\PSoC4/cyfitter_cfg.c **** 	/* CYDEV_CLK_DIVIDER_A00 Starting address: CYDEV_CLK_DIVIDER_A00 */
 223:.\Generated_Source\PSoC4/cyfitter_cfg.c **** 	CY_SET_XTND_REG32((void CYFAR *)(CYREG_CLK_DIVIDER_A00), 0x8000000Eu);
 301              		.loc 1 223 0
 302 00fe 0E4B     		ldr	r3, .L11+40
 303 0100 0E4A     		ldr	r2, .L11+44
 304 0102 1A60     		str	r2, [r3]
 224:.\Generated_Source\PSoC4/cyfitter_cfg.c **** 
 225:.\Generated_Source\PSoC4/cyfitter_cfg.c **** 	/* CYDEV_CLK_DIVIDER_B00 Starting address: CYDEV_CLK_DIVIDER_B00 */
 226:.\Generated_Source\PSoC4/cyfitter_cfg.c **** 	CY_SET_XTND_REG32((void CYFAR *)(CYREG_CLK_DIVIDER_B00), 0x80000010u);
 305              		.loc 1 226 0
 306 0104 0E4B     		ldr	r3, .L11+48
 307 0106 0F4A     		ldr	r2, .L11+52
 308 0108 1A60     		str	r2, [r3]
 227:.\Generated_Source\PSoC4/cyfitter_cfg.c **** 
 228:.\Generated_Source\PSoC4/cyfitter_cfg.c **** }
 309              		.loc 1 228 0
 310 010a BD46     		mov	sp, r7
 311              		@ sp needed
 312 010c 80BD     		pop	{r7, pc}
 313              	.L12:
 314 010e C046     		.align	2
 315              	.L11:
 316 0110 00010B40 		.word	1074462976
 317 0114 2CFF0B40 		.word	1074528044
 318 0118 28FF0B40 		.word	1074528040
 319 011c E5F1FF0F 		.word	268431845
 320 0120 FFFFFBFF 		.word	-262145
 321 0124 04010B40 		.word	1074462980
 322 0128 06000080 		.word	-2147483642
 323 012c 08020240 		.word	1073873416
 324 0130 0C020240 		.word	1073873420
 325 0134 08010B40 		.word	1074462984
 326 0138 00000240 		.word	1073872896
 327 013c 0E000080 		.word	-2147483634
 328 0140 40000240 		.word	1073872960
 329 0144 10000080 		.word	-2147483632
 330              		.cfi_endproc
 331              	.LFE4:
 332              		.size	ClockSetup, .-ClockSetup
 333              		.section	.text.AnalogSetDefault,"ax",%progbits
 334              		.align	2
 335              		.code	16
 336              		.thumb_func
 337              		.type	AnalogSetDefault, %function
 338              	AnalogSetDefault:
 339              	.LFB5:
ARM GAS  C:\Users\Joseph\AppData\Local\Temp\ccuRC95l.s 			page 11


 229:.\Generated_Source\PSoC4/cyfitter_cfg.c **** 
 230:.\Generated_Source\PSoC4/cyfitter_cfg.c **** 
 231:.\Generated_Source\PSoC4/cyfitter_cfg.c **** /* Analog API Functions */
 232:.\Generated_Source\PSoC4/cyfitter_cfg.c **** 
 233:.\Generated_Source\PSoC4/cyfitter_cfg.c **** 
 234:.\Generated_Source\PSoC4/cyfitter_cfg.c **** /*******************************************************************************
 235:.\Generated_Source\PSoC4/cyfitter_cfg.c **** * Function Name: AnalogSetDefault
 236:.\Generated_Source\PSoC4/cyfitter_cfg.c **** ********************************************************************************
 237:.\Generated_Source\PSoC4/cyfitter_cfg.c **** *
 238:.\Generated_Source\PSoC4/cyfitter_cfg.c **** * Summary:
 239:.\Generated_Source\PSoC4/cyfitter_cfg.c **** *  Sets up the analog portions of the chip to default values based on chip
 240:.\Generated_Source\PSoC4/cyfitter_cfg.c **** *  configuration options from the project.
 241:.\Generated_Source\PSoC4/cyfitter_cfg.c **** *
 242:.\Generated_Source\PSoC4/cyfitter_cfg.c **** * Parameters:
 243:.\Generated_Source\PSoC4/cyfitter_cfg.c **** *  void
 244:.\Generated_Source\PSoC4/cyfitter_cfg.c **** *
 245:.\Generated_Source\PSoC4/cyfitter_cfg.c **** * Return:
 246:.\Generated_Source\PSoC4/cyfitter_cfg.c **** *  void
 247:.\Generated_Source\PSoC4/cyfitter_cfg.c **** *
 248:.\Generated_Source\PSoC4/cyfitter_cfg.c **** *******************************************************************************/
 249:.\Generated_Source\PSoC4/cyfitter_cfg.c **** static void AnalogSetDefault(void);
 250:.\Generated_Source\PSoC4/cyfitter_cfg.c **** static void AnalogSetDefault(void)
 251:.\Generated_Source\PSoC4/cyfitter_cfg.c **** {
 340              		.loc 1 251 0
 341              		.cfi_startproc
 342 0000 80B5     		push	{r7, lr}
 343              		.cfi_def_cfa_offset 8
 344              		.cfi_offset 7, -8
 345              		.cfi_offset 14, -4
 346 0002 00AF     		add	r7, sp, #0
 347              		.cfi_def_cfa_register 7
 252:.\Generated_Source\PSoC4/cyfitter_cfg.c **** }
 348              		.loc 1 252 0
 349 0004 BD46     		mov	sp, r7
 350              		@ sp needed
 351 0006 80BD     		pop	{r7, pc}
 352              		.cfi_endproc
 353              	.LFE5:
 354              		.size	AnalogSetDefault, .-AnalogSetDefault
 355              		.section	.psocinit
 356              		.align	2
 357              		.global	cyfitter_cfg
 358              		.code	16
 359              		.thumb_func
 360              		.type	cyfitter_cfg, %function
 361              	cyfitter_cfg:
 362              	.LFB6:
 253:.\Generated_Source\PSoC4/cyfitter_cfg.c **** 
 254:.\Generated_Source\PSoC4/cyfitter_cfg.c **** #define CY_AMUX_UNUSED CYREG_CM0_ROM_DWT
 255:.\Generated_Source\PSoC4/cyfitter_cfg.c **** 
 256:.\Generated_Source\PSoC4/cyfitter_cfg.c **** 
 257:.\Generated_Source\PSoC4/cyfitter_cfg.c **** /*******************************************************************************
 258:.\Generated_Source\PSoC4/cyfitter_cfg.c **** * Function Name: cyfitter_cfg
 259:.\Generated_Source\PSoC4/cyfitter_cfg.c **** ********************************************************************************
 260:.\Generated_Source\PSoC4/cyfitter_cfg.c **** * Summary:
 261:.\Generated_Source\PSoC4/cyfitter_cfg.c **** *  This function is called by the start-up code for the selected device. It
 262:.\Generated_Source\PSoC4/cyfitter_cfg.c **** *  performs all of the necessary device configuration based on the design
ARM GAS  C:\Users\Joseph\AppData\Local\Temp\ccuRC95l.s 			page 12


 263:.\Generated_Source\PSoC4/cyfitter_cfg.c **** *  settings.  This includes settings from the Design Wide Resources (DWR) such
 264:.\Generated_Source\PSoC4/cyfitter_cfg.c **** *  as Clocks and Pins as well as any component configuration that is necessary.
 265:.\Generated_Source\PSoC4/cyfitter_cfg.c **** *
 266:.\Generated_Source\PSoC4/cyfitter_cfg.c **** * Parameters:  
 267:.\Generated_Source\PSoC4/cyfitter_cfg.c **** *   void
 268:.\Generated_Source\PSoC4/cyfitter_cfg.c **** *
 269:.\Generated_Source\PSoC4/cyfitter_cfg.c **** * Return:
 270:.\Generated_Source\PSoC4/cyfitter_cfg.c **** *   void
 271:.\Generated_Source\PSoC4/cyfitter_cfg.c **** *
 272:.\Generated_Source\PSoC4/cyfitter_cfg.c **** *******************************************************************************/
 273:.\Generated_Source\PSoC4/cyfitter_cfg.c **** CY_CFG_SECTION
 274:.\Generated_Source\PSoC4/cyfitter_cfg.c **** void cyfitter_cfg(void)
 275:.\Generated_Source\PSoC4/cyfitter_cfg.c **** {
 363              		.loc 1 275 0
 364              		.cfi_startproc
 365 0148 80B5     		push	{r7, lr}
 366              		.cfi_def_cfa_offset 8
 367              		.cfi_offset 7, -8
 368              		.cfi_offset 14, -4
 369 014a 82B0     		sub	sp, sp, #8
 370              		.cfi_def_cfa_offset 16
 371 014c 00AF     		add	r7, sp, #0
 372              		.cfi_def_cfa_register 7
 276:.\Generated_Source\PSoC4/cyfitter_cfg.c **** 	/* Disable interrupts by default. Let user enable if/when they want. */
 277:.\Generated_Source\PSoC4/cyfitter_cfg.c **** 	CyGlobalIntDisable;
 373              		.loc 1 277 0
 374              	@ 277 ".\Generated_Source\PSoC4\cyfitter_cfg.c" 1
 375 014e 72B6     		CPSID   i
 376              	@ 0 "" 2
 377              		.code	16
 378              	.LBB2:
 278:.\Generated_Source\PSoC4/cyfitter_cfg.c **** 
 279:.\Generated_Source\PSoC4/cyfitter_cfg.c **** 	{
 280:.\Generated_Source\PSoC4/cyfitter_cfg.c **** 
 281:.\Generated_Source\PSoC4/cyfitter_cfg.c **** 		CYPACKED typedef struct {
 282:.\Generated_Source\PSoC4/cyfitter_cfg.c **** 			void CYFAR *address;
 283:.\Generated_Source\PSoC4/cyfitter_cfg.c **** 			uint16 size;
 284:.\Generated_Source\PSoC4/cyfitter_cfg.c **** 		} CYPACKED_ATTR cfg_memset_t;
 285:.\Generated_Source\PSoC4/cyfitter_cfg.c **** 
 286:.\Generated_Source\PSoC4/cyfitter_cfg.c **** 		static const cfg_memset_t CYCODE cfg_memset_list [] = {
 287:.\Generated_Source\PSoC4/cyfitter_cfg.c **** 			/* address, size */
 288:.\Generated_Source\PSoC4/cyfitter_cfg.c **** 			{(void CYFAR *)(CYDEV_UDB_P0_U0_BASE), 1024u},
 289:.\Generated_Source\PSoC4/cyfitter_cfg.c **** 			{(void CYFAR *)(CYDEV_UDB_DSI0_BASE), 1024u},
 290:.\Generated_Source\PSoC4/cyfitter_cfg.c **** 		};
 291:.\Generated_Source\PSoC4/cyfitter_cfg.c **** 
 292:.\Generated_Source\PSoC4/cyfitter_cfg.c **** 		uint8 CYDATA i;
 293:.\Generated_Source\PSoC4/cyfitter_cfg.c **** 
 294:.\Generated_Source\PSoC4/cyfitter_cfg.c **** 		/* Zero out critical memory blocks before beginning configuration */
 295:.\Generated_Source\PSoC4/cyfitter_cfg.c **** 		for (i = 0u; i < (sizeof(cfg_memset_list)/sizeof(cfg_memset_list[0])); i++)
 379              		.loc 1 295 0
 380 0150 FB1D     		add	r3, r7, #7
 381 0152 0022     		mov	r2, #0
 382 0154 1A70     		strb	r2, [r3]
 383 0156 23E0     		b	.L15
 384              	.L16:
 385              	.LBB3:
 296:.\Generated_Source\PSoC4/cyfitter_cfg.c **** 		{
ARM GAS  C:\Users\Joseph\AppData\Local\Temp\ccuRC95l.s 			page 13


 297:.\Generated_Source\PSoC4/cyfitter_cfg.c **** 			const cfg_memset_t CYCODE * CYDATA ms = &cfg_memset_list[i];
 386              		.loc 1 297 0 discriminator 2
 387 0158 FB1D     		add	r3, r7, #7
 388 015a 1A78     		ldrb	r2, [r3]
 389 015c 131C     		mov	r3, r2
 390 015e 5B00     		lsl	r3, r3, #1
 391 0160 9B18     		add	r3, r3, r2
 392 0162 5B00     		lsl	r3, r3, #1
 393 0164 354A     		ldr	r2, .L17
 394 0166 9B18     		add	r3, r3, r2
 395 0168 3B60     		str	r3, [r7]
 298:.\Generated_Source\PSoC4/cyfitter_cfg.c **** 			CYMEMZERO(ms->address, (size_t)(uint32)(ms->size));
 396              		.loc 1 298 0 discriminator 2
 397 016a 3B68     		ldr	r3, [r7]
 398 016c 1A78     		ldrb	r2, [r3]
 399 016e 5978     		ldrb	r1, [r3, #1]
 400 0170 0902     		lsl	r1, r1, #8
 401 0172 0A43     		orr	r2, r1
 402 0174 9978     		ldrb	r1, [r3, #2]
 403 0176 0904     		lsl	r1, r1, #16
 404 0178 0A43     		orr	r2, r1
 405 017a DB78     		ldrb	r3, [r3, #3]
 406 017c 1B06     		lsl	r3, r3, #24
 407 017e 1343     		orr	r3, r2
 408 0180 1A1C     		mov	r2, r3
 409 0182 3B68     		ldr	r3, [r7]
 410 0184 1979     		ldrb	r1, [r3, #4]
 411 0186 5B79     		ldrb	r3, [r3, #5]
 412 0188 1B02     		lsl	r3, r3, #8
 413 018a 0B43     		orr	r3, r1
 414 018c 9BB2     		uxth	r3, r3
 415 018e 101C     		mov	r0, r2
 416 0190 191C     		mov	r1, r3
 417 0192 FFF7FEFF 		bl	CYMEMZERO
 418              	.LBE3:
 295:.\Generated_Source\PSoC4/cyfitter_cfg.c **** 		for (i = 0u; i < (sizeof(cfg_memset_list)/sizeof(cfg_memset_list[0])); i++)
 419              		.loc 1 295 0 discriminator 2
 420 0196 FB1D     		add	r3, r7, #7
 421 0198 1A78     		ldrb	r2, [r3]
 422 019a FB1D     		add	r3, r7, #7
 423 019c 0132     		add	r2, r2, #1
 424 019e 1A70     		strb	r2, [r3]
 425              	.L15:
 295:.\Generated_Source\PSoC4/cyfitter_cfg.c **** 		for (i = 0u; i < (sizeof(cfg_memset_list)/sizeof(cfg_memset_list[0])); i++)
 426              		.loc 1 295 0 is_stmt 0 discriminator 1
 427 01a0 FB1D     		add	r3, r7, #7
 428 01a2 1B78     		ldrb	r3, [r3]
 429 01a4 012B     		cmp	r3, #1
 430 01a6 D7D9     		bls	.L16
 299:.\Generated_Source\PSoC4/cyfitter_cfg.c **** 		}
 300:.\Generated_Source\PSoC4/cyfitter_cfg.c **** 
 301:.\Generated_Source\PSoC4/cyfitter_cfg.c **** 		/* HSIOM Starting address: CYDEV_HSIOM_BASE */
 302:.\Generated_Source\PSoC4/cyfitter_cfg.c **** 		CY_SET_XTND_REG32((void CYFAR *)(CYDEV_HSIOM_BASE), 0x00EE0000u);
 431              		.loc 1 302 0 is_stmt 1
 432 01a8 254B     		ldr	r3, .L17+4
 433 01aa EE22     		mov	r2, #238
 434 01ac 1204     		lsl	r2, r2, #16
ARM GAS  C:\Users\Joseph\AppData\Local\Temp\ccuRC95l.s 			page 14


 435 01ae 1A60     		str	r2, [r3]
 303:.\Generated_Source\PSoC4/cyfitter_cfg.c **** 		CY_SET_XTND_REG32((void CYFAR *)(CYREG_HSIOM_PORT_SEL3), 0x0000EE00u);
 436              		.loc 1 303 0
 437 01b0 244B     		ldr	r3, .L17+8
 438 01b2 EE22     		mov	r2, #238
 439 01b4 1202     		lsl	r2, r2, #8
 440 01b6 1A60     		str	r2, [r3]
 304:.\Generated_Source\PSoC4/cyfitter_cfg.c **** 		CY_SET_XTND_REG32((void CYFAR *)(CYREG_HSIOM_PORT_SEL4), 0x00000099u);
 441              		.loc 1 304 0
 442 01b8 234B     		ldr	r3, .L17+12
 443 01ba 9922     		mov	r2, #153
 444 01bc 1A60     		str	r2, [r3]
 305:.\Generated_Source\PSoC4/cyfitter_cfg.c **** 
 306:.\Generated_Source\PSoC4/cyfitter_cfg.c **** 		/* IOPINS0_0 Starting address: CYDEV_PRT0_DR */
 307:.\Generated_Source\PSoC4/cyfitter_cfg.c **** 		CY_SET_XTND_REG32((void CYFAR *)(CYREG_PRT0_DR), 0x00000030u);
 445              		.loc 1 307 0
 446 01be 234B     		ldr	r3, .L17+16
 447 01c0 3022     		mov	r2, #48
 448 01c2 1A60     		str	r2, [r3]
 308:.\Generated_Source\PSoC4/cyfitter_cfg.c **** 		CY_SET_XTND_REG32((void CYFAR *)(CYREG_PRT0_PC), 0x00024000u);
 449              		.loc 1 308 0
 450 01c4 224B     		ldr	r3, .L17+20
 451 01c6 9022     		mov	r2, #144
 452 01c8 9202     		lsl	r2, r2, #10
 453 01ca 1A60     		str	r2, [r3]
 309:.\Generated_Source\PSoC4/cyfitter_cfg.c **** 
 310:.\Generated_Source\PSoC4/cyfitter_cfg.c **** 		/* IOPINS0_3 Starting address: CYDEV_PRT3_DR */
 311:.\Generated_Source\PSoC4/cyfitter_cfg.c **** 		CY_SET_XTND_REG32((void CYFAR *)(CYREG_PRT3_PC), 0x00000D80u);
 454              		.loc 1 311 0
 455 01cc 214B     		ldr	r3, .L17+24
 456 01ce D822     		mov	r2, #216
 457 01d0 1201     		lsl	r2, r2, #4
 458 01d2 1A60     		str	r2, [r3]
 312:.\Generated_Source\PSoC4/cyfitter_cfg.c **** 
 313:.\Generated_Source\PSoC4/cyfitter_cfg.c **** 		/* IOPINS0_4 Starting address: CYDEV_PRT4_DR */
 314:.\Generated_Source\PSoC4/cyfitter_cfg.c **** 		CY_SET_XTND_REG32((void CYFAR *)(CYREG_PRT4_DR), 0x00000002u);
 459              		.loc 1 314 0
 460 01d4 204B     		ldr	r3, .L17+28
 461 01d6 0222     		mov	r2, #2
 462 01d8 1A60     		str	r2, [r3]
 315:.\Generated_Source\PSoC4/cyfitter_cfg.c **** 		CY_SET_XTND_REG32((void CYFAR *)(CYREG_PRT4_PC), 0x00000031u);
 463              		.loc 1 315 0
 464 01da 204B     		ldr	r3, .L17+32
 465 01dc 3122     		mov	r2, #49
 466 01de 1A60     		str	r2, [r3]
 316:.\Generated_Source\PSoC4/cyfitter_cfg.c **** 		CY_SET_XTND_REG32((void CYFAR *)(CYREG_PRT4_PC2), 0x00000002u);
 467              		.loc 1 316 0
 468 01e0 1F4B     		ldr	r3, .L17+36
 469 01e2 0222     		mov	r2, #2
 470 01e4 1A60     		str	r2, [r3]
 317:.\Generated_Source\PSoC4/cyfitter_cfg.c **** 
 318:.\Generated_Source\PSoC4/cyfitter_cfg.c **** 		/* UDB_PA_0 Starting address: CYDEV_UDB_PA0_BASE */
 319:.\Generated_Source\PSoC4/cyfitter_cfg.c **** 		CY_SET_XTND_REG32((void CYFAR *)(CYDEV_UDB_PA0_BASE), 0x00990000u);
 471              		.loc 1 319 0
 472 01e6 1F4B     		ldr	r3, .L17+40
 473 01e8 9922     		mov	r2, #153
 474 01ea 1204     		lsl	r2, r2, #16
ARM GAS  C:\Users\Joseph\AppData\Local\Temp\ccuRC95l.s 			page 15


 475 01ec 1A60     		str	r2, [r3]
 320:.\Generated_Source\PSoC4/cyfitter_cfg.c **** 
 321:.\Generated_Source\PSoC4/cyfitter_cfg.c **** 		/* UDB_PA_3 Starting address: CYDEV_UDB_PA3_BASE */
 322:.\Generated_Source\PSoC4/cyfitter_cfg.c **** 		CY_SET_XTND_REG32((void CYFAR *)(CYDEV_UDB_PA3_BASE), 0x00990000u);
 476              		.loc 1 322 0
 477 01ee 1E4B     		ldr	r3, .L17+44
 478 01f0 9922     		mov	r2, #153
 479 01f2 1204     		lsl	r2, r2, #16
 480 01f4 1A60     		str	r2, [r3]
 323:.\Generated_Source\PSoC4/cyfitter_cfg.c **** 
 324:.\Generated_Source\PSoC4/cyfitter_cfg.c **** 		/* Enable digital routing */
 325:.\Generated_Source\PSoC4/cyfitter_cfg.c **** 		CY_SET_XTND_REG8((void *)CYREG_UDB_UDBIF_BANK_CTL, CY_GET_XTND_REG8((void *)CYREG_UDB_UDBIF_BANK_
 481              		.loc 1 325 0
 482 01f6 1D4B     		ldr	r3, .L17+48
 483 01f8 1C4A     		ldr	r2, .L17+48
 484 01fa 1278     		ldrb	r2, [r2]
 485 01fc D2B2     		uxtb	r2, r2
 486 01fe 0221     		mov	r1, #2
 487 0200 0A43     		orr	r2, r1
 488 0202 D2B2     		uxtb	r2, r2
 489 0204 1A70     		strb	r2, [r3]
 326:.\Generated_Source\PSoC4/cyfitter_cfg.c **** 
 327:.\Generated_Source\PSoC4/cyfitter_cfg.c **** 		/* Enable UDB array */
 328:.\Generated_Source\PSoC4/cyfitter_cfg.c **** 		CY_SET_XTND_REG8((void *)CYREG_UDB_UDBIF_WAIT_CFG, (uint8)((CY_GET_XTND_REG8((void *)CYREG_UDB_UD
 490              		.loc 1 328 0
 491 0206 1A4B     		ldr	r3, .L17+52
 492 0208 194A     		ldr	r2, .L17+52
 493 020a 1278     		ldrb	r2, [r2]
 494 020c D2B2     		uxtb	r2, r2
 495 020e 3C21     		mov	r1, #60
 496 0210 8A43     		bic	r2, r1
 497 0212 D2B2     		uxtb	r2, r2
 498 0214 1421     		mov	r1, #20
 499 0216 0A43     		orr	r2, r1
 500 0218 D2B2     		uxtb	r2, r2
 501 021a 1A70     		strb	r2, [r3]
 329:.\Generated_Source\PSoC4/cyfitter_cfg.c **** 		CY_SET_XTND_REG8((void *)CYREG_UDB_UDBIF_BANK_CTL, (uint8)(CY_GET_XTND_REG8((void *)CYREG_UDB_UDB
 502              		.loc 1 329 0
 503 021c 134B     		ldr	r3, .L17+48
 504 021e 134A     		ldr	r2, .L17+48
 505 0220 1278     		ldrb	r2, [r2]
 506 0222 D2B2     		uxtb	r2, r2
 507 0224 1621     		mov	r1, #22
 508 0226 0A43     		orr	r2, r1
 509 0228 D2B2     		uxtb	r2, r2
 510 022a 1A70     		strb	r2, [r3]
 511              	.LBE2:
 330:.\Generated_Source\PSoC4/cyfitter_cfg.c **** 	}
 331:.\Generated_Source\PSoC4/cyfitter_cfg.c **** 
 332:.\Generated_Source\PSoC4/cyfitter_cfg.c **** 	/* Setup clocks based on selections from Clock DWR */
 333:.\Generated_Source\PSoC4/cyfitter_cfg.c **** 	ClockSetup();
 512              		.loc 1 333 0
 513 022c FFF73AFF 		bl	ClockSetup
 334:.\Generated_Source\PSoC4/cyfitter_cfg.c **** 
 335:.\Generated_Source\PSoC4/cyfitter_cfg.c **** 	/* Perform basic analog initialization to defaults */
 336:.\Generated_Source\PSoC4/cyfitter_cfg.c **** 	AnalogSetDefault();
 514              		.loc 1 336 0
ARM GAS  C:\Users\Joseph\AppData\Local\Temp\ccuRC95l.s 			page 16


 515 0230 FFF7FEFF 		bl	AnalogSetDefault
 337:.\Generated_Source\PSoC4/cyfitter_cfg.c **** 
 338:.\Generated_Source\PSoC4/cyfitter_cfg.c **** }
 516              		.loc 1 338 0
 517 0234 BD46     		mov	sp, r7
 518 0236 02B0     		add	sp, sp, #8
 519              		@ sp needed
 520 0238 80BD     		pop	{r7, pc}
 521              	.L18:
 522 023a C046     		.align	2
 523              	.L17:
 524 023c 04000000 		.word	cfg_memset_list.4712
 525 0240 00000140 		.word	1073807360
 526 0244 0C000140 		.word	1073807372
 527 0248 10000140 		.word	1073807376
 528 024c 00000440 		.word	1074003968
 529 0250 08000440 		.word	1074003976
 530 0254 08030440 		.word	1074004744
 531 0258 00040440 		.word	1074004992
 532 025c 08040440 		.word	1074005000
 533 0260 18040440 		.word	1074005016
 534 0264 00500F40 		.word	1074745344
 535 0268 30500F40 		.word	1074745392
 536 026c 00700F40 		.word	1074753536
 537 0270 01700F40 		.word	1074753537
 538              		.cfi_endproc
 539              	.LFE6:
 540              		.size	cyfitter_cfg, .-cyfitter_cfg
 541              		.data
 542              		.align	2
 543              		.type	imo_trim_table.4687, %object
 544              		.size	imo_trim_table.4687, 4
 545              	imo_trim_table.4687:
 546 0000 C0F1FF0F 		.word	268431808
 547              		.section	.rodata
 548              		.align	2
 549              		.type	IMO_TRIM_FREQ_TABLE_ENTRIES.4688, %object
 550              		.size	IMO_TRIM_FREQ_TABLE_ENTRIES.4688, 4
 551              	IMO_TRIM_FREQ_TABLE_ENTRIES.4688:
 552 0000 04000000 		.word	4
 553              		.align	2
 554              		.type	cfg_memset_list.4712, %object
 555              		.size	cfg_memset_list.4712, 12
 556              	cfg_memset_list.4712:
 557 0004 00300F40 		.word	1074737152
 558 0008 0004     		.short	1024
 559 000a 00400F40 		.4byte	1074741248
 560 000e 0004     		.short	1024
 561              		.text
 562              	.Letext0:
 563              		.file 2 "c:\\program files (x86)\\cypress\\psoc creator\\3.1\\psoc creator\\import\\gnu_cs\\arm\\4
 564              		.file 3 ".\\Generated_Source\\PSoC4/cytypes.h"
 565              		.section	.debug_info,"",%progbits
 566              	.Ldebug_info0:
 567 0000 3E030000 		.4byte	0x33e
 568 0004 0400     		.2byte	0x4
 569 0006 00000000 		.4byte	.Ldebug_abbrev0
ARM GAS  C:\Users\Joseph\AppData\Local\Temp\ccuRC95l.s 			page 17


 570 000a 04       		.byte	0x4
 571 000b 01       		.uleb128 0x1
 572 000c 63020000 		.4byte	.LASF43
 573 0010 01       		.byte	0x1
 574 0011 BF010000 		.4byte	.LASF44
 575 0015 04010000 		.4byte	.LASF45
 576 0019 00000000 		.4byte	.Ldebug_ranges0+0
 577 001d 00000000 		.4byte	0
 578 0021 00000000 		.4byte	.Ldebug_line0
 579 0025 02       		.uleb128 0x2
 580 0026 04       		.byte	0x4
 581 0027 05       		.byte	0x5
 582 0028 696E7400 		.ascii	"int\000"
 583 002c 03       		.uleb128 0x3
 584 002d 06000000 		.4byte	.LASF11
 585 0031 02       		.byte	0x2
 586 0032 D4       		.byte	0xd4
 587 0033 37000000 		.4byte	0x37
 588 0037 04       		.uleb128 0x4
 589 0038 04       		.byte	0x4
 590 0039 07       		.byte	0x7
 591 003a 68010000 		.4byte	.LASF0
 592 003e 04       		.uleb128 0x4
 593 003f 01       		.byte	0x1
 594 0040 06       		.byte	0x6
 595 0041 47020000 		.4byte	.LASF1
 596 0045 04       		.uleb128 0x4
 597 0046 01       		.byte	0x1
 598 0047 08       		.byte	0x8
 599 0048 BF000000 		.4byte	.LASF2
 600 004c 04       		.uleb128 0x4
 601 004d 02       		.byte	0x2
 602 004e 05       		.byte	0x5
 603 004f 63000000 		.4byte	.LASF3
 604 0053 04       		.uleb128 0x4
 605 0054 02       		.byte	0x2
 606 0055 07       		.byte	0x7
 607 0056 50000000 		.4byte	.LASF4
 608 005a 04       		.uleb128 0x4
 609 005b 04       		.byte	0x4
 610 005c 05       		.byte	0x5
 611 005d 2F020000 		.4byte	.LASF5
 612 0061 04       		.uleb128 0x4
 613 0062 04       		.byte	0x4
 614 0063 07       		.byte	0x7
 615 0064 9D000000 		.4byte	.LASF6
 616 0068 04       		.uleb128 0x4
 617 0069 08       		.byte	0x8
 618 006a 05       		.byte	0x5
 619 006b F9010000 		.4byte	.LASF7
 620 006f 04       		.uleb128 0x4
 621 0070 08       		.byte	0x8
 622 0071 07       		.byte	0x7
 623 0072 8A010000 		.4byte	.LASF8
 624 0076 04       		.uleb128 0x4
 625 0077 04       		.byte	0x4
 626 0078 07       		.byte	0x7
ARM GAS  C:\Users\Joseph\AppData\Local\Temp\ccuRC95l.s 			page 18


 627 0079 E7010000 		.4byte	.LASF9
 628 007d 05       		.uleb128 0x5
 629 007e 04       		.byte	0x4
 630 007f 04       		.uleb128 0x4
 631 0080 01       		.byte	0x1
 632 0081 08       		.byte	0x8
 633 0082 07020000 		.4byte	.LASF10
 634 0086 03       		.uleb128 0x3
 635 0087 1A020000 		.4byte	.LASF12
 636 008b 03       		.byte	0x3
 637 008c A1       		.byte	0xa1
 638 008d 45000000 		.4byte	0x45
 639 0091 03       		.uleb128 0x3
 640 0092 5A010000 		.4byte	.LASF13
 641 0096 03       		.byte	0x3
 642 0097 A2       		.byte	0xa2
 643 0098 53000000 		.4byte	0x53
 644 009c 03       		.uleb128 0x3
 645 009d 61010000 		.4byte	.LASF14
 646 00a1 03       		.byte	0x3
 647 00a2 A3       		.byte	0xa3
 648 00a3 61000000 		.4byte	0x61
 649 00a7 03       		.uleb128 0x3
 650 00a8 AF000000 		.4byte	.LASF15
 651 00ac 03       		.byte	0x3
 652 00ad A6       		.byte	0xa6
 653 00ae 5A000000 		.4byte	0x5a
 654 00b2 04       		.uleb128 0x4
 655 00b3 04       		.byte	0x4
 656 00b4 04       		.byte	0x4
 657 00b5 7B000000 		.4byte	.LASF16
 658 00b9 04       		.uleb128 0x4
 659 00ba 08       		.byte	0x8
 660 00bb 04       		.byte	0x4
 661 00bc CD000000 		.4byte	.LASF17
 662 00c0 06       		.uleb128 0x6
 663 00c1 98000000 		.4byte	.LASF18
 664 00c5 03       		.byte	0x3
 665 00c6 4B01     		.2byte	0x14b
 666 00c8 CC000000 		.4byte	0xcc
 667 00cc 07       		.uleb128 0x7
 668 00cd 86000000 		.4byte	0x86
 669 00d1 06       		.uleb128 0x6
 670 00d2 00000000 		.4byte	.LASF19
 671 00d6 03       		.byte	0x3
 672 00d7 4D01     		.2byte	0x14d
 673 00d9 DD000000 		.4byte	0xdd
 674 00dd 07       		.uleb128 0x7
 675 00de 9C000000 		.4byte	0x9c
 676 00e2 08       		.uleb128 0x8
 677 00e3 B5000000 		.4byte	.LASF20
 678 00e7 01       		.byte	0x1
 679 00e8 39       		.byte	0x39
 680 00e9 00000000 		.4byte	.LFB0
 681 00ed 1E000000 		.4byte	.LFE0-.LFB0
 682 00f1 01       		.uleb128 0x1
 683 00f2 9C       		.byte	0x9c
ARM GAS  C:\Users\Joseph\AppData\Local\Temp\ccuRC95l.s 			page 19


 684 00f3 10010000 		.4byte	0x110
 685 00f7 09       		.uleb128 0x9
 686 00f8 7300     		.ascii	"s\000"
 687 00fa 01       		.byte	0x1
 688 00fb 39       		.byte	0x39
 689 00fc 7D000000 		.4byte	0x7d
 690 0100 02       		.uleb128 0x2
 691 0101 91       		.byte	0x91
 692 0102 74       		.sleb128 -12
 693 0103 09       		.uleb128 0x9
 694 0104 6E00     		.ascii	"n\000"
 695 0106 01       		.byte	0x1
 696 0107 39       		.byte	0x39
 697 0108 2C000000 		.4byte	0x2c
 698 010c 02       		.uleb128 0x2
 699 010d 91       		.byte	0x91
 700 010e 70       		.sleb128 -16
 701 010f 00       		.byte	0
 702 0110 08       		.uleb128 0x8
 703 0111 DC000000 		.4byte	.LASF21
 704 0115 01       		.byte	0x1
 705 0116 40       		.byte	0x40
 706 0117 00000000 		.4byte	.LFB1
 707 011b 22000000 		.4byte	.LFE1-.LFB1
 708 011f 01       		.uleb128 0x1
 709 0120 9C       		.byte	0x9c
 710 0121 4E010000 		.4byte	0x14e
 711 0125 0A       		.uleb128 0xa
 712 0126 8E000000 		.4byte	.LASF22
 713 012a 01       		.byte	0x1
 714 012b 40       		.byte	0x40
 715 012c 7D000000 		.4byte	0x7d
 716 0130 02       		.uleb128 0x2
 717 0131 91       		.byte	0x91
 718 0132 74       		.sleb128 -12
 719 0133 09       		.uleb128 0x9
 720 0134 73726300 		.ascii	"src\000"
 721 0138 01       		.byte	0x1
 722 0139 40       		.byte	0x40
 723 013a 4E010000 		.4byte	0x14e
 724 013e 02       		.uleb128 0x2
 725 013f 91       		.byte	0x91
 726 0140 70       		.sleb128 -16
 727 0141 09       		.uleb128 0x9
 728 0142 6E00     		.ascii	"n\000"
 729 0144 01       		.byte	0x1
 730 0145 40       		.byte	0x40
 731 0146 2C000000 		.4byte	0x2c
 732 014a 02       		.uleb128 0x2
 733 014b 91       		.byte	0x91
 734 014c 6C       		.sleb128 -20
 735 014d 00       		.byte	0
 736 014e 0B       		.uleb128 0xb
 737 014f 04       		.byte	0x4
 738 0150 54010000 		.4byte	0x154
 739 0154 0C       		.uleb128 0xc
 740 0155 08       		.uleb128 0x8
ARM GAS  C:\Users\Joseph\AppData\Local\Temp\ccuRC95l.s 			page 20


 741 0156 53020000 		.4byte	.LASF23
 742 015a 01       		.byte	0x1
 743 015b 47       		.byte	0x47
 744 015c 00000000 		.4byte	.LFB2
 745 0160 22000000 		.4byte	.LFE2-.LFB2
 746 0164 01       		.uleb128 0x1
 747 0165 9C       		.byte	0x9c
 748 0166 93010000 		.4byte	0x193
 749 016a 0A       		.uleb128 0xa
 750 016b 8E000000 		.4byte	.LASF22
 751 016f 01       		.byte	0x1
 752 0170 47       		.byte	0x47
 753 0171 7D000000 		.4byte	0x7d
 754 0175 02       		.uleb128 0x2
 755 0176 91       		.byte	0x91
 756 0177 74       		.sleb128 -12
 757 0178 09       		.uleb128 0x9
 758 0179 73726300 		.ascii	"src\000"
 759 017d 01       		.byte	0x1
 760 017e 47       		.byte	0x47
 761 017f 4E010000 		.4byte	0x14e
 762 0183 02       		.uleb128 0x2
 763 0184 91       		.byte	0x91
 764 0185 70       		.sleb128 -16
 765 0186 09       		.uleb128 0x9
 766 0187 6E00     		.ascii	"n\000"
 767 0189 01       		.byte	0x1
 768 018a 47       		.byte	0x47
 769 018b 2C000000 		.4byte	0x2c
 770 018f 02       		.uleb128 0x2
 771 0190 91       		.byte	0x91
 772 0191 6C       		.sleb128 -20
 773 0192 00       		.byte	0
 774 0193 0D       		.uleb128 0xd
 775 0194 6D000000 		.4byte	.LASF24
 776 0198 01       		.byte	0x1
 777 0199 8C       		.byte	0x8c
 778 019a 00000000 		.4byte	.LFB3
 779 019e A4000000 		.4byte	.LFE3-.LFB3
 780 01a2 01       		.uleb128 0x1
 781 01a3 9C       		.byte	0x9c
 782 01a4 76020000 		.4byte	0x276
 783 01a8 0A       		.uleb128 0xa
 784 01a9 D4000000 		.4byte	.LASF25
 785 01ad 01       		.byte	0x1
 786 01ae 8C       		.byte	0x8c
 787 01af 86000000 		.4byte	0x86
 788 01b3 02       		.uleb128 0x2
 789 01b4 91       		.byte	0x91
 790 01b5 6F       		.sleb128 -17
 791 01b6 0E       		.uleb128 0xe
 792 01b7 03       		.byte	0x3
 793 01b8 01       		.byte	0x1
 794 01b9 8E       		.byte	0x8e
 795 01ba E3010000 		.4byte	0x1e3
 796 01be 0F       		.uleb128 0xf
 797 01bf 15020000 		.4byte	.LASF26
ARM GAS  C:\Users\Joseph\AppData\Local\Temp\ccuRC95l.s 			page 21


 798 01c3 01       		.byte	0x1
 799 01c4 8F       		.byte	0x8f
 800 01c5 86000000 		.4byte	0x86
 801 01c9 00       		.byte	0
 802 01ca 0F       		.uleb128 0xf
 803 01cb 0C020000 		.4byte	.LASF27
 804 01cf 01       		.byte	0x1
 805 01d0 90       		.byte	0x90
 806 01d1 86000000 		.4byte	0x86
 807 01d5 01       		.byte	0x1
 808 01d6 0F       		.uleb128 0xf
 809 01d7 4A000000 		.4byte	.LASF28
 810 01db 01       		.byte	0x1
 811 01dc 91       		.byte	0x91
 812 01dd 86000000 		.4byte	0x86
 813 01e1 02       		.byte	0x2
 814 01e2 00       		.byte	0
 815 01e3 03       		.uleb128 0x3
 816 01e4 1E000000 		.4byte	.LASF29
 817 01e8 01       		.byte	0x1
 818 01e9 92       		.byte	0x92
 819 01ea B6010000 		.4byte	0x1b6
 820 01ee 0E       		.uleb128 0xe
 821 01ef 0C       		.byte	0xc
 822 01f0 01       		.byte	0x1
 823 01f1 94       		.byte	0x94
 824 01f2 13020000 		.4byte	0x213
 825 01f6 10       		.uleb128 0x10
 826 01f7 E3010000 		.4byte	0x1e3
 827 01fb 06020000 		.4byte	0x206
 828 01ff 11       		.uleb128 0x11
 829 0200 76000000 		.4byte	0x76
 830 0204 03       		.byte	0x3
 831 0205 00       		.byte	0
 832 0206 0F       		.uleb128 0xf
 833 0207 38020000 		.4byte	.LASF30
 834 020b 01       		.byte	0x1
 835 020c 95       		.byte	0x95
 836 020d F6010000 		.4byte	0x1f6
 837 0211 00       		.byte	0
 838 0212 00       		.byte	0
 839 0213 03       		.uleb128 0x3
 840 0214 A1010000 		.4byte	.LASF31
 841 0218 01       		.byte	0x1
 842 0219 96       		.byte	0x96
 843 021a EE010000 		.4byte	0x1ee
 844 021e 12       		.uleb128 0x12
 845 021f 20020000 		.4byte	.LASF32
 846 0223 01       		.byte	0x1
 847 0224 98       		.byte	0x98
 848 0225 2F020000 		.4byte	0x22f
 849 0229 05       		.uleb128 0x5
 850 022a 03       		.byte	0x3
 851 022b 00000000 		.4byte	imo_trim_table.4687
 852 022f 0B       		.uleb128 0xb
 853 0230 04       		.byte	0x4
 854 0231 35020000 		.4byte	0x235
ARM GAS  C:\Users\Joseph\AppData\Local\Temp\ccuRC95l.s 			page 22


 855 0235 13       		.uleb128 0x13
 856 0236 13020000 		.4byte	0x213
 857 023a 12       		.uleb128 0x12
 858 023b E8000000 		.4byte	.LASF33
 859 023f 01       		.byte	0x1
 860 0240 99       		.byte	0x99
 861 0241 76020000 		.4byte	0x276
 862 0245 05       		.uleb128 0x5
 863 0246 03       		.byte	0x3
 864 0247 00000000 		.4byte	IMO_TRIM_FREQ_TABLE_ENTRIES.4688
 865 024b 12       		.uleb128 0x12
 866 024c 81000000 		.4byte	.LASF34
 867 0250 01       		.byte	0x1
 868 0251 9B       		.byte	0x9b
 869 0252 A7000000 		.4byte	0xa7
 870 0256 02       		.uleb128 0x2
 871 0257 91       		.byte	0x91
 872 0258 74       		.sleb128 -12
 873 0259 12       		.uleb128 0x12
 874 025a 40020000 		.4byte	.LASF35
 875 025e 01       		.byte	0x1
 876 025f 9C       		.byte	0x9c
 877 0260 86000000 		.4byte	0x86
 878 0264 02       		.uleb128 0x2
 879 0265 91       		.byte	0x91
 880 0266 73       		.sleb128 -13
 881 0267 12       		.uleb128 0x12
 882 0268 F0010000 		.4byte	.LASF36
 883 026c 01       		.byte	0x1
 884 026d 9D       		.byte	0x9d
 885 026e 86000000 		.4byte	0x86
 886 0272 02       		.uleb128 0x2
 887 0273 91       		.byte	0x91
 888 0274 72       		.sleb128 -14
 889 0275 00       		.byte	0
 890 0276 13       		.uleb128 0x13
 891 0277 9C000000 		.4byte	0x9c
 892 027b 14       		.uleb128 0x14
 893 027c 3F000000 		.4byte	.LASF37
 894 0280 01       		.byte	0x1
 895 0281 C3       		.byte	0xc3
 896 0282 A4000000 		.4byte	.LFB4
 897 0286 A4000000 		.4byte	.LFE4-.LFB4
 898 028a 01       		.uleb128 0x1
 899 028b 9C       		.byte	0x9c
 900 028c 15       		.uleb128 0x15
 901 028d 0D000000 		.4byte	.LASF38
 902 0291 01       		.byte	0x1
 903 0292 FA       		.byte	0xfa
 904 0293 00000000 		.4byte	.LFB5
 905 0297 08000000 		.4byte	.LFE5-.LFB5
 906 029b 01       		.uleb128 0x1
 907 029c 9C       		.byte	0x9c
 908 029d 16       		.uleb128 0x16
 909 029e 75010000 		.4byte	.LASF46
 910 02a2 01       		.byte	0x1
 911 02a3 1201     		.2byte	0x112
ARM GAS  C:\Users\Joseph\AppData\Local\Temp\ccuRC95l.s 			page 23


 912 02a5 48010000 		.4byte	.LFB6
 913 02a9 2C010000 		.4byte	.LFE6-.LFB6
 914 02ad 01       		.uleb128 0x1
 915 02ae 9C       		.byte	0x9c
 916 02af 17       		.uleb128 0x17
 917 02b0 50010000 		.4byte	.LBB2
 918 02b4 DC000000 		.4byte	.LBE2-.LBB2
 919 02b8 18       		.uleb128 0x18
 920 02b9 06       		.byte	0x6
 921 02ba 01       		.byte	0x1
 922 02bb 1901     		.2byte	0x119
 923 02bd DC020000 		.4byte	0x2dc
 924 02c1 19       		.uleb128 0x19
 925 02c2 82010000 		.4byte	.LASF39
 926 02c6 01       		.byte	0x1
 927 02c7 1A01     		.2byte	0x11a
 928 02c9 7D000000 		.4byte	0x7d
 929 02cd 00       		.byte	0
 930 02ce 19       		.uleb128 0x19
 931 02cf 93000000 		.4byte	.LASF40
 932 02d3 01       		.byte	0x1
 933 02d4 1B01     		.2byte	0x11b
 934 02d6 91000000 		.4byte	0x91
 935 02da 04       		.byte	0x4
 936 02db 00       		.byte	0
 937 02dc 06       		.uleb128 0x6
 938 02dd B2010000 		.4byte	.LASF41
 939 02e1 01       		.byte	0x1
 940 02e2 1C01     		.2byte	0x11c
 941 02e4 B8020000 		.4byte	0x2b8
 942 02e8 10       		.uleb128 0x10
 943 02e9 DC020000 		.4byte	0x2dc
 944 02ed F8020000 		.4byte	0x2f8
 945 02f1 11       		.uleb128 0x11
 946 02f2 76000000 		.4byte	0x76
 947 02f6 01       		.byte	0x1
 948 02f7 00       		.byte	0
 949 02f8 1A       		.uleb128 0x1a
 950 02f9 2F000000 		.4byte	.LASF42
 951 02fd 01       		.byte	0x1
 952 02fe 1E01     		.2byte	0x11e
 953 0300 0A030000 		.4byte	0x30a
 954 0304 05       		.uleb128 0x5
 955 0305 03       		.byte	0x3
 956 0306 04000000 		.4byte	cfg_memset_list.4712
 957 030a 13       		.uleb128 0x13
 958 030b E8020000 		.4byte	0x2e8
 959 030f 1B       		.uleb128 0x1b
 960 0310 6900     		.ascii	"i\000"
 961 0312 01       		.byte	0x1
 962 0313 2401     		.2byte	0x124
 963 0315 86000000 		.4byte	0x86
 964 0319 02       		.uleb128 0x2
 965 031a 91       		.byte	0x91
 966 031b 77       		.sleb128 -9
 967 031c 17       		.uleb128 0x17
 968 031d 58010000 		.4byte	.LBB3
ARM GAS  C:\Users\Joseph\AppData\Local\Temp\ccuRC95l.s 			page 24


 969 0321 3E000000 		.4byte	.LBE3-.LBB3
 970 0325 1B       		.uleb128 0x1b
 971 0326 6D7300   		.ascii	"ms\000"
 972 0329 01       		.byte	0x1
 973 032a 2901     		.2byte	0x129
 974 032c 33030000 		.4byte	0x333
 975 0330 02       		.uleb128 0x2
 976 0331 91       		.byte	0x91
 977 0332 70       		.sleb128 -16
 978 0333 0B       		.uleb128 0xb
 979 0334 04       		.byte	0x4
 980 0335 39030000 		.4byte	0x339
 981 0339 13       		.uleb128 0x13
 982 033a DC020000 		.4byte	0x2dc
 983 033e 00       		.byte	0
 984 033f 00       		.byte	0
 985 0340 00       		.byte	0
 986 0341 00       		.byte	0
 987              		.section	.debug_abbrev,"",%progbits
 988              	.Ldebug_abbrev0:
 989 0000 01       		.uleb128 0x1
 990 0001 11       		.uleb128 0x11
 991 0002 01       		.byte	0x1
 992 0003 25       		.uleb128 0x25
 993 0004 0E       		.uleb128 0xe
 994 0005 13       		.uleb128 0x13
 995 0006 0B       		.uleb128 0xb
 996 0007 03       		.uleb128 0x3
 997 0008 0E       		.uleb128 0xe
 998 0009 1B       		.uleb128 0x1b
 999 000a 0E       		.uleb128 0xe
 1000 000b 55       		.uleb128 0x55
 1001 000c 17       		.uleb128 0x17
 1002 000d 11       		.uleb128 0x11
 1003 000e 01       		.uleb128 0x1
 1004 000f 10       		.uleb128 0x10
 1005 0010 17       		.uleb128 0x17
 1006 0011 00       		.byte	0
 1007 0012 00       		.byte	0
 1008 0013 02       		.uleb128 0x2
 1009 0014 24       		.uleb128 0x24
 1010 0015 00       		.byte	0
 1011 0016 0B       		.uleb128 0xb
 1012 0017 0B       		.uleb128 0xb
 1013 0018 3E       		.uleb128 0x3e
 1014 0019 0B       		.uleb128 0xb
 1015 001a 03       		.uleb128 0x3
 1016 001b 08       		.uleb128 0x8
 1017 001c 00       		.byte	0
 1018 001d 00       		.byte	0
 1019 001e 03       		.uleb128 0x3
 1020 001f 16       		.uleb128 0x16
 1021 0020 00       		.byte	0
 1022 0021 03       		.uleb128 0x3
 1023 0022 0E       		.uleb128 0xe
 1024 0023 3A       		.uleb128 0x3a
 1025 0024 0B       		.uleb128 0xb
ARM GAS  C:\Users\Joseph\AppData\Local\Temp\ccuRC95l.s 			page 25


 1026 0025 3B       		.uleb128 0x3b
 1027 0026 0B       		.uleb128 0xb
 1028 0027 49       		.uleb128 0x49
 1029 0028 13       		.uleb128 0x13
 1030 0029 00       		.byte	0
 1031 002a 00       		.byte	0
 1032 002b 04       		.uleb128 0x4
 1033 002c 24       		.uleb128 0x24
 1034 002d 00       		.byte	0
 1035 002e 0B       		.uleb128 0xb
 1036 002f 0B       		.uleb128 0xb
 1037 0030 3E       		.uleb128 0x3e
 1038 0031 0B       		.uleb128 0xb
 1039 0032 03       		.uleb128 0x3
 1040 0033 0E       		.uleb128 0xe
 1041 0034 00       		.byte	0
 1042 0035 00       		.byte	0
 1043 0036 05       		.uleb128 0x5
 1044 0037 0F       		.uleb128 0xf
 1045 0038 00       		.byte	0
 1046 0039 0B       		.uleb128 0xb
 1047 003a 0B       		.uleb128 0xb
 1048 003b 00       		.byte	0
 1049 003c 00       		.byte	0
 1050 003d 06       		.uleb128 0x6
 1051 003e 16       		.uleb128 0x16
 1052 003f 00       		.byte	0
 1053 0040 03       		.uleb128 0x3
 1054 0041 0E       		.uleb128 0xe
 1055 0042 3A       		.uleb128 0x3a
 1056 0043 0B       		.uleb128 0xb
 1057 0044 3B       		.uleb128 0x3b
 1058 0045 05       		.uleb128 0x5
 1059 0046 49       		.uleb128 0x49
 1060 0047 13       		.uleb128 0x13
 1061 0048 00       		.byte	0
 1062 0049 00       		.byte	0
 1063 004a 07       		.uleb128 0x7
 1064 004b 35       		.uleb128 0x35
 1065 004c 00       		.byte	0
 1066 004d 49       		.uleb128 0x49
 1067 004e 13       		.uleb128 0x13
 1068 004f 00       		.byte	0
 1069 0050 00       		.byte	0
 1070 0051 08       		.uleb128 0x8
 1071 0052 2E       		.uleb128 0x2e
 1072 0053 01       		.byte	0x1
 1073 0054 03       		.uleb128 0x3
 1074 0055 0E       		.uleb128 0xe
 1075 0056 3A       		.uleb128 0x3a
 1076 0057 0B       		.uleb128 0xb
 1077 0058 3B       		.uleb128 0x3b
 1078 0059 0B       		.uleb128 0xb
 1079 005a 27       		.uleb128 0x27
 1080 005b 19       		.uleb128 0x19
 1081 005c 11       		.uleb128 0x11
 1082 005d 01       		.uleb128 0x1
ARM GAS  C:\Users\Joseph\AppData\Local\Temp\ccuRC95l.s 			page 26


 1083 005e 12       		.uleb128 0x12
 1084 005f 06       		.uleb128 0x6
 1085 0060 40       		.uleb128 0x40
 1086 0061 18       		.uleb128 0x18
 1087 0062 9642     		.uleb128 0x2116
 1088 0064 19       		.uleb128 0x19
 1089 0065 01       		.uleb128 0x1
 1090 0066 13       		.uleb128 0x13
 1091 0067 00       		.byte	0
 1092 0068 00       		.byte	0
 1093 0069 09       		.uleb128 0x9
 1094 006a 05       		.uleb128 0x5
 1095 006b 00       		.byte	0
 1096 006c 03       		.uleb128 0x3
 1097 006d 08       		.uleb128 0x8
 1098 006e 3A       		.uleb128 0x3a
 1099 006f 0B       		.uleb128 0xb
 1100 0070 3B       		.uleb128 0x3b
 1101 0071 0B       		.uleb128 0xb
 1102 0072 49       		.uleb128 0x49
 1103 0073 13       		.uleb128 0x13
 1104 0074 02       		.uleb128 0x2
 1105 0075 18       		.uleb128 0x18
 1106 0076 00       		.byte	0
 1107 0077 00       		.byte	0
 1108 0078 0A       		.uleb128 0xa
 1109 0079 05       		.uleb128 0x5
 1110 007a 00       		.byte	0
 1111 007b 03       		.uleb128 0x3
 1112 007c 0E       		.uleb128 0xe
 1113 007d 3A       		.uleb128 0x3a
 1114 007e 0B       		.uleb128 0xb
 1115 007f 3B       		.uleb128 0x3b
 1116 0080 0B       		.uleb128 0xb
 1117 0081 49       		.uleb128 0x49
 1118 0082 13       		.uleb128 0x13
 1119 0083 02       		.uleb128 0x2
 1120 0084 18       		.uleb128 0x18
 1121 0085 00       		.byte	0
 1122 0086 00       		.byte	0
 1123 0087 0B       		.uleb128 0xb
 1124 0088 0F       		.uleb128 0xf
 1125 0089 00       		.byte	0
 1126 008a 0B       		.uleb128 0xb
 1127 008b 0B       		.uleb128 0xb
 1128 008c 49       		.uleb128 0x49
 1129 008d 13       		.uleb128 0x13
 1130 008e 00       		.byte	0
 1131 008f 00       		.byte	0
 1132 0090 0C       		.uleb128 0xc
 1133 0091 26       		.uleb128 0x26
 1134 0092 00       		.byte	0
 1135 0093 00       		.byte	0
 1136 0094 00       		.byte	0
 1137 0095 0D       		.uleb128 0xd
 1138 0096 2E       		.uleb128 0x2e
 1139 0097 01       		.byte	0x1
ARM GAS  C:\Users\Joseph\AppData\Local\Temp\ccuRC95l.s 			page 27


 1140 0098 03       		.uleb128 0x3
 1141 0099 0E       		.uleb128 0xe
 1142 009a 3A       		.uleb128 0x3a
 1143 009b 0B       		.uleb128 0xb
 1144 009c 3B       		.uleb128 0x3b
 1145 009d 0B       		.uleb128 0xb
 1146 009e 27       		.uleb128 0x27
 1147 009f 19       		.uleb128 0x19
 1148 00a0 11       		.uleb128 0x11
 1149 00a1 01       		.uleb128 0x1
 1150 00a2 12       		.uleb128 0x12
 1151 00a3 06       		.uleb128 0x6
 1152 00a4 40       		.uleb128 0x40
 1153 00a5 18       		.uleb128 0x18
 1154 00a6 9742     		.uleb128 0x2117
 1155 00a8 19       		.uleb128 0x19
 1156 00a9 01       		.uleb128 0x1
 1157 00aa 13       		.uleb128 0x13
 1158 00ab 00       		.byte	0
 1159 00ac 00       		.byte	0
 1160 00ad 0E       		.uleb128 0xe
 1161 00ae 13       		.uleb128 0x13
 1162 00af 01       		.byte	0x1
 1163 00b0 0B       		.uleb128 0xb
 1164 00b1 0B       		.uleb128 0xb
 1165 00b2 3A       		.uleb128 0x3a
 1166 00b3 0B       		.uleb128 0xb
 1167 00b4 3B       		.uleb128 0x3b
 1168 00b5 0B       		.uleb128 0xb
 1169 00b6 01       		.uleb128 0x1
 1170 00b7 13       		.uleb128 0x13
 1171 00b8 00       		.byte	0
 1172 00b9 00       		.byte	0
 1173 00ba 0F       		.uleb128 0xf
 1174 00bb 0D       		.uleb128 0xd
 1175 00bc 00       		.byte	0
 1176 00bd 03       		.uleb128 0x3
 1177 00be 0E       		.uleb128 0xe
 1178 00bf 3A       		.uleb128 0x3a
 1179 00c0 0B       		.uleb128 0xb
 1180 00c1 3B       		.uleb128 0x3b
 1181 00c2 0B       		.uleb128 0xb
 1182 00c3 49       		.uleb128 0x49
 1183 00c4 13       		.uleb128 0x13
 1184 00c5 38       		.uleb128 0x38
 1185 00c6 0B       		.uleb128 0xb
 1186 00c7 00       		.byte	0
 1187 00c8 00       		.byte	0
 1188 00c9 10       		.uleb128 0x10
 1189 00ca 01       		.uleb128 0x1
 1190 00cb 01       		.byte	0x1
 1191 00cc 49       		.uleb128 0x49
 1192 00cd 13       		.uleb128 0x13
 1193 00ce 01       		.uleb128 0x1
 1194 00cf 13       		.uleb128 0x13
 1195 00d0 00       		.byte	0
 1196 00d1 00       		.byte	0
ARM GAS  C:\Users\Joseph\AppData\Local\Temp\ccuRC95l.s 			page 28


 1197 00d2 11       		.uleb128 0x11
 1198 00d3 21       		.uleb128 0x21
 1199 00d4 00       		.byte	0
 1200 00d5 49       		.uleb128 0x49
 1201 00d6 13       		.uleb128 0x13
 1202 00d7 2F       		.uleb128 0x2f
 1203 00d8 0B       		.uleb128 0xb
 1204 00d9 00       		.byte	0
 1205 00da 00       		.byte	0
 1206 00db 12       		.uleb128 0x12
 1207 00dc 34       		.uleb128 0x34
 1208 00dd 00       		.byte	0
 1209 00de 03       		.uleb128 0x3
 1210 00df 0E       		.uleb128 0xe
 1211 00e0 3A       		.uleb128 0x3a
 1212 00e1 0B       		.uleb128 0xb
 1213 00e2 3B       		.uleb128 0x3b
 1214 00e3 0B       		.uleb128 0xb
 1215 00e4 49       		.uleb128 0x49
 1216 00e5 13       		.uleb128 0x13
 1217 00e6 02       		.uleb128 0x2
 1218 00e7 18       		.uleb128 0x18
 1219 00e8 00       		.byte	0
 1220 00e9 00       		.byte	0
 1221 00ea 13       		.uleb128 0x13
 1222 00eb 26       		.uleb128 0x26
 1223 00ec 00       		.byte	0
 1224 00ed 49       		.uleb128 0x49
 1225 00ee 13       		.uleb128 0x13
 1226 00ef 00       		.byte	0
 1227 00f0 00       		.byte	0
 1228 00f1 14       		.uleb128 0x14
 1229 00f2 2E       		.uleb128 0x2e
 1230 00f3 00       		.byte	0
 1231 00f4 03       		.uleb128 0x3
 1232 00f5 0E       		.uleb128 0xe
 1233 00f6 3A       		.uleb128 0x3a
 1234 00f7 0B       		.uleb128 0xb
 1235 00f8 3B       		.uleb128 0x3b
 1236 00f9 0B       		.uleb128 0xb
 1237 00fa 27       		.uleb128 0x27
 1238 00fb 19       		.uleb128 0x19
 1239 00fc 11       		.uleb128 0x11
 1240 00fd 01       		.uleb128 0x1
 1241 00fe 12       		.uleb128 0x12
 1242 00ff 06       		.uleb128 0x6
 1243 0100 40       		.uleb128 0x40
 1244 0101 18       		.uleb128 0x18
 1245 0102 9642     		.uleb128 0x2116
 1246 0104 19       		.uleb128 0x19
 1247 0105 00       		.byte	0
 1248 0106 00       		.byte	0
 1249 0107 15       		.uleb128 0x15
 1250 0108 2E       		.uleb128 0x2e
 1251 0109 00       		.byte	0
 1252 010a 03       		.uleb128 0x3
 1253 010b 0E       		.uleb128 0xe
ARM GAS  C:\Users\Joseph\AppData\Local\Temp\ccuRC95l.s 			page 29


 1254 010c 3A       		.uleb128 0x3a
 1255 010d 0B       		.uleb128 0xb
 1256 010e 3B       		.uleb128 0x3b
 1257 010f 0B       		.uleb128 0xb
 1258 0110 27       		.uleb128 0x27
 1259 0111 19       		.uleb128 0x19
 1260 0112 11       		.uleb128 0x11
 1261 0113 01       		.uleb128 0x1
 1262 0114 12       		.uleb128 0x12
 1263 0115 06       		.uleb128 0x6
 1264 0116 40       		.uleb128 0x40
 1265 0117 18       		.uleb128 0x18
 1266 0118 9742     		.uleb128 0x2117
 1267 011a 19       		.uleb128 0x19
 1268 011b 00       		.byte	0
 1269 011c 00       		.byte	0
 1270 011d 16       		.uleb128 0x16
 1271 011e 2E       		.uleb128 0x2e
 1272 011f 01       		.byte	0x1
 1273 0120 3F       		.uleb128 0x3f
 1274 0121 19       		.uleb128 0x19
 1275 0122 03       		.uleb128 0x3
 1276 0123 0E       		.uleb128 0xe
 1277 0124 3A       		.uleb128 0x3a
 1278 0125 0B       		.uleb128 0xb
 1279 0126 3B       		.uleb128 0x3b
 1280 0127 05       		.uleb128 0x5
 1281 0128 27       		.uleb128 0x27
 1282 0129 19       		.uleb128 0x19
 1283 012a 11       		.uleb128 0x11
 1284 012b 01       		.uleb128 0x1
 1285 012c 12       		.uleb128 0x12
 1286 012d 06       		.uleb128 0x6
 1287 012e 40       		.uleb128 0x40
 1288 012f 18       		.uleb128 0x18
 1289 0130 9642     		.uleb128 0x2116
 1290 0132 19       		.uleb128 0x19
 1291 0133 00       		.byte	0
 1292 0134 00       		.byte	0
 1293 0135 17       		.uleb128 0x17
 1294 0136 0B       		.uleb128 0xb
 1295 0137 01       		.byte	0x1
 1296 0138 11       		.uleb128 0x11
 1297 0139 01       		.uleb128 0x1
 1298 013a 12       		.uleb128 0x12
 1299 013b 06       		.uleb128 0x6
 1300 013c 00       		.byte	0
 1301 013d 00       		.byte	0
 1302 013e 18       		.uleb128 0x18
 1303 013f 13       		.uleb128 0x13
 1304 0140 01       		.byte	0x1
 1305 0141 0B       		.uleb128 0xb
 1306 0142 0B       		.uleb128 0xb
 1307 0143 3A       		.uleb128 0x3a
 1308 0144 0B       		.uleb128 0xb
 1309 0145 3B       		.uleb128 0x3b
 1310 0146 05       		.uleb128 0x5
ARM GAS  C:\Users\Joseph\AppData\Local\Temp\ccuRC95l.s 			page 30


 1311 0147 01       		.uleb128 0x1
 1312 0148 13       		.uleb128 0x13
 1313 0149 00       		.byte	0
 1314 014a 00       		.byte	0
 1315 014b 19       		.uleb128 0x19
 1316 014c 0D       		.uleb128 0xd
 1317 014d 00       		.byte	0
 1318 014e 03       		.uleb128 0x3
 1319 014f 0E       		.uleb128 0xe
 1320 0150 3A       		.uleb128 0x3a
 1321 0151 0B       		.uleb128 0xb
 1322 0152 3B       		.uleb128 0x3b
 1323 0153 05       		.uleb128 0x5
 1324 0154 49       		.uleb128 0x49
 1325 0155 13       		.uleb128 0x13
 1326 0156 38       		.uleb128 0x38
 1327 0157 0B       		.uleb128 0xb
 1328 0158 00       		.byte	0
 1329 0159 00       		.byte	0
 1330 015a 1A       		.uleb128 0x1a
 1331 015b 34       		.uleb128 0x34
 1332 015c 00       		.byte	0
 1333 015d 03       		.uleb128 0x3
 1334 015e 0E       		.uleb128 0xe
 1335 015f 3A       		.uleb128 0x3a
 1336 0160 0B       		.uleb128 0xb
 1337 0161 3B       		.uleb128 0x3b
 1338 0162 05       		.uleb128 0x5
 1339 0163 49       		.uleb128 0x49
 1340 0164 13       		.uleb128 0x13
 1341 0165 02       		.uleb128 0x2
 1342 0166 18       		.uleb128 0x18
 1343 0167 00       		.byte	0
 1344 0168 00       		.byte	0
 1345 0169 1B       		.uleb128 0x1b
 1346 016a 34       		.uleb128 0x34
 1347 016b 00       		.byte	0
 1348 016c 03       		.uleb128 0x3
 1349 016d 08       		.uleb128 0x8
 1350 016e 3A       		.uleb128 0x3a
 1351 016f 0B       		.uleb128 0xb
 1352 0170 3B       		.uleb128 0x3b
 1353 0171 05       		.uleb128 0x5
 1354 0172 49       		.uleb128 0x49
 1355 0173 13       		.uleb128 0x13
 1356 0174 02       		.uleb128 0x2
 1357 0175 18       		.uleb128 0x18
 1358 0176 00       		.byte	0
 1359 0177 00       		.byte	0
 1360 0178 00       		.byte	0
 1361              		.section	.debug_aranges,"",%progbits
 1362 0000 4C000000 		.4byte	0x4c
 1363 0004 0200     		.2byte	0x2
 1364 0006 00000000 		.4byte	.Ldebug_info0
 1365 000a 04       		.byte	0x4
 1366 000b 00       		.byte	0
 1367 000c 0000     		.2byte	0
ARM GAS  C:\Users\Joseph\AppData\Local\Temp\ccuRC95l.s 			page 31


 1368 000e 0000     		.2byte	0
 1369 0010 00000000 		.4byte	.LFB0
 1370 0014 1E000000 		.4byte	.LFE0-.LFB0
 1371 0018 00000000 		.4byte	.LFB1
 1372 001c 22000000 		.4byte	.LFE1-.LFB1
 1373 0020 00000000 		.4byte	.LFB2
 1374 0024 22000000 		.4byte	.LFE2-.LFB2
 1375 0028 00000000 		.4byte	.LFB3
 1376 002c A4000000 		.4byte	.LFE3-.LFB3
 1377 0030 A4000000 		.4byte	.LFB4
 1378 0034 A4000000 		.4byte	.LFE4-.LFB4
 1379 0038 00000000 		.4byte	.LFB5
 1380 003c 08000000 		.4byte	.LFE5-.LFB5
 1381 0040 48010000 		.4byte	.LFB6
 1382 0044 2C010000 		.4byte	.LFE6-.LFB6
 1383 0048 00000000 		.4byte	0
 1384 004c 00000000 		.4byte	0
 1385              		.section	.debug_ranges,"",%progbits
 1386              	.Ldebug_ranges0:
 1387 0000 00000000 		.4byte	.LFB0
 1388 0004 1E000000 		.4byte	.LFE0
 1389 0008 00000000 		.4byte	.LFB1
 1390 000c 22000000 		.4byte	.LFE1
 1391 0010 00000000 		.4byte	.LFB2
 1392 0014 22000000 		.4byte	.LFE2
 1393 0018 00000000 		.4byte	.LFB3
 1394 001c A4000000 		.4byte	.LFE3
 1395 0020 A4000000 		.4byte	.LFB4
 1396 0024 48010000 		.4byte	.LFE4
 1397 0028 00000000 		.4byte	.LFB5
 1398 002c 08000000 		.4byte	.LFE5
 1399 0030 48010000 		.4byte	.LFB6
 1400 0034 74020000 		.4byte	.LFE6
 1401 0038 00000000 		.4byte	0
 1402 003c 00000000 		.4byte	0
 1403              		.section	.debug_line,"",%progbits
 1404              	.Ldebug_line0:
 1405 0000 7E010000 		.section	.debug_str,"MS",%progbits,1
 1405      0200D000 
 1405      00000201 
 1405      FB0E0D00 
 1405      01010101 
 1406              	.LASF19:
 1407 0000 72656733 		.ascii	"reg32\000"
 1407      3200
 1408              	.LASF11:
 1409 0006 73697A65 		.ascii	"size_t\000"
 1409      5F7400
 1410              	.LASF38:
 1411 000d 416E616C 		.ascii	"AnalogSetDefault\000"
 1411      6F675365 
 1411      74446566 
 1411      61756C74 
 1411      00
 1412              	.LASF29:
 1413 001e 696D6F5F 		.ascii	"imo_trim_entry_t\000"
 1413      7472696D 
ARM GAS  C:\Users\Joseph\AppData\Local\Temp\ccuRC95l.s 			page 32


 1413      5F656E74 
 1413      72795F74 
 1413      00
 1414              	.LASF42:
 1415 002f 6366675F 		.ascii	"cfg_memset_list\000"
 1415      6D656D73 
 1415      65745F6C 
 1415      69737400 
 1416              	.LASF37:
 1417 003f 436C6F63 		.ascii	"ClockSetup\000"
 1417      6B536574 
 1417      757000
 1418              	.LASF28:
 1419 004a 746D7063 		.ascii	"tmpco\000"
 1419      6F00
 1420              	.LASF4:
 1421 0050 73686F72 		.ascii	"short unsigned int\000"
 1421      7420756E 
 1421      7369676E 
 1421      65642069 
 1421      6E7400
 1422              	.LASF3:
 1423 0063 73686F72 		.ascii	"short int\000"
 1423      7420696E 
 1423      7400
 1424              	.LASF24:
 1425 006d 53657449 		.ascii	"SetIMOBGTrims\000"
 1425      4D4F4247 
 1425      5472696D 
 1425      7300
 1426              	.LASF16:
 1427 007b 666C6F61 		.ascii	"float\000"
 1427      7400
 1428              	.LASF34:
 1429 0081 696D6F54 		.ascii	"imoTrimIndex\000"
 1429      72696D49 
 1429      6E646578 
 1429      00
 1430              	.LASF22:
 1431 008e 64657374 		.ascii	"dest\000"
 1431      00
 1432              	.LASF40:
 1433 0093 73697A65 		.ascii	"size\000"
 1433      00
 1434              	.LASF18:
 1435 0098 72656738 		.ascii	"reg8\000"
 1435      00
 1436              	.LASF6:
 1437 009d 6C6F6E67 		.ascii	"long unsigned int\000"
 1437      20756E73 
 1437      69676E65 
 1437      6420696E 
 1437      7400
 1438              	.LASF15:
 1439 00af 696E7433 		.ascii	"int32\000"
 1439      3200
 1440              	.LASF20:
ARM GAS  C:\Users\Joseph\AppData\Local\Temp\ccuRC95l.s 			page 33


 1441 00b5 43594D45 		.ascii	"CYMEMZERO\000"
 1441      4D5A4552 
 1441      4F00
 1442              	.LASF2:
 1443 00bf 756E7369 		.ascii	"unsigned char\000"
 1443      676E6564 
 1443      20636861 
 1443      7200
 1444              	.LASF17:
 1445 00cd 646F7562 		.ascii	"double\000"
 1445      6C6500
 1446              	.LASF25:
 1447 00d4 696D6F46 		.ascii	"imoFreq\000"
 1447      72657100 
 1448              	.LASF21:
 1449 00dc 4359434F 		.ascii	"CYCONFIGCPY\000"
 1449      4E464947 
 1449      43505900 
 1450              	.LASF33:
 1451 00e8 494D4F5F 		.ascii	"IMO_TRIM_FREQ_TABLE_ENTRIES\000"
 1451      5452494D 
 1451      5F465245 
 1451      515F5441 
 1451      424C455F 
 1452              	.LASF45:
 1453 0104 433A5C55 		.ascii	"C:\\Users\\Joseph\\Documents\\CY8CKIT-049-42xx\\1.0"
 1453      73657273 
 1453      5C4A6F73 
 1453      6570685C 
 1453      446F6375 
 1454 0132 5C466972 		.ascii	"\\Firmware\\SCB_Bootloader\\Design02.cydsn\000"
 1454      6D776172 
 1454      655C5343 
 1454      425F426F 
 1454      6F746C6F 
 1455              	.LASF13:
 1456 015a 75696E74 		.ascii	"uint16\000"
 1456      313600
 1457              	.LASF14:
 1458 0161 75696E74 		.ascii	"uint32\000"
 1458      333200
 1459              	.LASF0:
 1460 0168 756E7369 		.ascii	"unsigned int\000"
 1460      676E6564 
 1460      20696E74 
 1460      00
 1461              	.LASF46:
 1462 0175 63796669 		.ascii	"cyfitter_cfg\000"
 1462      74746572 
 1462      5F636667 
 1462      00
 1463              	.LASF39:
 1464 0182 61646472 		.ascii	"address\000"
 1464      65737300 
 1465              	.LASF8:
 1466 018a 6C6F6E67 		.ascii	"long long unsigned int\000"
 1466      206C6F6E 
ARM GAS  C:\Users\Joseph\AppData\Local\Temp\ccuRC95l.s 			page 34


 1466      6720756E 
 1466      7369676E 
 1466      65642069 
 1467              	.LASF31:
 1468 01a1 696D6F5F 		.ascii	"imo_trim_table_t\000"
 1468      7472696D 
 1468      5F746162 
 1468      6C655F74 
 1468      00
 1469              	.LASF41:
 1470 01b2 6366675F 		.ascii	"cfg_memset_t\000"
 1470      6D656D73 
 1470      65745F74 
 1470      00
 1471              	.LASF44:
 1472 01bf 2E5C4765 		.ascii	".\\Generated_Source\\PSoC4\\cyfitter_cfg.c\000"
 1472      6E657261 
 1472      7465645F 
 1472      536F7572 
 1472      63655C50 
 1473              	.LASF9:
 1474 01e7 73697A65 		.ascii	"sizetype\000"
 1474      74797065 
 1474      00
 1475              	.LASF36:
 1476 01f0 73657454 		.ascii	"setTmpCo\000"
 1476      6D70436F 
 1476      00
 1477              	.LASF7:
 1478 01f9 6C6F6E67 		.ascii	"long long int\000"
 1478      206C6F6E 
 1478      6720696E 
 1478      7400
 1479              	.LASF10:
 1480 0207 63686172 		.ascii	"char\000"
 1480      00
 1481              	.LASF27:
 1482 020c 6162736F 		.ascii	"absolute\000"
 1482      6C757465 
 1482      00
 1483              	.LASF26:
 1484 0215 66726571 		.ascii	"freq\000"
 1484      00
 1485              	.LASF12:
 1486 021a 75696E74 		.ascii	"uint8\000"
 1486      3800
 1487              	.LASF32:
 1488 0220 696D6F5F 		.ascii	"imo_trim_table\000"
 1488      7472696D 
 1488      5F746162 
 1488      6C6500
 1489              	.LASF5:
 1490 022f 6C6F6E67 		.ascii	"long int\000"
 1490      20696E74 
 1490      00
 1491              	.LASF30:
 1492 0238 656E7472 		.ascii	"entries\000"
ARM GAS  C:\Users\Joseph\AppData\Local\Temp\ccuRC95l.s 			page 35


 1492      69657300 
 1493              	.LASF35:
 1494 0240 73657441 		.ascii	"setAbs\000"
 1494      627300
 1495              	.LASF1:
 1496 0247 7369676E 		.ascii	"signed char\000"
 1496      65642063 
 1496      68617200 
 1497              	.LASF23:
 1498 0253 4359434F 		.ascii	"CYCONFIGCPYCODE\000"
 1498      4E464947 
 1498      43505943 
 1498      4F444500 
 1499              	.LASF43:
 1500 0263 474E5520 		.ascii	"GNU C 4.8.4 20140526 (release) [ARM/embedded-4_8-br"
 1500      4320342E 
 1500      382E3420 
 1500      32303134 
 1500      30353236 
 1501 0296 616E6368 		.ascii	"anch revision 211358] -mcpu=cortex-m0 -mthumb -g -O"
 1501      20726576 
 1501      6973696F 
 1501      6E203231 
 1501      31333538 
 1502 02c9 30202D66 		.ascii	"0 -ffunction-sections\000"
 1502      66756E63 
 1502      74696F6E 
 1502      2D736563 
 1502      74696F6E 
 1503              		.ident	"GCC: (GNU Tools for ARM Embedded Processors) 4.8.4 20140526 (release) [ARM/embedded-4_8-br
