--------------- Build Started: 08/08/2017 23:07:29 Project: Sunrise Clock, Configuration: ARM GCC 4.9-2015-q1-update Debug ---------------
cydsfit.exe -.appdatapath "C:\Users\Joseph\AppData\Local\Cypress Semiconductor\PSoC Creator\4.0" -.fdsnotice -.fdswarpdepfile=warp_dependencies.txt -.fdselabdepfile=elab_dependencies.txt -.fdsbldfile=generated_files.txt -.fdsreffile=referenced_files.txt -p "C:\Users\Joseph\Documents\CY8CKIT-049-42xx\1.0\Firmware\SCB_Bootloader\Sunrise Clock.cydsn\Sunrise Clock.cyprj" -d CY8C4245AXI-483 -s "C:\Users\Joseph\Documents\CY8CKIT-049-42xx\1.0\Firmware\SCB_Bootloader\Sunrise Clock.cydsn\Generated_Source\PSoC4" -- -yv2 -q10 -ygs -o2 -v3 -.fftcfgtype=LE
Elaborating Design...
ADD: fit.M0015: information: One or more rows of flash have been configured to be protected; however, debugging has been enabled in the System DWR Editor. This means that while write restrictions are honored flash rows can still be read via SWD or JTAG. To prevent any ability to read the flash rows, disable debugging in the System DWR Editor.
 * C:\Users\Joseph\Documents\CY8CKIT-049-42xx\1.0\Firmware\SCB_Bootloader\Sunrise Clock.cydsn\Sunrise Clock.cydwr (Chip Protection)
HDL Generation...
Synthesis...
Tech Mapping...
Analog Placement...
Analog Routing...
Analog Code Generation...
Digital Placement...
Digital Routing...
Bitstream Generation...
Bitstream Verification...
Static timing analysis...
API Generation...
Dependency Generation...
Cleanup...
arm-none-eabi-gcc.exe -mcpu=cortex-m0 -mthumb -I. -IGenerated_Source\PSoC4 -Wa,-alh=.\CortexM0\ARM_GCC_493\Debug/main.lst -g -D DEBUG -Wall -ffunction-sections -O0 -ffat-lto-objects -c main.c -o .\CortexM0\ARM_GCC_493\Debug\main.o
main.c: In function 'main':
main.c:71:11: warning: unused variable 'minutes' [-Wunused-variable]
     uint8 minutes;
           ^
main.c:70:11: warning: unused variable 'seconds' [-Wunused-variable]
     uint8 seconds;
           ^
main.c:69:11: warning: unused variable 'hour' [-Wunused-variable]
     uint8 hour;
           ^
arm-none-eabi-gcc.exe -mcpu=cortex-m0 -mthumb -I. -IGenerated_Source\PSoC4 -Wa,-alh=.\CortexM0\ARM_GCC_493\Debug/i2cClock.lst -g -D DEBUG -Wall -ffunction-sections -O0 -ffat-lto-objects -c i2cClock.c -o .\CortexM0\ARM_GCC_493\Debug\i2cClock.o
arm-none-eabi-gcc.exe -mcpu=cortex-m0 -mthumb -I. -IGenerated_Source\PSoC4 -Wa,-alh=.\CortexM0\ARM_GCC_493\Debug/RTC.lst -g -D DEBUG -Wall -ffunction-sections -O0 -ffat-lto-objects -c RTC.c -o .\CortexM0\ARM_GCC_493\Debug\RTC.o
arm-none-eabi-gcc.exe -mcpu=cortex-m0 -mthumb -I. -IGenerated_Source\PSoC4 -Wa,-alh=.\CortexM0\ARM_GCC_493\Debug/TimeFunctions.lst -g -D DEBUG -Wall -ffunction-sections -O0 -ffat-lto-objects -c TimeFunctions.c -o .\CortexM0\ARM_GCC_493\Debug\TimeFunctions.o
arm-none-eabi-gcc.exe -mcpu=cortex-m0 -mthumb -I. -IGenerated_Source\PSoC4 -Wa,-alh=.\CortexM0\ARM_GCC_493\Debug/SerialPrint.lst -g -D DEBUG -Wall -ffunction-sections -O0 -ffat-lto-objects -c SerialPrint.c -o .\CortexM0\ARM_GCC_493\Debug\SerialPrint.o
arm-none-eabi-gcc.exe -mcpu=cortex-m0 -mthumb -I. -IGenerated_Source\PSoC4 -Wa,-alh=.\CortexM0\ARM_GCC_493\Debug/cyfitter_cfg.lst -g -D DEBUG -Wall -ffunction-sections -O0 -ffat-lto-objects -c Generated_Source\PSoC4\cyfitter_cfg.c -o .\CortexM0\ARM_GCC_493\Debug\cyfitter_cfg.o
arm-none-eabi-gcc.exe -mcpu=cortex-m0 -mthumb -I. -IGenerated_Source\PSoC4 -Wa,-alh=.\CortexM0\ARM_GCC_493\Debug/cybootloader.lst -g -D DEBUG -Wall -ffunction-sections -O0 -ffat-lto-objects -c Generated_Source\PSoC4\cybootloader.c -o .\CortexM0\ARM_GCC_493\Debug\cybootloader.o
arm-none-eabi-gcc.exe -mcpu=cortex-m0 -mthumb -I. -IGenerated_Source\PSoC4 -Wa,-alh=.\CortexM0\ARM_GCC_493\Debug/cymetadata.lst -g -D DEBUG -Wall -ffunction-sections -O0 -ffat-lto-objects -c Generated_Source\PSoC4\cymetadata.c -o .\CortexM0\ARM_GCC_493\Debug\cymetadata.o
arm-none-eabi-gcc.exe -mcpu=cortex-m0 -mthumb -I. -IGenerated_Source\PSoC4 -Wa,-alh=.\CortexM0\ARM_GCC_493\Debug/Bootloadable_1.lst -g -D DEBUG -Wall -ffunction-sections -O0 -ffat-lto-objects -c Generated_Source\PSoC4\Bootloadable_1.c -o .\CortexM0\ARM_GCC_493\Debug\Bootloadable_1.o
arm-none-eabi-gcc.exe -mcpu=cortex-m0 -mthumb -I. -IGenerated_Source\PSoC4 -Wa,-alh=.\CortexM0\ARM_GCC_493\Debug/Cm0Start.lst -g -D DEBUG -Wall -ffunction-sections -O0 -ffat-lto-objects -c Generated_Source\PSoC4\Cm0Start.c -o .\CortexM0\ARM_GCC_493\Debug\Cm0Start.o
arm-none-eabi-gcc.exe -mcpu=cortex-m0 -mthumb -I. -IGenerated_Source\PSoC4 -Wa,-alh=.\CortexM0\ARM_GCC_493\Debug/CyFlash.lst -g -D DEBUG -Wall -ffunction-sections -O0 -ffat-lto-objects -c Generated_Source\PSoC4\CyFlash.c -o .\CortexM0\ARM_GCC_493\Debug\CyFlash.o
arm-none-eabi-gcc.exe -mcpu=cortex-m0 -mthumb -I. -IGenerated_Source\PSoC4 -Wa,-alh=.\CortexM0\ARM_GCC_493\Debug/CyLib.lst -g -D DEBUG -Wall -ffunction-sections -O0 -ffat-lto-objects -c Generated_Source\PSoC4\CyLib.c -o .\CortexM0\ARM_GCC_493\Debug\CyLib.o
arm-none-eabi-gcc.exe -mcpu=cortex-m0 -mthumb -I. -IGenerated_Source\PSoC4 -Wa,-alh=.\CortexM0\ARM_GCC_493\Debug/cyPm.lst -g -D DEBUG -Wall -ffunction-sections -O0 -ffat-lto-objects -c Generated_Source\PSoC4\cyPm.c -o .\CortexM0\ARM_GCC_493\Debug\cyPm.o
arm-none-eabi-gcc.exe -mcpu=cortex-m0 -mthumb -I. -IGenerated_Source\PSoC4 -Wa,-alh=.\CortexM0\ARM_GCC_493\Debug/cyutils.lst -g -D DEBUG -Wall -ffunction-sections -O0 -ffat-lto-objects -c Generated_Source\PSoC4\cyutils.c -o .\CortexM0\ARM_GCC_493\Debug\cyutils.o
arm-none-eabi-gcc.exe -mcpu=cortex-m0 -mthumb -I. -IGenerated_Source\PSoC4 -Wa,-alh=.\CortexM0\ARM_GCC_493\Debug/I2C.lst -g -D DEBUG -Wall -ffunction-sections -O0 -ffat-lto-objects -c Generated_Source\PSoC4\I2C.c -o .\CortexM0\ARM_GCC_493\Debug\I2C.o
arm-none-eabi-gcc.exe -mcpu=cortex-m0 -mthumb -I. -IGenerated_Source\PSoC4 -Wa,-alh=.\CortexM0\ARM_GCC_493\Debug/I2C_I2C_INT.lst -g -D DEBUG -Wall -ffunction-sections -O0 -ffat-lto-objects -c Generated_Source\PSoC4\I2C_I2C_INT.c -o .\CortexM0\ARM_GCC_493\Debug\I2C_I2C_INT.o
arm-none-eabi-gcc.exe -mcpu=cortex-m0 -mthumb -I. -IGenerated_Source\PSoC4 -Wa,-alh=.\CortexM0\ARM_GCC_493\Debug/I2C_I2C.lst -g -D DEBUG -Wall -ffunction-sections -O0 -ffat-lto-objects -c Generated_Source\PSoC4\I2C_I2C.c -o .\CortexM0\ARM_GCC_493\Debug\I2C_I2C.o
arm-none-eabi-gcc.exe -mcpu=cortex-m0 -mthumb -I. -IGenerated_Source\PSoC4 -Wa,-alh=.\CortexM0\ARM_GCC_493\Debug/I2C_I2C_BOOT.lst -g -D DEBUG -Wall -ffunction-sections -O0 -ffat-lto-objects -c Generated_Source\PSoC4\I2C_I2C_BOOT.c -o .\CortexM0\ARM_GCC_493\Debug\I2C_I2C_BOOT.o
arm-none-eabi-gcc.exe -mcpu=cortex-m0 -mthumb -I. -IGenerated_Source\PSoC4 -Wa,-alh=.\CortexM0\ARM_GCC_493\Debug/I2C_I2C_MASTER.lst -g -D DEBUG -Wall -ffunction-sections -O0 -ffat-lto-objects -c Generated_Source\PSoC4\I2C_I2C_MASTER.c -o .\CortexM0\ARM_GCC_493\Debug\I2C_I2C_MASTER.o
arm-none-eabi-gcc.exe -mcpu=cortex-m0 -mthumb -I. -IGenerated_Source\PSoC4 -Wa,-alh=.\CortexM0\ARM_GCC_493\Debug/I2C_PM.lst -g -D DEBUG -Wall -ffunction-sections -O0 -ffat-lto-objects -c Generated_Source\PSoC4\I2C_PM.c -o .\CortexM0\ARM_GCC_493\Debug\I2C_PM.o
arm-none-eabi-gcc.exe -mcpu=cortex-m0 -mthumb -I. -IGenerated_Source\PSoC4 -Wa,-alh=.\CortexM0\ARM_GCC_493\Debug/I2C_BOOT.lst -g -D DEBUG -Wall -ffunction-sections -O0 -ffat-lto-objects -c Generated_Source\PSoC4\I2C_BOOT.c -o .\CortexM0\ARM_GCC_493\Debug\I2C_BOOT.o
arm-none-eabi-gcc.exe -mcpu=cortex-m0 -mthumb -I. -IGenerated_Source\PSoC4 -Wa,-alh=.\CortexM0\ARM_GCC_493\Debug/I2C_SCBCLK.lst -g -D DEBUG -Wall -ffunction-sections -O0 -ffat-lto-objects -c Generated_Source\PSoC4\I2C_SCBCLK.c -o .\CortexM0\ARM_GCC_493\Debug\I2C_SCBCLK.o
arm-none-eabi-gcc.exe -mcpu=cortex-m0 -mthumb -I. -IGenerated_Source\PSoC4 -Wa,-alh=.\CortexM0\ARM_GCC_493\Debug/I2C_sda.lst -g -D DEBUG -Wall -ffunction-sections -O0 -ffat-lto-objects -c Generated_Source\PSoC4\I2C_sda.c -o .\CortexM0\ARM_GCC_493\Debug\I2C_sda.o
arm-none-eabi-gcc.exe -mcpu=cortex-m0 -mthumb -I. -IGenerated_Source\PSoC4 -Wa,-alh=.\CortexM0\ARM_GCC_493\Debug/I2C_sda_PM.lst -g -D DEBUG -Wall -ffunction-sections -O0 -ffat-lto-objects -c Generated_Source\PSoC4\I2C_sda_PM.c -o .\CortexM0\ARM_GCC_493\Debug\I2C_sda_PM.o
arm-none-eabi-gcc.exe -mcpu=cortex-m0 -mthumb -I. -IGenerated_Source\PSoC4 -Wa,-alh=.\CortexM0\ARM_GCC_493\Debug/I2C_scl.lst -g -D DEBUG -Wall -ffunction-sections -O0 -ffat-lto-objects -c Generated_Source\PSoC4\I2C_scl.c -o .\CortexM0\ARM_GCC_493\Debug\I2C_scl.o
arm-none-eabi-gcc.exe -mcpu=cortex-m0 -mthumb -I. -IGenerated_Source\PSoC4 -Wa,-alh=.\CortexM0\ARM_GCC_493\Debug/I2C_scl_PM.lst -g -D DEBUG -Wall -ffunction-sections -O0 -ffat-lto-objects -c Generated_Source\PSoC4\I2C_scl_PM.c -o .\CortexM0\ARM_GCC_493\Debug\I2C_scl_PM.o
arm-none-eabi-gcc.exe -mcpu=cortex-m0 -mthumb -I. -IGenerated_Source\PSoC4 -Wa,-alh=.\CortexM0\ARM_GCC_493\Debug/I2C_SCB_IRQ.lst -g -D DEBUG -Wall -ffunction-sections -O0 -ffat-lto-objects -c Generated_Source\PSoC4\I2C_SCB_IRQ.c -o .\CortexM0\ARM_GCC_493\Debug\I2C_SCB_IRQ.o
arm-none-eabi-gcc.exe -mcpu=cortex-m0 -mthumb -I. -IGenerated_Source\PSoC4 -Wa,-alh=.\CortexM0\ARM_GCC_493\Debug/UART_1.lst -g -D DEBUG -Wall -ffunction-sections -O0 -ffat-lto-objects -c Generated_Source\PSoC4\UART_1.c -o .\CortexM0\ARM_GCC_493\Debug\UART_1.o
arm-none-eabi-gcc.exe -mcpu=cortex-m0 -mthumb -I. -IGenerated_Source\PSoC4 -Wa,-alh=.\CortexM0\ARM_GCC_493\Debug/UART_1_SPI_UART.lst -g -D DEBUG -Wall -ffunction-sections -O0 -ffat-lto-objects -c Generated_Source\PSoC4\UART_1_SPI_UART.c -o .\CortexM0\ARM_GCC_493\Debug\UART_1_SPI_UART.o
arm-none-eabi-gcc.exe -mcpu=cortex-m0 -mthumb -I. -IGenerated_Source\PSoC4 -Wa,-alh=.\CortexM0\ARM_GCC_493\Debug/UART_1_SPI_UART_INT.lst -g -D DEBUG -Wall -ffunction-sections -O0 -ffat-lto-objects -c Generated_Source\PSoC4\UART_1_SPI_UART_INT.c -o .\CortexM0\ARM_GCC_493\Debug\UART_1_SPI_UART_INT.o
arm-none-eabi-gcc.exe -mcpu=cortex-m0 -mthumb -I. -IGenerated_Source\PSoC4 -Wa,-alh=.\CortexM0\ARM_GCC_493\Debug/UART_1_PM.lst -g -D DEBUG -Wall -ffunction-sections -O0 -ffat-lto-objects -c Generated_Source\PSoC4\UART_1_PM.c -o .\CortexM0\ARM_GCC_493\Debug\UART_1_PM.o
arm-none-eabi-gcc.exe -mcpu=cortex-m0 -mthumb -I. -IGenerated_Source\PSoC4 -Wa,-alh=.\CortexM0\ARM_GCC_493\Debug/UART_1_UART.lst -g -D DEBUG -Wall -ffunction-sections -O0 -ffat-lto-objects -c Generated_Source\PSoC4\UART_1_UART.c -o .\CortexM0\ARM_GCC_493\Debug\UART_1_UART.o
arm-none-eabi-gcc.exe -mcpu=cortex-m0 -mthumb -I. -IGenerated_Source\PSoC4 -Wa,-alh=.\CortexM0\ARM_GCC_493\Debug/UART_1_BOOT.lst -g -D DEBUG -Wall -ffunction-sections -O0 -ffat-lto-objects -c Generated_Source\PSoC4\UART_1_BOOT.c -o .\CortexM0\ARM_GCC_493\Debug\UART_1_BOOT.o
arm-none-eabi-gcc.exe -mcpu=cortex-m0 -mthumb -I. -IGenerated_Source\PSoC4 -Wa,-alh=.\CortexM0\ARM_GCC_493\Debug/UART_1_UART_BOOT.lst -g -D DEBUG -Wall -ffunction-sections -O0 -ffat-lto-objects -c Generated_Source\PSoC4\UART_1_UART_BOOT.c -o .\CortexM0\ARM_GCC_493\Debug\UART_1_UART_BOOT.o
arm-none-eabi-gcc.exe -mcpu=cortex-m0 -mthumb -I. -IGenerated_Source\PSoC4 -Wa,-alh=.\CortexM0\ARM_GCC_493\Debug/UART_1_SCBCLK.lst -g -D DEBUG -Wall -ffunction-sections -O0 -ffat-lto-objects -c Generated_Source\PSoC4\UART_1_SCBCLK.c -o .\CortexM0\ARM_GCC_493\Debug\UART_1_SCBCLK.o
arm-none-eabi-gcc.exe -mcpu=cortex-m0 -mthumb -I. -IGenerated_Source\PSoC4 -Wa,-alh=.\CortexM0\ARM_GCC_493\Debug/UART_1_tx.lst -g -D DEBUG -Wall -ffunction-sections -O0 -ffat-lto-objects -c Generated_Source\PSoC4\UART_1_tx.c -o .\CortexM0\ARM_GCC_493\Debug\UART_1_tx.o
arm-none-eabi-gcc.exe -mcpu=cortex-m0 -mthumb -I. -IGenerated_Source\PSoC4 -Wa,-alh=.\CortexM0\ARM_GCC_493\Debug/UART_1_tx_PM.lst -g -D DEBUG -Wall -ffunction-sections -O0 -ffat-lto-objects -c Generated_Source\PSoC4\UART_1_tx_PM.c -o .\CortexM0\ARM_GCC_493\Debug\UART_1_tx_PM.o
arm-none-eabi-gcc.exe -mcpu=cortex-m0 -mthumb -I. -IGenerated_Source\PSoC4 -Wa,-alh=.\CortexM0\ARM_GCC_493\Debug/UART_1_rx.lst -g -D DEBUG -Wall -ffunction-sections -O0 -ffat-lto-objects -c Generated_Source\PSoC4\UART_1_rx.c -o .\CortexM0\ARM_GCC_493\Debug\UART_1_rx.o
arm-none-eabi-gcc.exe -mcpu=cortex-m0 -mthumb -I. -IGenerated_Source\PSoC4 -Wa,-alh=.\CortexM0\ARM_GCC_493\Debug/UART_1_rx_PM.lst -g -D DEBUG -Wall -ffunction-sections -O0 -ffat-lto-objects -c Generated_Source\PSoC4\UART_1_rx_PM.c -o .\CortexM0\ARM_GCC_493\Debug\UART_1_rx_PM.o
arm-none-eabi-gcc.exe -mcpu=cortex-m0 -mthumb -I. -IGenerated_Source\PSoC4 -Wa,-alh=.\CortexM0\ARM_GCC_493\Debug/CyLFClk.lst -g -D DEBUG -Wall -ffunction-sections -O0 -ffat-lto-objects -c Generated_Source\PSoC4\CyLFClk.c -o .\CortexM0\ARM_GCC_493\Debug\CyLFClk.o
arm-none-eabi-gcc.exe -mcpu=cortex-m0 -mthumb -I. -IGenerated_Source\PSoC4 -Wa,-alh=.\CortexM0\ARM_GCC_493\Debug/SPIM_1.lst -g -D DEBUG -Wall -ffunction-sections -O0 -ffat-lto-objects -c Generated_Source\PSoC4\SPIM_1.c -o .\CortexM0\ARM_GCC_493\Debug\SPIM_1.o
arm-none-eabi-gcc.exe -mcpu=cortex-m0 -mthumb -I. -IGenerated_Source\PSoC4 -Wa,-alh=.\CortexM0\ARM_GCC_493\Debug/SPIM_1_PM.lst -g -D DEBUG -Wall -ffunction-sections -O0 -ffat-lto-objects -c Generated_Source\PSoC4\SPIM_1_PM.c -o .\CortexM0\ARM_GCC_493\Debug\SPIM_1_PM.o
arm-none-eabi-gcc.exe -mcpu=cortex-m0 -mthumb -I. -IGenerated_Source\PSoC4 -Wa,-alh=.\CortexM0\ARM_GCC_493\Debug/SPIM_1_INT.lst -g -D DEBUG -Wall -ffunction-sections -O0 -ffat-lto-objects -c Generated_Source\PSoC4\SPIM_1_INT.c -o .\CortexM0\ARM_GCC_493\Debug\SPIM_1_INT.o
arm-none-eabi-gcc.exe -mcpu=cortex-m0 -mthumb -I. -IGenerated_Source\PSoC4 -Wa,-alh=.\CortexM0\ARM_GCC_493\Debug/MISO.lst -g -D DEBUG -Wall -ffunction-sections -O0 -ffat-lto-objects -c Generated_Source\PSoC4\MISO.c -o .\CortexM0\ARM_GCC_493\Debug\MISO.o
arm-none-eabi-gcc.exe -mcpu=cortex-m0 -mthumb -I. -IGenerated_Source\PSoC4 -Wa,-alh=.\CortexM0\ARM_GCC_493\Debug/MISO_PM.lst -g -D DEBUG -Wall -ffunction-sections -O0 -ffat-lto-objects -c Generated_Source\PSoC4\MISO_PM.c -o .\CortexM0\ARM_GCC_493\Debug\MISO_PM.o
arm-none-eabi-gcc.exe -mcpu=cortex-m0 -mthumb -I. -IGenerated_Source\PSoC4 -Wa,-alh=.\CortexM0\ARM_GCC_493\Debug/SCLK.lst -g -D DEBUG -Wall -ffunction-sections -O0 -ffat-lto-objects -c Generated_Source\PSoC4\SCLK.c -o .\CortexM0\ARM_GCC_493\Debug\SCLK.o
arm-none-eabi-gcc.exe -mcpu=cortex-m0 -mthumb -I. -IGenerated_Source\PSoC4 -Wa,-alh=.\CortexM0\ARM_GCC_493\Debug/SCLK_PM.lst -g -D DEBUG -Wall -ffunction-sections -O0 -ffat-lto-objects -c Generated_Source\PSoC4\SCLK_PM.c -o .\CortexM0\ARM_GCC_493\Debug\SCLK_PM.o
arm-none-eabi-gcc.exe -mcpu=cortex-m0 -mthumb -I. -IGenerated_Source\PSoC4 -Wa,-alh=.\CortexM0\ARM_GCC_493\Debug/MOSI.lst -g -D DEBUG -Wall -ffunction-sections -O0 -ffat-lto-objects -c Generated_Source\PSoC4\MOSI.c -o .\CortexM0\ARM_GCC_493\Debug\MOSI.o
arm-none-eabi-gcc.exe -mcpu=cortex-m0 -mthumb -I. -IGenerated_Source\PSoC4 -Wa,-alh=.\CortexM0\ARM_GCC_493\Debug/MOSI_PM.lst -g -D DEBUG -Wall -ffunction-sections -O0 -ffat-lto-objects -c Generated_Source\PSoC4\MOSI_PM.c -o .\CortexM0\ARM_GCC_493\Debug\MOSI_PM.o
arm-none-eabi-gcc.exe -mcpu=cortex-m0 -mthumb -I. -IGenerated_Source\PSoC4 -Wa,-alh=.\CortexM0\ARM_GCC_493\Debug/SS.lst -g -D DEBUG -Wall -ffunction-sections -O0 -ffat-lto-objects -c Generated_Source\PSoC4\SS.c -o .\CortexM0\ARM_GCC_493\Debug\SS.o
arm-none-eabi-gcc.exe -mcpu=cortex-m0 -mthumb -I. -IGenerated_Source\PSoC4 -Wa,-alh=.\CortexM0\ARM_GCC_493\Debug/SS_PM.lst -g -D DEBUG -Wall -ffunction-sections -O0 -ffat-lto-objects -c Generated_Source\PSoC4\SS_PM.c -o .\CortexM0\ARM_GCC_493\Debug\SS_PM.o
arm-none-eabi-gcc.exe -mcpu=cortex-m0 -mthumb -I. -IGenerated_Source\PSoC4 -Wa,-alh=.\CortexM0\ARM_GCC_493\Debug/SPIM_1_IntClock.lst -g -D DEBUG -Wall -ffunction-sections -O0 -ffat-lto-objects -c Generated_Source\PSoC4\SPIM_1_IntClock.c -o .\CortexM0\ARM_GCC_493\Debug\SPIM_1_IntClock.o
arm-none-eabi-gcc.exe -mcpu=cortex-m0 -mthumb -I. -IGenerated_Source\PSoC4 -Wa,-alh=.\CortexM0\ARM_GCC_493\Debug/Pin_1.lst -g -D DEBUG -Wall -ffunction-sections -O0 -ffat-lto-objects -c Generated_Source\PSoC4\Pin_1.c -o .\CortexM0\ARM_GCC_493\Debug\Pin_1.o
arm-none-eabi-gcc.exe -mcpu=cortex-m0 -mthumb -I. -IGenerated_Source\PSoC4 -Wa,-alh=.\CortexM0\ARM_GCC_493\Debug/Pin_1_PM.lst -g -D DEBUG -Wall -ffunction-sections -O0 -ffat-lto-objects -c Generated_Source\PSoC4\Pin_1_PM.c -o .\CortexM0\ARM_GCC_493\Debug\Pin_1_PM.o
arm-none-eabi-gcc.exe -mcpu=cortex-m0 -mthumb -I. -IGenerated_Source\PSoC4 -Wa,-alh=.\CortexM0\ARM_GCC_493\Debug/Pin_2.lst -g -D DEBUG -Wall -ffunction-sections -O0 -ffat-lto-objects -c Generated_Source\PSoC4\Pin_2.c -o .\CortexM0\ARM_GCC_493\Debug\Pin_2.o
arm-none-eabi-gcc.exe -mcpu=cortex-m0 -mthumb -I. -IGenerated_Source\PSoC4 -Wa,-alh=.\CortexM0\ARM_GCC_493\Debug/Pin_2_PM.lst -g -D DEBUG -Wall -ffunction-sections -O0 -ffat-lto-objects -c Generated_Source\PSoC4\Pin_2_PM.c -o .\CortexM0\ARM_GCC_493\Debug\Pin_2_PM.o
arm-none-eabi-gcc.exe -mcpu=cortex-m0 -mthumb -I. -IGenerated_Source\PSoC4 -Wa,-alh=.\CortexM0\ARM_GCC_493\Debug/Pin_3.lst -g -D DEBUG -Wall -ffunction-sections -O0 -ffat-lto-objects -c Generated_Source\PSoC4\Pin_3.c -o .\CortexM0\ARM_GCC_493\Debug\Pin_3.o
arm-none-eabi-gcc.exe -mcpu=cortex-m0 -mthumb -I. -IGenerated_Source\PSoC4 -Wa,-alh=.\CortexM0\ARM_GCC_493\Debug/Pin_3_PM.lst -g -D DEBUG -Wall -ffunction-sections -O0 -ffat-lto-objects -c Generated_Source\PSoC4\Pin_3_PM.c -o .\CortexM0\ARM_GCC_493\Debug\Pin_3_PM.o
arm-none-eabi-gcc.exe -mcpu=cortex-m0 -mthumb -I. -IGenerated_Source\PSoC4 -Wa,-alh=.\CortexM0\ARM_GCC_493\Debug/Pin_4.lst -g -D DEBUG -Wall -ffunction-sections -O0 -ffat-lto-objects -c Generated_Source\PSoC4\Pin_4.c -o .\CortexM0\ARM_GCC_493\Debug\Pin_4.o
arm-none-eabi-gcc.exe -mcpu=cortex-m0 -mthumb -I. -IGenerated_Source\PSoC4 -Wa,-alh=.\CortexM0\ARM_GCC_493\Debug/Pin_4_PM.lst -g -D DEBUG -Wall -ffunction-sections -O0 -ffat-lto-objects -c Generated_Source\PSoC4\Pin_4_PM.c -o .\CortexM0\ARM_GCC_493\Debug\Pin_4_PM.o
arm-none-eabi-gcc.exe -mcpu=cortex-m0 -mthumb -I. -IGenerated_Source\PSoC4 -Wa,-alh=.\CortexM0\ARM_GCC_493\Debug/Pin_5.lst -g -D DEBUG -Wall -ffunction-sections -O0 -ffat-lto-objects -c Generated_Source\PSoC4\Pin_5.c -o .\CortexM0\ARM_GCC_493\Debug\Pin_5.o
arm-none-eabi-gcc.exe -mcpu=cortex-m0 -mthumb -I. -IGenerated_Source\PSoC4 -Wa,-alh=.\CortexM0\ARM_GCC_493\Debug/Pin_5_PM.lst -g -D DEBUG -Wall -ffunction-sections -O0 -ffat-lto-objects -c Generated_Source\PSoC4\Pin_5_PM.c -o .\CortexM0\ARM_GCC_493\Debug\Pin_5_PM.o
arm-none-eabi-as.exe -mcpu=cortex-m0 -mthumb -I. -IGenerated_Source\PSoC4 -alh=.\CortexM0\ARM_GCC_493\Debug/CyBootAsmGnu.lst -g -W -o .\CortexM0\ARM_GCC_493\Debug\CyBootAsmGnu.o Generated_Source\PSoC4\CyBootAsmGnu.s
arm-none-eabi-ar.exe -rs ".\CortexM0\ARM_GCC_493\Debug\Sunrise Clock.a" .\CortexM0\ARM_GCC_493\Debug\cyfitter_cfg.o .\CortexM0\ARM_GCC_493\Debug\Bootloadable_1.o .\CortexM0\ARM_GCC_493\Debug\CyFlash.o .\CortexM0\ARM_GCC_493\Debug\CyLib.o .\CortexM0\ARM_GCC_493\Debug\cyPm.o .\CortexM0\ARM_GCC_493\Debug\cyutils.o .\CortexM0\ARM_GCC_493\Debug\I2C.o .\CortexM0\ARM_GCC_493\Debug\I2C_I2C_INT.o .\CortexM0\ARM_GCC_493\Debug\I2C_I2C.o .\CortexM0\ARM_GCC_493\Debug\I2C_I2C_BOOT.o .\CortexM0\ARM_GCC_493\Debug\I2C_I2C_MASTER.o .\CortexM0\ARM_GCC_493\Debug\I2C_PM.o .\CortexM0\ARM_GCC_493\Debug\I2C_BOOT.o .\CortexM0\ARM_GCC_493\Debug\I2C_SCBCLK.o .\CortexM0\ARM_GCC_493\Debug\I2C_sda.o .\CortexM0\ARM_GCC_493\Debug\I2C_sda_PM.o .\CortexM0\ARM_GCC_493\Debug\I2C_scl.o .\CortexM0\ARM_GCC_493\Debug\I2C_scl_PM.o .\CortexM0\ARM_GCC_493\Debug\I2C_SCB_IRQ.o .\CortexM0\ARM_GCC_493\Debug\UART_1.o .\CortexM0\ARM_GCC_493\Debug\UART_1_SPI_UART.o .\CortexM0\ARM_GCC_493\Debug\UART_1_SPI_UART_INT.o .\CortexM0\ARM_GCC_493\Debug\UART_1_PM.o .\CortexM0\ARM_GCC_493\Debug\UART_1_UART.o .\CortexM0\ARM_GCC_493\Debug\UART_1_BOOT.o .\CortexM0\ARM_GCC_493\Debug\UART_1_UART_BOOT.o .\CortexM0\ARM_GCC_493\Debug\UART_1_SCBCLK.o .\CortexM0\ARM_GCC_493\Debug\UART_1_tx.o .\CortexM0\ARM_GCC_493\Debug\UART_1_tx_PM.o .\CortexM0\ARM_GCC_493\Debug\UART_1_rx.o .\CortexM0\ARM_GCC_493\Debug\UART_1_rx_PM.o .\CortexM0\ARM_GCC_493\Debug\CyLFClk.o .\CortexM0\ARM_GCC_493\Debug\SPIM_1.o .\CortexM0\ARM_GCC_493\Debug\SPIM_1_PM.o .\CortexM0\ARM_GCC_493\Debug\SPIM_1_INT.o .\CortexM0\ARM_GCC_493\Debug\MISO.o .\CortexM0\ARM_GCC_493\Debug\MISO_PM.o .\CortexM0\ARM_GCC_493\Debug\SCLK.o .\CortexM0\ARM_GCC_493\Debug\SCLK_PM.o .\CortexM0\ARM_GCC_493\Debug\MOSI.o .\CortexM0\ARM_GCC_493\Debug\MOSI_PM.o .\CortexM0\ARM_GCC_493\Debug\SS.o .\CortexM0\ARM_GCC_493\Debug\SS_PM.o .\CortexM0\ARM_GCC_493\Debug\SPIM_1_IntClock.o .\CortexM0\ARM_GCC_493\Debug\Pin_1.o .\CortexM0\ARM_GCC_493\Debug\Pin_1_PM.o .\CortexM0\ARM_GCC_493\Debug\Pin_2.o .\CortexM0\ARM_GCC_493\Debug\Pin_2_PM.o .\CortexM0\ARM_GCC_493\Debug\Pin_3.o .\CortexM0\ARM_GCC_493\Debug\Pin_3_PM.o .\CortexM0\ARM_GCC_493\Debug\Pin_4.o .\CortexM0\ARM_GCC_493\Debug\Pin_4_PM.o .\CortexM0\ARM_GCC_493\Debug\Pin_5.o .\CortexM0\ARM_GCC_493\Debug\Pin_5_PM.o .\CortexM0\ARM_GCC_493\Debug\CyBootAsmGnu.o
arm-none-eabi-ar.exe: creating .\CortexM0\ARM_GCC_493\Debug\Sunrise Clock.a
arm-none-eabi-gcc.exe -Wl,--start-group -o ".\CortexM0\ARM_GCC_493\Debug\Sunrise Clock.elf" .\CortexM0\ARM_GCC_493\Debug\main.o .\CortexM0\ARM_GCC_493\Debug\i2cClock.o .\CortexM0\ARM_GCC_493\Debug\RTC.o .\CortexM0\ARM_GCC_493\Debug\TimeFunctions.o .\CortexM0\ARM_GCC_493\Debug\SerialPrint.o .\CortexM0\ARM_GCC_493\Debug\cybootloader.o .\CortexM0\ARM_GCC_493\Debug\cymetadata.o .\CortexM0\ARM_GCC_493\Debug\Cm0Start.o ".\CortexM0\ARM_GCC_493\Debug\Sunrise Clock.a" "C:\Program Files (x86)\Cypress\PSoC Creator\4.0\PSoC Creator\psoc\content\cycomponentlibrary\CyComponentLibrary.cylib\CortexM0\ARM_GCC_493\Debug\CyComponentLibrary.a" -mcpu=cortex-m0 -mthumb -g -ffunction-sections -O0 -ffat-lto-objects -L Generated_Source\PSoC4 "-Wl,-Map,.\CortexM0\ARM_GCC_493\Debug/Sunrise Clock.map" -T "C:\Users\Joseph\Documents\CY8CKIT-049-42xx\1.0\Firmware\SCB_Bootloader\Sunrise Clock.cydsn\Generated_Source\PSoC4\cm0gcc.ld" -specs=nano.specs -Wl,--gc-sections -Wl,--end-group
cyelftool.exe -B "C:\Users\Joseph\Documents\CY8CKIT-049-42xx\1.0\Firmware\SCB_Bootloader\Sunrise Clock.cydsn\CortexM0\ARM_GCC_493\Debug\Sunrise Clock.elf" --flash_row_size 128 --flash_size 32768 --flash_array_size 32768
cyelftool.exe -S "C:\Users\Joseph\Documents\CY8CKIT-049-42xx\1.0\Firmware\SCB_Bootloader\Sunrise Clock.cydsn\CortexM0\ARM_GCC_493\Debug\Sunrise Clock.elf"
Flash used: 17054 of 32768 bytes (52.0 %). Bootloader: 5120 bytes. Application: 11806 bytes. Metadata: 128 bytes.
SRAM used: 1576 of 4096 bytes (38.5 %). Stack: 1024 bytes. Heap: 128 bytes.
--------------- Build Succeeded: 08/08/2017 23:08:03 ---------------
