ARM GAS  C:\Users\Joseph\AppData\Local\Temp\ccO612A5.s 			page 1


   1              		.cpu cortex-m0
   2              		.fpu softvfp
   3              		.eabi_attribute 20, 1
   4              		.eabi_attribute 21, 1
   5              		.eabi_attribute 23, 3
   6              		.eabi_attribute 24, 1
   7              		.eabi_attribute 25, 1
   8              		.eabi_attribute 26, 1
   9              		.eabi_attribute 30, 6
  10              		.eabi_attribute 34, 0
  11              		.eabi_attribute 18, 4
  12              		.code	16
  13              		.file	"CalibrateInterrupt.c"
  14              		.text
  15              	.Ltext0:
  16              		.cfi_sections	.debug_frame
  17              		.section	.text.CalibrateInterrupt_SetDriveMode,"ax",%progbits
  18              		.align	2
  19              		.global	CalibrateInterrupt_SetDriveMode
  20              		.code	16
  21              		.thumb_func
  22              		.type	CalibrateInterrupt_SetDriveMode, %function
  23              	CalibrateInterrupt_SetDriveMode:
  24              	.LFB0:
  25              		.file 1 "Generated_Source\\PSoC4\\CalibrateInterrupt.c"
   1:Generated_Source\PSoC4/CalibrateInterrupt.c **** /*******************************************************************************
   2:Generated_Source\PSoC4/CalibrateInterrupt.c **** * File Name: CalibrateInterrupt.c  
   3:Generated_Source\PSoC4/CalibrateInterrupt.c **** * Version 2.20
   4:Generated_Source\PSoC4/CalibrateInterrupt.c **** *
   5:Generated_Source\PSoC4/CalibrateInterrupt.c **** * Description:
   6:Generated_Source\PSoC4/CalibrateInterrupt.c **** *  This file contains API to enable firmware control of a Pins component.
   7:Generated_Source\PSoC4/CalibrateInterrupt.c **** *
   8:Generated_Source\PSoC4/CalibrateInterrupt.c **** ********************************************************************************
   9:Generated_Source\PSoC4/CalibrateInterrupt.c **** * Copyright 2008-2015, Cypress Semiconductor Corporation.  All rights reserved.
  10:Generated_Source\PSoC4/CalibrateInterrupt.c **** * You may use this file only in accordance with the license, terms, conditions, 
  11:Generated_Source\PSoC4/CalibrateInterrupt.c **** * disclaimers, and limitations in the end user license agreement accompanying 
  12:Generated_Source\PSoC4/CalibrateInterrupt.c **** * the software package with which this file was provided.
  13:Generated_Source\PSoC4/CalibrateInterrupt.c **** *******************************************************************************/
  14:Generated_Source\PSoC4/CalibrateInterrupt.c **** 
  15:Generated_Source\PSoC4/CalibrateInterrupt.c **** #include "cytypes.h"
  16:Generated_Source\PSoC4/CalibrateInterrupt.c **** #include "CalibrateInterrupt.h"
  17:Generated_Source\PSoC4/CalibrateInterrupt.c **** 
  18:Generated_Source\PSoC4/CalibrateInterrupt.c **** 
  19:Generated_Source\PSoC4/CalibrateInterrupt.c **** #if defined(CalibrateInterrupt__PC)
  20:Generated_Source\PSoC4/CalibrateInterrupt.c ****     #define CalibrateInterrupt_SetP4PinDriveMode(shift, mode)  \
  21:Generated_Source\PSoC4/CalibrateInterrupt.c ****     do { \
  22:Generated_Source\PSoC4/CalibrateInterrupt.c ****         CalibrateInterrupt_PC =   (CalibrateInterrupt_PC & \
  23:Generated_Source\PSoC4/CalibrateInterrupt.c ****                                 (uint32)(~(uint32)(CalibrateInterrupt_DRIVE_MODE_IND_MASK << \
  24:Generated_Source\PSoC4/CalibrateInterrupt.c ****                                 (CalibrateInterrupt_DRIVE_MODE_BITS * (shift))))) | \
  25:Generated_Source\PSoC4/CalibrateInterrupt.c ****                                 (uint32)((uint32)(mode) << \
  26:Generated_Source\PSoC4/CalibrateInterrupt.c ****                                 (CalibrateInterrupt_DRIVE_MODE_BITS * (shift))); \
  27:Generated_Source\PSoC4/CalibrateInterrupt.c ****     } while (0)
  28:Generated_Source\PSoC4/CalibrateInterrupt.c **** #else
  29:Generated_Source\PSoC4/CalibrateInterrupt.c ****     #if (CY_PSOC4_4200L)
  30:Generated_Source\PSoC4/CalibrateInterrupt.c ****         #define CalibrateInterrupt_SetP4PinDriveMode(shift, mode)  \
  31:Generated_Source\PSoC4/CalibrateInterrupt.c ****         do { \
  32:Generated_Source\PSoC4/CalibrateInterrupt.c ****             CalibrateInterrupt_USBIO_CTRL_REG = (CalibrateInterrupt_USBIO_CTRL_REG & \
ARM GAS  C:\Users\Joseph\AppData\Local\Temp\ccO612A5.s 			page 2


  33:Generated_Source\PSoC4/CalibrateInterrupt.c ****                                     (uint32)(~(uint32)(CalibrateInterrupt_DRIVE_MODE_IND_MASK << \
  34:Generated_Source\PSoC4/CalibrateInterrupt.c ****                                     (CalibrateInterrupt_DRIVE_MODE_BITS * (shift))))) | \
  35:Generated_Source\PSoC4/CalibrateInterrupt.c ****                                     (uint32)((uint32)(mode) << \
  36:Generated_Source\PSoC4/CalibrateInterrupt.c ****                                     (CalibrateInterrupt_DRIVE_MODE_BITS * (shift))); \
  37:Generated_Source\PSoC4/CalibrateInterrupt.c ****         } while (0)
  38:Generated_Source\PSoC4/CalibrateInterrupt.c ****     #endif
  39:Generated_Source\PSoC4/CalibrateInterrupt.c **** #endif
  40:Generated_Source\PSoC4/CalibrateInterrupt.c ****   
  41:Generated_Source\PSoC4/CalibrateInterrupt.c **** 
  42:Generated_Source\PSoC4/CalibrateInterrupt.c **** #if defined(CalibrateInterrupt__PC) || (CY_PSOC4_4200L) 
  43:Generated_Source\PSoC4/CalibrateInterrupt.c ****     /*******************************************************************************
  44:Generated_Source\PSoC4/CalibrateInterrupt.c ****     * Function Name: CalibrateInterrupt_SetDriveMode
  45:Generated_Source\PSoC4/CalibrateInterrupt.c ****     ****************************************************************************//**
  46:Generated_Source\PSoC4/CalibrateInterrupt.c ****     *
  47:Generated_Source\PSoC4/CalibrateInterrupt.c ****     * \brief Sets the drive mode for each of the Pins component's pins.
  48:Generated_Source\PSoC4/CalibrateInterrupt.c ****     * 
  49:Generated_Source\PSoC4/CalibrateInterrupt.c ****     * <b>Note</b> This affects all pins in the Pins component instance. Use the
  50:Generated_Source\PSoC4/CalibrateInterrupt.c ****     * Per-Pin APIs if you wish to control individual pin's drive modes.
  51:Generated_Source\PSoC4/CalibrateInterrupt.c ****     *
  52:Generated_Source\PSoC4/CalibrateInterrupt.c ****     * <b>Note</b> USBIOs have limited drive functionality. Refer to the Drive Mode
  53:Generated_Source\PSoC4/CalibrateInterrupt.c ****     * parameter for more information.
  54:Generated_Source\PSoC4/CalibrateInterrupt.c ****     *
  55:Generated_Source\PSoC4/CalibrateInterrupt.c ****     * \param mode
  56:Generated_Source\PSoC4/CalibrateInterrupt.c ****     *  Mode for the selected signals. Valid options are documented in 
  57:Generated_Source\PSoC4/CalibrateInterrupt.c ****     *  \ref driveMode.
  58:Generated_Source\PSoC4/CalibrateInterrupt.c ****     *
  59:Generated_Source\PSoC4/CalibrateInterrupt.c ****     * \return
  60:Generated_Source\PSoC4/CalibrateInterrupt.c ****     *  None
  61:Generated_Source\PSoC4/CalibrateInterrupt.c ****     *
  62:Generated_Source\PSoC4/CalibrateInterrupt.c ****     * \sideeffect
  63:Generated_Source\PSoC4/CalibrateInterrupt.c ****     *  If you use read-modify-write operations that are not atomic, the ISR can
  64:Generated_Source\PSoC4/CalibrateInterrupt.c ****     *  cause corruption of this function. An ISR that interrupts this function 
  65:Generated_Source\PSoC4/CalibrateInterrupt.c ****     *  and performs writes to the Pins component Drive Mode registers can cause 
  66:Generated_Source\PSoC4/CalibrateInterrupt.c ****     *  corrupted port data. To avoid this issue, you should either use the Per-Pin
  67:Generated_Source\PSoC4/CalibrateInterrupt.c ****     *  APIs (primary method) or disable interrupts around this function.
  68:Generated_Source\PSoC4/CalibrateInterrupt.c ****     *
  69:Generated_Source\PSoC4/CalibrateInterrupt.c ****     * \funcusage
  70:Generated_Source\PSoC4/CalibrateInterrupt.c ****     *  \snippet CalibrateInterrupt_SUT.c usage_CalibrateInterrupt_SetDriveMode
  71:Generated_Source\PSoC4/CalibrateInterrupt.c ****     *******************************************************************************/
  72:Generated_Source\PSoC4/CalibrateInterrupt.c ****     void CalibrateInterrupt_SetDriveMode(uint8 mode)
  73:Generated_Source\PSoC4/CalibrateInterrupt.c ****     {
  26              		.loc 1 73 0
  27              		.cfi_startproc
  28 0000 80B5     		push	{r7, lr}
  29              		.cfi_def_cfa_offset 8
  30              		.cfi_offset 7, -8
  31              		.cfi_offset 14, -4
  32 0002 82B0     		sub	sp, sp, #8
  33              		.cfi_def_cfa_offset 16
  34 0004 00AF     		add	r7, sp, #0
  35              		.cfi_def_cfa_register 7
  36 0006 021C     		mov	r2, r0
  37 0008 FB1D     		add	r3, r7, #7
  38 000a 1A70     		strb	r2, [r3]
  74:Generated_Source\PSoC4/CalibrateInterrupt.c **** 		CalibrateInterrupt_SetP4PinDriveMode(CalibrateInterrupt__0__SHIFT, mode);
  39              		.loc 1 74 0
  40 000c 064B     		ldr	r3, .L2
ARM GAS  C:\Users\Joseph\AppData\Local\Temp\ccO612A5.s 			page 3


  41 000e 064A     		ldr	r2, .L2
  42 0010 1268     		ldr	r2, [r2]
  43 0012 0721     		mov	r1, #7
  44 0014 8A43     		bic	r2, r1
  45 0016 111C     		mov	r1, r2
  46 0018 FA1D     		add	r2, r7, #7
  47 001a 1278     		ldrb	r2, [r2]
  48 001c 0A43     		orr	r2, r1
  49 001e 1A60     		str	r2, [r3]
  75:Generated_Source\PSoC4/CalibrateInterrupt.c ****     }
  50              		.loc 1 75 0
  51 0020 BD46     		mov	sp, r7
  52 0022 02B0     		add	sp, sp, #8
  53              		@ sp needed
  54 0024 80BD     		pop	{r7, pc}
  55              	.L3:
  56 0026 C046     		.align	2
  57              	.L2:
  58 0028 08000440 		.word	1074003976
  59              		.cfi_endproc
  60              	.LFE0:
  61              		.size	CalibrateInterrupt_SetDriveMode, .-CalibrateInterrupt_SetDriveMode
  62              		.section	.text.CalibrateInterrupt_Write,"ax",%progbits
  63              		.align	2
  64              		.global	CalibrateInterrupt_Write
  65              		.code	16
  66              		.thumb_func
  67              		.type	CalibrateInterrupt_Write, %function
  68              	CalibrateInterrupt_Write:
  69              	.LFB1:
  76:Generated_Source\PSoC4/CalibrateInterrupt.c **** #endif
  77:Generated_Source\PSoC4/CalibrateInterrupt.c **** 
  78:Generated_Source\PSoC4/CalibrateInterrupt.c **** 
  79:Generated_Source\PSoC4/CalibrateInterrupt.c **** /*******************************************************************************
  80:Generated_Source\PSoC4/CalibrateInterrupt.c **** * Function Name: CalibrateInterrupt_Write
  81:Generated_Source\PSoC4/CalibrateInterrupt.c **** ****************************************************************************//**
  82:Generated_Source\PSoC4/CalibrateInterrupt.c **** *
  83:Generated_Source\PSoC4/CalibrateInterrupt.c **** * \brief Writes the value to the physical port (data output register), masking
  84:Generated_Source\PSoC4/CalibrateInterrupt.c **** *  and shifting the bits appropriately. 
  85:Generated_Source\PSoC4/CalibrateInterrupt.c **** *
  86:Generated_Source\PSoC4/CalibrateInterrupt.c **** * The data output register controls the signal applied to the physical pin in 
  87:Generated_Source\PSoC4/CalibrateInterrupt.c **** * conjunction with the drive mode parameter. This function avoids changing 
  88:Generated_Source\PSoC4/CalibrateInterrupt.c **** * other bits in the port by using the appropriate method (read-modify-write or
  89:Generated_Source\PSoC4/CalibrateInterrupt.c **** * bit banding).
  90:Generated_Source\PSoC4/CalibrateInterrupt.c **** *
  91:Generated_Source\PSoC4/CalibrateInterrupt.c **** * <b>Note</b> This function should not be used on a hardware digital output pin 
  92:Generated_Source\PSoC4/CalibrateInterrupt.c **** * as it is driven by the hardware signal attached to it.
  93:Generated_Source\PSoC4/CalibrateInterrupt.c **** *
  94:Generated_Source\PSoC4/CalibrateInterrupt.c **** * \param value
  95:Generated_Source\PSoC4/CalibrateInterrupt.c **** *  Value to write to the component instance.
  96:Generated_Source\PSoC4/CalibrateInterrupt.c **** *
  97:Generated_Source\PSoC4/CalibrateInterrupt.c **** * \return 
  98:Generated_Source\PSoC4/CalibrateInterrupt.c **** *  None 
  99:Generated_Source\PSoC4/CalibrateInterrupt.c **** *
 100:Generated_Source\PSoC4/CalibrateInterrupt.c **** * \sideeffect
 101:Generated_Source\PSoC4/CalibrateInterrupt.c **** *  If you use read-modify-write operations that are not atomic; the Interrupt 
 102:Generated_Source\PSoC4/CalibrateInterrupt.c **** *  Service Routines (ISR) can cause corruption of this function. An ISR that 
ARM GAS  C:\Users\Joseph\AppData\Local\Temp\ccO612A5.s 			page 4


 103:Generated_Source\PSoC4/CalibrateInterrupt.c **** *  interrupts this function and performs writes to the Pins component data 
 104:Generated_Source\PSoC4/CalibrateInterrupt.c **** *  register can cause corrupted port data. To avoid this issue, you should 
 105:Generated_Source\PSoC4/CalibrateInterrupt.c **** *  either use the Per-Pin APIs (primary method) or disable interrupts around 
 106:Generated_Source\PSoC4/CalibrateInterrupt.c **** *  this function.
 107:Generated_Source\PSoC4/CalibrateInterrupt.c **** *
 108:Generated_Source\PSoC4/CalibrateInterrupt.c **** * \funcusage
 109:Generated_Source\PSoC4/CalibrateInterrupt.c **** *  \snippet CalibrateInterrupt_SUT.c usage_CalibrateInterrupt_Write
 110:Generated_Source\PSoC4/CalibrateInterrupt.c **** *******************************************************************************/
 111:Generated_Source\PSoC4/CalibrateInterrupt.c **** void CalibrateInterrupt_Write(uint8 value)
 112:Generated_Source\PSoC4/CalibrateInterrupt.c **** {
  70              		.loc 1 112 0
  71              		.cfi_startproc
  72 0000 80B5     		push	{r7, lr}
  73              		.cfi_def_cfa_offset 8
  74              		.cfi_offset 7, -8
  75              		.cfi_offset 14, -4
  76 0002 84B0     		sub	sp, sp, #16
  77              		.cfi_def_cfa_offset 24
  78 0004 00AF     		add	r7, sp, #0
  79              		.cfi_def_cfa_register 7
  80 0006 021C     		mov	r2, r0
  81 0008 FB1D     		add	r3, r7, #7
  82 000a 1A70     		strb	r2, [r3]
 113:Generated_Source\PSoC4/CalibrateInterrupt.c ****     uint8 drVal = (uint8)(CalibrateInterrupt_DR & (uint8)(~CalibrateInterrupt_MASK));
  83              		.loc 1 113 0
  84 000c 0D4B     		ldr	r3, .L5
  85 000e 1B68     		ldr	r3, [r3]
  86 0010 DAB2     		uxtb	r2, r3
  87 0012 0F23     		mov	r3, #15
  88 0014 FB18     		add	r3, r7, r3
  89 0016 0121     		mov	r1, #1
  90 0018 8A43     		bic	r2, r1
  91 001a 1A70     		strb	r2, [r3]
 114:Generated_Source\PSoC4/CalibrateInterrupt.c ****     drVal = (drVal | ((uint8)(value << CalibrateInterrupt_SHIFT) & CalibrateInterrupt_MASK));
  92              		.loc 1 114 0
  93 001c FB1D     		add	r3, r7, #7
  94 001e 1B78     		ldrb	r3, [r3]
  95 0020 0122     		mov	r2, #1
  96 0022 1340     		and	r3, r2
  97 0024 D9B2     		uxtb	r1, r3
  98 0026 0F23     		mov	r3, #15
  99 0028 FB18     		add	r3, r7, r3
 100 002a 0F22     		mov	r2, #15
 101 002c BA18     		add	r2, r7, r2
 102 002e 1278     		ldrb	r2, [r2]
 103 0030 0A43     		orr	r2, r1
 104 0032 1A70     		strb	r2, [r3]
 115:Generated_Source\PSoC4/CalibrateInterrupt.c ****     CalibrateInterrupt_DR = (uint32)drVal;
 105              		.loc 1 115 0
 106 0034 034B     		ldr	r3, .L5
 107 0036 0F22     		mov	r2, #15
 108 0038 BA18     		add	r2, r7, r2
 109 003a 1278     		ldrb	r2, [r2]
 110 003c 1A60     		str	r2, [r3]
 116:Generated_Source\PSoC4/CalibrateInterrupt.c **** }
 111              		.loc 1 116 0
 112 003e BD46     		mov	sp, r7
ARM GAS  C:\Users\Joseph\AppData\Local\Temp\ccO612A5.s 			page 5


 113 0040 04B0     		add	sp, sp, #16
 114              		@ sp needed
 115 0042 80BD     		pop	{r7, pc}
 116              	.L6:
 117              		.align	2
 118              	.L5:
 119 0044 00000440 		.word	1074003968
 120              		.cfi_endproc
 121              	.LFE1:
 122              		.size	CalibrateInterrupt_Write, .-CalibrateInterrupt_Write
 123              		.section	.text.CalibrateInterrupt_Read,"ax",%progbits
 124              		.align	2
 125              		.global	CalibrateInterrupt_Read
 126              		.code	16
 127              		.thumb_func
 128              		.type	CalibrateInterrupt_Read, %function
 129              	CalibrateInterrupt_Read:
 130              	.LFB2:
 117:Generated_Source\PSoC4/CalibrateInterrupt.c **** 
 118:Generated_Source\PSoC4/CalibrateInterrupt.c **** 
 119:Generated_Source\PSoC4/CalibrateInterrupt.c **** /*******************************************************************************
 120:Generated_Source\PSoC4/CalibrateInterrupt.c **** * Function Name: CalibrateInterrupt_Read
 121:Generated_Source\PSoC4/CalibrateInterrupt.c **** ****************************************************************************//**
 122:Generated_Source\PSoC4/CalibrateInterrupt.c **** *
 123:Generated_Source\PSoC4/CalibrateInterrupt.c **** * \brief Reads the associated physical port (pin status register) and masks 
 124:Generated_Source\PSoC4/CalibrateInterrupt.c **** *  the required bits according to the width and bit position of the component
 125:Generated_Source\PSoC4/CalibrateInterrupt.c **** *  instance. 
 126:Generated_Source\PSoC4/CalibrateInterrupt.c **** *
 127:Generated_Source\PSoC4/CalibrateInterrupt.c **** * The pin's status register returns the current logic level present on the 
 128:Generated_Source\PSoC4/CalibrateInterrupt.c **** * physical pin.
 129:Generated_Source\PSoC4/CalibrateInterrupt.c **** *
 130:Generated_Source\PSoC4/CalibrateInterrupt.c **** * \return 
 131:Generated_Source\PSoC4/CalibrateInterrupt.c **** *  The current value for the pins in the component as a right justified number.
 132:Generated_Source\PSoC4/CalibrateInterrupt.c **** *
 133:Generated_Source\PSoC4/CalibrateInterrupt.c **** * \funcusage
 134:Generated_Source\PSoC4/CalibrateInterrupt.c **** *  \snippet CalibrateInterrupt_SUT.c usage_CalibrateInterrupt_Read  
 135:Generated_Source\PSoC4/CalibrateInterrupt.c **** *******************************************************************************/
 136:Generated_Source\PSoC4/CalibrateInterrupt.c **** uint8 CalibrateInterrupt_Read(void)
 137:Generated_Source\PSoC4/CalibrateInterrupt.c **** {
 131              		.loc 1 137 0
 132              		.cfi_startproc
 133 0000 80B5     		push	{r7, lr}
 134              		.cfi_def_cfa_offset 8
 135              		.cfi_offset 7, -8
 136              		.cfi_offset 14, -4
 137 0002 00AF     		add	r7, sp, #0
 138              		.cfi_def_cfa_register 7
 138:Generated_Source\PSoC4/CalibrateInterrupt.c ****     return (uint8)((CalibrateInterrupt_PS & CalibrateInterrupt_MASK) >> CalibrateInterrupt_SHIFT);
 139              		.loc 1 138 0
 140 0004 044B     		ldr	r3, .L9
 141 0006 1B68     		ldr	r3, [r3]
 142 0008 DBB2     		uxtb	r3, r3
 143 000a 0122     		mov	r2, #1
 144 000c 1340     		and	r3, r2
 145 000e DBB2     		uxtb	r3, r3
 139:Generated_Source\PSoC4/CalibrateInterrupt.c **** }
 146              		.loc 1 139 0
ARM GAS  C:\Users\Joseph\AppData\Local\Temp\ccO612A5.s 			page 6


 147 0010 181C     		mov	r0, r3
 148 0012 BD46     		mov	sp, r7
 149              		@ sp needed
 150 0014 80BD     		pop	{r7, pc}
 151              	.L10:
 152 0016 C046     		.align	2
 153              	.L9:
 154 0018 04000440 		.word	1074003972
 155              		.cfi_endproc
 156              	.LFE2:
 157              		.size	CalibrateInterrupt_Read, .-CalibrateInterrupt_Read
 158              		.section	.text.CalibrateInterrupt_ReadDataReg,"ax",%progbits
 159              		.align	2
 160              		.global	CalibrateInterrupt_ReadDataReg
 161              		.code	16
 162              		.thumb_func
 163              		.type	CalibrateInterrupt_ReadDataReg, %function
 164              	CalibrateInterrupt_ReadDataReg:
 165              	.LFB3:
 140:Generated_Source\PSoC4/CalibrateInterrupt.c **** 
 141:Generated_Source\PSoC4/CalibrateInterrupt.c **** 
 142:Generated_Source\PSoC4/CalibrateInterrupt.c **** /*******************************************************************************
 143:Generated_Source\PSoC4/CalibrateInterrupt.c **** * Function Name: CalibrateInterrupt_ReadDataReg
 144:Generated_Source\PSoC4/CalibrateInterrupt.c **** ****************************************************************************//**
 145:Generated_Source\PSoC4/CalibrateInterrupt.c **** *
 146:Generated_Source\PSoC4/CalibrateInterrupt.c **** * \brief Reads the associated physical port's data output register and masks 
 147:Generated_Source\PSoC4/CalibrateInterrupt.c **** *  the correct bits according to the width and bit position of the component 
 148:Generated_Source\PSoC4/CalibrateInterrupt.c **** *  instance. 
 149:Generated_Source\PSoC4/CalibrateInterrupt.c **** *
 150:Generated_Source\PSoC4/CalibrateInterrupt.c **** * The data output register controls the signal applied to the physical pin in 
 151:Generated_Source\PSoC4/CalibrateInterrupt.c **** * conjunction with the drive mode parameter. This is not the same as the 
 152:Generated_Source\PSoC4/CalibrateInterrupt.c **** * preferred CalibrateInterrupt_Read() API because the 
 153:Generated_Source\PSoC4/CalibrateInterrupt.c **** * CalibrateInterrupt_ReadDataReg() reads the data register instead of the status 
 154:Generated_Source\PSoC4/CalibrateInterrupt.c **** * register. For output pins this is a useful function to determine the value 
 155:Generated_Source\PSoC4/CalibrateInterrupt.c **** * just written to the pin.
 156:Generated_Source\PSoC4/CalibrateInterrupt.c **** *
 157:Generated_Source\PSoC4/CalibrateInterrupt.c **** * \return 
 158:Generated_Source\PSoC4/CalibrateInterrupt.c **** *  The current value of the data register masked and shifted into a right 
 159:Generated_Source\PSoC4/CalibrateInterrupt.c **** *  justified number for the component instance.
 160:Generated_Source\PSoC4/CalibrateInterrupt.c **** *
 161:Generated_Source\PSoC4/CalibrateInterrupt.c **** * \funcusage
 162:Generated_Source\PSoC4/CalibrateInterrupt.c **** *  \snippet CalibrateInterrupt_SUT.c usage_CalibrateInterrupt_ReadDataReg 
 163:Generated_Source\PSoC4/CalibrateInterrupt.c **** *******************************************************************************/
 164:Generated_Source\PSoC4/CalibrateInterrupt.c **** uint8 CalibrateInterrupt_ReadDataReg(void)
 165:Generated_Source\PSoC4/CalibrateInterrupt.c **** {
 166              		.loc 1 165 0
 167              		.cfi_startproc
 168 0000 80B5     		push	{r7, lr}
 169              		.cfi_def_cfa_offset 8
 170              		.cfi_offset 7, -8
 171              		.cfi_offset 14, -4
 172 0002 00AF     		add	r7, sp, #0
 173              		.cfi_def_cfa_register 7
 166:Generated_Source\PSoC4/CalibrateInterrupt.c ****     return (uint8)((CalibrateInterrupt_DR & CalibrateInterrupt_MASK) >> CalibrateInterrupt_SHIFT);
 174              		.loc 1 166 0
 175 0004 044B     		ldr	r3, .L13
 176 0006 1B68     		ldr	r3, [r3]
ARM GAS  C:\Users\Joseph\AppData\Local\Temp\ccO612A5.s 			page 7


 177 0008 DBB2     		uxtb	r3, r3
 178 000a 0122     		mov	r2, #1
 179 000c 1340     		and	r3, r2
 180 000e DBB2     		uxtb	r3, r3
 167:Generated_Source\PSoC4/CalibrateInterrupt.c **** }
 181              		.loc 1 167 0
 182 0010 181C     		mov	r0, r3
 183 0012 BD46     		mov	sp, r7
 184              		@ sp needed
 185 0014 80BD     		pop	{r7, pc}
 186              	.L14:
 187 0016 C046     		.align	2
 188              	.L13:
 189 0018 00000440 		.word	1074003968
 190              		.cfi_endproc
 191              	.LFE3:
 192              		.size	CalibrateInterrupt_ReadDataReg, .-CalibrateInterrupt_ReadDataReg
 193              		.section	.text.CalibrateInterrupt_SetInterruptMode,"ax",%progbits
 194              		.align	2
 195              		.global	CalibrateInterrupt_SetInterruptMode
 196              		.code	16
 197              		.thumb_func
 198              		.type	CalibrateInterrupt_SetInterruptMode, %function
 199              	CalibrateInterrupt_SetInterruptMode:
 200              	.LFB4:
 168:Generated_Source\PSoC4/CalibrateInterrupt.c **** 
 169:Generated_Source\PSoC4/CalibrateInterrupt.c **** 
 170:Generated_Source\PSoC4/CalibrateInterrupt.c **** /*******************************************************************************
 171:Generated_Source\PSoC4/CalibrateInterrupt.c **** * Function Name: CalibrateInterrupt_SetInterruptMode
 172:Generated_Source\PSoC4/CalibrateInterrupt.c **** ****************************************************************************//**
 173:Generated_Source\PSoC4/CalibrateInterrupt.c **** *
 174:Generated_Source\PSoC4/CalibrateInterrupt.c **** * \brief Configures the interrupt mode for each of the Pins component's
 175:Generated_Source\PSoC4/CalibrateInterrupt.c **** *  pins. Alternatively you may set the interrupt mode for all the pins
 176:Generated_Source\PSoC4/CalibrateInterrupt.c **** *  specified in the Pins component.
 177:Generated_Source\PSoC4/CalibrateInterrupt.c **** *
 178:Generated_Source\PSoC4/CalibrateInterrupt.c **** *  <b>Note</b> The interrupt is port-wide and therefore any enabled pin
 179:Generated_Source\PSoC4/CalibrateInterrupt.c **** *  interrupt may trigger it.
 180:Generated_Source\PSoC4/CalibrateInterrupt.c **** *
 181:Generated_Source\PSoC4/CalibrateInterrupt.c **** * \param position
 182:Generated_Source\PSoC4/CalibrateInterrupt.c **** *  The pin position as listed in the Pins component. You may OR these to be 
 183:Generated_Source\PSoC4/CalibrateInterrupt.c **** *  able to configure the interrupt mode of multiple pins within a Pins 
 184:Generated_Source\PSoC4/CalibrateInterrupt.c **** *  component. Or you may use CalibrateInterrupt_INTR_ALL to configure the
 185:Generated_Source\PSoC4/CalibrateInterrupt.c **** *  interrupt mode of all the pins in the Pins component.       
 186:Generated_Source\PSoC4/CalibrateInterrupt.c **** *  - CalibrateInterrupt_0_INTR       (First pin in the list)
 187:Generated_Source\PSoC4/CalibrateInterrupt.c **** *  - CalibrateInterrupt_1_INTR       (Second pin in the list)
 188:Generated_Source\PSoC4/CalibrateInterrupt.c **** *  - ...
 189:Generated_Source\PSoC4/CalibrateInterrupt.c **** *  - CalibrateInterrupt_INTR_ALL     (All pins in Pins component)
 190:Generated_Source\PSoC4/CalibrateInterrupt.c **** *
 191:Generated_Source\PSoC4/CalibrateInterrupt.c **** * \param mode
 192:Generated_Source\PSoC4/CalibrateInterrupt.c **** *  Interrupt mode for the selected pins. Valid options are documented in
 193:Generated_Source\PSoC4/CalibrateInterrupt.c **** *  \ref intrMode.
 194:Generated_Source\PSoC4/CalibrateInterrupt.c **** *
 195:Generated_Source\PSoC4/CalibrateInterrupt.c **** * \return 
 196:Generated_Source\PSoC4/CalibrateInterrupt.c **** *  None
 197:Generated_Source\PSoC4/CalibrateInterrupt.c **** *  
 198:Generated_Source\PSoC4/CalibrateInterrupt.c **** * \sideeffect
 199:Generated_Source\PSoC4/CalibrateInterrupt.c **** *  It is recommended that the interrupt be disabled before calling this 
ARM GAS  C:\Users\Joseph\AppData\Local\Temp\ccO612A5.s 			page 8


 200:Generated_Source\PSoC4/CalibrateInterrupt.c **** *  function to avoid unintended interrupt requests. Note that the interrupt
 201:Generated_Source\PSoC4/CalibrateInterrupt.c **** *  type is port wide, and therefore will trigger for any enabled pin on the 
 202:Generated_Source\PSoC4/CalibrateInterrupt.c **** *  port.
 203:Generated_Source\PSoC4/CalibrateInterrupt.c **** *
 204:Generated_Source\PSoC4/CalibrateInterrupt.c **** * \funcusage
 205:Generated_Source\PSoC4/CalibrateInterrupt.c **** *  \snippet CalibrateInterrupt_SUT.c usage_CalibrateInterrupt_SetInterruptMode
 206:Generated_Source\PSoC4/CalibrateInterrupt.c **** *******************************************************************************/
 207:Generated_Source\PSoC4/CalibrateInterrupt.c **** void CalibrateInterrupt_SetInterruptMode(uint16 position, uint16 mode)
 208:Generated_Source\PSoC4/CalibrateInterrupt.c **** {
 201              		.loc 1 208 0
 202              		.cfi_startproc
 203 0000 80B5     		push	{r7, lr}
 204              		.cfi_def_cfa_offset 8
 205              		.cfi_offset 7, -8
 206              		.cfi_offset 14, -4
 207 0002 84B0     		sub	sp, sp, #16
 208              		.cfi_def_cfa_offset 24
 209 0004 00AF     		add	r7, sp, #0
 210              		.cfi_def_cfa_register 7
 211 0006 021C     		mov	r2, r0
 212 0008 BB1D     		add	r3, r7, #6
 213 000a 1A80     		strh	r2, [r3]
 214 000c 3B1D     		add	r3, r7, #4
 215 000e 0A1C     		add	r2, r1, #0
 216 0010 1A80     		strh	r2, [r3]
 209:Generated_Source\PSoC4/CalibrateInterrupt.c ****     uint32 intrCfg;
 210:Generated_Source\PSoC4/CalibrateInterrupt.c ****     
 211:Generated_Source\PSoC4/CalibrateInterrupt.c ****     intrCfg =  CalibrateInterrupt_INTCFG & (uint32)(~(uint32)position);
 217              		.loc 1 211 0
 218 0012 0A4B     		ldr	r3, .L16
 219 0014 1B68     		ldr	r3, [r3]
 220 0016 BA1D     		add	r2, r7, #6
 221 0018 1288     		ldrh	r2, [r2]
 222 001a D243     		mvn	r2, r2
 223 001c 1340     		and	r3, r2
 224 001e FB60     		str	r3, [r7, #12]
 212:Generated_Source\PSoC4/CalibrateInterrupt.c ****     CalibrateInterrupt_INTCFG = intrCfg | ((uint32)position & (uint32)mode);
 225              		.loc 1 212 0
 226 0020 064B     		ldr	r3, .L16
 227 0022 BA1D     		add	r2, r7, #6
 228 0024 391D     		add	r1, r7, #4
 229 0026 1288     		ldrh	r2, [r2]
 230 0028 0988     		ldrh	r1, [r1]
 231 002a 0A40     		and	r2, r1
 232 002c 92B2     		uxth	r2, r2
 233 002e 111C     		mov	r1, r2
 234 0030 FA68     		ldr	r2, [r7, #12]
 235 0032 0A43     		orr	r2, r1
 236 0034 1A60     		str	r2, [r3]
 213:Generated_Source\PSoC4/CalibrateInterrupt.c **** }
 237              		.loc 1 213 0
 238 0036 BD46     		mov	sp, r7
 239 0038 04B0     		add	sp, sp, #16
 240              		@ sp needed
 241 003a 80BD     		pop	{r7, pc}
 242              	.L17:
 243              		.align	2
ARM GAS  C:\Users\Joseph\AppData\Local\Temp\ccO612A5.s 			page 9


 244              	.L16:
 245 003c 0C000440 		.word	1074003980
 246              		.cfi_endproc
 247              	.LFE4:
 248              		.size	CalibrateInterrupt_SetInterruptMode, .-CalibrateInterrupt_SetInterruptMode
 249              		.section	.text.CalibrateInterrupt_ClearInterrupt,"ax",%progbits
 250              		.align	2
 251              		.global	CalibrateInterrupt_ClearInterrupt
 252              		.code	16
 253              		.thumb_func
 254              		.type	CalibrateInterrupt_ClearInterrupt, %function
 255              	CalibrateInterrupt_ClearInterrupt:
 256              	.LFB5:
 214:Generated_Source\PSoC4/CalibrateInterrupt.c **** 
 215:Generated_Source\PSoC4/CalibrateInterrupt.c **** 
 216:Generated_Source\PSoC4/CalibrateInterrupt.c **** /*******************************************************************************
 217:Generated_Source\PSoC4/CalibrateInterrupt.c **** * Function Name: CalibrateInterrupt_ClearInterrupt
 218:Generated_Source\PSoC4/CalibrateInterrupt.c **** ****************************************************************************//**
 219:Generated_Source\PSoC4/CalibrateInterrupt.c **** *
 220:Generated_Source\PSoC4/CalibrateInterrupt.c **** * \brief Clears any active interrupts attached with the component and returns 
 221:Generated_Source\PSoC4/CalibrateInterrupt.c **** *  the value of the interrupt status register allowing determination of which
 222:Generated_Source\PSoC4/CalibrateInterrupt.c **** *  pins generated an interrupt event.
 223:Generated_Source\PSoC4/CalibrateInterrupt.c **** *
 224:Generated_Source\PSoC4/CalibrateInterrupt.c **** * \return 
 225:Generated_Source\PSoC4/CalibrateInterrupt.c **** *  The right-shifted current value of the interrupt status register. Each pin 
 226:Generated_Source\PSoC4/CalibrateInterrupt.c **** *  has one bit set if it generated an interrupt event. For example, bit 0 is 
 227:Generated_Source\PSoC4/CalibrateInterrupt.c **** *  for pin 0 and bit 1 is for pin 1 of the Pins component.
 228:Generated_Source\PSoC4/CalibrateInterrupt.c **** *  
 229:Generated_Source\PSoC4/CalibrateInterrupt.c **** * \sideeffect
 230:Generated_Source\PSoC4/CalibrateInterrupt.c **** *  Clears all bits of the physical port's interrupt status register, not just
 231:Generated_Source\PSoC4/CalibrateInterrupt.c **** *  those associated with the Pins component.
 232:Generated_Source\PSoC4/CalibrateInterrupt.c **** *
 233:Generated_Source\PSoC4/CalibrateInterrupt.c **** * \funcusage
 234:Generated_Source\PSoC4/CalibrateInterrupt.c **** *  \snippet CalibrateInterrupt_SUT.c usage_CalibrateInterrupt_ClearInterrupt
 235:Generated_Source\PSoC4/CalibrateInterrupt.c **** *******************************************************************************/
 236:Generated_Source\PSoC4/CalibrateInterrupt.c **** uint8 CalibrateInterrupt_ClearInterrupt(void)
 237:Generated_Source\PSoC4/CalibrateInterrupt.c **** {
 257              		.loc 1 237 0
 258              		.cfi_startproc
 259 0000 80B5     		push	{r7, lr}
 260              		.cfi_def_cfa_offset 8
 261              		.cfi_offset 7, -8
 262              		.cfi_offset 14, -4
 263 0002 82B0     		sub	sp, sp, #8
 264              		.cfi_def_cfa_offset 16
 265 0004 00AF     		add	r7, sp, #0
 266              		.cfi_def_cfa_register 7
 238:Generated_Source\PSoC4/CalibrateInterrupt.c **** 	uint8 maskedStatus = (uint8)(CalibrateInterrupt_INTSTAT & CalibrateInterrupt_MASK);
 267              		.loc 1 238 0
 268 0006 084B     		ldr	r3, .L20
 269 0008 1B68     		ldr	r3, [r3]
 270 000a DAB2     		uxtb	r2, r3
 271 000c FB1D     		add	r3, r7, #7
 272 000e 0121     		mov	r1, #1
 273 0010 0A40     		and	r2, r1
 274 0012 1A70     		strb	r2, [r3]
 239:Generated_Source\PSoC4/CalibrateInterrupt.c **** 	CalibrateInterrupt_INTSTAT = maskedStatus;
ARM GAS  C:\Users\Joseph\AppData\Local\Temp\ccO612A5.s 			page 10


 275              		.loc 1 239 0
 276 0014 044B     		ldr	r3, .L20
 277 0016 FA1D     		add	r2, r7, #7
 278 0018 1278     		ldrb	r2, [r2]
 279 001a 1A60     		str	r2, [r3]
 240:Generated_Source\PSoC4/CalibrateInterrupt.c ****     return maskedStatus >> CalibrateInterrupt_SHIFT;
 280              		.loc 1 240 0
 281 001c FB1D     		add	r3, r7, #7
 282 001e 1B78     		ldrb	r3, [r3]
 241:Generated_Source\PSoC4/CalibrateInterrupt.c **** }
 283              		.loc 1 241 0
 284 0020 181C     		mov	r0, r3
 285 0022 BD46     		mov	sp, r7
 286 0024 02B0     		add	sp, sp, #8
 287              		@ sp needed
 288 0026 80BD     		pop	{r7, pc}
 289              	.L21:
 290              		.align	2
 291              	.L20:
 292 0028 10000440 		.word	1074003984
 293              		.cfi_endproc
 294              	.LFE5:
 295              		.size	CalibrateInterrupt_ClearInterrupt, .-CalibrateInterrupt_ClearInterrupt
 296              		.text
 297              	.Letext0:
 298              		.file 2 "Generated_Source\\PSoC4\\cytypes.h"
 299              		.section	.debug_info,"",%progbits
 300              	.Ldebug_info0:
 301 0000 96010000 		.4byte	0x196
 302 0004 0400     		.2byte	0x4
 303 0006 00000000 		.4byte	.Ldebug_abbrev0
 304 000a 04       		.byte	0x4
 305 000b 01       		.uleb128 0x1
 306 000c 10010000 		.4byte	.LASF28
 307 0010 01       		.byte	0x1
 308 0011 22000000 		.4byte	.LASF29
 309 0015 A5010000 		.4byte	.LASF30
 310 0019 00000000 		.4byte	.Ldebug_ranges0+0
 311 001d 00000000 		.4byte	0
 312 0021 00000000 		.4byte	.Ldebug_line0
 313 0025 02       		.uleb128 0x2
 314 0026 01       		.byte	0x1
 315 0027 06       		.byte	0x6
 316 0028 9E020000 		.4byte	.LASF0
 317 002c 02       		.uleb128 0x2
 318 002d 01       		.byte	0x1
 319 002e 08       		.byte	0x8
 320 002f 80000000 		.4byte	.LASF1
 321 0033 02       		.uleb128 0x2
 322 0034 02       		.byte	0x2
 323 0035 05       		.byte	0x5
 324 0036 85020000 		.4byte	.LASF2
 325 003a 02       		.uleb128 0x2
 326 003b 02       		.byte	0x2
 327 003c 07       		.byte	0x7
 328 003d A6000000 		.4byte	.LASF3
 329 0041 02       		.uleb128 0x2
ARM GAS  C:\Users\Joseph\AppData\Local\Temp\ccO612A5.s 			page 11


 330 0042 04       		.byte	0x4
 331 0043 05       		.byte	0x5
 332 0044 95020000 		.4byte	.LASF4
 333 0048 02       		.uleb128 0x2
 334 0049 04       		.byte	0x4
 335 004a 07       		.byte	0x7
 336 004b 94000000 		.4byte	.LASF5
 337 004f 02       		.uleb128 0x2
 338 0050 08       		.byte	0x8
 339 0051 05       		.byte	0x5
 340 0052 65020000 		.4byte	.LASF6
 341 0056 02       		.uleb128 0x2
 342 0057 08       		.byte	0x8
 343 0058 07       		.byte	0x7
 344 0059 25020000 		.4byte	.LASF7
 345 005d 03       		.uleb128 0x3
 346 005e 04       		.byte	0x4
 347 005f 05       		.byte	0x5
 348 0060 696E7400 		.ascii	"int\000"
 349 0064 02       		.uleb128 0x2
 350 0065 04       		.byte	0x4
 351 0066 07       		.byte	0x7
 352 0067 18020000 		.4byte	.LASF8
 353 006b 04       		.uleb128 0x4
 354 006c 8F020000 		.4byte	.LASF9
 355 0070 02       		.byte	0x2
 356 0071 B901     		.2byte	0x1b9
 357 0073 2C000000 		.4byte	0x2c
 358 0077 04       		.uleb128 0x4
 359 0078 9E010000 		.4byte	.LASF10
 360 007c 02       		.byte	0x2
 361 007d BA01     		.2byte	0x1ba
 362 007f 3A000000 		.4byte	0x3a
 363 0083 04       		.uleb128 0x4
 364 0084 09020000 		.4byte	.LASF11
 365 0088 02       		.byte	0x2
 366 0089 BB01     		.2byte	0x1bb
 367 008b 48000000 		.4byte	0x48
 368 008f 02       		.uleb128 0x2
 369 0090 04       		.byte	0x4
 370 0091 04       		.byte	0x4
 371 0092 5A000000 		.4byte	.LASF12
 372 0096 02       		.uleb128 0x2
 373 0097 08       		.byte	0x8
 374 0098 04       		.byte	0x4
 375 0099 F0000000 		.4byte	.LASF13
 376 009d 02       		.uleb128 0x2
 377 009e 01       		.byte	0x1
 378 009f 08       		.byte	0x8
 379 00a0 80020000 		.4byte	.LASF14
 380 00a4 04       		.uleb128 0x4
 381 00a5 4E000000 		.4byte	.LASF15
 382 00a9 02       		.byte	0x2
 383 00aa 6502     		.2byte	0x265
 384 00ac B0000000 		.4byte	0xb0
 385 00b0 05       		.uleb128 0x5
 386 00b1 83000000 		.4byte	0x83
ARM GAS  C:\Users\Joseph\AppData\Local\Temp\ccO612A5.s 			page 12


 387 00b5 06       		.uleb128 0x6
 388 00b6 60000000 		.4byte	.LASF16
 389 00ba 01       		.byte	0x1
 390 00bb 48       		.byte	0x48
 391 00bc 00000000 		.4byte	.LFB0
 392 00c0 2C000000 		.4byte	.LFE0-.LFB0
 393 00c4 01       		.uleb128 0x1
 394 00c5 9C       		.byte	0x9c
 395 00c6 D9000000 		.4byte	0xd9
 396 00ca 07       		.uleb128 0x7
 397 00cb 3C020000 		.4byte	.LASF18
 398 00cf 01       		.byte	0x1
 399 00d0 48       		.byte	0x48
 400 00d1 6B000000 		.4byte	0x6b
 401 00d5 02       		.uleb128 0x2
 402 00d6 91       		.byte	0x91
 403 00d7 77       		.sleb128 -9
 404 00d8 00       		.byte	0
 405 00d9 06       		.uleb128 0x6
 406 00da F7000000 		.4byte	.LASF17
 407 00de 01       		.byte	0x1
 408 00df 6F       		.byte	0x6f
 409 00e0 00000000 		.4byte	.LFB1
 410 00e4 48000000 		.4byte	.LFE1-.LFB1
 411 00e8 01       		.uleb128 0x1
 412 00e9 9C       		.byte	0x9c
 413 00ea 0B010000 		.4byte	0x10b
 414 00ee 07       		.uleb128 0x7
 415 00ef 54000000 		.4byte	.LASF19
 416 00f3 01       		.byte	0x1
 417 00f4 6F       		.byte	0x6f
 418 00f5 6B000000 		.4byte	0x6b
 419 00f9 02       		.uleb128 0x2
 420 00fa 91       		.byte	0x91
 421 00fb 6F       		.sleb128 -17
 422 00fc 08       		.uleb128 0x8
 423 00fd 8E000000 		.4byte	.LASF24
 424 0101 01       		.byte	0x1
 425 0102 71       		.byte	0x71
 426 0103 6B000000 		.4byte	0x6b
 427 0107 02       		.uleb128 0x2
 428 0108 91       		.byte	0x91
 429 0109 77       		.sleb128 -9
 430 010a 00       		.byte	0
 431 010b 09       		.uleb128 0x9
 432 010c D8000000 		.4byte	.LASF20
 433 0110 01       		.byte	0x1
 434 0111 88       		.byte	0x88
 435 0112 6B000000 		.4byte	0x6b
 436 0116 00000000 		.4byte	.LFB2
 437 011a 1C000000 		.4byte	.LFE2-.LFB2
 438 011e 01       		.uleb128 0x1
 439 011f 9C       		.byte	0x9c
 440 0120 09       		.uleb128 0x9
 441 0121 B9000000 		.4byte	.LASF21
 442 0125 01       		.byte	0x1
 443 0126 A4       		.byte	0xa4
ARM GAS  C:\Users\Joseph\AppData\Local\Temp\ccO612A5.s 			page 13


 444 0127 6B000000 		.4byte	0x6b
 445 012b 00000000 		.4byte	.LFB3
 446 012f 1C000000 		.4byte	.LFE3-.LFB3
 447 0133 01       		.uleb128 0x1
 448 0134 9C       		.byte	0x9c
 449 0135 06       		.uleb128 0x6
 450 0136 41020000 		.4byte	.LASF22
 451 013a 01       		.byte	0x1
 452 013b CF       		.byte	0xcf
 453 013c 00000000 		.4byte	.LFB4
 454 0140 40000000 		.4byte	.LFE4-.LFB4
 455 0144 01       		.uleb128 0x1
 456 0145 9C       		.byte	0x9c
 457 0146 75010000 		.4byte	0x175
 458 014a 07       		.uleb128 0x7
 459 014b 00020000 		.4byte	.LASF23
 460 014f 01       		.byte	0x1
 461 0150 CF       		.byte	0xcf
 462 0151 77000000 		.4byte	0x77
 463 0155 02       		.uleb128 0x2
 464 0156 91       		.byte	0x91
 465 0157 6E       		.sleb128 -18
 466 0158 07       		.uleb128 0x7
 467 0159 3C020000 		.4byte	.LASF18
 468 015d 01       		.byte	0x1
 469 015e CF       		.byte	0xcf
 470 015f 77000000 		.4byte	0x77
 471 0163 02       		.uleb128 0x2
 472 0164 91       		.byte	0x91
 473 0165 6C       		.sleb128 -20
 474 0166 08       		.uleb128 0x8
 475 0167 10020000 		.4byte	.LASF25
 476 016b 01       		.byte	0x1
 477 016c D1       		.byte	0xd1
 478 016d 83000000 		.4byte	0x83
 479 0171 02       		.uleb128 0x2
 480 0172 91       		.byte	0x91
 481 0173 74       		.sleb128 -12
 482 0174 00       		.byte	0
 483 0175 0A       		.uleb128 0xa
 484 0176 00000000 		.4byte	.LASF26
 485 017a 01       		.byte	0x1
 486 017b EC       		.byte	0xec
 487 017c 6B000000 		.4byte	0x6b
 488 0180 00000000 		.4byte	.LFB5
 489 0184 2C000000 		.4byte	.LFE5-.LFB5
 490 0188 01       		.uleb128 0x1
 491 0189 9C       		.byte	0x9c
 492 018a 08       		.uleb128 0x8
 493 018b 73020000 		.4byte	.LASF27
 494 018f 01       		.byte	0x1
 495 0190 EE       		.byte	0xee
 496 0191 6B000000 		.4byte	0x6b
 497 0195 02       		.uleb128 0x2
 498 0196 91       		.byte	0x91
 499 0197 77       		.sleb128 -9
 500 0198 00       		.byte	0
ARM GAS  C:\Users\Joseph\AppData\Local\Temp\ccO612A5.s 			page 14


 501 0199 00       		.byte	0
 502              		.section	.debug_abbrev,"",%progbits
 503              	.Ldebug_abbrev0:
 504 0000 01       		.uleb128 0x1
 505 0001 11       		.uleb128 0x11
 506 0002 01       		.byte	0x1
 507 0003 25       		.uleb128 0x25
 508 0004 0E       		.uleb128 0xe
 509 0005 13       		.uleb128 0x13
 510 0006 0B       		.uleb128 0xb
 511 0007 03       		.uleb128 0x3
 512 0008 0E       		.uleb128 0xe
 513 0009 1B       		.uleb128 0x1b
 514 000a 0E       		.uleb128 0xe
 515 000b 55       		.uleb128 0x55
 516 000c 17       		.uleb128 0x17
 517 000d 11       		.uleb128 0x11
 518 000e 01       		.uleb128 0x1
 519 000f 10       		.uleb128 0x10
 520 0010 17       		.uleb128 0x17
 521 0011 00       		.byte	0
 522 0012 00       		.byte	0
 523 0013 02       		.uleb128 0x2
 524 0014 24       		.uleb128 0x24
 525 0015 00       		.byte	0
 526 0016 0B       		.uleb128 0xb
 527 0017 0B       		.uleb128 0xb
 528 0018 3E       		.uleb128 0x3e
 529 0019 0B       		.uleb128 0xb
 530 001a 03       		.uleb128 0x3
 531 001b 0E       		.uleb128 0xe
 532 001c 00       		.byte	0
 533 001d 00       		.byte	0
 534 001e 03       		.uleb128 0x3
 535 001f 24       		.uleb128 0x24
 536 0020 00       		.byte	0
 537 0021 0B       		.uleb128 0xb
 538 0022 0B       		.uleb128 0xb
 539 0023 3E       		.uleb128 0x3e
 540 0024 0B       		.uleb128 0xb
 541 0025 03       		.uleb128 0x3
 542 0026 08       		.uleb128 0x8
 543 0027 00       		.byte	0
 544 0028 00       		.byte	0
 545 0029 04       		.uleb128 0x4
 546 002a 16       		.uleb128 0x16
 547 002b 00       		.byte	0
 548 002c 03       		.uleb128 0x3
 549 002d 0E       		.uleb128 0xe
 550 002e 3A       		.uleb128 0x3a
 551 002f 0B       		.uleb128 0xb
 552 0030 3B       		.uleb128 0x3b
 553 0031 05       		.uleb128 0x5
 554 0032 49       		.uleb128 0x49
 555 0033 13       		.uleb128 0x13
 556 0034 00       		.byte	0
 557 0035 00       		.byte	0
ARM GAS  C:\Users\Joseph\AppData\Local\Temp\ccO612A5.s 			page 15


 558 0036 05       		.uleb128 0x5
 559 0037 35       		.uleb128 0x35
 560 0038 00       		.byte	0
 561 0039 49       		.uleb128 0x49
 562 003a 13       		.uleb128 0x13
 563 003b 00       		.byte	0
 564 003c 00       		.byte	0
 565 003d 06       		.uleb128 0x6
 566 003e 2E       		.uleb128 0x2e
 567 003f 01       		.byte	0x1
 568 0040 3F       		.uleb128 0x3f
 569 0041 19       		.uleb128 0x19
 570 0042 03       		.uleb128 0x3
 571 0043 0E       		.uleb128 0xe
 572 0044 3A       		.uleb128 0x3a
 573 0045 0B       		.uleb128 0xb
 574 0046 3B       		.uleb128 0x3b
 575 0047 0B       		.uleb128 0xb
 576 0048 27       		.uleb128 0x27
 577 0049 19       		.uleb128 0x19
 578 004a 11       		.uleb128 0x11
 579 004b 01       		.uleb128 0x1
 580 004c 12       		.uleb128 0x12
 581 004d 06       		.uleb128 0x6
 582 004e 40       		.uleb128 0x40
 583 004f 18       		.uleb128 0x18
 584 0050 9742     		.uleb128 0x2117
 585 0052 19       		.uleb128 0x19
 586 0053 01       		.uleb128 0x1
 587 0054 13       		.uleb128 0x13
 588 0055 00       		.byte	0
 589 0056 00       		.byte	0
 590 0057 07       		.uleb128 0x7
 591 0058 05       		.uleb128 0x5
 592 0059 00       		.byte	0
 593 005a 03       		.uleb128 0x3
 594 005b 0E       		.uleb128 0xe
 595 005c 3A       		.uleb128 0x3a
 596 005d 0B       		.uleb128 0xb
 597 005e 3B       		.uleb128 0x3b
 598 005f 0B       		.uleb128 0xb
 599 0060 49       		.uleb128 0x49
 600 0061 13       		.uleb128 0x13
 601 0062 02       		.uleb128 0x2
 602 0063 18       		.uleb128 0x18
 603 0064 00       		.byte	0
 604 0065 00       		.byte	0
 605 0066 08       		.uleb128 0x8
 606 0067 34       		.uleb128 0x34
 607 0068 00       		.byte	0
 608 0069 03       		.uleb128 0x3
 609 006a 0E       		.uleb128 0xe
 610 006b 3A       		.uleb128 0x3a
 611 006c 0B       		.uleb128 0xb
 612 006d 3B       		.uleb128 0x3b
 613 006e 0B       		.uleb128 0xb
 614 006f 49       		.uleb128 0x49
ARM GAS  C:\Users\Joseph\AppData\Local\Temp\ccO612A5.s 			page 16


 615 0070 13       		.uleb128 0x13
 616 0071 02       		.uleb128 0x2
 617 0072 18       		.uleb128 0x18
 618 0073 00       		.byte	0
 619 0074 00       		.byte	0
 620 0075 09       		.uleb128 0x9
 621 0076 2E       		.uleb128 0x2e
 622 0077 00       		.byte	0
 623 0078 3F       		.uleb128 0x3f
 624 0079 19       		.uleb128 0x19
 625 007a 03       		.uleb128 0x3
 626 007b 0E       		.uleb128 0xe
 627 007c 3A       		.uleb128 0x3a
 628 007d 0B       		.uleb128 0xb
 629 007e 3B       		.uleb128 0x3b
 630 007f 0B       		.uleb128 0xb
 631 0080 27       		.uleb128 0x27
 632 0081 19       		.uleb128 0x19
 633 0082 49       		.uleb128 0x49
 634 0083 13       		.uleb128 0x13
 635 0084 11       		.uleb128 0x11
 636 0085 01       		.uleb128 0x1
 637 0086 12       		.uleb128 0x12
 638 0087 06       		.uleb128 0x6
 639 0088 40       		.uleb128 0x40
 640 0089 18       		.uleb128 0x18
 641 008a 9742     		.uleb128 0x2117
 642 008c 19       		.uleb128 0x19
 643 008d 00       		.byte	0
 644 008e 00       		.byte	0
 645 008f 0A       		.uleb128 0xa
 646 0090 2E       		.uleb128 0x2e
 647 0091 01       		.byte	0x1
 648 0092 3F       		.uleb128 0x3f
 649 0093 19       		.uleb128 0x19
 650 0094 03       		.uleb128 0x3
 651 0095 0E       		.uleb128 0xe
 652 0096 3A       		.uleb128 0x3a
 653 0097 0B       		.uleb128 0xb
 654 0098 3B       		.uleb128 0x3b
 655 0099 0B       		.uleb128 0xb
 656 009a 27       		.uleb128 0x27
 657 009b 19       		.uleb128 0x19
 658 009c 49       		.uleb128 0x49
 659 009d 13       		.uleb128 0x13
 660 009e 11       		.uleb128 0x11
 661 009f 01       		.uleb128 0x1
 662 00a0 12       		.uleb128 0x12
 663 00a1 06       		.uleb128 0x6
 664 00a2 40       		.uleb128 0x40
 665 00a3 18       		.uleb128 0x18
 666 00a4 9742     		.uleb128 0x2117
 667 00a6 19       		.uleb128 0x19
 668 00a7 00       		.byte	0
 669 00a8 00       		.byte	0
 670 00a9 00       		.byte	0
 671              		.section	.debug_aranges,"",%progbits
ARM GAS  C:\Users\Joseph\AppData\Local\Temp\ccO612A5.s 			page 17


 672 0000 44000000 		.4byte	0x44
 673 0004 0200     		.2byte	0x2
 674 0006 00000000 		.4byte	.Ldebug_info0
 675 000a 04       		.byte	0x4
 676 000b 00       		.byte	0
 677 000c 0000     		.2byte	0
 678 000e 0000     		.2byte	0
 679 0010 00000000 		.4byte	.LFB0
 680 0014 2C000000 		.4byte	.LFE0-.LFB0
 681 0018 00000000 		.4byte	.LFB1
 682 001c 48000000 		.4byte	.LFE1-.LFB1
 683 0020 00000000 		.4byte	.LFB2
 684 0024 1C000000 		.4byte	.LFE2-.LFB2
 685 0028 00000000 		.4byte	.LFB3
 686 002c 1C000000 		.4byte	.LFE3-.LFB3
 687 0030 00000000 		.4byte	.LFB4
 688 0034 40000000 		.4byte	.LFE4-.LFB4
 689 0038 00000000 		.4byte	.LFB5
 690 003c 2C000000 		.4byte	.LFE5-.LFB5
 691 0040 00000000 		.4byte	0
 692 0044 00000000 		.4byte	0
 693              		.section	.debug_ranges,"",%progbits
 694              	.Ldebug_ranges0:
 695 0000 00000000 		.4byte	.LFB0
 696 0004 2C000000 		.4byte	.LFE0
 697 0008 00000000 		.4byte	.LFB1
 698 000c 48000000 		.4byte	.LFE1
 699 0010 00000000 		.4byte	.LFB2
 700 0014 1C000000 		.4byte	.LFE2
 701 0018 00000000 		.4byte	.LFB3
 702 001c 1C000000 		.4byte	.LFE3
 703 0020 00000000 		.4byte	.LFB4
 704 0024 40000000 		.4byte	.LFE4
 705 0028 00000000 		.4byte	.LFB5
 706 002c 2C000000 		.4byte	.LFE5
 707 0030 00000000 		.4byte	0
 708 0034 00000000 		.4byte	0
 709              		.section	.debug_line,"",%progbits
 710              	.Ldebug_line0:
 711 0000 C6000000 		.section	.debug_str,"MS",%progbits,1
 711      02004F00 
 711      00000201 
 711      FB0E0D00 
 711      01010101 
 712              	.LASF26:
 713 0000 43616C69 		.ascii	"CalibrateInterrupt_ClearInterrupt\000"
 713      62726174 
 713      65496E74 
 713      65727275 
 713      70745F43 
 714              	.LASF29:
 715 0022 47656E65 		.ascii	"Generated_Source\\PSoC4\\CalibrateInterrupt.c\000"
 715      72617465 
 715      645F536F 
 715      75726365 
 715      5C50536F 
 716              	.LASF15:
ARM GAS  C:\Users\Joseph\AppData\Local\Temp\ccO612A5.s 			page 18


 717 004e 72656733 		.ascii	"reg32\000"
 717      3200
 718              	.LASF19:
 719 0054 76616C75 		.ascii	"value\000"
 719      6500
 720              	.LASF12:
 721 005a 666C6F61 		.ascii	"float\000"
 721      7400
 722              	.LASF16:
 723 0060 43616C69 		.ascii	"CalibrateInterrupt_SetDriveMode\000"
 723      62726174 
 723      65496E74 
 723      65727275 
 723      70745F53 
 724              	.LASF1:
 725 0080 756E7369 		.ascii	"unsigned char\000"
 725      676E6564 
 725      20636861 
 725      7200
 726              	.LASF24:
 727 008e 64725661 		.ascii	"drVal\000"
 727      6C00
 728              	.LASF5:
 729 0094 6C6F6E67 		.ascii	"long unsigned int\000"
 729      20756E73 
 729      69676E65 
 729      6420696E 
 729      7400
 730              	.LASF3:
 731 00a6 73686F72 		.ascii	"short unsigned int\000"
 731      7420756E 
 731      7369676E 
 731      65642069 
 731      6E7400
 732              	.LASF21:
 733 00b9 43616C69 		.ascii	"CalibrateInterrupt_ReadDataReg\000"
 733      62726174 
 733      65496E74 
 733      65727275 
 733      70745F52 
 734              	.LASF20:
 735 00d8 43616C69 		.ascii	"CalibrateInterrupt_Read\000"
 735      62726174 
 735      65496E74 
 735      65727275 
 735      70745F52 
 736              	.LASF13:
 737 00f0 646F7562 		.ascii	"double\000"
 737      6C6500
 738              	.LASF17:
 739 00f7 43616C69 		.ascii	"CalibrateInterrupt_Write\000"
 739      62726174 
 739      65496E74 
 739      65727275 
 739      70745F57 
 740              	.LASF28:
 741 0110 474E5520 		.ascii	"GNU C 4.9.3 20150303 (release) [ARM/embedded-4_9-br"
ARM GAS  C:\Users\Joseph\AppData\Local\Temp\ccO612A5.s 			page 19


 741      4320342E 
 741      392E3320 
 741      32303135 
 741      30333033 
 742 0143 616E6368 		.ascii	"anch revision 221220] -mcpu=cortex-m0 -mthumb -g -O"
 742      20726576 
 742      6973696F 
 742      6E203232 
 742      31323230 
 743 0176 30202D66 		.ascii	"0 -ffunction-sections -ffat-lto-objects\000"
 743      66756E63 
 743      74696F6E 
 743      2D736563 
 743      74696F6E 
 744              	.LASF10:
 745 019e 75696E74 		.ascii	"uint16\000"
 745      313600
 746              	.LASF30:
 747 01a5 433A5C55 		.ascii	"C:\\Users\\Joseph\\Documents\\CY8CKIT-049-42xx\\1.0"
 747      73657273 
 747      5C4A6F73 
 747      6570685C 
 747      446F6375 
 748 01d3 5C466972 		.ascii	"\\Firmware\\SCB_Bootloader\\Sunrise Clock.cydsn\000"
 748      6D776172 
 748      655C5343 
 748      425F426F 
 748      6F746C6F 
 749              	.LASF23:
 750 0200 706F7369 		.ascii	"position\000"
 750      74696F6E 
 750      00
 751              	.LASF11:
 752 0209 75696E74 		.ascii	"uint32\000"
 752      333200
 753              	.LASF25:
 754 0210 696E7472 		.ascii	"intrCfg\000"
 754      43666700 
 755              	.LASF8:
 756 0218 756E7369 		.ascii	"unsigned int\000"
 756      676E6564 
 756      20696E74 
 756      00
 757              	.LASF7:
 758 0225 6C6F6E67 		.ascii	"long long unsigned int\000"
 758      206C6F6E 
 758      6720756E 
 758      7369676E 
 758      65642069 
 759              	.LASF18:
 760 023c 6D6F6465 		.ascii	"mode\000"
 760      00
 761              	.LASF22:
 762 0241 43616C69 		.ascii	"CalibrateInterrupt_SetInterruptMode\000"
 762      62726174 
 762      65496E74 
 762      65727275 
ARM GAS  C:\Users\Joseph\AppData\Local\Temp\ccO612A5.s 			page 20


 762      70745F53 
 763              	.LASF6:
 764 0265 6C6F6E67 		.ascii	"long long int\000"
 764      206C6F6E 
 764      6720696E 
 764      7400
 765              	.LASF27:
 766 0273 6D61736B 		.ascii	"maskedStatus\000"
 766      65645374 
 766      61747573 
 766      00
 767              	.LASF14:
 768 0280 63686172 		.ascii	"char\000"
 768      00
 769              	.LASF2:
 770 0285 73686F72 		.ascii	"short int\000"
 770      7420696E 
 770      7400
 771              	.LASF9:
 772 028f 75696E74 		.ascii	"uint8\000"
 772      3800
 773              	.LASF4:
 774 0295 6C6F6E67 		.ascii	"long int\000"
 774      20696E74 
 774      00
 775              	.LASF0:
 776 029e 7369676E 		.ascii	"signed char\000"
 776      65642063 
 776      68617200 
 777              		.ident	"GCC: (GNU Tools for ARM Embedded Processors) 4.9.3 20150303 (release) [ARM/embedded-4_9-br
