--------------- Clean Started: 07/13/2017 18:22:10 Project: Design02, Configuration: ARM GCC 4.9-2015-q1-update Debug ---------------
Deleting file ".\CortexM0\ARM_GCC_493\Debug\main.o"
Deleting file ".\CortexM0\ARM_GCC_493\Debug\i2cClock.o"
Deleting file ".\CortexM0\ARM_GCC_493\Debug\RTC.o"
Deleting file ".\CortexM0\ARM_GCC_493\Debug\TimeFunctions.o"
Deleting file ".\CortexM0\ARM_GCC_493\Debug\SerialPrint.o"
Deleting file ".\CortexM0\ARM_GCC_493\Debug\sram.o"
Deleting file ".\CortexM0\ARM_GCC_493\Debug\cyfitter_cfg.o"
Deleting file ".\CortexM0\ARM_GCC_493\Debug\cybootloader.o"
Deleting file ".\CortexM0\ARM_GCC_493\Debug\cymetadata.o"
Deleting file ".\CortexM0\ARM_GCC_493\Debug\Bootloadable_1.o"
Deleting file ".\CortexM0\ARM_GCC_493\Debug\Cm0Start.o"
Deleting file ".\CortexM0\ARM_GCC_493\Debug\CyBootAsmGnu.o"
Deleting file ".\CortexM0\ARM_GCC_493\Debug\CyFlash.o"
Deleting file ".\CortexM0\ARM_GCC_493\Debug\CyLib.o"
Deleting file ".\CortexM0\ARM_GCC_493\Debug\cyPm.o"
Deleting file ".\CortexM0\ARM_GCC_493\Debug\cyutils.o"
Deleting file ".\CortexM0\ARM_GCC_493\Debug\I2C.o"
Deleting file ".\CortexM0\ARM_GCC_493\Debug\I2C_I2C_INT.o"
Deleting file ".\CortexM0\ARM_GCC_493\Debug\I2C_I2C.o"
Deleting file ".\CortexM0\ARM_GCC_493\Debug\I2C_I2C_BOOT.o"
Deleting file ".\CortexM0\ARM_GCC_493\Debug\I2C_I2C_MASTER.o"
Deleting file ".\CortexM0\ARM_GCC_493\Debug\I2C_PM.o"
Deleting file ".\CortexM0\ARM_GCC_493\Debug\I2C_BOOT.o"
Deleting file ".\CortexM0\ARM_GCC_493\Debug\I2C_SCBCLK.o"
Deleting file ".\CortexM0\ARM_GCC_493\Debug\I2C_sda.o"
Deleting file ".\CortexM0\ARM_GCC_493\Debug\I2C_sda_PM.o"
Deleting file ".\CortexM0\ARM_GCC_493\Debug\I2C_scl.o"
Deleting file ".\CortexM0\ARM_GCC_493\Debug\I2C_scl_PM.o"
Deleting file ".\CortexM0\ARM_GCC_493\Debug\I2C_SCB_IRQ.o"
Deleting file ".\CortexM0\ARM_GCC_493\Debug\UART_1.o"
Deleting file ".\CortexM0\ARM_GCC_493\Debug\UART_1_SPI_UART.o"
Deleting file ".\CortexM0\ARM_GCC_493\Debug\UART_1_SPI_UART_INT.o"
Deleting file ".\CortexM0\ARM_GCC_493\Debug\UART_1_PM.o"
Deleting file ".\CortexM0\ARM_GCC_493\Debug\UART_1_UART.o"
Deleting file ".\CortexM0\ARM_GCC_493\Debug\UART_1_BOOT.o"
Deleting file ".\CortexM0\ARM_GCC_493\Debug\UART_1_UART_BOOT.o"
Deleting file ".\CortexM0\ARM_GCC_493\Debug\UART_1_SCBCLK.o"
Deleting file ".\CortexM0\ARM_GCC_493\Debug\UART_1_tx.o"
Deleting file ".\CortexM0\ARM_GCC_493\Debug\UART_1_tx_PM.o"
Deleting file ".\CortexM0\ARM_GCC_493\Debug\UART_1_rx.o"
Deleting file ".\CortexM0\ARM_GCC_493\Debug\UART_1_rx_PM.o"
Deleting file ".\CortexM0\ARM_GCC_493\Debug\CyLFClk.o"
Deleting file ".\CortexM0\ARM_GCC_493\Debug\SPIM_1.o"
Deleting file ".\CortexM0\ARM_GCC_493\Debug\SPIM_1_PM.o"
Deleting file ".\CortexM0\ARM_GCC_493\Debug\SPIM_1_INT.o"
Deleting file ".\CortexM0\ARM_GCC_493\Debug\MISO.o"
Deleting file ".\CortexM0\ARM_GCC_493\Debug\MISO_PM.o"
Deleting file ".\CortexM0\ARM_GCC_493\Debug\SCLK.o"
Deleting file ".\CortexM0\ARM_GCC_493\Debug\SCLK_PM.o"
Deleting file ".\CortexM0\ARM_GCC_493\Debug\MOSI.o"
Deleting file ".\CortexM0\ARM_GCC_493\Debug\MOSI_PM.o"
Deleting file ".\CortexM0\ARM_GCC_493\Debug\SS.o"
Deleting file ".\CortexM0\ARM_GCC_493\Debug\SS_PM.o"
Deleting file ".\CortexM0\ARM_GCC_493\Debug\SPIM_1_IntClock.o"
Deleting file ".\CortexM0\ARM_GCC_493\Debug\Pin_1.o"
Deleting file ".\CortexM0\ARM_GCC_493\Debug\Pin_1_PM.o"
Deleting file ".\CortexM0\ARM_GCC_493\Debug\Pin_2.o"
Deleting file ".\CortexM0\ARM_GCC_493\Debug\Pin_2_PM.o"
Deleting file ".\CortexM0\ARM_GCC_493\Debug\Pin_3.o"
Deleting file ".\CortexM0\ARM_GCC_493\Debug\Pin_3_PM.o"
Deleting file ".\CortexM0\ARM_GCC_493\Debug\Pin_4.o"
Deleting file ".\CortexM0\ARM_GCC_493\Debug\Pin_4_PM.o"
Deleting file ".\CortexM0\ARM_GCC_493\Debug\Design02.hex"
Deleting file ".\CortexM0\ARM_GCC_493\Debug\Design02.elf"
Deleting file ".\CortexM0\ARM_GCC_493\Debug\Design02.map"
Deleting file ".\CortexM0\ARM_GCC_493\Debug\Design02.cyacd"
Deleting file ".\Design02.rpt"
Deleting file ".\Design02_timing.html"
Deleting file ".\CortexM0\ARM_GCC_493\Debug\.deps\SOURCE_C__ARM_GCC_GENERIC.P"
Deleting file ".\CortexM0\ARM_GCC_493\Debug\.deps\SOURCE_ASM__ARM_GCC_GENERIC.P"
--------------- Clean Succeeded: 07/13/2017 18:22:10 ---------------
