ARM GAS  C:\Users\Joseph\AppData\Local\Temp\ccc28icN.s 			page 1


   1              		.cpu cortex-m0
   2              		.fpu softvfp
   3              		.eabi_attribute 20, 1
   4              		.eabi_attribute 21, 1
   5              		.eabi_attribute 23, 3
   6              		.eabi_attribute 24, 1
   7              		.eabi_attribute 25, 1
   8              		.eabi_attribute 26, 1
   9              		.eabi_attribute 30, 6
  10              		.eabi_attribute 34, 0
  11              		.eabi_attribute 18, 4
  12              		.code	16
  13              		.file	"eeprom.c"
  14              		.text
  15              	.Ltext0:
  16              		.cfi_sections	.debug_frame
  17              		.section	.text.eeprom_Start,"ax",%progbits
  18              		.align	2
  19              		.global	eeprom_Start
  20              		.code	16
  21              		.thumb_func
  22              		.type	eeprom_Start, %function
  23              	eeprom_Start:
  24              	.LFB0:
  25              		.file 1 "Generated_Source\\PSoC4\\eeprom.c"
   1:Generated_Source\PSoC4/eeprom.c **** /*******************************************************************************
   2:Generated_Source\PSoC4/eeprom.c **** * File Name: eeprom.c
   3:Generated_Source\PSoC4/eeprom.c **** * Version 1.20
   4:Generated_Source\PSoC4/eeprom.c **** *
   5:Generated_Source\PSoC4/eeprom.c **** * Description:
   6:Generated_Source\PSoC4/eeprom.c **** *  This file provides the source code to API for the Emulated EEPROM Component.
   7:Generated_Source\PSoC4/eeprom.c **** *
   8:Generated_Source\PSoC4/eeprom.c **** ********************************************************************************
   9:Generated_Source\PSoC4/eeprom.c **** * Copyright 2013-2016, Cypress Semiconductor Corporation.  All rights reserved.
  10:Generated_Source\PSoC4/eeprom.c **** * You may use this file only in accordance with the license, terms, conditions,
  11:Generated_Source\PSoC4/eeprom.c **** * disclaimers, and limitations in the end user license agreement accompanying
  12:Generated_Source\PSoC4/eeprom.c **** * the software package with which this file was provided.
  13:Generated_Source\PSoC4/eeprom.c **** *******************************************************************************/
  14:Generated_Source\PSoC4/eeprom.c **** 
  15:Generated_Source\PSoC4/eeprom.c **** #include "eeprom.h"
  16:Generated_Source\PSoC4/eeprom.c **** 
  17:Generated_Source\PSoC4/eeprom.c **** 
  18:Generated_Source\PSoC4/eeprom.c **** /*******************************************************************************
  19:Generated_Source\PSoC4/eeprom.c **** * Function Name: eeprom_Start
  20:Generated_Source\PSoC4/eeprom.c **** ********************************************************************************
  21:Generated_Source\PSoC4/eeprom.c **** *
  22:Generated_Source\PSoC4/eeprom.c **** * Summary:
  23:Generated_Source\PSoC4/eeprom.c **** *  Empty function. Included for consistency with other
  24:Generated_Source\PSoC4/eeprom.c **** *  components.
  25:Generated_Source\PSoC4/eeprom.c **** *
  26:Generated_Source\PSoC4/eeprom.c **** * Parameters:
  27:Generated_Source\PSoC4/eeprom.c **** *  None
  28:Generated_Source\PSoC4/eeprom.c **** *
  29:Generated_Source\PSoC4/eeprom.c **** * Return:
  30:Generated_Source\PSoC4/eeprom.c **** *  None
  31:Generated_Source\PSoC4/eeprom.c **** *
  32:Generated_Source\PSoC4/eeprom.c **** *******************************************************************************/
ARM GAS  C:\Users\Joseph\AppData\Local\Temp\ccc28icN.s 			page 2


  33:Generated_Source\PSoC4/eeprom.c **** void eeprom_Start(void) 
  34:Generated_Source\PSoC4/eeprom.c **** {
  26              		.loc 1 34 0
  27              		.cfi_startproc
  28 0000 80B5     		push	{r7, lr}
  29              		.cfi_def_cfa_offset 8
  30              		.cfi_offset 7, -8
  31              		.cfi_offset 14, -4
  32 0002 00AF     		add	r7, sp, #0
  33              		.cfi_def_cfa_register 7
  35:Generated_Source\PSoC4/eeprom.c **** 
  36:Generated_Source\PSoC4/eeprom.c **** }
  34              		.loc 1 36 0
  35 0004 BD46     		mov	sp, r7
  36              		@ sp needed
  37 0006 80BD     		pop	{r7, pc}
  38              		.cfi_endproc
  39              	.LFE0:
  40              		.size	eeprom_Start, .-eeprom_Start
  41              		.section	.text.eeprom_Stop,"ax",%progbits
  42              		.align	2
  43              		.global	eeprom_Stop
  44              		.code	16
  45              		.thumb_func
  46              		.type	eeprom_Stop, %function
  47              	eeprom_Stop:
  48              	.LFB1:
  37:Generated_Source\PSoC4/eeprom.c **** 
  38:Generated_Source\PSoC4/eeprom.c **** 
  39:Generated_Source\PSoC4/eeprom.c **** /*******************************************************************************
  40:Generated_Source\PSoC4/eeprom.c **** * Function Name: eeprom_Stop
  41:Generated_Source\PSoC4/eeprom.c **** ********************************************************************************
  42:Generated_Source\PSoC4/eeprom.c **** *
  43:Generated_Source\PSoC4/eeprom.c **** * Summary:
  44:Generated_Source\PSoC4/eeprom.c **** *  Empty function. Included for consistency with other
  45:Generated_Source\PSoC4/eeprom.c **** *  components.
  46:Generated_Source\PSoC4/eeprom.c **** *
  47:Generated_Source\PSoC4/eeprom.c **** * Parameters:
  48:Generated_Source\PSoC4/eeprom.c **** *  None
  49:Generated_Source\PSoC4/eeprom.c **** *
  50:Generated_Source\PSoC4/eeprom.c **** * Return:
  51:Generated_Source\PSoC4/eeprom.c **** *  None
  52:Generated_Source\PSoC4/eeprom.c **** *
  53:Generated_Source\PSoC4/eeprom.c **** *******************************************************************************/
  54:Generated_Source\PSoC4/eeprom.c **** void eeprom_Stop(void) 
  55:Generated_Source\PSoC4/eeprom.c **** {
  49              		.loc 1 55 0
  50              		.cfi_startproc
  51 0000 80B5     		push	{r7, lr}
  52              		.cfi_def_cfa_offset 8
  53              		.cfi_offset 7, -8
  54              		.cfi_offset 14, -4
  55 0002 00AF     		add	r7, sp, #0
  56              		.cfi_def_cfa_register 7
  56:Generated_Source\PSoC4/eeprom.c **** 
  57:Generated_Source\PSoC4/eeprom.c **** }
  57              		.loc 1 57 0
ARM GAS  C:\Users\Joseph\AppData\Local\Temp\ccc28icN.s 			page 3


  58 0004 BD46     		mov	sp, r7
  59              		@ sp needed
  60 0006 80BD     		pop	{r7, pc}
  61              		.cfi_endproc
  62              	.LFE1:
  63              		.size	eeprom_Stop, .-eeprom_Stop
  64              		.section	.text.eeprom_Write,"ax",%progbits
  65              		.align	2
  66              		.global	eeprom_Write
  67              		.code	16
  68              		.thumb_func
  69              		.type	eeprom_Write, %function
  70              	eeprom_Write:
  71              	.LFB2:
  58:Generated_Source\PSoC4/eeprom.c **** 
  59:Generated_Source\PSoC4/eeprom.c **** 
  60:Generated_Source\PSoC4/eeprom.c **** /*******************************************************************************
  61:Generated_Source\PSoC4/eeprom.c **** * Function Name: eeprom_Write
  62:Generated_Source\PSoC4/eeprom.c **** ********************************************************************************
  63:Generated_Source\PSoC4/eeprom.c **** *
  64:Generated_Source\PSoC4/eeprom.c **** * Summary:
  65:Generated_Source\PSoC4/eeprom.c **** *  Writes the specified number of bytes from the source buffer in SRAM to the
  66:Generated_Source\PSoC4/eeprom.c **** *  emulated EEPROM array in flash, without modifying other data in flash.
  67:Generated_Source\PSoC4/eeprom.c **** *
  68:Generated_Source\PSoC4/eeprom.c **** * Parameters:
  69:Generated_Source\PSoC4/eeprom.c **** *  srcBuf:    Pointer to the SRAM buffer holding the data to write.
  70:Generated_Source\PSoC4/eeprom.c **** *  eepromPtr: Pointer to the array or variable in flash representing
  71:Generated_Source\PSoC4/eeprom.c **** *             the emulated EEPROM.
  72:Generated_Source\PSoC4/eeprom.c **** *  byteCount: Number of bytes to write from srcBuf to eepromPtr.
  73:Generated_Source\PSoC4/eeprom.c **** *
  74:Generated_Source\PSoC4/eeprom.c **** * Return:
  75:Generated_Source\PSoC4/eeprom.c **** *    CYRET_SUCCESS     Successful write.
  76:Generated_Source\PSoC4/eeprom.c **** *    CYRET_BAD_PARAM   eepromPtr is out of range of flash memory.
  77:Generated_Source\PSoC4/eeprom.c **** *    CYRET_UNKNOWN     Other error in writing flash.
  78:Generated_Source\PSoC4/eeprom.c **** *
  79:Generated_Source\PSoC4/eeprom.c **** *******************************************************************************/
  80:Generated_Source\PSoC4/eeprom.c **** #if (CY_PSOC3)
  81:Generated_Source\PSoC4/eeprom.c ****     cystatus eeprom_Write(const uint8 srcBuf[], const uint8 eepromPtr[], uint16 byteCount)
  82:Generated_Source\PSoC4/eeprom.c ****                                                                             
  83:Generated_Source\PSoC4/eeprom.c **** #else
  84:Generated_Source\PSoC4/eeprom.c ****     cystatus eeprom_Write(const uint8 srcBuf[], const uint8 eepromPtr[], uint32 byteCount)
  85:Generated_Source\PSoC4/eeprom.c **** #endif /* (!CY_PSOC3) */
  86:Generated_Source\PSoC4/eeprom.c **** {
  72              		.loc 1 86 0
  73              		.cfi_startproc
  74 0000 80B5     		push	{r7, lr}
  75              		.cfi_def_cfa_offset 8
  76              		.cfi_offset 7, -8
  77              		.cfi_offset 14, -4
  78 0002 ACB0     		sub	sp, sp, #176
  79              		.cfi_def_cfa_offset 184
  80 0004 00AF     		add	r7, sp, #0
  81              		.cfi_def_cfa_register 7
  82 0006 F860     		str	r0, [r7, #12]
  83 0008 B960     		str	r1, [r7, #8]
  84 000a 7A60     		str	r2, [r7, #4]
  87:Generated_Source\PSoC4/eeprom.c ****     uint8 writeBuffer[CY_FLASH_SIZEOF_ROW];
ARM GAS  C:\Users\Joseph\AppData\Local\Temp\ccc28icN.s 			page 4


  88:Generated_Source\PSoC4/eeprom.c ****     uint32 arrayId;
  89:Generated_Source\PSoC4/eeprom.c ****     uint32 rowId;
  90:Generated_Source\PSoC4/eeprom.c ****     uint32 dstIndex;
  91:Generated_Source\PSoC4/eeprom.c ****     uint32 srcIndex;
  92:Generated_Source\PSoC4/eeprom.c ****     cystatus rc;
  93:Generated_Source\PSoC4/eeprom.c ****     uint32 eeOffset;
  94:Generated_Source\PSoC4/eeprom.c ****     uint32 byteOffset;
  95:Generated_Source\PSoC4/eeprom.c ****     
  96:Generated_Source\PSoC4/eeprom.c ****     #if (!CY_PSOC4)
  97:Generated_Source\PSoC4/eeprom.c ****         #if (CYDEV_ECC_ENABLE == 0)
  98:Generated_Source\PSoC4/eeprom.c ****             uint8 rowBuffer[CY_FLASH_SIZEOF_ROW + CY_FLASH_SIZEOF_ECC_ROW];
  99:Generated_Source\PSoC4/eeprom.c ****         #endif /* CYDEV_ECC_ENABLE == 0) */
 100:Generated_Source\PSoC4/eeprom.c ****     #endif /* (!CY_PSOC4) */
 101:Generated_Source\PSoC4/eeprom.c **** 
 102:Generated_Source\PSoC4/eeprom.c ****     eeOffset = (uint32)eepromPtr;
  85              		.loc 1 102 0
  86 000c BB68     		ldr	r3, [r7, #8]
  87 000e 9822     		mov	r2, #152
  88 0010 BA18     		add	r2, r7, r2
  89 0012 1360     		str	r3, [r2]
 103:Generated_Source\PSoC4/eeprom.c ****     #if (CY_PSOC3)
 104:Generated_Source\PSoC4/eeprom.c ****         eeOffset &= eeprom_CODE_ADDR_MASK;
 105:Generated_Source\PSoC4/eeprom.c ****     #endif /* (CY_PSOC3) */
 106:Generated_Source\PSoC4/eeprom.c **** 
 107:Generated_Source\PSoC4/eeprom.c ****     /* Make sure, that eepromPtr[] points to ROM */
 108:Generated_Source\PSoC4/eeprom.c ****     #if (CY_PSOC3)
 109:Generated_Source\PSoC4/eeprom.c ****         if (((uint32)eepromPtr >= eeprom_CODE_ADDR_OFFSET) &&
 110:Generated_Source\PSoC4/eeprom.c ****             (((uint32)eepromPtr + byteCount) <= eeprom_CODE_ADDR_END))
 111:Generated_Source\PSoC4/eeprom.c ****     #else
 112:Generated_Source\PSoC4/eeprom.c ****         if (((uint32)eepromPtr + byteCount) <= eeprom_FLASH_END_ADDR)
  90              		.loc 1 112 0
  91 0014 BA68     		ldr	r2, [r7, #8]
  92 0016 7B68     		ldr	r3, [r7, #4]
  93 0018 D218     		add	r2, r2, r3
  94 001a 8023     		mov	r3, #128
  95 001c 1B02     		lsl	r3, r3, #8
  96 001e 9A42     		cmp	r2, r3
  97 0020 00D9     		bls	.LCB61
  98 0022 8DE0     		b	.L4	@long jump
  99              	.LCB61:
 113:Generated_Source\PSoC4/eeprom.c ****     #endif /* (CY_PSOC3) */
 114:Generated_Source\PSoC4/eeprom.c ****     {
 115:Generated_Source\PSoC4/eeprom.c ****         #if (!CY_PSOC4)
 116:Generated_Source\PSoC4/eeprom.c ****             (void)CySetTemp();
 117:Generated_Source\PSoC4/eeprom.c **** 
 118:Generated_Source\PSoC4/eeprom.c ****             #if(CYDEV_ECC_ENABLE == 0)
 119:Generated_Source\PSoC4/eeprom.c ****                 (void)CySetFlashEEBuffer(rowBuffer);
 120:Generated_Source\PSoC4/eeprom.c ****             #endif
 121:Generated_Source\PSoC4/eeprom.c ****         #endif /* (!CY_PSOC4) */
 122:Generated_Source\PSoC4/eeprom.c **** 
 123:Generated_Source\PSoC4/eeprom.c ****         arrayId = eeOffset / CY_FLASH_SIZEOF_ARRAY;
 100              		.loc 1 123 0
 101 0024 9823     		mov	r3, #152
 102 0026 FB18     		add	r3, r7, r3
 103 0028 1B68     		ldr	r3, [r3]
 104 002a DB0B     		lsr	r3, r3, #15
 105 002c 9422     		mov	r2, #148
ARM GAS  C:\Users\Joseph\AppData\Local\Temp\ccc28icN.s 			page 5


 106 002e BA18     		add	r2, r7, r2
 107 0030 1360     		str	r3, [r2]
 124:Generated_Source\PSoC4/eeprom.c ****         rowId = (eeOffset / CY_FLASH_SIZEOF_ROW) % eeprom_ROWS_IN_ARRAY;
 108              		.loc 1 124 0
 109 0032 9823     		mov	r3, #152
 110 0034 FB18     		add	r3, r7, r3
 111 0036 1B68     		ldr	r3, [r3]
 112 0038 DB09     		lsr	r3, r3, #7
 113 003a FF22     		mov	r2, #255
 114 003c 1340     		and	r3, r2
 115 003e AC22     		mov	r2, #172
 116 0040 BA18     		add	r2, r7, r2
 117 0042 1360     		str	r3, [r2]
 125:Generated_Source\PSoC4/eeprom.c ****         byteOffset = (CY_FLASH_SIZEOF_ARRAY * arrayId) + (CY_FLASH_SIZEOF_ROW * rowId);
 118              		.loc 1 125 0
 119 0044 9423     		mov	r3, #148
 120 0046 FB18     		add	r3, r7, r3
 121 0048 1B68     		ldr	r3, [r3]
 122 004a 1A02     		lsl	r2, r3, #8
 123 004c AC23     		mov	r3, #172
 124 004e FB18     		add	r3, r7, r3
 125 0050 1B68     		ldr	r3, [r3]
 126 0052 D318     		add	r3, r2, r3
 127 0054 DB01     		lsl	r3, r3, #7
 128 0056 9C22     		mov	r2, #156
 129 0058 BA18     		add	r2, r7, r2
 130 005a 1360     		str	r3, [r2]
 126:Generated_Source\PSoC4/eeprom.c ****         srcIndex = 0u;
 131              		.loc 1 126 0
 132 005c 0023     		mov	r3, #0
 133 005e A422     		mov	r2, #164
 134 0060 BA18     		add	r2, r7, r2
 135 0062 1360     		str	r3, [r2]
 127:Generated_Source\PSoC4/eeprom.c **** 
 128:Generated_Source\PSoC4/eeprom.c ****         rc = CYRET_SUCCESS;
 136              		.loc 1 128 0
 137 0064 0023     		mov	r3, #0
 138 0066 A022     		mov	r2, #160
 139 0068 BA18     		add	r2, r7, r2
 140 006a 1360     		str	r3, [r2]
 129:Generated_Source\PSoC4/eeprom.c **** 
 130:Generated_Source\PSoC4/eeprom.c ****         while ((srcIndex < byteCount) && (CYRET_SUCCESS == rc))
 141              		.loc 1 130 0
 142 006c 5CE0     		b	.L5
 143              	.L11:
 131:Generated_Source\PSoC4/eeprom.c ****         {
 132:Generated_Source\PSoC4/eeprom.c ****             /* Copy data to the write buffer either from the source buffer or from the flash */
 133:Generated_Source\PSoC4/eeprom.c ****             for (dstIndex = 0u; dstIndex < CY_FLASH_SIZEOF_ROW; dstIndex++)
 144              		.loc 1 133 0
 145 006e 0023     		mov	r3, #0
 146 0070 A822     		mov	r2, #168
 147 0072 BA18     		add	r2, r7, r2
 148 0074 1360     		str	r3, [r2]
 149 0076 3EE0     		b	.L6
 150              	.L9:
 134:Generated_Source\PSoC4/eeprom.c ****             {
 135:Generated_Source\PSoC4/eeprom.c ****                 if ((byteOffset >= eeOffset) && (srcIndex < byteCount))
ARM GAS  C:\Users\Joseph\AppData\Local\Temp\ccc28icN.s 			page 6


 151              		.loc 1 135 0
 152 0078 9C23     		mov	r3, #156
 153 007a FB18     		add	r3, r7, r3
 154 007c 1A68     		ldr	r2, [r3]
 155 007e 9823     		mov	r3, #152
 156 0080 FB18     		add	r3, r7, r3
 157 0082 1B68     		ldr	r3, [r3]
 158 0084 9A42     		cmp	r2, r3
 159 0086 1BD3     		bcc	.L7
 160              		.loc 1 135 0 is_stmt 0 discriminator 1
 161 0088 A423     		mov	r3, #164
 162 008a FB18     		add	r3, r7, r3
 163 008c 1A68     		ldr	r2, [r3]
 164 008e 7B68     		ldr	r3, [r7, #4]
 165 0090 9A42     		cmp	r2, r3
 166 0092 15D2     		bcs	.L7
 136:Generated_Source\PSoC4/eeprom.c ****                 {
 137:Generated_Source\PSoC4/eeprom.c ****                     writeBuffer[dstIndex] = srcBuf[srcIndex];
 167              		.loc 1 137 0 is_stmt 1
 168 0094 FA68     		ldr	r2, [r7, #12]
 169 0096 A423     		mov	r3, #164
 170 0098 FB18     		add	r3, r7, r3
 171 009a 1B68     		ldr	r3, [r3]
 172 009c D318     		add	r3, r2, r3
 173 009e 1978     		ldrb	r1, [r3]
 174 00a0 1423     		mov	r3, #20
 175 00a2 FA18     		add	r2, r7, r3
 176 00a4 A823     		mov	r3, #168
 177 00a6 FB18     		add	r3, r7, r3
 178 00a8 1B68     		ldr	r3, [r3]
 179 00aa D318     		add	r3, r2, r3
 180 00ac 0A1C     		add	r2, r1, #0
 181 00ae 1A70     		strb	r2, [r3]
 138:Generated_Source\PSoC4/eeprom.c ****                     srcIndex++;
 182              		.loc 1 138 0
 183 00b0 A423     		mov	r3, #164
 184 00b2 FB18     		add	r3, r7, r3
 185 00b4 1B68     		ldr	r3, [r3]
 186 00b6 0133     		add	r3, r3, #1
 187 00b8 A422     		mov	r2, #164
 188 00ba BA18     		add	r2, r7, r2
 189 00bc 1360     		str	r3, [r2]
 190 00be 0CE0     		b	.L8
 191              	.L7:
 139:Generated_Source\PSoC4/eeprom.c ****                 }
 140:Generated_Source\PSoC4/eeprom.c ****                 else
 141:Generated_Source\PSoC4/eeprom.c ****                 {
 142:Generated_Source\PSoC4/eeprom.c ****                     writeBuffer[dstIndex] = CY_GET_XTND_REG8(CYDEV_FLASH_BASE + byteOffset);
 192              		.loc 1 142 0
 193 00c0 9C23     		mov	r3, #156
 194 00c2 FB18     		add	r3, r7, r3
 195 00c4 1B68     		ldr	r3, [r3]
 196 00c6 1B78     		ldrb	r3, [r3]
 197 00c8 D9B2     		uxtb	r1, r3
 198 00ca 1423     		mov	r3, #20
 199 00cc FA18     		add	r2, r7, r3
 200 00ce A823     		mov	r3, #168
ARM GAS  C:\Users\Joseph\AppData\Local\Temp\ccc28icN.s 			page 7


 201 00d0 FB18     		add	r3, r7, r3
 202 00d2 1B68     		ldr	r3, [r3]
 203 00d4 D318     		add	r3, r2, r3
 204 00d6 0A1C     		add	r2, r1, #0
 205 00d8 1A70     		strb	r2, [r3]
 206              	.L8:
 143:Generated_Source\PSoC4/eeprom.c ****                 }
 144:Generated_Source\PSoC4/eeprom.c ****                 byteOffset++;
 207              		.loc 1 144 0 discriminator 2
 208 00da 9C23     		mov	r3, #156
 209 00dc FB18     		add	r3, r7, r3
 210 00de 1B68     		ldr	r3, [r3]
 211 00e0 0133     		add	r3, r3, #1
 212 00e2 9C22     		mov	r2, #156
 213 00e4 BA18     		add	r2, r7, r2
 214 00e6 1360     		str	r3, [r2]
 133:Generated_Source\PSoC4/eeprom.c ****             {
 215              		.loc 1 133 0 discriminator 2
 216 00e8 A823     		mov	r3, #168
 217 00ea FB18     		add	r3, r7, r3
 218 00ec 1B68     		ldr	r3, [r3]
 219 00ee 0133     		add	r3, r3, #1
 220 00f0 A822     		mov	r2, #168
 221 00f2 BA18     		add	r2, r7, r2
 222 00f4 1360     		str	r3, [r2]
 223              	.L6:
 133:Generated_Source\PSoC4/eeprom.c ****             {
 224              		.loc 1 133 0 is_stmt 0 discriminator 1
 225 00f6 A823     		mov	r3, #168
 226 00f8 FB18     		add	r3, r7, r3
 227 00fa 1B68     		ldr	r3, [r3]
 228 00fc 7F2B     		cmp	r3, #127
 229 00fe BBD9     		bls	.L9
 145:Generated_Source\PSoC4/eeprom.c ****             }
 146:Generated_Source\PSoC4/eeprom.c **** 
 147:Generated_Source\PSoC4/eeprom.c ****             /* Write flash row */
 148:Generated_Source\PSoC4/eeprom.c ****             #if (CY_PSOC4)
 149:Generated_Source\PSoC4/eeprom.c ****                 rc = CySysFlashWriteRow(rowId, writeBuffer);
 230              		.loc 1 149 0 is_stmt 1
 231 0100 AC23     		mov	r3, #172
 232 0102 FB18     		add	r3, r7, r3
 233 0104 1A68     		ldr	r2, [r3]
 234 0106 1423     		mov	r3, #20
 235 0108 FB18     		add	r3, r7, r3
 236 010a 101C     		mov	r0, r2
 237 010c 191C     		mov	r1, r3
 238 010e FFF7FEFF 		bl	CySysFlashWriteRow
 239 0112 031C     		mov	r3, r0
 240 0114 A022     		mov	r2, #160
 241 0116 BA18     		add	r2, r7, r2
 242 0118 1360     		str	r3, [r2]
 150:Generated_Source\PSoC4/eeprom.c ****             #else
 151:Generated_Source\PSoC4/eeprom.c ****                 rc = CyWriteRowData((uint8)arrayId, (uint16)rowId, writeBuffer);
 152:Generated_Source\PSoC4/eeprom.c ****             #endif /* (CY_PSOC4) */
 153:Generated_Source\PSoC4/eeprom.c **** 
 154:Generated_Source\PSoC4/eeprom.c ****             /* Go to the next row */
 155:Generated_Source\PSoC4/eeprom.c ****             rowId++;
ARM GAS  C:\Users\Joseph\AppData\Local\Temp\ccc28icN.s 			page 8


 243              		.loc 1 155 0
 244 011a AC23     		mov	r3, #172
 245 011c FB18     		add	r3, r7, r3
 246 011e 1B68     		ldr	r3, [r3]
 247 0120 0133     		add	r3, r3, #1
 248 0122 AC22     		mov	r2, #172
 249 0124 BA18     		add	r2, r7, r2
 250 0126 1360     		str	r3, [r2]
 251              	.L5:
 130:Generated_Source\PSoC4/eeprom.c ****         {
 252              		.loc 1 130 0
 253 0128 A423     		mov	r3, #164
 254 012a FB18     		add	r3, r7, r3
 255 012c 1A68     		ldr	r2, [r3]
 256 012e 7B68     		ldr	r3, [r7, #4]
 257 0130 9A42     		cmp	r2, r3
 258 0132 09D2     		bcs	.L10
 130:Generated_Source\PSoC4/eeprom.c ****         {
 259              		.loc 1 130 0 is_stmt 0 discriminator 1
 260 0134 A023     		mov	r3, #160
 261 0136 FB18     		add	r3, r7, r3
 262 0138 1B68     		ldr	r3, [r3]
 263 013a 002B     		cmp	r3, #0
 264 013c 97D0     		beq	.L11
 265 013e 03E0     		b	.L10
 266              	.L4:
 156:Generated_Source\PSoC4/eeprom.c ****             #if (CY_FLASH_NUMBER_ARRAYS > 1)
 157:Generated_Source\PSoC4/eeprom.c ****                 if (rowId >= eeprom_ROWS_IN_ARRAY)
 158:Generated_Source\PSoC4/eeprom.c ****                 {
 159:Generated_Source\PSoC4/eeprom.c ****                     arrayId++;
 160:Generated_Source\PSoC4/eeprom.c ****                     rowId = 0u;
 161:Generated_Source\PSoC4/eeprom.c ****                 }
 162:Generated_Source\PSoC4/eeprom.c ****             #endif /* (CY_FLASH_NUMBER_ARRAYS > 1) */
 163:Generated_Source\PSoC4/eeprom.c ****         }
 164:Generated_Source\PSoC4/eeprom.c **** 
 165:Generated_Source\PSoC4/eeprom.c ****         /* Flush both Cache and PHUB prefetch buffer */
 166:Generated_Source\PSoC4/eeprom.c ****         #if (CY_PSOC5)
 167:Generated_Source\PSoC4/eeprom.c ****             CyFlushCache();
 168:Generated_Source\PSoC4/eeprom.c ****         #elif (CY_PSOC3)
 169:Generated_Source\PSoC4/eeprom.c ****             CY_FLASH_CONTROL_REG |= 6u;
 170:Generated_Source\PSoC4/eeprom.c ****         #endif /* (CY_PSOC5) */
 171:Generated_Source\PSoC4/eeprom.c ****     }
 172:Generated_Source\PSoC4/eeprom.c ****     else
 173:Generated_Source\PSoC4/eeprom.c ****     {
 174:Generated_Source\PSoC4/eeprom.c ****         rc = CYRET_BAD_PARAM;
 267              		.loc 1 174 0 is_stmt 1
 268 0140 0123     		mov	r3, #1
 269 0142 A022     		mov	r2, #160
 270 0144 BA18     		add	r2, r7, r2
 271 0146 1360     		str	r3, [r2]
 272              	.L10:
 175:Generated_Source\PSoC4/eeprom.c ****     }
 176:Generated_Source\PSoC4/eeprom.c **** 
 177:Generated_Source\PSoC4/eeprom.c ****     /* Mask return codes from flash, if they are not supported */
 178:Generated_Source\PSoC4/eeprom.c ****     if ((CYRET_SUCCESS != rc) && (CYRET_BAD_PARAM != rc))
 273              		.loc 1 178 0
 274 0148 A023     		mov	r3, #160
ARM GAS  C:\Users\Joseph\AppData\Local\Temp\ccc28icN.s 			page 9


 275 014a FB18     		add	r3, r7, r3
 276 014c 1B68     		ldr	r3, [r3]
 277 014e 002B     		cmp	r3, #0
 278 0150 09D0     		beq	.L12
 279              		.loc 1 178 0 is_stmt 0 discriminator 1
 280 0152 A023     		mov	r3, #160
 281 0154 FB18     		add	r3, r7, r3
 282 0156 1B68     		ldr	r3, [r3]
 283 0158 012B     		cmp	r3, #1
 284 015a 04D0     		beq	.L12
 179:Generated_Source\PSoC4/eeprom.c ****     {
 180:Generated_Source\PSoC4/eeprom.c ****         rc = CYRET_UNKNOWN;
 285              		.loc 1 180 0 is_stmt 1
 286 015c 0123     		mov	r3, #1
 287 015e 5B42     		neg	r3, r3
 288 0160 A022     		mov	r2, #160
 289 0162 BA18     		add	r2, r7, r2
 290 0164 1360     		str	r3, [r2]
 291              	.L12:
 181:Generated_Source\PSoC4/eeprom.c ****     }
 182:Generated_Source\PSoC4/eeprom.c ****     
 183:Generated_Source\PSoC4/eeprom.c ****     return (rc);
 292              		.loc 1 183 0
 293 0166 A023     		mov	r3, #160
 294 0168 FB18     		add	r3, r7, r3
 295 016a 1B68     		ldr	r3, [r3]
 184:Generated_Source\PSoC4/eeprom.c **** }
 296              		.loc 1 184 0
 297 016c 181C     		mov	r0, r3
 298 016e BD46     		mov	sp, r7
 299 0170 2CB0     		add	sp, sp, #176
 300              		@ sp needed
 301 0172 80BD     		pop	{r7, pc}
 302              		.cfi_endproc
 303              	.LFE2:
 304              		.size	eeprom_Write, .-eeprom_Write
 305              		.text
 306              	.Letext0:
 307              		.file 2 "Generated_Source\\PSoC4\\cytypes.h"
 308              		.section	.debug_info,"",%progbits
 309              	.Ldebug_info0:
 310 0000 A9010000 		.4byte	0x1a9
 311 0004 0400     		.2byte	0x4
 312 0006 00000000 		.4byte	.Ldebug_abbrev0
 313 000a 04       		.byte	0x4
 314 000b 01       		.uleb128 0x1
 315 000c 8D000000 		.4byte	.LASF29
 316 0010 01       		.byte	0x1
 317 0011 DB010000 		.4byte	.LASF30
 318 0015 5C010000 		.4byte	.LASF31
 319 0019 00000000 		.4byte	.Ldebug_ranges0+0
 320 001d 00000000 		.4byte	0
 321 0021 00000000 		.4byte	.Ldebug_line0
 322 0025 02       		.uleb128 0x2
 323 0026 01       		.byte	0x1
 324 0027 06       		.byte	0x6
 325 0028 26020000 		.4byte	.LASF0
ARM GAS  C:\Users\Joseph\AppData\Local\Temp\ccc28icN.s 			page 10


 326 002c 02       		.uleb128 0x2
 327 002d 01       		.byte	0x1
 328 002e 08       		.byte	0x8
 329 002f 40000000 		.4byte	.LASF1
 330 0033 02       		.uleb128 0x2
 331 0034 02       		.byte	0x2
 332 0035 05       		.byte	0x5
 333 0036 0A020000 		.4byte	.LASF2
 334 003a 02       		.uleb128 0x2
 335 003b 02       		.byte	0x2
 336 003c 07       		.byte	0x7
 337 003d 13000000 		.4byte	.LASF3
 338 0041 02       		.uleb128 0x2
 339 0042 04       		.byte	0x4
 340 0043 05       		.byte	0x5
 341 0044 14020000 		.4byte	.LASF4
 342 0048 02       		.uleb128 0x2
 343 0049 04       		.byte	0x4
 344 004a 07       		.byte	0x7
 345 004b 53000000 		.4byte	.LASF5
 346 004f 02       		.uleb128 0x2
 347 0050 08       		.byte	0x8
 348 0051 05       		.byte	0x5
 349 0052 CD010000 		.4byte	.LASF6
 350 0056 02       		.uleb128 0x2
 351 0057 08       		.byte	0x8
 352 0058 07       		.byte	0x7
 353 0059 38010000 		.4byte	.LASF7
 354 005d 03       		.uleb128 0x3
 355 005e 04       		.byte	0x4
 356 005f 05       		.byte	0x5
 357 0060 696E7400 		.ascii	"int\000"
 358 0064 02       		.uleb128 0x2
 359 0065 04       		.byte	0x4
 360 0066 07       		.byte	0x7
 361 0067 2B010000 		.4byte	.LASF8
 362 006b 04       		.uleb128 0x4
 363 006c 65000000 		.4byte	.LASF9
 364 0070 02       		.byte	0x2
 365 0071 B901     		.2byte	0x1b9
 366 0073 2C000000 		.4byte	0x2c
 367 0077 04       		.uleb128 0x4
 368 0078 24010000 		.4byte	.LASF10
 369 007c 02       		.byte	0x2
 370 007d BB01     		.2byte	0x1bb
 371 007f 48000000 		.4byte	0x48
 372 0083 02       		.uleb128 0x2
 373 0084 04       		.byte	0x4
 374 0085 04       		.byte	0x4
 375 0086 3A000000 		.4byte	.LASF11
 376 008a 02       		.uleb128 0x2
 377 008b 08       		.byte	0x8
 378 008c 04       		.byte	0x4
 379 008d 86000000 		.4byte	.LASF12
 380 0091 02       		.uleb128 0x2
 381 0092 01       		.byte	0x1
 382 0093 08       		.byte	0x8
ARM GAS  C:\Users\Joseph\AppData\Local\Temp\ccc28icN.s 			page 11


 383 0094 FB010000 		.4byte	.LASF13
 384 0098 04       		.uleb128 0x4
 385 0099 1B010000 		.4byte	.LASF14
 386 009d 02       		.byte	0x2
 387 009e 5B02     		.2byte	0x25b
 388 00a0 48000000 		.4byte	0x48
 389 00a4 04       		.uleb128 0x4
 390 00a5 4E000000 		.4byte	.LASF15
 391 00a9 02       		.byte	0x2
 392 00aa 6302     		.2byte	0x263
 393 00ac B0000000 		.4byte	0xb0
 394 00b0 05       		.uleb128 0x5
 395 00b1 6B000000 		.4byte	0x6b
 396 00b5 02       		.uleb128 0x2
 397 00b6 04       		.byte	0x4
 398 00b7 07       		.byte	0x7
 399 00b8 C4010000 		.4byte	.LASF16
 400 00bc 06       		.uleb128 0x6
 401 00bd 4F010000 		.4byte	.LASF17
 402 00c1 01       		.byte	0x1
 403 00c2 21       		.byte	0x21
 404 00c3 00000000 		.4byte	.LFB0
 405 00c7 08000000 		.4byte	.LFE0-.LFB0
 406 00cb 01       		.uleb128 0x1
 407 00cc 9C       		.byte	0x9c
 408 00cd 06       		.uleb128 0x6
 409 00ce B2010000 		.4byte	.LASF18
 410 00d2 01       		.byte	0x1
 411 00d3 36       		.byte	0x36
 412 00d4 00000000 		.4byte	.LFB1
 413 00d8 08000000 		.4byte	.LFE1-.LFB1
 414 00dc 01       		.uleb128 0x1
 415 00dd 9C       		.byte	0x9c
 416 00de 07       		.uleb128 0x7
 417 00df 32020000 		.4byte	.LASF32
 418 00e3 01       		.byte	0x1
 419 00e4 54       		.byte	0x54
 420 00e5 98000000 		.4byte	0x98
 421 00e9 00000000 		.4byte	.LFB2
 422 00ed 74010000 		.4byte	.LFE2-.LFB2
 423 00f1 01       		.uleb128 0x1
 424 00f2 9C       		.byte	0x9c
 425 00f3 95010000 		.4byte	0x195
 426 00f7 08       		.uleb128 0x8
 427 00f8 0C000000 		.4byte	.LASF19
 428 00fc 01       		.byte	0x1
 429 00fd 54       		.byte	0x54
 430 00fe 95010000 		.4byte	0x195
 431 0102 03       		.uleb128 0x3
 432 0103 91       		.byte	0x91
 433 0104 D47E     		.sleb128 -172
 434 0106 08       		.uleb128 0x8
 435 0107 00020000 		.4byte	.LASF20
 436 010b 01       		.byte	0x1
 437 010c 54       		.byte	0x54
 438 010d 95010000 		.4byte	0x195
 439 0111 03       		.uleb128 0x3
ARM GAS  C:\Users\Joseph\AppData\Local\Temp\ccc28icN.s 			page 12


 440 0112 91       		.byte	0x91
 441 0113 D07E     		.sleb128 -176
 442 0115 08       		.uleb128 0x8
 443 0116 73000000 		.4byte	.LASF21
 444 011a 01       		.byte	0x1
 445 011b 54       		.byte	0x54
 446 011c 77000000 		.4byte	0x77
 447 0120 03       		.uleb128 0x3
 448 0121 91       		.byte	0x91
 449 0122 CC7E     		.sleb128 -180
 450 0124 09       		.uleb128 0x9
 451 0125 00000000 		.4byte	.LASF22
 452 0129 01       		.byte	0x1
 453 012a 57       		.byte	0x57
 454 012b A0010000 		.4byte	0x1a0
 455 012f 03       		.uleb128 0x3
 456 0130 91       		.byte	0x91
 457 0131 DC7E     		.sleb128 -164
 458 0133 09       		.uleb128 0x9
 459 0134 6B000000 		.4byte	.LASF23
 460 0138 01       		.byte	0x1
 461 0139 58       		.byte	0x58
 462 013a 77000000 		.4byte	0x77
 463 013e 02       		.uleb128 0x2
 464 013f 91       		.byte	0x91
 465 0140 5C       		.sleb128 -36
 466 0141 09       		.uleb128 0x9
 467 0142 BE010000 		.4byte	.LASF24
 468 0146 01       		.byte	0x1
 469 0147 59       		.byte	0x59
 470 0148 77000000 		.4byte	0x77
 471 014c 02       		.uleb128 0x2
 472 014d 91       		.byte	0x91
 473 014e 74       		.sleb128 -12
 474 014f 09       		.uleb128 0x9
 475 0150 7D000000 		.4byte	.LASF25
 476 0154 01       		.byte	0x1
 477 0155 5A       		.byte	0x5a
 478 0156 77000000 		.4byte	0x77
 479 015a 02       		.uleb128 0x2
 480 015b 91       		.byte	0x91
 481 015c 70       		.sleb128 -16
 482 015d 09       		.uleb128 0x9
 483 015e 26000000 		.4byte	.LASF26
 484 0162 01       		.byte	0x1
 485 0163 5B       		.byte	0x5b
 486 0164 77000000 		.4byte	0x77
 487 0168 02       		.uleb128 0x2
 488 0169 91       		.byte	0x91
 489 016a 6C       		.sleb128 -20
 490 016b 0A       		.uleb128 0xa
 491 016c 726300   		.ascii	"rc\000"
 492 016f 01       		.byte	0x1
 493 0170 5C       		.byte	0x5c
 494 0171 98000000 		.4byte	0x98
 495 0175 02       		.uleb128 0x2
 496 0176 91       		.byte	0x91
ARM GAS  C:\Users\Joseph\AppData\Local\Temp\ccc28icN.s 			page 13


 497 0177 68       		.sleb128 -24
 498 0178 09       		.uleb128 0x9
 499 0179 1D020000 		.4byte	.LASF27
 500 017d 01       		.byte	0x1
 501 017e 5D       		.byte	0x5d
 502 017f 77000000 		.4byte	0x77
 503 0183 02       		.uleb128 0x2
 504 0184 91       		.byte	0x91
 505 0185 60       		.sleb128 -32
 506 0186 09       		.uleb128 0x9
 507 0187 2F000000 		.4byte	.LASF28
 508 018b 01       		.byte	0x1
 509 018c 5E       		.byte	0x5e
 510 018d 77000000 		.4byte	0x77
 511 0191 02       		.uleb128 0x2
 512 0192 91       		.byte	0x91
 513 0193 64       		.sleb128 -28
 514 0194 00       		.byte	0
 515 0195 0B       		.uleb128 0xb
 516 0196 04       		.byte	0x4
 517 0197 9B010000 		.4byte	0x19b
 518 019b 0C       		.uleb128 0xc
 519 019c 6B000000 		.4byte	0x6b
 520 01a0 0D       		.uleb128 0xd
 521 01a1 6B000000 		.4byte	0x6b
 522 01a5 0E       		.uleb128 0xe
 523 01a6 B5000000 		.4byte	0xb5
 524 01aa 7F       		.byte	0x7f
 525 01ab 00       		.byte	0
 526 01ac 00       		.byte	0
 527              		.section	.debug_abbrev,"",%progbits
 528              	.Ldebug_abbrev0:
 529 0000 01       		.uleb128 0x1
 530 0001 11       		.uleb128 0x11
 531 0002 01       		.byte	0x1
 532 0003 25       		.uleb128 0x25
 533 0004 0E       		.uleb128 0xe
 534 0005 13       		.uleb128 0x13
 535 0006 0B       		.uleb128 0xb
 536 0007 03       		.uleb128 0x3
 537 0008 0E       		.uleb128 0xe
 538 0009 1B       		.uleb128 0x1b
 539 000a 0E       		.uleb128 0xe
 540 000b 55       		.uleb128 0x55
 541 000c 17       		.uleb128 0x17
 542 000d 11       		.uleb128 0x11
 543 000e 01       		.uleb128 0x1
 544 000f 10       		.uleb128 0x10
 545 0010 17       		.uleb128 0x17
 546 0011 00       		.byte	0
 547 0012 00       		.byte	0
 548 0013 02       		.uleb128 0x2
 549 0014 24       		.uleb128 0x24
 550 0015 00       		.byte	0
 551 0016 0B       		.uleb128 0xb
 552 0017 0B       		.uleb128 0xb
 553 0018 3E       		.uleb128 0x3e
ARM GAS  C:\Users\Joseph\AppData\Local\Temp\ccc28icN.s 			page 14


 554 0019 0B       		.uleb128 0xb
 555 001a 03       		.uleb128 0x3
 556 001b 0E       		.uleb128 0xe
 557 001c 00       		.byte	0
 558 001d 00       		.byte	0
 559 001e 03       		.uleb128 0x3
 560 001f 24       		.uleb128 0x24
 561 0020 00       		.byte	0
 562 0021 0B       		.uleb128 0xb
 563 0022 0B       		.uleb128 0xb
 564 0023 3E       		.uleb128 0x3e
 565 0024 0B       		.uleb128 0xb
 566 0025 03       		.uleb128 0x3
 567 0026 08       		.uleb128 0x8
 568 0027 00       		.byte	0
 569 0028 00       		.byte	0
 570 0029 04       		.uleb128 0x4
 571 002a 16       		.uleb128 0x16
 572 002b 00       		.byte	0
 573 002c 03       		.uleb128 0x3
 574 002d 0E       		.uleb128 0xe
 575 002e 3A       		.uleb128 0x3a
 576 002f 0B       		.uleb128 0xb
 577 0030 3B       		.uleb128 0x3b
 578 0031 05       		.uleb128 0x5
 579 0032 49       		.uleb128 0x49
 580 0033 13       		.uleb128 0x13
 581 0034 00       		.byte	0
 582 0035 00       		.byte	0
 583 0036 05       		.uleb128 0x5
 584 0037 35       		.uleb128 0x35
 585 0038 00       		.byte	0
 586 0039 49       		.uleb128 0x49
 587 003a 13       		.uleb128 0x13
 588 003b 00       		.byte	0
 589 003c 00       		.byte	0
 590 003d 06       		.uleb128 0x6
 591 003e 2E       		.uleb128 0x2e
 592 003f 00       		.byte	0
 593 0040 3F       		.uleb128 0x3f
 594 0041 19       		.uleb128 0x19
 595 0042 03       		.uleb128 0x3
 596 0043 0E       		.uleb128 0xe
 597 0044 3A       		.uleb128 0x3a
 598 0045 0B       		.uleb128 0xb
 599 0046 3B       		.uleb128 0x3b
 600 0047 0B       		.uleb128 0xb
 601 0048 27       		.uleb128 0x27
 602 0049 19       		.uleb128 0x19
 603 004a 11       		.uleb128 0x11
 604 004b 01       		.uleb128 0x1
 605 004c 12       		.uleb128 0x12
 606 004d 06       		.uleb128 0x6
 607 004e 40       		.uleb128 0x40
 608 004f 18       		.uleb128 0x18
 609 0050 9742     		.uleb128 0x2117
 610 0052 19       		.uleb128 0x19
ARM GAS  C:\Users\Joseph\AppData\Local\Temp\ccc28icN.s 			page 15


 611 0053 00       		.byte	0
 612 0054 00       		.byte	0
 613 0055 07       		.uleb128 0x7
 614 0056 2E       		.uleb128 0x2e
 615 0057 01       		.byte	0x1
 616 0058 3F       		.uleb128 0x3f
 617 0059 19       		.uleb128 0x19
 618 005a 03       		.uleb128 0x3
 619 005b 0E       		.uleb128 0xe
 620 005c 3A       		.uleb128 0x3a
 621 005d 0B       		.uleb128 0xb
 622 005e 3B       		.uleb128 0x3b
 623 005f 0B       		.uleb128 0xb
 624 0060 27       		.uleb128 0x27
 625 0061 19       		.uleb128 0x19
 626 0062 49       		.uleb128 0x49
 627 0063 13       		.uleb128 0x13
 628 0064 11       		.uleb128 0x11
 629 0065 01       		.uleb128 0x1
 630 0066 12       		.uleb128 0x12
 631 0067 06       		.uleb128 0x6
 632 0068 40       		.uleb128 0x40
 633 0069 18       		.uleb128 0x18
 634 006a 9642     		.uleb128 0x2116
 635 006c 19       		.uleb128 0x19
 636 006d 01       		.uleb128 0x1
 637 006e 13       		.uleb128 0x13
 638 006f 00       		.byte	0
 639 0070 00       		.byte	0
 640 0071 08       		.uleb128 0x8
 641 0072 05       		.uleb128 0x5
 642 0073 00       		.byte	0
 643 0074 03       		.uleb128 0x3
 644 0075 0E       		.uleb128 0xe
 645 0076 3A       		.uleb128 0x3a
 646 0077 0B       		.uleb128 0xb
 647 0078 3B       		.uleb128 0x3b
 648 0079 0B       		.uleb128 0xb
 649 007a 49       		.uleb128 0x49
 650 007b 13       		.uleb128 0x13
 651 007c 02       		.uleb128 0x2
 652 007d 18       		.uleb128 0x18
 653 007e 00       		.byte	0
 654 007f 00       		.byte	0
 655 0080 09       		.uleb128 0x9
 656 0081 34       		.uleb128 0x34
 657 0082 00       		.byte	0
 658 0083 03       		.uleb128 0x3
 659 0084 0E       		.uleb128 0xe
 660 0085 3A       		.uleb128 0x3a
 661 0086 0B       		.uleb128 0xb
 662 0087 3B       		.uleb128 0x3b
 663 0088 0B       		.uleb128 0xb
 664 0089 49       		.uleb128 0x49
 665 008a 13       		.uleb128 0x13
 666 008b 02       		.uleb128 0x2
 667 008c 18       		.uleb128 0x18
ARM GAS  C:\Users\Joseph\AppData\Local\Temp\ccc28icN.s 			page 16


 668 008d 00       		.byte	0
 669 008e 00       		.byte	0
 670 008f 0A       		.uleb128 0xa
 671 0090 34       		.uleb128 0x34
 672 0091 00       		.byte	0
 673 0092 03       		.uleb128 0x3
 674 0093 08       		.uleb128 0x8
 675 0094 3A       		.uleb128 0x3a
 676 0095 0B       		.uleb128 0xb
 677 0096 3B       		.uleb128 0x3b
 678 0097 0B       		.uleb128 0xb
 679 0098 49       		.uleb128 0x49
 680 0099 13       		.uleb128 0x13
 681 009a 02       		.uleb128 0x2
 682 009b 18       		.uleb128 0x18
 683 009c 00       		.byte	0
 684 009d 00       		.byte	0
 685 009e 0B       		.uleb128 0xb
 686 009f 0F       		.uleb128 0xf
 687 00a0 00       		.byte	0
 688 00a1 0B       		.uleb128 0xb
 689 00a2 0B       		.uleb128 0xb
 690 00a3 49       		.uleb128 0x49
 691 00a4 13       		.uleb128 0x13
 692 00a5 00       		.byte	0
 693 00a6 00       		.byte	0
 694 00a7 0C       		.uleb128 0xc
 695 00a8 26       		.uleb128 0x26
 696 00a9 00       		.byte	0
 697 00aa 49       		.uleb128 0x49
 698 00ab 13       		.uleb128 0x13
 699 00ac 00       		.byte	0
 700 00ad 00       		.byte	0
 701 00ae 0D       		.uleb128 0xd
 702 00af 01       		.uleb128 0x1
 703 00b0 01       		.byte	0x1
 704 00b1 49       		.uleb128 0x49
 705 00b2 13       		.uleb128 0x13
 706 00b3 00       		.byte	0
 707 00b4 00       		.byte	0
 708 00b5 0E       		.uleb128 0xe
 709 00b6 21       		.uleb128 0x21
 710 00b7 00       		.byte	0
 711 00b8 49       		.uleb128 0x49
 712 00b9 13       		.uleb128 0x13
 713 00ba 2F       		.uleb128 0x2f
 714 00bb 0B       		.uleb128 0xb
 715 00bc 00       		.byte	0
 716 00bd 00       		.byte	0
 717 00be 00       		.byte	0
 718              		.section	.debug_aranges,"",%progbits
 719 0000 2C000000 		.4byte	0x2c
 720 0004 0200     		.2byte	0x2
 721 0006 00000000 		.4byte	.Ldebug_info0
 722 000a 04       		.byte	0x4
 723 000b 00       		.byte	0
 724 000c 0000     		.2byte	0
ARM GAS  C:\Users\Joseph\AppData\Local\Temp\ccc28icN.s 			page 17


 725 000e 0000     		.2byte	0
 726 0010 00000000 		.4byte	.LFB0
 727 0014 08000000 		.4byte	.LFE0-.LFB0
 728 0018 00000000 		.4byte	.LFB1
 729 001c 08000000 		.4byte	.LFE1-.LFB1
 730 0020 00000000 		.4byte	.LFB2
 731 0024 74010000 		.4byte	.LFE2-.LFB2
 732 0028 00000000 		.4byte	0
 733 002c 00000000 		.4byte	0
 734              		.section	.debug_ranges,"",%progbits
 735              	.Ldebug_ranges0:
 736 0000 00000000 		.4byte	.LFB0
 737 0004 08000000 		.4byte	.LFE0
 738 0008 00000000 		.4byte	.LFB1
 739 000c 08000000 		.4byte	.LFE1
 740 0010 00000000 		.4byte	.LFB2
 741 0014 74010000 		.4byte	.LFE2
 742 0018 00000000 		.4byte	0
 743 001c 00000000 		.4byte	0
 744              		.section	.debug_line,"",%progbits
 745              	.Ldebug_line0:
 746 0000 C2000000 		.section	.debug_str,"MS",%progbits,1
 746      02004300 
 746      00000201 
 746      FB0E0D00 
 746      01010101 
 747              	.LASF22:
 748 0000 77726974 		.ascii	"writeBuffer\000"
 748      65427566 
 748      66657200 
 749              	.LASF19:
 750 000c 73726342 		.ascii	"srcBuf\000"
 750      756600
 751              	.LASF3:
 752 0013 73686F72 		.ascii	"short unsigned int\000"
 752      7420756E 
 752      7369676E 
 752      65642069 
 752      6E7400
 753              	.LASF26:
 754 0026 73726349 		.ascii	"srcIndex\000"
 754      6E646578 
 754      00
 755              	.LASF28:
 756 002f 62797465 		.ascii	"byteOffset\000"
 756      4F666673 
 756      657400
 757              	.LASF11:
 758 003a 666C6F61 		.ascii	"float\000"
 758      7400
 759              	.LASF1:
 760 0040 756E7369 		.ascii	"unsigned char\000"
 760      676E6564 
 760      20636861 
 760      7200
 761              	.LASF15:
 762 004e 72656738 		.ascii	"reg8\000"
ARM GAS  C:\Users\Joseph\AppData\Local\Temp\ccc28icN.s 			page 18


 762      00
 763              	.LASF5:
 764 0053 6C6F6E67 		.ascii	"long unsigned int\000"
 764      20756E73 
 764      69676E65 
 764      6420696E 
 764      7400
 765              	.LASF9:
 766 0065 75696E74 		.ascii	"uint8\000"
 766      3800
 767              	.LASF23:
 768 006b 61727261 		.ascii	"arrayId\000"
 768      79496400 
 769              	.LASF21:
 770 0073 62797465 		.ascii	"byteCount\000"
 770      436F756E 
 770      7400
 771              	.LASF25:
 772 007d 64737449 		.ascii	"dstIndex\000"
 772      6E646578 
 772      00
 773              	.LASF12:
 774 0086 646F7562 		.ascii	"double\000"
 774      6C6500
 775              	.LASF29:
 776 008d 474E5520 		.ascii	"GNU C 4.9.3 20150303 (release) [ARM/embedded-4_9-br"
 776      4320342E 
 776      392E3320 
 776      32303135 
 776      30333033 
 777 00c0 616E6368 		.ascii	"anch revision 221220] -mcpu=cortex-m0 -mthumb -g -O"
 777      20726576 
 777      6973696F 
 777      6E203232 
 777      31323230 
 778 00f3 30202D66 		.ascii	"0 -ffunction-sections -ffat-lto-objects\000"
 778      66756E63 
 778      74696F6E 
 778      2D736563 
 778      74696F6E 
 779              	.LASF14:
 780 011b 63797374 		.ascii	"cystatus\000"
 780      61747573 
 780      00
 781              	.LASF10:
 782 0124 75696E74 		.ascii	"uint32\000"
 782      333200
 783              	.LASF8:
 784 012b 756E7369 		.ascii	"unsigned int\000"
 784      676E6564 
 784      20696E74 
 784      00
 785              	.LASF7:
 786 0138 6C6F6E67 		.ascii	"long long unsigned int\000"
 786      206C6F6E 
 786      6720756E 
 786      7369676E 
ARM GAS  C:\Users\Joseph\AppData\Local\Temp\ccc28icN.s 			page 19


 786      65642069 
 787              	.LASF17:
 788 014f 65657072 		.ascii	"eeprom_Start\000"
 788      6F6D5F53 
 788      74617274 
 788      00
 789              	.LASF31:
 790 015c 433A5C55 		.ascii	"C:\\Users\\Joseph\\Documents\\CY8CKIT-049-42xx\\1.0"
 790      73657273 
 790      5C4A6F73 
 790      6570685C 
 790      446F6375 
 791 018a 5C466972 		.ascii	"\\Firmware\\SCB_Bootloader\\Design02.cydsn\000"
 791      6D776172 
 791      655C5343 
 791      425F426F 
 791      6F746C6F 
 792              	.LASF18:
 793 01b2 65657072 		.ascii	"eeprom_Stop\000"
 793      6F6D5F53 
 793      746F7000 
 794              	.LASF24:
 795 01be 726F7749 		.ascii	"rowId\000"
 795      6400
 796              	.LASF16:
 797 01c4 73697A65 		.ascii	"sizetype\000"
 797      74797065 
 797      00
 798              	.LASF6:
 799 01cd 6C6F6E67 		.ascii	"long long int\000"
 799      206C6F6E 
 799      6720696E 
 799      7400
 800              	.LASF30:
 801 01db 47656E65 		.ascii	"Generated_Source\\PSoC4\\eeprom.c\000"
 801      72617465 
 801      645F536F 
 801      75726365 
 801      5C50536F 
 802              	.LASF13:
 803 01fb 63686172 		.ascii	"char\000"
 803      00
 804              	.LASF20:
 805 0200 65657072 		.ascii	"eepromPtr\000"
 805      6F6D5074 
 805      7200
 806              	.LASF2:
 807 020a 73686F72 		.ascii	"short int\000"
 807      7420696E 
 807      7400
 808              	.LASF4:
 809 0214 6C6F6E67 		.ascii	"long int\000"
 809      20696E74 
 809      00
 810              	.LASF27:
 811 021d 65654F66 		.ascii	"eeOffset\000"
 811      66736574 
ARM GAS  C:\Users\Joseph\AppData\Local\Temp\ccc28icN.s 			page 20


 811      00
 812              	.LASF0:
 813 0226 7369676E 		.ascii	"signed char\000"
 813      65642063 
 813      68617200 
 814              	.LASF32:
 815 0232 65657072 		.ascii	"eeprom_Write\000"
 815      6F6D5F57 
 815      72697465 
 815      00
 816              		.ident	"GCC: (GNU Tools for ARM Embedded Processors) 4.9.3 20150303 (release) [ARM/embedded-4_9-br
