ARM GAS  C:\Users\Joseph\AppData\Local\Temp\ccNo6loK.s 			page 1


   1              		.cpu cortex-m0
   2              		.fpu softvfp
   3              		.eabi_attribute 20, 1
   4              		.eabi_attribute 21, 1
   5              		.eabi_attribute 23, 3
   6              		.eabi_attribute 24, 1
   7              		.eabi_attribute 25, 1
   8              		.eabi_attribute 26, 1
   9              		.eabi_attribute 30, 6
  10              		.eabi_attribute 34, 0
  11              		.eabi_attribute 18, 4
  12              		.code	16
  13              		.file	"i2cClock.c"
  14              		.text
  15              	.Ltext0:
  16              		.cfi_sections	.debug_frame
  17              		.section	.text.readReg,"ax",%progbits
  18              		.align	2
  19              		.global	readReg
  20              		.code	16
  21              		.thumb_func
  22              		.type	readReg, %function
  23              	readReg:
  24              	.LFB34:
  25              		.file 1 "i2cClock.c"
   1:i2cClock.c    **** /* ========================================
   2:i2cClock.c    ****  *
   3:i2cClock.c    ****  * Copyright YOUR COMPANY, THE YEAR
   4:i2cClock.c    ****  * All Rights Reserved
   5:i2cClock.c    ****  * UNPUBLISHED, LICENSED SOFTWARE.
   6:i2cClock.c    ****  *
   7:i2cClock.c    ****  * CONFIDENTIAL AND PROPRIETARY INFORMATION
   8:i2cClock.c    ****  * WHICH IS THE PROPERTY OF your company.
   9:i2cClock.c    ****  *
  10:i2cClock.c    ****  * ========================================
  11:i2cClock.c    **** */
  12:i2cClock.c    **** #include <i2cClock.h>
  13:i2cClock.c    **** 
  14:i2cClock.c    **** 
  15:i2cClock.c    **** 
  16:i2cClock.c    **** uint8 readReg(uint8 Reg){
  26              		.loc 1 16 0
  27              		.cfi_startproc
  28 0000 80B5     		push	{r7, lr}
  29              		.cfi_def_cfa_offset 8
  30              		.cfi_offset 7, -8
  31              		.cfi_offset 14, -4
  32 0002 84B0     		sub	sp, sp, #16
  33              		.cfi_def_cfa_offset 24
  34 0004 00AF     		add	r7, sp, #0
  35              		.cfi_def_cfa_register 7
  36 0006 021C     		mov	r2, r0
  37 0008 FB1D     		add	r3, r7, #7
  38 000a 1A70     		strb	r2, [r3]
  17:i2cClock.c    ****     
  18:i2cClock.c    **** // write register adress to slave adress
  19:i2cClock.c    **** // use MasterReadBuff to store contents of register in read buffer
ARM GAS  C:\Users\Joseph\AppData\Local\Temp\ccNo6loK.s 			page 2


  20:i2cClock.c    ****     
  21:i2cClock.c    ****     uint8 writeBuffer[1] = {0}; 
  39              		.loc 1 21 0
  40 000c 0C23     		mov	r3, #12
  41 000e FB18     		add	r3, r7, r3
  42 0010 0022     		mov	r2, #0
  43 0012 1A70     		strb	r2, [r3]
  22:i2cClock.c    ****     writeBuffer[0] = Reg;               
  44              		.loc 1 22 0
  45 0014 0C23     		mov	r3, #12
  46 0016 FB18     		add	r3, r7, r3
  47 0018 FA1D     		add	r2, r7, #7
  48 001a 1278     		ldrb	r2, [r2]
  49 001c 1A70     		strb	r2, [r3]
  23:i2cClock.c    ****     // put register address into write buffer
  24:i2cClock.c    **** 
  25:i2cClock.c    ****     uint8 readBuffer[1] = {0};
  50              		.loc 1 25 0
  51 001e 0823     		mov	r3, #8
  52 0020 FB18     		add	r3, r7, r3
  53 0022 0022     		mov	r2, #0
  54 0024 1A70     		strb	r2, [r3]
  26:i2cClock.c    **** 
  27:i2cClock.c    ****     I2C_I2CMasterWriteBuf(CLOCK_ADDR, (uint8 *)writeBuffer,1, I2C_I2C_MODE_NO_STOP);
  55              		.loc 1 27 0
  56 0026 0C23     		mov	r3, #12
  57 0028 FB18     		add	r3, r7, r3
  58 002a 6820     		mov	r0, #104
  59 002c 191C     		mov	r1, r3
  60 002e 0122     		mov	r2, #1
  61 0030 0223     		mov	r3, #2
  62 0032 FFF7FEFF 		bl	I2C_I2CMasterWriteBuf
  28:i2cClock.c    ****     //send register adress to slave at clock adress
  29:i2cClock.c    ****     
  30:i2cClock.c    ****     while((I2C_I2CMasterStatus() & I2C_I2C_MSTAT_WR_CMPLT)==0){}
  63              		.loc 1 30 0
  64 0036 C046     		mov	r8, r8
  65              	.L2:
  66              		.loc 1 30 0 is_stmt 0 discriminator 1
  67 0038 FFF7FEFF 		bl	I2C_I2CMasterStatus
  68 003c 021C     		mov	r2, r0
  69 003e 0223     		mov	r3, #2
  70 0040 1340     		and	r3, r2
  71 0042 F9D0     		beq	.L2
  31:i2cClock.c    ****     // wait until transfer is done
  32:i2cClock.c    **** 
  33:i2cClock.c    ****     I2C_I2CMasterReadBuf(CLOCK_ADDR,(uint8 *)readBuffer,1,I2C_I2C_MODE_REPEAT_START);
  72              		.loc 1 33 0 is_stmt 1
  73 0044 0823     		mov	r3, #8
  74 0046 FB18     		add	r3, r7, r3
  75 0048 6820     		mov	r0, #104
  76 004a 191C     		mov	r1, r3
  77 004c 0122     		mov	r2, #1
  78 004e 0123     		mov	r3, #1
  79 0050 FFF7FEFF 		bl	I2C_I2CMasterReadBuf
  34:i2cClock.c    ****     // read contents of register
  35:i2cClock.c    ****     
ARM GAS  C:\Users\Joseph\AppData\Local\Temp\ccNo6loK.s 			page 3


  36:i2cClock.c    ****     while((I2C_I2CMasterStatus() & I2C_I2C_MSTAT_RD_CMPLT)==0){}
  80              		.loc 1 36 0
  81 0054 C046     		mov	r8, r8
  82              	.L3:
  83              		.loc 1 36 0 is_stmt 0 discriminator 1
  84 0056 FFF7FEFF 		bl	I2C_I2CMasterStatus
  85 005a 021C     		mov	r2, r0
  86 005c 0123     		mov	r3, #1
  87 005e 1340     		and	r3, r2
  88 0060 F9D0     		beq	.L3
  37:i2cClock.c    ****     // wait until read is done
  38:i2cClock.c    ****     
  39:i2cClock.c    ****     return readBuffer[0];
  89              		.loc 1 39 0 is_stmt 1
  90 0062 0823     		mov	r3, #8
  91 0064 FB18     		add	r3, r7, r3
  92 0066 1B78     		ldrb	r3, [r3]
  40:i2cClock.c    **** 
  41:i2cClock.c    **** }
  93              		.loc 1 41 0
  94 0068 181C     		mov	r0, r3
  95 006a BD46     		mov	sp, r7
  96 006c 04B0     		add	sp, sp, #16
  97              		@ sp needed
  98 006e 80BD     		pop	{r7, pc}
  99              		.cfi_endproc
 100              	.LFE34:
 101              		.size	readReg, .-readReg
 102              		.section	.text.writeReg,"ax",%progbits
 103              		.align	2
 104              		.global	writeReg
 105              		.code	16
 106              		.thumb_func
 107              		.type	writeReg, %function
 108              	writeReg:
 109              	.LFB35:
  42:i2cClock.c    **** 
  43:i2cClock.c    **** void writeReg(uint8 Reg, uint8 value){
 110              		.loc 1 43 0
 111              		.cfi_startproc
 112 0000 80B5     		push	{r7, lr}
 113              		.cfi_def_cfa_offset 8
 114              		.cfi_offset 7, -8
 115              		.cfi_offset 14, -4
 116 0002 84B0     		sub	sp, sp, #16
 117              		.cfi_def_cfa_offset 24
 118 0004 00AF     		add	r7, sp, #0
 119              		.cfi_def_cfa_register 7
 120 0006 021C     		mov	r2, r0
 121 0008 FB1D     		add	r3, r7, #7
 122 000a 1A70     		strb	r2, [r3]
 123 000c BB1D     		add	r3, r7, #6
 124 000e 0A1C     		add	r2, r1, #0
 125 0010 1A70     		strb	r2, [r3]
  44:i2cClock.c    ****     
  45:i2cClock.c    **** // first write register address to slave, then write value
  46:i2cClock.c    ****     
ARM GAS  C:\Users\Joseph\AppData\Local\Temp\ccNo6loK.s 			page 4


  47:i2cClock.c    ****     uint8  writeBuffer[2];
  48:i2cClock.c    ****     
  49:i2cClock.c    ****     writeBuffer[0] = Reg; 
 126              		.loc 1 49 0
 127 0012 0C23     		mov	r3, #12
 128 0014 FB18     		add	r3, r7, r3
 129 0016 FA1D     		add	r2, r7, #7
 130 0018 1278     		ldrb	r2, [r2]
 131 001a 1A70     		strb	r2, [r3]
  50:i2cClock.c    ****     writeBuffer[1] = value;   
 132              		.loc 1 50 0
 133 001c 0C23     		mov	r3, #12
 134 001e FB18     		add	r3, r7, r3
 135 0020 BA1D     		add	r2, r7, #6
 136 0022 1278     		ldrb	r2, [r2]
 137 0024 5A70     		strb	r2, [r3, #1]
  51:i2cClock.c    ****     
  52:i2cClock.c    ****     I2C_I2CMasterWriteBuf(CLOCK_ADDR, (uint8 *)writeBuffer, 2, I2C_I2C_MODE_COMPLETE_XFER);
 138              		.loc 1 52 0
 139 0026 0C23     		mov	r3, #12
 140 0028 FB18     		add	r3, r7, r3
 141 002a 6820     		mov	r0, #104
 142 002c 191C     		mov	r1, r3
 143 002e 0222     		mov	r2, #2
 144 0030 0023     		mov	r3, #0
 145 0032 FFF7FEFF 		bl	I2C_I2CMasterWriteBuf
  53:i2cClock.c    ****     // write values
  54:i2cClock.c    ****     
  55:i2cClock.c    ****     while((I2C_I2CMasterStatus() & I2C_I2C_MSTAT_WR_CMPLT)==0){}
 146              		.loc 1 55 0
 147 0036 C046     		mov	r8, r8
 148              	.L6:
 149              		.loc 1 55 0 is_stmt 0 discriminator 1
 150 0038 FFF7FEFF 		bl	I2C_I2CMasterStatus
 151 003c 021C     		mov	r2, r0
 152 003e 0223     		mov	r3, #2
 153 0040 1340     		and	r3, r2
 154 0042 F9D0     		beq	.L6
  56:i2cClock.c    ****     // wait until write is complete
  57:i2cClock.c    **** 
  58:i2cClock.c    **** }
 155              		.loc 1 58 0 is_stmt 1
 156 0044 BD46     		mov	sp, r7
 157 0046 04B0     		add	sp, sp, #16
 158              		@ sp needed
 159 0048 80BD     		pop	{r7, pc}
 160              		.cfi_endproc
 161              	.LFE35:
 162              		.size	writeReg, .-writeReg
 163 004a C046     		.section	.text.writeMultiReg,"ax",%progbits
 164              		.align	2
 165              		.global	writeMultiReg
 166              		.code	16
 167              		.thumb_func
 168              		.type	writeMultiReg, %function
 169              	writeMultiReg:
 170              	.LFB36:
ARM GAS  C:\Users\Joseph\AppData\Local\Temp\ccNo6loK.s 			page 5


  59:i2cClock.c    **** 
  60:i2cClock.c    **** void    writeMultiReg(uint8 startReg, uint8 values[], uint8 n){
 171              		.loc 1 60 0
 172              		.cfi_startproc
 173 0000 F0B5     		push	{r4, r5, r6, r7, lr}
 174              		.cfi_def_cfa_offset 20
 175              		.cfi_offset 4, -20
 176              		.cfi_offset 5, -16
 177              		.cfi_offset 6, -12
 178              		.cfi_offset 7, -8
 179              		.cfi_offset 14, -4
 180 0002 8DB0     		sub	sp, sp, #52
 181              		.cfi_def_cfa_offset 72
 182 0004 00AF     		add	r7, sp, #0
 183              		.cfi_def_cfa_register 7
 184 0006 7860     		str	r0, [r7, #4]
 185 0008 B961     		str	r1, [r7, #24]
 186 000a 101C     		mov	r0, r2
 187 000c 1F22     		mov	r2, #31
 188 000e BA18     		add	r2, r7, r2
 189 0010 3979     		ldrb	r1, [r7, #4]
 190 0012 1170     		strb	r1, [r2]
 191 0014 1E22     		mov	r2, #30
 192 0016 BA18     		add	r2, r7, r2
 193 0018 011C     		add	r1, r0, #0
 194 001a 1170     		strb	r1, [r2]
 195 001c 6A46     		mov	r2, sp
 196 001e 7A60     		str	r2, [r7, #4]
  61:i2cClock.c    ****     
  62:i2cClock.c    **** // first write register address to slave, then write value
  63:i2cClock.c    ****     
  64:i2cClock.c    ****     uint8  writeBuffer[n+1];
 197              		.loc 1 64 0
 198 0020 1E22     		mov	r2, #30
 199 0022 BA18     		add	r2, r7, r2
 200 0024 1278     		ldrb	r2, [r2]
 201 0026 0132     		add	r2, r2, #1
 202 0028 511E     		sub	r1, r2, #1
 203 002a B962     		str	r1, [r7, #40]
 204 002c 111C     		mov	r1, r2
 205 002e 3961     		str	r1, [r7, #16]
 206 0030 0021     		mov	r1, #0
 207 0032 7961     		str	r1, [r7, #20]
 208 0034 3969     		ldr	r1, [r7, #16]
 209 0036 490F     		lsr	r1, r1, #29
 210 0038 7869     		ldr	r0, [r7, #20]
 211 003a C600     		lsl	r6, r0, #3
 212 003c 0E43     		orr	r6, r1
 213 003e 3969     		ldr	r1, [r7, #16]
 214 0040 CD00     		lsl	r5, r1, #3
 215 0042 111C     		mov	r1, r2
 216 0044 B960     		str	r1, [r7, #8]
 217 0046 0021     		mov	r1, #0
 218 0048 F960     		str	r1, [r7, #12]
 219 004a BD68     		ldr	r5, [r7, #8]
 220 004c FE68     		ldr	r6, [r7, #12]
 221 004e 291C     		mov	r1, r5
ARM GAS  C:\Users\Joseph\AppData\Local\Temp\ccNo6loK.s 			page 6


 222 0050 490F     		lsr	r1, r1, #29
 223 0052 301C     		mov	r0, r6
 224 0054 C400     		lsl	r4, r0, #3
 225 0056 0C43     		orr	r4, r1
 226 0058 291C     		mov	r1, r5
 227 005a CB00     		lsl	r3, r1, #3
 228 005c 131C     		mov	r3, r2
 229 005e 0733     		add	r3, r3, #7
 230 0060 DB08     		lsr	r3, r3, #3
 231 0062 DB00     		lsl	r3, r3, #3
 232 0064 6A46     		mov	r2, sp
 233 0066 D31A     		sub	r3, r2, r3
 234 0068 9D46     		mov	sp, r3
 235 006a 6B46     		mov	r3, sp
 236 006c 0033     		add	r3, r3, #0
 237 006e 7B62     		str	r3, [r7, #36]
  65:i2cClock.c    ****     writeBuffer[0] = startReg;
 238              		.loc 1 65 0
 239 0070 7B6A     		ldr	r3, [r7, #36]
 240 0072 1F22     		mov	r2, #31
 241 0074 BA18     		add	r2, r7, r2
 242 0076 1278     		ldrb	r2, [r2]
 243 0078 1A70     		strb	r2, [r3]
  66:i2cClock.c    ****     
  67:i2cClock.c    ****     int i = 0;
 244              		.loc 1 67 0
 245 007a 0023     		mov	r3, #0
 246 007c FB62     		str	r3, [r7, #44]
  68:i2cClock.c    ****     for(i =1; i<n+1; i++){
 247              		.loc 1 68 0
 248 007e 0123     		mov	r3, #1
 249 0080 FB62     		str	r3, [r7, #44]
 250 0082 0CE0     		b	.L8
 251              	.L9:
  69:i2cClock.c    ****     
  70:i2cClock.c    ****         writeBuffer[i] = values[i-1];
 252              		.loc 1 70 0 discriminator 3
 253 0084 FB6A     		ldr	r3, [r7, #44]
 254 0086 013B     		sub	r3, r3, #1
 255 0088 BA69     		ldr	r2, [r7, #24]
 256 008a D318     		add	r3, r2, r3
 257 008c 1978     		ldrb	r1, [r3]
 258 008e 7A6A     		ldr	r2, [r7, #36]
 259 0090 FB6A     		ldr	r3, [r7, #44]
 260 0092 D318     		add	r3, r2, r3
 261 0094 0A1C     		add	r2, r1, #0
 262 0096 1A70     		strb	r2, [r3]
  68:i2cClock.c    ****     for(i =1; i<n+1; i++){
 263              		.loc 1 68 0 discriminator 3
 264 0098 FB6A     		ldr	r3, [r7, #44]
 265 009a 0133     		add	r3, r3, #1
 266 009c FB62     		str	r3, [r7, #44]
 267              	.L8:
  68:i2cClock.c    ****     for(i =1; i<n+1; i++){
 268              		.loc 1 68 0 is_stmt 0 discriminator 1
 269 009e 1E23     		mov	r3, #30
 270 00a0 FB18     		add	r3, r7, r3
ARM GAS  C:\Users\Joseph\AppData\Local\Temp\ccNo6loK.s 			page 7


 271 00a2 1B78     		ldrb	r3, [r3]
 272 00a4 5A1C     		add	r2, r3, #1
 273 00a6 FB6A     		ldr	r3, [r7, #44]
 274 00a8 9A42     		cmp	r2, r3
 275 00aa EBDC     		bgt	.L9
  71:i2cClock.c    ****     }
  72:i2cClock.c    ****     
  73:i2cClock.c    ****     I2C_I2CMasterWriteBuf(CLOCK_ADDR, (uint8 *)writeBuffer, n+1, I2C_I2C_MODE_COMPLETE_XFER);
 276              		.loc 1 73 0 is_stmt 1
 277 00ac 7A6A     		ldr	r2, [r7, #36]
 278 00ae 1E23     		mov	r3, #30
 279 00b0 FB18     		add	r3, r7, r3
 280 00b2 1B78     		ldrb	r3, [r3]
 281 00b4 0133     		add	r3, r3, #1
 282 00b6 6820     		mov	r0, #104
 283 00b8 111C     		mov	r1, r2
 284 00ba 1A1C     		mov	r2, r3
 285 00bc 0023     		mov	r3, #0
 286 00be FFF7FEFF 		bl	I2C_I2CMasterWriteBuf
  74:i2cClock.c    ****     // write values
  75:i2cClock.c    ****     
  76:i2cClock.c    ****     while((I2C_I2CMasterStatus() & I2C_I2C_MSTAT_WR_CMPLT)){}
 287              		.loc 1 76 0
 288 00c2 C046     		mov	r8, r8
 289              	.L10:
 290              		.loc 1 76 0 is_stmt 0 discriminator 1
 291 00c4 FFF7FEFF 		bl	I2C_I2CMasterStatus
 292 00c8 021C     		mov	r2, r0
 293 00ca 0223     		mov	r3, #2
 294 00cc 1340     		and	r3, r2
 295 00ce F9D1     		bne	.L10
 296 00d0 7B68     		ldr	r3, [r7, #4]
 297 00d2 9D46     		mov	sp, r3
  77:i2cClock.c    ****     // wait until write is complete
  78:i2cClock.c    **** 
  79:i2cClock.c    **** }
 298              		.loc 1 79 0 is_stmt 1
 299 00d4 BD46     		mov	sp, r7
 300 00d6 0DB0     		add	sp, sp, #52
 301              		@ sp needed
 302 00d8 F0BD     		pop	{r4, r5, r6, r7, pc}
 303              		.cfi_endproc
 304              	.LFE36:
 305              		.size	writeMultiReg, .-writeMultiReg
 306 00da C046     		.text
 307              	.Letext0:
 308              		.file 2 "Generated_Source\\PSoC4/cytypes.h"
 309              		.section	.debug_info,"",%progbits
 310              	.Ldebug_info0:
 311 0000 AE010000 		.4byte	0x1ae
 312 0004 0400     		.2byte	0x4
 313 0006 00000000 		.4byte	.Ldebug_abbrev0
 314 000a 04       		.byte	0x4
 315 000b 01       		.uleb128 0x1
 316 000c 72000000 		.4byte	.LASF22
 317 0010 01       		.byte	0x1
 318 0011 34000000 		.4byte	.LASF23
ARM GAS  C:\Users\Joseph\AppData\Local\Temp\ccNo6loK.s 			page 8


 319 0015 40010000 		.4byte	.LASF24
 320 0019 00000000 		.4byte	.Ldebug_ranges0+0
 321 001d 00000000 		.4byte	0
 322 0021 00000000 		.4byte	.Ldebug_line0
 323 0025 02       		.uleb128 0x2
 324 0026 01       		.byte	0x1
 325 0027 06       		.byte	0x6
 326 0028 AE010000 		.4byte	.LASF0
 327 002c 02       		.uleb128 0x2
 328 002d 01       		.byte	0x1
 329 002e 08       		.byte	0x8
 330 002f 00010000 		.4byte	.LASF1
 331 0033 02       		.uleb128 0x2
 332 0034 02       		.byte	0x2
 333 0035 05       		.byte	0x5
 334 0036 C9010000 		.4byte	.LASF2
 335 003a 02       		.uleb128 0x2
 336 003b 02       		.byte	0x2
 337 003c 07       		.byte	0x7
 338 003d 9B010000 		.4byte	.LASF3
 339 0041 02       		.uleb128 0x2
 340 0042 04       		.byte	0x4
 341 0043 05       		.byte	0x5
 342 0044 1E010000 		.4byte	.LASF4
 343 0048 02       		.uleb128 0x2
 344 0049 04       		.byte	0x4
 345 004a 07       		.byte	0x7
 346 004b 27010000 		.4byte	.LASF5
 347 004f 02       		.uleb128 0x2
 348 0050 08       		.byte	0x8
 349 0051 05       		.byte	0x5
 350 0052 00000000 		.4byte	.LASF6
 351 0056 02       		.uleb128 0x2
 352 0057 08       		.byte	0x8
 353 0058 07       		.byte	0x7
 354 0059 4D000000 		.4byte	.LASF7
 355 005d 03       		.uleb128 0x3
 356 005e 04       		.byte	0x4
 357 005f 05       		.byte	0x5
 358 0060 696E7400 		.ascii	"int\000"
 359 0064 02       		.uleb128 0x2
 360 0065 04       		.byte	0x4
 361 0066 07       		.byte	0x7
 362 0067 15000000 		.4byte	.LASF8
 363 006b 04       		.uleb128 0x4
 364 006c 2E000000 		.4byte	.LASF9
 365 0070 02       		.byte	0x2
 366 0071 B901     		.2byte	0x1b9
 367 0073 2C000000 		.4byte	0x2c
 368 0077 04       		.uleb128 0x4
 369 0078 D3010000 		.4byte	.LASF10
 370 007c 02       		.byte	0x2
 371 007d BA01     		.2byte	0x1ba
 372 007f 3A000000 		.4byte	0x3a
 373 0083 02       		.uleb128 0x2
 374 0084 04       		.byte	0x4
 375 0085 04       		.byte	0x4
ARM GAS  C:\Users\Joseph\AppData\Local\Temp\ccNo6loK.s 			page 9


 376 0086 64000000 		.4byte	.LASF11
 377 008a 02       		.uleb128 0x2
 378 008b 08       		.byte	0x8
 379 008c 04       		.byte	0x4
 380 008d 39010000 		.4byte	.LASF12
 381 0091 02       		.uleb128 0x2
 382 0092 01       		.byte	0x1
 383 0093 08       		.byte	0x8
 384 0094 19010000 		.4byte	.LASF13
 385 0098 02       		.uleb128 0x2
 386 0099 04       		.byte	0x4
 387 009a 07       		.byte	0x7
 388 009b E3010000 		.4byte	.LASF14
 389 009f 05       		.uleb128 0x5
 390 00a0 04       		.byte	0x4
 391 00a1 6B000000 		.4byte	0x6b
 392 00a5 06       		.uleb128 0x6
 393 00a6 6A000000 		.4byte	.LASF25
 394 00aa 01       		.byte	0x1
 395 00ab 10       		.byte	0x10
 396 00ac 6B000000 		.4byte	0x6b
 397 00b0 00000000 		.4byte	.LFB34
 398 00b4 70000000 		.4byte	.LFE34-.LFB34
 399 00b8 01       		.uleb128 0x1
 400 00b9 9C       		.byte	0x9c
 401 00ba E9000000 		.4byte	0xe9
 402 00be 07       		.uleb128 0x7
 403 00bf 52656700 		.ascii	"Reg\000"
 404 00c3 01       		.byte	0x1
 405 00c4 10       		.byte	0x10
 406 00c5 6B000000 		.4byte	0x6b
 407 00c9 02       		.uleb128 0x2
 408 00ca 91       		.byte	0x91
 409 00cb 6F       		.sleb128 -17
 410 00cc 08       		.uleb128 0x8
 411 00cd 22000000 		.4byte	.LASF15
 412 00d1 01       		.byte	0x1
 413 00d2 15       		.byte	0x15
 414 00d3 E9000000 		.4byte	0xe9
 415 00d7 02       		.uleb128 0x2
 416 00d8 91       		.byte	0x91
 417 00d9 74       		.sleb128 -12
 418 00da 08       		.uleb128 0x8
 419 00db 0E010000 		.4byte	.LASF16
 420 00df 01       		.byte	0x1
 421 00e0 19       		.byte	0x19
 422 00e1 E9000000 		.4byte	0xe9
 423 00e5 02       		.uleb128 0x2
 424 00e6 91       		.byte	0x91
 425 00e7 70       		.sleb128 -16
 426 00e8 00       		.byte	0
 427 00e9 09       		.uleb128 0x9
 428 00ea 6B000000 		.4byte	0x6b
 429 00ee F9000000 		.4byte	0xf9
 430 00f2 0A       		.uleb128 0xa
 431 00f3 98000000 		.4byte	0x98
 432 00f7 00       		.byte	0
ARM GAS  C:\Users\Joseph\AppData\Local\Temp\ccNo6loK.s 			page 10


 433 00f8 00       		.byte	0
 434 00f9 0B       		.uleb128 0xb
 435 00fa BA010000 		.4byte	.LASF18
 436 00fe 01       		.byte	0x1
 437 00ff 2B       		.byte	0x2b
 438 0100 00000000 		.4byte	.LFB35
 439 0104 4A000000 		.4byte	.LFE35-.LFB35
 440 0108 01       		.uleb128 0x1
 441 0109 9C       		.byte	0x9c
 442 010a 39010000 		.4byte	0x139
 443 010e 07       		.uleb128 0x7
 444 010f 52656700 		.ascii	"Reg\000"
 445 0113 01       		.byte	0x1
 446 0114 2B       		.byte	0x2b
 447 0115 6B000000 		.4byte	0x6b
 448 0119 02       		.uleb128 0x2
 449 011a 91       		.byte	0x91
 450 011b 6F       		.sleb128 -17
 451 011c 0C       		.uleb128 0xc
 452 011d C3010000 		.4byte	.LASF17
 453 0121 01       		.byte	0x1
 454 0122 2B       		.byte	0x2b
 455 0123 6B000000 		.4byte	0x6b
 456 0127 02       		.uleb128 0x2
 457 0128 91       		.byte	0x91
 458 0129 6E       		.sleb128 -18
 459 012a 08       		.uleb128 0x8
 460 012b 22000000 		.4byte	.LASF15
 461 012f 01       		.byte	0x1
 462 0130 2F       		.byte	0x2f
 463 0131 39010000 		.4byte	0x139
 464 0135 02       		.uleb128 0x2
 465 0136 91       		.byte	0x91
 466 0137 74       		.sleb128 -12
 467 0138 00       		.byte	0
 468 0139 09       		.uleb128 0x9
 469 013a 6B000000 		.4byte	0x6b
 470 013e 49010000 		.4byte	0x149
 471 0142 0A       		.uleb128 0xa
 472 0143 98000000 		.4byte	0x98
 473 0147 01       		.byte	0x1
 474 0148 00       		.byte	0
 475 0149 0B       		.uleb128 0xb
 476 014a 3F000000 		.4byte	.LASF19
 477 014e 01       		.byte	0x1
 478 014f 3C       		.byte	0x3c
 479 0150 00000000 		.4byte	.LFB36
 480 0154 DA000000 		.4byte	.LFE36-.LFB36
 481 0158 01       		.uleb128 0x1
 482 0159 9C       		.byte	0x9c
 483 015a A2010000 		.4byte	0x1a2
 484 015e 0C       		.uleb128 0xc
 485 015f DA010000 		.4byte	.LASF20
 486 0163 01       		.byte	0x1
 487 0164 3C       		.byte	0x3c
 488 0165 6B000000 		.4byte	0x6b
 489 0169 02       		.uleb128 0x2
ARM GAS  C:\Users\Joseph\AppData\Local\Temp\ccNo6loK.s 			page 11


 490 016a 91       		.byte	0x91
 491 016b 57       		.sleb128 -41
 492 016c 0C       		.uleb128 0xc
 493 016d 0E000000 		.4byte	.LASF21
 494 0171 01       		.byte	0x1
 495 0172 3C       		.byte	0x3c
 496 0173 9F000000 		.4byte	0x9f
 497 0177 02       		.uleb128 0x2
 498 0178 91       		.byte	0x91
 499 0179 50       		.sleb128 -48
 500 017a 07       		.uleb128 0x7
 501 017b 6E00     		.ascii	"n\000"
 502 017d 01       		.byte	0x1
 503 017e 3C       		.byte	0x3c
 504 017f 6B000000 		.4byte	0x6b
 505 0183 02       		.uleb128 0x2
 506 0184 91       		.byte	0x91
 507 0185 56       		.sleb128 -42
 508 0186 08       		.uleb128 0x8
 509 0187 22000000 		.4byte	.LASF15
 510 018b 01       		.byte	0x1
 511 018c 40       		.byte	0x40
 512 018d A2010000 		.4byte	0x1a2
 513 0191 03       		.uleb128 0x3
 514 0192 91       		.byte	0x91
 515 0193 5C       		.sleb128 -36
 516 0194 06       		.byte	0x6
 517 0195 0D       		.uleb128 0xd
 518 0196 6900     		.ascii	"i\000"
 519 0198 01       		.byte	0x1
 520 0199 43       		.byte	0x43
 521 019a 5D000000 		.4byte	0x5d
 522 019e 02       		.uleb128 0x2
 523 019f 91       		.byte	0x91
 524 01a0 64       		.sleb128 -28
 525 01a1 00       		.byte	0
 526 01a2 0E       		.uleb128 0xe
 527 01a3 6B000000 		.4byte	0x6b
 528 01a7 0F       		.uleb128 0xf
 529 01a8 98000000 		.4byte	0x98
 530 01ac 03       		.uleb128 0x3
 531 01ad 91       		.byte	0x91
 532 01ae 60       		.sleb128 -32
 533 01af 06       		.byte	0x6
 534 01b0 00       		.byte	0
 535 01b1 00       		.byte	0
 536              		.section	.debug_abbrev,"",%progbits
 537              	.Ldebug_abbrev0:
 538 0000 01       		.uleb128 0x1
 539 0001 11       		.uleb128 0x11
 540 0002 01       		.byte	0x1
 541 0003 25       		.uleb128 0x25
 542 0004 0E       		.uleb128 0xe
 543 0005 13       		.uleb128 0x13
 544 0006 0B       		.uleb128 0xb
 545 0007 03       		.uleb128 0x3
 546 0008 0E       		.uleb128 0xe
ARM GAS  C:\Users\Joseph\AppData\Local\Temp\ccNo6loK.s 			page 12


 547 0009 1B       		.uleb128 0x1b
 548 000a 0E       		.uleb128 0xe
 549 000b 55       		.uleb128 0x55
 550 000c 17       		.uleb128 0x17
 551 000d 11       		.uleb128 0x11
 552 000e 01       		.uleb128 0x1
 553 000f 10       		.uleb128 0x10
 554 0010 17       		.uleb128 0x17
 555 0011 00       		.byte	0
 556 0012 00       		.byte	0
 557 0013 02       		.uleb128 0x2
 558 0014 24       		.uleb128 0x24
 559 0015 00       		.byte	0
 560 0016 0B       		.uleb128 0xb
 561 0017 0B       		.uleb128 0xb
 562 0018 3E       		.uleb128 0x3e
 563 0019 0B       		.uleb128 0xb
 564 001a 03       		.uleb128 0x3
 565 001b 0E       		.uleb128 0xe
 566 001c 00       		.byte	0
 567 001d 00       		.byte	0
 568 001e 03       		.uleb128 0x3
 569 001f 24       		.uleb128 0x24
 570 0020 00       		.byte	0
 571 0021 0B       		.uleb128 0xb
 572 0022 0B       		.uleb128 0xb
 573 0023 3E       		.uleb128 0x3e
 574 0024 0B       		.uleb128 0xb
 575 0025 03       		.uleb128 0x3
 576 0026 08       		.uleb128 0x8
 577 0027 00       		.byte	0
 578 0028 00       		.byte	0
 579 0029 04       		.uleb128 0x4
 580 002a 16       		.uleb128 0x16
 581 002b 00       		.byte	0
 582 002c 03       		.uleb128 0x3
 583 002d 0E       		.uleb128 0xe
 584 002e 3A       		.uleb128 0x3a
 585 002f 0B       		.uleb128 0xb
 586 0030 3B       		.uleb128 0x3b
 587 0031 05       		.uleb128 0x5
 588 0032 49       		.uleb128 0x49
 589 0033 13       		.uleb128 0x13
 590 0034 00       		.byte	0
 591 0035 00       		.byte	0
 592 0036 05       		.uleb128 0x5
 593 0037 0F       		.uleb128 0xf
 594 0038 00       		.byte	0
 595 0039 0B       		.uleb128 0xb
 596 003a 0B       		.uleb128 0xb
 597 003b 49       		.uleb128 0x49
 598 003c 13       		.uleb128 0x13
 599 003d 00       		.byte	0
 600 003e 00       		.byte	0
 601 003f 06       		.uleb128 0x6
 602 0040 2E       		.uleb128 0x2e
 603 0041 01       		.byte	0x1
ARM GAS  C:\Users\Joseph\AppData\Local\Temp\ccNo6loK.s 			page 13


 604 0042 3F       		.uleb128 0x3f
 605 0043 19       		.uleb128 0x19
 606 0044 03       		.uleb128 0x3
 607 0045 0E       		.uleb128 0xe
 608 0046 3A       		.uleb128 0x3a
 609 0047 0B       		.uleb128 0xb
 610 0048 3B       		.uleb128 0x3b
 611 0049 0B       		.uleb128 0xb
 612 004a 27       		.uleb128 0x27
 613 004b 19       		.uleb128 0x19
 614 004c 49       		.uleb128 0x49
 615 004d 13       		.uleb128 0x13
 616 004e 11       		.uleb128 0x11
 617 004f 01       		.uleb128 0x1
 618 0050 12       		.uleb128 0x12
 619 0051 06       		.uleb128 0x6
 620 0052 40       		.uleb128 0x40
 621 0053 18       		.uleb128 0x18
 622 0054 9642     		.uleb128 0x2116
 623 0056 19       		.uleb128 0x19
 624 0057 01       		.uleb128 0x1
 625 0058 13       		.uleb128 0x13
 626 0059 00       		.byte	0
 627 005a 00       		.byte	0
 628 005b 07       		.uleb128 0x7
 629 005c 05       		.uleb128 0x5
 630 005d 00       		.byte	0
 631 005e 03       		.uleb128 0x3
 632 005f 08       		.uleb128 0x8
 633 0060 3A       		.uleb128 0x3a
 634 0061 0B       		.uleb128 0xb
 635 0062 3B       		.uleb128 0x3b
 636 0063 0B       		.uleb128 0xb
 637 0064 49       		.uleb128 0x49
 638 0065 13       		.uleb128 0x13
 639 0066 02       		.uleb128 0x2
 640 0067 18       		.uleb128 0x18
 641 0068 00       		.byte	0
 642 0069 00       		.byte	0
 643 006a 08       		.uleb128 0x8
 644 006b 34       		.uleb128 0x34
 645 006c 00       		.byte	0
 646 006d 03       		.uleb128 0x3
 647 006e 0E       		.uleb128 0xe
 648 006f 3A       		.uleb128 0x3a
 649 0070 0B       		.uleb128 0xb
 650 0071 3B       		.uleb128 0x3b
 651 0072 0B       		.uleb128 0xb
 652 0073 49       		.uleb128 0x49
 653 0074 13       		.uleb128 0x13
 654 0075 02       		.uleb128 0x2
 655 0076 18       		.uleb128 0x18
 656 0077 00       		.byte	0
 657 0078 00       		.byte	0
 658 0079 09       		.uleb128 0x9
 659 007a 01       		.uleb128 0x1
 660 007b 01       		.byte	0x1
ARM GAS  C:\Users\Joseph\AppData\Local\Temp\ccNo6loK.s 			page 14


 661 007c 49       		.uleb128 0x49
 662 007d 13       		.uleb128 0x13
 663 007e 01       		.uleb128 0x1
 664 007f 13       		.uleb128 0x13
 665 0080 00       		.byte	0
 666 0081 00       		.byte	0
 667 0082 0A       		.uleb128 0xa
 668 0083 21       		.uleb128 0x21
 669 0084 00       		.byte	0
 670 0085 49       		.uleb128 0x49
 671 0086 13       		.uleb128 0x13
 672 0087 2F       		.uleb128 0x2f
 673 0088 0B       		.uleb128 0xb
 674 0089 00       		.byte	0
 675 008a 00       		.byte	0
 676 008b 0B       		.uleb128 0xb
 677 008c 2E       		.uleb128 0x2e
 678 008d 01       		.byte	0x1
 679 008e 3F       		.uleb128 0x3f
 680 008f 19       		.uleb128 0x19
 681 0090 03       		.uleb128 0x3
 682 0091 0E       		.uleb128 0xe
 683 0092 3A       		.uleb128 0x3a
 684 0093 0B       		.uleb128 0xb
 685 0094 3B       		.uleb128 0x3b
 686 0095 0B       		.uleb128 0xb
 687 0096 27       		.uleb128 0x27
 688 0097 19       		.uleb128 0x19
 689 0098 11       		.uleb128 0x11
 690 0099 01       		.uleb128 0x1
 691 009a 12       		.uleb128 0x12
 692 009b 06       		.uleb128 0x6
 693 009c 40       		.uleb128 0x40
 694 009d 18       		.uleb128 0x18
 695 009e 9642     		.uleb128 0x2116
 696 00a0 19       		.uleb128 0x19
 697 00a1 01       		.uleb128 0x1
 698 00a2 13       		.uleb128 0x13
 699 00a3 00       		.byte	0
 700 00a4 00       		.byte	0
 701 00a5 0C       		.uleb128 0xc
 702 00a6 05       		.uleb128 0x5
 703 00a7 00       		.byte	0
 704 00a8 03       		.uleb128 0x3
 705 00a9 0E       		.uleb128 0xe
 706 00aa 3A       		.uleb128 0x3a
 707 00ab 0B       		.uleb128 0xb
 708 00ac 3B       		.uleb128 0x3b
 709 00ad 0B       		.uleb128 0xb
 710 00ae 49       		.uleb128 0x49
 711 00af 13       		.uleb128 0x13
 712 00b0 02       		.uleb128 0x2
 713 00b1 18       		.uleb128 0x18
 714 00b2 00       		.byte	0
 715 00b3 00       		.byte	0
 716 00b4 0D       		.uleb128 0xd
 717 00b5 34       		.uleb128 0x34
ARM GAS  C:\Users\Joseph\AppData\Local\Temp\ccNo6loK.s 			page 15


 718 00b6 00       		.byte	0
 719 00b7 03       		.uleb128 0x3
 720 00b8 08       		.uleb128 0x8
 721 00b9 3A       		.uleb128 0x3a
 722 00ba 0B       		.uleb128 0xb
 723 00bb 3B       		.uleb128 0x3b
 724 00bc 0B       		.uleb128 0xb
 725 00bd 49       		.uleb128 0x49
 726 00be 13       		.uleb128 0x13
 727 00bf 02       		.uleb128 0x2
 728 00c0 18       		.uleb128 0x18
 729 00c1 00       		.byte	0
 730 00c2 00       		.byte	0
 731 00c3 0E       		.uleb128 0xe
 732 00c4 01       		.uleb128 0x1
 733 00c5 01       		.byte	0x1
 734 00c6 49       		.uleb128 0x49
 735 00c7 13       		.uleb128 0x13
 736 00c8 00       		.byte	0
 737 00c9 00       		.byte	0
 738 00ca 0F       		.uleb128 0xf
 739 00cb 21       		.uleb128 0x21
 740 00cc 00       		.byte	0
 741 00cd 49       		.uleb128 0x49
 742 00ce 13       		.uleb128 0x13
 743 00cf 2F       		.uleb128 0x2f
 744 00d0 18       		.uleb128 0x18
 745 00d1 00       		.byte	0
 746 00d2 00       		.byte	0
 747 00d3 00       		.byte	0
 748              		.section	.debug_aranges,"",%progbits
 749 0000 2C000000 		.4byte	0x2c
 750 0004 0200     		.2byte	0x2
 751 0006 00000000 		.4byte	.Ldebug_info0
 752 000a 04       		.byte	0x4
 753 000b 00       		.byte	0
 754 000c 0000     		.2byte	0
 755 000e 0000     		.2byte	0
 756 0010 00000000 		.4byte	.LFB34
 757 0014 70000000 		.4byte	.LFE34-.LFB34
 758 0018 00000000 		.4byte	.LFB35
 759 001c 4A000000 		.4byte	.LFE35-.LFB35
 760 0020 00000000 		.4byte	.LFB36
 761 0024 DA000000 		.4byte	.LFE36-.LFB36
 762 0028 00000000 		.4byte	0
 763 002c 00000000 		.4byte	0
 764              		.section	.debug_ranges,"",%progbits
 765              	.Ldebug_ranges0:
 766 0000 00000000 		.4byte	.LFB34
 767 0004 70000000 		.4byte	.LFE34
 768 0008 00000000 		.4byte	.LFB35
 769 000c 4A000000 		.4byte	.LFE35
 770 0010 00000000 		.4byte	.LFB36
 771 0014 DA000000 		.4byte	.LFE36
 772 0018 00000000 		.4byte	0
 773 001c 00000000 		.4byte	0
 774              		.section	.debug_line,"",%progbits
ARM GAS  C:\Users\Joseph\AppData\Local\Temp\ccNo6loK.s 			page 16


 775              	.Ldebug_line0:
 776 0000 BC000000 		.section	.debug_str,"MS",%progbits,1
 776      02004500 
 776      00000201 
 776      FB0E0D00 
 776      01010101 
 777              	.LASF6:
 778 0000 6C6F6E67 		.ascii	"long long int\000"
 778      206C6F6E 
 778      6720696E 
 778      7400
 779              	.LASF21:
 780 000e 76616C75 		.ascii	"values\000"
 780      657300
 781              	.LASF8:
 782 0015 756E7369 		.ascii	"unsigned int\000"
 782      676E6564 
 782      20696E74 
 782      00
 783              	.LASF15:
 784 0022 77726974 		.ascii	"writeBuffer\000"
 784      65427566 
 784      66657200 
 785              	.LASF9:
 786 002e 75696E74 		.ascii	"uint8\000"
 786      3800
 787              	.LASF23:
 788 0034 69326343 		.ascii	"i2cClock.c\000"
 788      6C6F636B 
 788      2E6300
 789              	.LASF19:
 790 003f 77726974 		.ascii	"writeMultiReg\000"
 790      654D756C 
 790      74695265 
 790      6700
 791              	.LASF7:
 792 004d 6C6F6E67 		.ascii	"long long unsigned int\000"
 792      206C6F6E 
 792      6720756E 
 792      7369676E 
 792      65642069 
 793              	.LASF11:
 794 0064 666C6F61 		.ascii	"float\000"
 794      7400
 795              	.LASF25:
 796 006a 72656164 		.ascii	"readReg\000"
 796      52656700 
 797              	.LASF22:
 798 0072 474E5520 		.ascii	"GNU C 4.9.3 20150303 (release) [ARM/embedded-4_9-br"
 798      4320342E 
 798      392E3320 
 798      32303135 
 798      30333033 
 799 00a5 616E6368 		.ascii	"anch revision 221220] -mcpu=cortex-m0 -mthumb -g -O"
 799      20726576 
 799      6973696F 
 799      6E203232 
ARM GAS  C:\Users\Joseph\AppData\Local\Temp\ccNo6loK.s 			page 17


 799      31323230 
 800 00d8 30202D66 		.ascii	"0 -ffunction-sections -ffat-lto-objects\000"
 800      66756E63 
 800      74696F6E 
 800      2D736563 
 800      74696F6E 
 801              	.LASF1:
 802 0100 756E7369 		.ascii	"unsigned char\000"
 802      676E6564 
 802      20636861 
 802      7200
 803              	.LASF16:
 804 010e 72656164 		.ascii	"readBuffer\000"
 804      42756666 
 804      657200
 805              	.LASF13:
 806 0119 63686172 		.ascii	"char\000"
 806      00
 807              	.LASF4:
 808 011e 6C6F6E67 		.ascii	"long int\000"
 808      20696E74 
 808      00
 809              	.LASF5:
 810 0127 6C6F6E67 		.ascii	"long unsigned int\000"
 810      20756E73 
 810      69676E65 
 810      6420696E 
 810      7400
 811              	.LASF12:
 812 0139 646F7562 		.ascii	"double\000"
 812      6C6500
 813              	.LASF24:
 814 0140 433A5C55 		.ascii	"C:\\Users\\Joseph\\Documents\\CY8CKIT-049-42xx\\1.0"
 814      73657273 
 814      5C4A6F73 
 814      6570685C 
 814      446F6375 
 815 016e 5C466972 		.ascii	"\\Firmware\\SCB_Bootloader\\Sunrise Clock.cydsn\000"
 815      6D776172 
 815      655C5343 
 815      425F426F 
 815      6F746C6F 
 816              	.LASF3:
 817 019b 73686F72 		.ascii	"short unsigned int\000"
 817      7420756E 
 817      7369676E 
 817      65642069 
 817      6E7400
 818              	.LASF0:
 819 01ae 7369676E 		.ascii	"signed char\000"
 819      65642063 
 819      68617200 
 820              	.LASF18:
 821 01ba 77726974 		.ascii	"writeReg\000"
 821      65526567 
 821      00
 822              	.LASF17:
ARM GAS  C:\Users\Joseph\AppData\Local\Temp\ccNo6loK.s 			page 18


 823 01c3 76616C75 		.ascii	"value\000"
 823      6500
 824              	.LASF2:
 825 01c9 73686F72 		.ascii	"short int\000"
 825      7420696E 
 825      7400
 826              	.LASF10:
 827 01d3 75696E74 		.ascii	"uint16\000"
 827      313600
 828              	.LASF20:
 829 01da 73746172 		.ascii	"startReg\000"
 829      74526567 
 829      00
 830              	.LASF14:
 831 01e3 73697A65 		.ascii	"sizetype\000"
 831      74797065 
 831      00
 832              		.ident	"GCC: (GNU Tools for ARM Embedded Processors) 4.9.3 20150303 (release) [ARM/embedded-4_9-br
