ARM GAS  C:\Users\Joseph\AppData\Local\Temp\ccONkHdu.s 			page 1


   1              		.cpu cortex-m0
   2              		.fpu softvfp
   3              		.eabi_attribute 20, 1
   4              		.eabi_attribute 21, 1
   5              		.eabi_attribute 23, 3
   6              		.eabi_attribute 24, 1
   7              		.eabi_attribute 25, 1
   8              		.eabi_attribute 26, 1
   9              		.eabi_attribute 30, 6
  10              		.eabi_attribute 34, 0
  11              		.eabi_attribute 18, 4
  12              		.code	16
  13              		.file	"SPIM_1_PM.c"
  14              		.text
  15              	.Ltext0:
  16              		.cfi_sections	.debug_frame
  17              		.data
  18              		.align	2
  19              		.type	SPIM_1_backup, %object
  20              		.size	SPIM_1_backup, 2
  21              	SPIM_1_backup:
  22 0000 00       		.byte	0
  23 0001 0F       		.byte	15
  24 0002 0000     		.section	.text.SPIM_1_SaveConfig,"ax",%progbits
  25              		.align	2
  26              		.global	SPIM_1_SaveConfig
  27              		.code	16
  28              		.thumb_func
  29              		.type	SPIM_1_SaveConfig, %function
  30              	SPIM_1_SaveConfig:
  31              	.LFB0:
  32              		.file 1 "Generated_Source\\PSoC4\\SPIM_1_PM.c"
   1:Generated_Source\PSoC4/SPIM_1_PM.c **** /*******************************************************************************
   2:Generated_Source\PSoC4/SPIM_1_PM.c **** * File Name: SPIM_1_PM.c
   3:Generated_Source\PSoC4/SPIM_1_PM.c **** * Version 2.50
   4:Generated_Source\PSoC4/SPIM_1_PM.c **** *
   5:Generated_Source\PSoC4/SPIM_1_PM.c **** * Description:
   6:Generated_Source\PSoC4/SPIM_1_PM.c **** *  This file contains the setup, control and status commands to support
   7:Generated_Source\PSoC4/SPIM_1_PM.c **** *  component operations in low power mode.
   8:Generated_Source\PSoC4/SPIM_1_PM.c **** *
   9:Generated_Source\PSoC4/SPIM_1_PM.c **** * Note:
  10:Generated_Source\PSoC4/SPIM_1_PM.c **** *
  11:Generated_Source\PSoC4/SPIM_1_PM.c **** ********************************************************************************
  12:Generated_Source\PSoC4/SPIM_1_PM.c **** * Copyright 2008-2015, Cypress Semiconductor Corporation.  All rights reserved.
  13:Generated_Source\PSoC4/SPIM_1_PM.c **** * You may use this file only in accordance with the license, terms, conditions,
  14:Generated_Source\PSoC4/SPIM_1_PM.c **** * disclaimers, and limitations in the end user license agreement accompanying
  15:Generated_Source\PSoC4/SPIM_1_PM.c **** * the software package with which this file was provided.
  16:Generated_Source\PSoC4/SPIM_1_PM.c **** *******************************************************************************/
  17:Generated_Source\PSoC4/SPIM_1_PM.c **** 
  18:Generated_Source\PSoC4/SPIM_1_PM.c **** #include "SPIM_1_PVT.h"
  19:Generated_Source\PSoC4/SPIM_1_PM.c **** 
  20:Generated_Source\PSoC4/SPIM_1_PM.c **** static SPIM_1_BACKUP_STRUCT SPIM_1_backup =
  21:Generated_Source\PSoC4/SPIM_1_PM.c **** {
  22:Generated_Source\PSoC4/SPIM_1_PM.c ****     SPIM_1_DISABLED,
  23:Generated_Source\PSoC4/SPIM_1_PM.c ****     SPIM_1_BITCTR_INIT,
  24:Generated_Source\PSoC4/SPIM_1_PM.c **** };
  25:Generated_Source\PSoC4/SPIM_1_PM.c **** 
ARM GAS  C:\Users\Joseph\AppData\Local\Temp\ccONkHdu.s 			page 2


  26:Generated_Source\PSoC4/SPIM_1_PM.c **** 
  27:Generated_Source\PSoC4/SPIM_1_PM.c **** /*******************************************************************************
  28:Generated_Source\PSoC4/SPIM_1_PM.c **** * Function Name: SPIM_1_SaveConfig
  29:Generated_Source\PSoC4/SPIM_1_PM.c **** ********************************************************************************
  30:Generated_Source\PSoC4/SPIM_1_PM.c **** *
  31:Generated_Source\PSoC4/SPIM_1_PM.c **** * Summary:
  32:Generated_Source\PSoC4/SPIM_1_PM.c **** *  Empty function. Included for consistency with other components.
  33:Generated_Source\PSoC4/SPIM_1_PM.c **** *
  34:Generated_Source\PSoC4/SPIM_1_PM.c **** * Parameters:
  35:Generated_Source\PSoC4/SPIM_1_PM.c **** *  None.
  36:Generated_Source\PSoC4/SPIM_1_PM.c **** *
  37:Generated_Source\PSoC4/SPIM_1_PM.c **** * Return:
  38:Generated_Source\PSoC4/SPIM_1_PM.c **** *  None.
  39:Generated_Source\PSoC4/SPIM_1_PM.c **** *
  40:Generated_Source\PSoC4/SPIM_1_PM.c **** *******************************************************************************/
  41:Generated_Source\PSoC4/SPIM_1_PM.c **** void SPIM_1_SaveConfig(void) 
  42:Generated_Source\PSoC4/SPIM_1_PM.c **** {
  33              		.loc 1 42 0
  34              		.cfi_startproc
  35 0000 80B5     		push	{r7, lr}
  36              		.cfi_def_cfa_offset 8
  37              		.cfi_offset 7, -8
  38              		.cfi_offset 14, -4
  39 0002 00AF     		add	r7, sp, #0
  40              		.cfi_def_cfa_register 7
  43:Generated_Source\PSoC4/SPIM_1_PM.c **** 
  44:Generated_Source\PSoC4/SPIM_1_PM.c **** }
  41              		.loc 1 44 0
  42 0004 BD46     		mov	sp, r7
  43              		@ sp needed
  44 0006 80BD     		pop	{r7, pc}
  45              		.cfi_endproc
  46              	.LFE0:
  47              		.size	SPIM_1_SaveConfig, .-SPIM_1_SaveConfig
  48              		.section	.text.SPIM_1_RestoreConfig,"ax",%progbits
  49              		.align	2
  50              		.global	SPIM_1_RestoreConfig
  51              		.code	16
  52              		.thumb_func
  53              		.type	SPIM_1_RestoreConfig, %function
  54              	SPIM_1_RestoreConfig:
  55              	.LFB1:
  45:Generated_Source\PSoC4/SPIM_1_PM.c **** 
  46:Generated_Source\PSoC4/SPIM_1_PM.c **** 
  47:Generated_Source\PSoC4/SPIM_1_PM.c **** /*******************************************************************************
  48:Generated_Source\PSoC4/SPIM_1_PM.c **** * Function Name: SPIM_1_RestoreConfig
  49:Generated_Source\PSoC4/SPIM_1_PM.c **** ********************************************************************************
  50:Generated_Source\PSoC4/SPIM_1_PM.c **** *
  51:Generated_Source\PSoC4/SPIM_1_PM.c **** * Summary:
  52:Generated_Source\PSoC4/SPIM_1_PM.c **** *  Empty function. Included for consistency with other components.
  53:Generated_Source\PSoC4/SPIM_1_PM.c **** *
  54:Generated_Source\PSoC4/SPIM_1_PM.c **** * Parameters:
  55:Generated_Source\PSoC4/SPIM_1_PM.c **** *  None.
  56:Generated_Source\PSoC4/SPIM_1_PM.c **** *
  57:Generated_Source\PSoC4/SPIM_1_PM.c **** * Return:
  58:Generated_Source\PSoC4/SPIM_1_PM.c **** *  None.
  59:Generated_Source\PSoC4/SPIM_1_PM.c **** *
ARM GAS  C:\Users\Joseph\AppData\Local\Temp\ccONkHdu.s 			page 3


  60:Generated_Source\PSoC4/SPIM_1_PM.c **** *******************************************************************************/
  61:Generated_Source\PSoC4/SPIM_1_PM.c **** void SPIM_1_RestoreConfig(void) 
  62:Generated_Source\PSoC4/SPIM_1_PM.c **** {
  56              		.loc 1 62 0
  57              		.cfi_startproc
  58 0000 80B5     		push	{r7, lr}
  59              		.cfi_def_cfa_offset 8
  60              		.cfi_offset 7, -8
  61              		.cfi_offset 14, -4
  62 0002 00AF     		add	r7, sp, #0
  63              		.cfi_def_cfa_register 7
  63:Generated_Source\PSoC4/SPIM_1_PM.c **** 
  64:Generated_Source\PSoC4/SPIM_1_PM.c **** }
  64              		.loc 1 64 0
  65 0004 BD46     		mov	sp, r7
  66              		@ sp needed
  67 0006 80BD     		pop	{r7, pc}
  68              		.cfi_endproc
  69              	.LFE1:
  70              		.size	SPIM_1_RestoreConfig, .-SPIM_1_RestoreConfig
  71              		.section	.text.SPIM_1_Sleep,"ax",%progbits
  72              		.align	2
  73              		.global	SPIM_1_Sleep
  74              		.code	16
  75              		.thumb_func
  76              		.type	SPIM_1_Sleep, %function
  77              	SPIM_1_Sleep:
  78              	.LFB2:
  65:Generated_Source\PSoC4/SPIM_1_PM.c **** 
  66:Generated_Source\PSoC4/SPIM_1_PM.c **** 
  67:Generated_Source\PSoC4/SPIM_1_PM.c **** /*******************************************************************************
  68:Generated_Source\PSoC4/SPIM_1_PM.c **** * Function Name: SPIM_1_Sleep
  69:Generated_Source\PSoC4/SPIM_1_PM.c **** ********************************************************************************
  70:Generated_Source\PSoC4/SPIM_1_PM.c **** *
  71:Generated_Source\PSoC4/SPIM_1_PM.c **** * Summary:
  72:Generated_Source\PSoC4/SPIM_1_PM.c **** *  Prepare SPIM Component goes to sleep.
  73:Generated_Source\PSoC4/SPIM_1_PM.c **** *
  74:Generated_Source\PSoC4/SPIM_1_PM.c **** * Parameters:
  75:Generated_Source\PSoC4/SPIM_1_PM.c **** *  None.
  76:Generated_Source\PSoC4/SPIM_1_PM.c **** *
  77:Generated_Source\PSoC4/SPIM_1_PM.c **** * Return:
  78:Generated_Source\PSoC4/SPIM_1_PM.c **** *  None.
  79:Generated_Source\PSoC4/SPIM_1_PM.c **** *
  80:Generated_Source\PSoC4/SPIM_1_PM.c **** * Global Variables:
  81:Generated_Source\PSoC4/SPIM_1_PM.c **** *  SPIM_1_backup - modified when non-retention registers are saved.
  82:Generated_Source\PSoC4/SPIM_1_PM.c **** *
  83:Generated_Source\PSoC4/SPIM_1_PM.c **** * Reentrant:
  84:Generated_Source\PSoC4/SPIM_1_PM.c **** *  No.
  85:Generated_Source\PSoC4/SPIM_1_PM.c **** *
  86:Generated_Source\PSoC4/SPIM_1_PM.c **** *******************************************************************************/
  87:Generated_Source\PSoC4/SPIM_1_PM.c **** void SPIM_1_Sleep(void) 
  88:Generated_Source\PSoC4/SPIM_1_PM.c **** {
  79              		.loc 1 88 0
  80              		.cfi_startproc
  81 0000 80B5     		push	{r7, lr}
  82              		.cfi_def_cfa_offset 8
  83              		.cfi_offset 7, -8
ARM GAS  C:\Users\Joseph\AppData\Local\Temp\ccONkHdu.s 			page 4


  84              		.cfi_offset 14, -4
  85 0002 00AF     		add	r7, sp, #0
  86              		.cfi_def_cfa_register 7
  89:Generated_Source\PSoC4/SPIM_1_PM.c ****     /* Save components enable state */
  90:Generated_Source\PSoC4/SPIM_1_PM.c ****     SPIM_1_backup.enableState = ((uint8) SPIM_1_IS_ENABLED);
  87              		.loc 1 90 0
  88 0004 074B     		ldr	r3, .L4
  89 0006 1B78     		ldrb	r3, [r3]
  90 0008 DBB2     		uxtb	r3, r3
  91 000a 1A1C     		mov	r2, r3
  92 000c 1023     		mov	r3, #16
  93 000e 1340     		and	r3, r2
  94 0010 5A1E     		sub	r2, r3, #1
  95 0012 9341     		sbc	r3, r3, r2
  96 0014 DBB2     		uxtb	r3, r3
  97 0016 1A1C     		mov	r2, r3
  98 0018 034B     		ldr	r3, .L4+4
  99 001a 1A70     		strb	r2, [r3]
  91:Generated_Source\PSoC4/SPIM_1_PM.c **** 
  92:Generated_Source\PSoC4/SPIM_1_PM.c ****     SPIM_1_Stop();
 100              		.loc 1 92 0
 101 001c FFF7FEFF 		bl	SPIM_1_Stop
  93:Generated_Source\PSoC4/SPIM_1_PM.c **** }
 102              		.loc 1 93 0
 103 0020 BD46     		mov	sp, r7
 104              		@ sp needed
 105 0022 80BD     		pop	{r7, pc}
 106              	.L5:
 107              		.align	2
 108              	.L4:
 109 0024 91000F40 		.word	1074725009
 110 0028 00000000 		.word	SPIM_1_backup
 111              		.cfi_endproc
 112              	.LFE2:
 113              		.size	SPIM_1_Sleep, .-SPIM_1_Sleep
 114              		.section	.text.SPIM_1_Wakeup,"ax",%progbits
 115              		.align	2
 116              		.global	SPIM_1_Wakeup
 117              		.code	16
 118              		.thumb_func
 119              		.type	SPIM_1_Wakeup, %function
 120              	SPIM_1_Wakeup:
 121              	.LFB3:
  94:Generated_Source\PSoC4/SPIM_1_PM.c **** 
  95:Generated_Source\PSoC4/SPIM_1_PM.c **** 
  96:Generated_Source\PSoC4/SPIM_1_PM.c **** /*******************************************************************************
  97:Generated_Source\PSoC4/SPIM_1_PM.c **** * Function Name: SPIM_1_Wakeup
  98:Generated_Source\PSoC4/SPIM_1_PM.c **** ********************************************************************************
  99:Generated_Source\PSoC4/SPIM_1_PM.c **** *
 100:Generated_Source\PSoC4/SPIM_1_PM.c **** * Summary:
 101:Generated_Source\PSoC4/SPIM_1_PM.c **** *  Prepare SPIM Component to wake up.
 102:Generated_Source\PSoC4/SPIM_1_PM.c **** *
 103:Generated_Source\PSoC4/SPIM_1_PM.c **** * Parameters:
 104:Generated_Source\PSoC4/SPIM_1_PM.c **** *  None.
 105:Generated_Source\PSoC4/SPIM_1_PM.c **** *
 106:Generated_Source\PSoC4/SPIM_1_PM.c **** * Return:
 107:Generated_Source\PSoC4/SPIM_1_PM.c **** *  None.
ARM GAS  C:\Users\Joseph\AppData\Local\Temp\ccONkHdu.s 			page 5


 108:Generated_Source\PSoC4/SPIM_1_PM.c **** *
 109:Generated_Source\PSoC4/SPIM_1_PM.c **** * Global Variables:
 110:Generated_Source\PSoC4/SPIM_1_PM.c **** *  SPIM_1_backup - used when non-retention registers are restored.
 111:Generated_Source\PSoC4/SPIM_1_PM.c **** *  SPIM_1_txBufferWrite - modified every function call - resets to
 112:Generated_Source\PSoC4/SPIM_1_PM.c **** *  zero.
 113:Generated_Source\PSoC4/SPIM_1_PM.c **** *  SPIM_1_txBufferRead - modified every function call - resets to
 114:Generated_Source\PSoC4/SPIM_1_PM.c **** *  zero.
 115:Generated_Source\PSoC4/SPIM_1_PM.c **** *  SPIM_1_rxBufferWrite - modified every function call - resets to
 116:Generated_Source\PSoC4/SPIM_1_PM.c **** *  zero.
 117:Generated_Source\PSoC4/SPIM_1_PM.c **** *  SPIM_1_rxBufferRead - modified every function call - resets to
 118:Generated_Source\PSoC4/SPIM_1_PM.c **** *  zero.
 119:Generated_Source\PSoC4/SPIM_1_PM.c **** *
 120:Generated_Source\PSoC4/SPIM_1_PM.c **** * Reentrant:
 121:Generated_Source\PSoC4/SPIM_1_PM.c **** *  No.
 122:Generated_Source\PSoC4/SPIM_1_PM.c **** *
 123:Generated_Source\PSoC4/SPIM_1_PM.c **** *******************************************************************************/
 124:Generated_Source\PSoC4/SPIM_1_PM.c **** void SPIM_1_Wakeup(void) 
 125:Generated_Source\PSoC4/SPIM_1_PM.c **** {
 122              		.loc 1 125 0
 123              		.cfi_startproc
 124 0000 80B5     		push	{r7, lr}
 125              		.cfi_def_cfa_offset 8
 126              		.cfi_offset 7, -8
 127              		.cfi_offset 14, -4
 128 0002 00AF     		add	r7, sp, #0
 129              		.cfi_def_cfa_register 7
 126:Generated_Source\PSoC4/SPIM_1_PM.c ****     #if(SPIM_1_RX_SOFTWARE_BUF_ENABLED)
 127:Generated_Source\PSoC4/SPIM_1_PM.c ****         SPIM_1_rxBufferFull  = 0u;
 128:Generated_Source\PSoC4/SPIM_1_PM.c ****         SPIM_1_rxBufferRead  = 0u;
 129:Generated_Source\PSoC4/SPIM_1_PM.c ****         SPIM_1_rxBufferWrite = 0u;
 130:Generated_Source\PSoC4/SPIM_1_PM.c ****     #endif /* (SPIM_1_RX_SOFTWARE_BUF_ENABLED) */
 131:Generated_Source\PSoC4/SPIM_1_PM.c **** 
 132:Generated_Source\PSoC4/SPIM_1_PM.c ****     #if(SPIM_1_TX_SOFTWARE_BUF_ENABLED)
 133:Generated_Source\PSoC4/SPIM_1_PM.c ****         SPIM_1_txBufferFull  = 0u;
 134:Generated_Source\PSoC4/SPIM_1_PM.c ****         SPIM_1_txBufferRead  = 0u;
 135:Generated_Source\PSoC4/SPIM_1_PM.c ****         SPIM_1_txBufferWrite = 0u;
 136:Generated_Source\PSoC4/SPIM_1_PM.c ****     #endif /* (SPIM_1_TX_SOFTWARE_BUF_ENABLED) */
 137:Generated_Source\PSoC4/SPIM_1_PM.c **** 
 138:Generated_Source\PSoC4/SPIM_1_PM.c ****     /* Clear any data from the RX and TX FIFO */
 139:Generated_Source\PSoC4/SPIM_1_PM.c ****     SPIM_1_ClearFIFO();
 130              		.loc 1 139 0
 131 0004 FFF7FEFF 		bl	SPIM_1_ClearFIFO
 140:Generated_Source\PSoC4/SPIM_1_PM.c **** 
 141:Generated_Source\PSoC4/SPIM_1_PM.c ****     /* Restore components block enable state */
 142:Generated_Source\PSoC4/SPIM_1_PM.c ****     if(0u != SPIM_1_backup.enableState)
 132              		.loc 1 142 0
 133 0008 034B     		ldr	r3, .L8
 134 000a 1B78     		ldrb	r3, [r3]
 135 000c 002B     		cmp	r3, #0
 136 000e 01D0     		beq	.L6
 143:Generated_Source\PSoC4/SPIM_1_PM.c ****     {
 144:Generated_Source\PSoC4/SPIM_1_PM.c ****         SPIM_1_Enable();
 137              		.loc 1 144 0
 138 0010 FFF7FEFF 		bl	SPIM_1_Enable
 139              	.L6:
 145:Generated_Source\PSoC4/SPIM_1_PM.c ****     }
 146:Generated_Source\PSoC4/SPIM_1_PM.c **** }
ARM GAS  C:\Users\Joseph\AppData\Local\Temp\ccONkHdu.s 			page 6


 140              		.loc 1 146 0
 141 0014 BD46     		mov	sp, r7
 142              		@ sp needed
 143 0016 80BD     		pop	{r7, pc}
 144              	.L9:
 145              		.align	2
 146              	.L8:
 147 0018 00000000 		.word	SPIM_1_backup
 148              		.cfi_endproc
 149              	.LFE3:
 150              		.size	SPIM_1_Wakeup, .-SPIM_1_Wakeup
 151              		.text
 152              	.Letext0:
 153              		.file 2 "Generated_Source\\PSoC4\\cytypes.h"
 154              		.file 3 "Generated_Source\\PSoC4\\SPIM_1.h"
 155              		.section	.debug_info,"",%progbits
 156              	.Ldebug_info0:
 157 0000 22010000 		.4byte	0x122
 158 0004 0400     		.2byte	0x4
 159 0006 00000000 		.4byte	.Ldebug_abbrev0
 160 000a 04       		.byte	0x4
 161 000b 01       		.uleb128 0x1
 162 000c 0E000000 		.4byte	.LASF22
 163 0010 01       		.byte	0x1
 164 0011 A8000000 		.4byte	.LASF23
 165 0015 62010000 		.4byte	.LASF24
 166 0019 00000000 		.4byte	.Ldebug_ranges0+0
 167 001d 00000000 		.4byte	0
 168 0021 00000000 		.4byte	.Ldebug_line0
 169 0025 02       		.uleb128 0x2
 170 0026 01       		.byte	0x1
 171 0027 06       		.byte	0x6
 172 0028 E9010000 		.4byte	.LASF0
 173 002c 02       		.uleb128 0x2
 174 002d 01       		.byte	0x1
 175 002e 08       		.byte	0x8
 176 002f 32010000 		.4byte	.LASF1
 177 0033 02       		.uleb128 0x2
 178 0034 02       		.byte	0x2
 179 0035 05       		.byte	0x5
 180 0036 0D020000 		.4byte	.LASF2
 181 003a 02       		.uleb128 0x2
 182 003b 02       		.byte	0x2
 183 003c 07       		.byte	0x7
 184 003d D6010000 		.4byte	.LASF3
 185 0041 02       		.uleb128 0x2
 186 0042 04       		.byte	0x4
 187 0043 05       		.byte	0x5
 188 0044 52010000 		.4byte	.LASF4
 189 0048 02       		.uleb128 0x2
 190 0049 04       		.byte	0x4
 191 004a 07       		.byte	0x7
 192 004b E6000000 		.4byte	.LASF5
 193 004f 02       		.uleb128 0x2
 194 0050 08       		.byte	0x8
 195 0051 05       		.byte	0x5
 196 0052 00000000 		.4byte	.LASF6
ARM GAS  C:\Users\Joseph\AppData\Local\Temp\ccONkHdu.s 			page 7


 197 0056 02       		.uleb128 0x2
 198 0057 08       		.byte	0x8
 199 0058 07       		.byte	0x7
 200 0059 F8000000 		.4byte	.LASF7
 201 005d 03       		.uleb128 0x3
 202 005e 04       		.byte	0x4
 203 005f 05       		.byte	0x5
 204 0060 696E7400 		.ascii	"int\000"
 205 0064 02       		.uleb128 0x2
 206 0065 04       		.byte	0x4
 207 0066 07       		.byte	0x7
 208 0067 1C020000 		.4byte	.LASF8
 209 006b 04       		.uleb128 0x4
 210 006c E0000000 		.4byte	.LASF12
 211 0070 02       		.byte	0x2
 212 0071 B901     		.2byte	0x1b9
 213 0073 2C000000 		.4byte	0x2c
 214 0077 02       		.uleb128 0x2
 215 0078 04       		.byte	0x4
 216 0079 04       		.byte	0x4
 217 007a 07020000 		.4byte	.LASF9
 218 007e 02       		.uleb128 0x2
 219 007f 08       		.byte	0x8
 220 0080 04       		.byte	0x4
 221 0081 5B010000 		.4byte	.LASF10
 222 0085 02       		.uleb128 0x2
 223 0086 01       		.byte	0x1
 224 0087 08       		.byte	0x8
 225 0088 4D010000 		.4byte	.LASF11
 226 008c 04       		.uleb128 0x4
 227 008d 17020000 		.4byte	.LASF13
 228 0091 02       		.byte	0x2
 229 0092 6302     		.2byte	0x263
 230 0094 98000000 		.4byte	0x98
 231 0098 05       		.uleb128 0x5
 232 0099 6B000000 		.4byte	0x6b
 233 009d 02       		.uleb128 0x2
 234 009e 04       		.byte	0x4
 235 009f 07       		.byte	0x7
 236 00a0 29020000 		.4byte	.LASF14
 237 00a4 06       		.uleb128 0x6
 238 00a5 02       		.byte	0x2
 239 00a6 03       		.byte	0x3
 240 00a7 46       		.byte	0x46
 241 00a8 C5000000 		.4byte	0xc5
 242 00ac 07       		.uleb128 0x7
 243 00ad 9C000000 		.4byte	.LASF15
 244 00b1 03       		.byte	0x3
 245 00b2 48       		.byte	0x48
 246 00b3 6B000000 		.4byte	0x6b
 247 00b7 00       		.byte	0
 248 00b8 07       		.uleb128 0x7
 249 00b9 CB010000 		.4byte	.LASF16
 250 00bd 03       		.byte	0x3
 251 00be 49       		.byte	0x49
 252 00bf 6B000000 		.4byte	0x6b
 253 00c3 01       		.byte	0x1
ARM GAS  C:\Users\Joseph\AppData\Local\Temp\ccONkHdu.s 			page 8


 254 00c4 00       		.byte	0
 255 00c5 08       		.uleb128 0x8
 256 00c6 0F010000 		.4byte	.LASF17
 257 00ca 03       		.byte	0x3
 258 00cb 4A       		.byte	0x4a
 259 00cc A4000000 		.4byte	0xa4
 260 00d0 09       		.uleb128 0x9
 261 00d1 F5010000 		.4byte	.LASF18
 262 00d5 01       		.byte	0x1
 263 00d6 29       		.byte	0x29
 264 00d7 00000000 		.4byte	.LFB0
 265 00db 08000000 		.4byte	.LFE0-.LFB0
 266 00df 01       		.uleb128 0x1
 267 00e0 9C       		.byte	0x9c
 268 00e1 09       		.uleb128 0x9
 269 00e2 CB000000 		.4byte	.LASF19
 270 00e6 01       		.byte	0x1
 271 00e7 3D       		.byte	0x3d
 272 00e8 00000000 		.4byte	.LFB1
 273 00ec 08000000 		.4byte	.LFE1-.LFB1
 274 00f0 01       		.uleb128 0x1
 275 00f1 9C       		.byte	0x9c
 276 00f2 0A       		.uleb128 0xa
 277 00f3 40010000 		.4byte	.LASF20
 278 00f7 01       		.byte	0x1
 279 00f8 57       		.byte	0x57
 280 00f9 00000000 		.4byte	.LFB2
 281 00fd 2C000000 		.4byte	.LFE2-.LFB2
 282 0101 01       		.uleb128 0x1
 283 0102 9C       		.byte	0x9c
 284 0103 0A       		.uleb128 0xa
 285 0104 BD010000 		.4byte	.LASF21
 286 0108 01       		.byte	0x1
 287 0109 7C       		.byte	0x7c
 288 010a 00000000 		.4byte	.LFB3
 289 010e 1C000000 		.4byte	.LFE3-.LFB3
 290 0112 01       		.uleb128 0x1
 291 0113 9C       		.byte	0x9c
 292 0114 0B       		.uleb128 0xb
 293 0115 24010000 		.4byte	.LASF25
 294 0119 01       		.byte	0x1
 295 011a 14       		.byte	0x14
 296 011b C5000000 		.4byte	0xc5
 297 011f 05       		.uleb128 0x5
 298 0120 03       		.byte	0x3
 299 0121 00000000 		.4byte	SPIM_1_backup
 300 0125 00       		.byte	0
 301              		.section	.debug_abbrev,"",%progbits
 302              	.Ldebug_abbrev0:
 303 0000 01       		.uleb128 0x1
 304 0001 11       		.uleb128 0x11
 305 0002 01       		.byte	0x1
 306 0003 25       		.uleb128 0x25
 307 0004 0E       		.uleb128 0xe
 308 0005 13       		.uleb128 0x13
 309 0006 0B       		.uleb128 0xb
 310 0007 03       		.uleb128 0x3
ARM GAS  C:\Users\Joseph\AppData\Local\Temp\ccONkHdu.s 			page 9


 311 0008 0E       		.uleb128 0xe
 312 0009 1B       		.uleb128 0x1b
 313 000a 0E       		.uleb128 0xe
 314 000b 55       		.uleb128 0x55
 315 000c 17       		.uleb128 0x17
 316 000d 11       		.uleb128 0x11
 317 000e 01       		.uleb128 0x1
 318 000f 10       		.uleb128 0x10
 319 0010 17       		.uleb128 0x17
 320 0011 00       		.byte	0
 321 0012 00       		.byte	0
 322 0013 02       		.uleb128 0x2
 323 0014 24       		.uleb128 0x24
 324 0015 00       		.byte	0
 325 0016 0B       		.uleb128 0xb
 326 0017 0B       		.uleb128 0xb
 327 0018 3E       		.uleb128 0x3e
 328 0019 0B       		.uleb128 0xb
 329 001a 03       		.uleb128 0x3
 330 001b 0E       		.uleb128 0xe
 331 001c 00       		.byte	0
 332 001d 00       		.byte	0
 333 001e 03       		.uleb128 0x3
 334 001f 24       		.uleb128 0x24
 335 0020 00       		.byte	0
 336 0021 0B       		.uleb128 0xb
 337 0022 0B       		.uleb128 0xb
 338 0023 3E       		.uleb128 0x3e
 339 0024 0B       		.uleb128 0xb
 340 0025 03       		.uleb128 0x3
 341 0026 08       		.uleb128 0x8
 342 0027 00       		.byte	0
 343 0028 00       		.byte	0
 344 0029 04       		.uleb128 0x4
 345 002a 16       		.uleb128 0x16
 346 002b 00       		.byte	0
 347 002c 03       		.uleb128 0x3
 348 002d 0E       		.uleb128 0xe
 349 002e 3A       		.uleb128 0x3a
 350 002f 0B       		.uleb128 0xb
 351 0030 3B       		.uleb128 0x3b
 352 0031 05       		.uleb128 0x5
 353 0032 49       		.uleb128 0x49
 354 0033 13       		.uleb128 0x13
 355 0034 00       		.byte	0
 356 0035 00       		.byte	0
 357 0036 05       		.uleb128 0x5
 358 0037 35       		.uleb128 0x35
 359 0038 00       		.byte	0
 360 0039 49       		.uleb128 0x49
 361 003a 13       		.uleb128 0x13
 362 003b 00       		.byte	0
 363 003c 00       		.byte	0
 364 003d 06       		.uleb128 0x6
 365 003e 13       		.uleb128 0x13
 366 003f 01       		.byte	0x1
 367 0040 0B       		.uleb128 0xb
ARM GAS  C:\Users\Joseph\AppData\Local\Temp\ccONkHdu.s 			page 10


 368 0041 0B       		.uleb128 0xb
 369 0042 3A       		.uleb128 0x3a
 370 0043 0B       		.uleb128 0xb
 371 0044 3B       		.uleb128 0x3b
 372 0045 0B       		.uleb128 0xb
 373 0046 01       		.uleb128 0x1
 374 0047 13       		.uleb128 0x13
 375 0048 00       		.byte	0
 376 0049 00       		.byte	0
 377 004a 07       		.uleb128 0x7
 378 004b 0D       		.uleb128 0xd
 379 004c 00       		.byte	0
 380 004d 03       		.uleb128 0x3
 381 004e 0E       		.uleb128 0xe
 382 004f 3A       		.uleb128 0x3a
 383 0050 0B       		.uleb128 0xb
 384 0051 3B       		.uleb128 0x3b
 385 0052 0B       		.uleb128 0xb
 386 0053 49       		.uleb128 0x49
 387 0054 13       		.uleb128 0x13
 388 0055 38       		.uleb128 0x38
 389 0056 0B       		.uleb128 0xb
 390 0057 00       		.byte	0
 391 0058 00       		.byte	0
 392 0059 08       		.uleb128 0x8
 393 005a 16       		.uleb128 0x16
 394 005b 00       		.byte	0
 395 005c 03       		.uleb128 0x3
 396 005d 0E       		.uleb128 0xe
 397 005e 3A       		.uleb128 0x3a
 398 005f 0B       		.uleb128 0xb
 399 0060 3B       		.uleb128 0x3b
 400 0061 0B       		.uleb128 0xb
 401 0062 49       		.uleb128 0x49
 402 0063 13       		.uleb128 0x13
 403 0064 00       		.byte	0
 404 0065 00       		.byte	0
 405 0066 09       		.uleb128 0x9
 406 0067 2E       		.uleb128 0x2e
 407 0068 00       		.byte	0
 408 0069 3F       		.uleb128 0x3f
 409 006a 19       		.uleb128 0x19
 410 006b 03       		.uleb128 0x3
 411 006c 0E       		.uleb128 0xe
 412 006d 3A       		.uleb128 0x3a
 413 006e 0B       		.uleb128 0xb
 414 006f 3B       		.uleb128 0x3b
 415 0070 0B       		.uleb128 0xb
 416 0071 27       		.uleb128 0x27
 417 0072 19       		.uleb128 0x19
 418 0073 11       		.uleb128 0x11
 419 0074 01       		.uleb128 0x1
 420 0075 12       		.uleb128 0x12
 421 0076 06       		.uleb128 0x6
 422 0077 40       		.uleb128 0x40
 423 0078 18       		.uleb128 0x18
 424 0079 9742     		.uleb128 0x2117
ARM GAS  C:\Users\Joseph\AppData\Local\Temp\ccONkHdu.s 			page 11


 425 007b 19       		.uleb128 0x19
 426 007c 00       		.byte	0
 427 007d 00       		.byte	0
 428 007e 0A       		.uleb128 0xa
 429 007f 2E       		.uleb128 0x2e
 430 0080 00       		.byte	0
 431 0081 3F       		.uleb128 0x3f
 432 0082 19       		.uleb128 0x19
 433 0083 03       		.uleb128 0x3
 434 0084 0E       		.uleb128 0xe
 435 0085 3A       		.uleb128 0x3a
 436 0086 0B       		.uleb128 0xb
 437 0087 3B       		.uleb128 0x3b
 438 0088 0B       		.uleb128 0xb
 439 0089 27       		.uleb128 0x27
 440 008a 19       		.uleb128 0x19
 441 008b 11       		.uleb128 0x11
 442 008c 01       		.uleb128 0x1
 443 008d 12       		.uleb128 0x12
 444 008e 06       		.uleb128 0x6
 445 008f 40       		.uleb128 0x40
 446 0090 18       		.uleb128 0x18
 447 0091 9642     		.uleb128 0x2116
 448 0093 19       		.uleb128 0x19
 449 0094 00       		.byte	0
 450 0095 00       		.byte	0
 451 0096 0B       		.uleb128 0xb
 452 0097 34       		.uleb128 0x34
 453 0098 00       		.byte	0
 454 0099 03       		.uleb128 0x3
 455 009a 0E       		.uleb128 0xe
 456 009b 3A       		.uleb128 0x3a
 457 009c 0B       		.uleb128 0xb
 458 009d 3B       		.uleb128 0x3b
 459 009e 0B       		.uleb128 0xb
 460 009f 49       		.uleb128 0x49
 461 00a0 13       		.uleb128 0x13
 462 00a1 02       		.uleb128 0x2
 463 00a2 18       		.uleb128 0x18
 464 00a3 00       		.byte	0
 465 00a4 00       		.byte	0
 466 00a5 00       		.byte	0
 467              		.section	.debug_aranges,"",%progbits
 468 0000 34000000 		.4byte	0x34
 469 0004 0200     		.2byte	0x2
 470 0006 00000000 		.4byte	.Ldebug_info0
 471 000a 04       		.byte	0x4
 472 000b 00       		.byte	0
 473 000c 0000     		.2byte	0
 474 000e 0000     		.2byte	0
 475 0010 00000000 		.4byte	.LFB0
 476 0014 08000000 		.4byte	.LFE0-.LFB0
 477 0018 00000000 		.4byte	.LFB1
 478 001c 08000000 		.4byte	.LFE1-.LFB1
 479 0020 00000000 		.4byte	.LFB2
 480 0024 2C000000 		.4byte	.LFE2-.LFB2
 481 0028 00000000 		.4byte	.LFB3
ARM GAS  C:\Users\Joseph\AppData\Local\Temp\ccONkHdu.s 			page 12


 482 002c 1C000000 		.4byte	.LFE3-.LFB3
 483 0030 00000000 		.4byte	0
 484 0034 00000000 		.4byte	0
 485              		.section	.debug_ranges,"",%progbits
 486              	.Ldebug_ranges0:
 487 0000 00000000 		.4byte	.LFB0
 488 0004 08000000 		.4byte	.LFE0
 489 0008 00000000 		.4byte	.LFB1
 490 000c 08000000 		.4byte	.LFE1
 491 0010 00000000 		.4byte	.LFB2
 492 0014 2C000000 		.4byte	.LFE2
 493 0018 00000000 		.4byte	.LFB3
 494 001c 1C000000 		.4byte	.LFE3
 495 0020 00000000 		.4byte	0
 496 0024 00000000 		.4byte	0
 497              		.section	.debug_line,"",%progbits
 498              	.Ldebug_line0:
 499 0000 A1000000 		.section	.debug_str,"MS",%progbits,1
 499      02005200 
 499      00000201 
 499      FB0E0D00 
 499      01010101 
 500              	.LASF6:
 501 0000 6C6F6E67 		.ascii	"long long int\000"
 501      206C6F6E 
 501      6720696E 
 501      7400
 502              	.LASF22:
 503 000e 474E5520 		.ascii	"GNU C 4.9.3 20150303 (release) [ARM/embedded-4_9-br"
 503      4320342E 
 503      392E3320 
 503      32303135 
 503      30333033 
 504 0041 616E6368 		.ascii	"anch revision 221220] -mcpu=cortex-m0 -mthumb -g -O"
 504      20726576 
 504      6973696F 
 504      6E203232 
 504      31323230 
 505 0074 30202D66 		.ascii	"0 -ffunction-sections -ffat-lto-objects\000"
 505      66756E63 
 505      74696F6E 
 505      2D736563 
 505      74696F6E 
 506              	.LASF15:
 507 009c 656E6162 		.ascii	"enableState\000"
 507      6C655374 
 507      61746500 
 508              	.LASF23:
 509 00a8 47656E65 		.ascii	"Generated_Source\\PSoC4\\SPIM_1_PM.c\000"
 509      72617465 
 509      645F536F 
 509      75726365 
 509      5C50536F 
 510              	.LASF19:
 511 00cb 5350494D 		.ascii	"SPIM_1_RestoreConfig\000"
 511      5F315F52 
 511      6573746F 
ARM GAS  C:\Users\Joseph\AppData\Local\Temp\ccONkHdu.s 			page 13


 511      7265436F 
 511      6E666967 
 512              	.LASF12:
 513 00e0 75696E74 		.ascii	"uint8\000"
 513      3800
 514              	.LASF5:
 515 00e6 6C6F6E67 		.ascii	"long unsigned int\000"
 515      20756E73 
 515      69676E65 
 515      6420696E 
 515      7400
 516              	.LASF7:
 517 00f8 6C6F6E67 		.ascii	"long long unsigned int\000"
 517      206C6F6E 
 517      6720756E 
 517      7369676E 
 517      65642069 
 518              	.LASF17:
 519 010f 5350494D 		.ascii	"SPIM_1_BACKUP_STRUCT\000"
 519      5F315F42 
 519      41434B55 
 519      505F5354 
 519      52554354 
 520              	.LASF25:
 521 0124 5350494D 		.ascii	"SPIM_1_backup\000"
 521      5F315F62 
 521      61636B75 
 521      7000
 522              	.LASF1:
 523 0132 756E7369 		.ascii	"unsigned char\000"
 523      676E6564 
 523      20636861 
 523      7200
 524              	.LASF20:
 525 0140 5350494D 		.ascii	"SPIM_1_Sleep\000"
 525      5F315F53 
 525      6C656570 
 525      00
 526              	.LASF11:
 527 014d 63686172 		.ascii	"char\000"
 527      00
 528              	.LASF4:
 529 0152 6C6F6E67 		.ascii	"long int\000"
 529      20696E74 
 529      00
 530              	.LASF10:
 531 015b 646F7562 		.ascii	"double\000"
 531      6C6500
 532              	.LASF24:
 533 0162 433A5C55 		.ascii	"C:\\Users\\Joseph\\Documents\\CY8CKIT-049-42xx\\1.0"
 533      73657273 
 533      5C4A6F73 
 533      6570685C 
 533      446F6375 
 534 0190 5C466972 		.ascii	"\\Firmware\\SCB_Bootloader\\Sunrise Clock.cydsn\000"
 534      6D776172 
 534      655C5343 
ARM GAS  C:\Users\Joseph\AppData\Local\Temp\ccONkHdu.s 			page 14


 534      425F426F 
 534      6F746C6F 
 535              	.LASF21:
 536 01bd 5350494D 		.ascii	"SPIM_1_Wakeup\000"
 536      5F315F57 
 536      616B6575 
 536      7000
 537              	.LASF16:
 538 01cb 636E7472 		.ascii	"cntrPeriod\000"
 538      50657269 
 538      6F6400
 539              	.LASF3:
 540 01d6 73686F72 		.ascii	"short unsigned int\000"
 540      7420756E 
 540      7369676E 
 540      65642069 
 540      6E7400
 541              	.LASF0:
 542 01e9 7369676E 		.ascii	"signed char\000"
 542      65642063 
 542      68617200 
 543              	.LASF18:
 544 01f5 5350494D 		.ascii	"SPIM_1_SaveConfig\000"
 544      5F315F53 
 544      61766543 
 544      6F6E6669 
 544      6700
 545              	.LASF9:
 546 0207 666C6F61 		.ascii	"float\000"
 546      7400
 547              	.LASF2:
 548 020d 73686F72 		.ascii	"short int\000"
 548      7420696E 
 548      7400
 549              	.LASF13:
 550 0217 72656738 		.ascii	"reg8\000"
 550      00
 551              	.LASF8:
 552 021c 756E7369 		.ascii	"unsigned int\000"
 552      676E6564 
 552      20696E74 
 552      00
 553              	.LASF14:
 554 0229 73697A65 		.ascii	"sizetype\000"
 554      74797065 
 554      00
 555              		.ident	"GCC: (GNU Tools for ARM Embedded Processors) 4.9.3 20150303 (release) [ARM/embedded-4_9-br
