ARM GAS  C:\Users\Joseph\AppData\Local\Temp\ccgovb3m.s 			page 1


   1              		.cpu cortex-m0
   2              		.fpu softvfp
   3              		.eabi_attribute 20, 1
   4              		.eabi_attribute 21, 1
   5              		.eabi_attribute 23, 3
   6              		.eabi_attribute 24, 1
   7              		.eabi_attribute 25, 1
   8              		.eabi_attribute 26, 1
   9              		.eabi_attribute 30, 6
  10              		.eabi_attribute 34, 0
  11              		.eabi_attribute 18, 4
  12              		.code	16
  13              		.file	"sram.c"
  14              		.text
  15              	.Ltext0:
  16              		.cfi_sections	.debug_frame
  17              		.section	.text.readSramByte,"ax",%progbits
  18              		.align	2
  19              		.global	readSramByte
  20              		.code	16
  21              		.thumb_func
  22              		.type	readSramByte, %function
  23              	readSramByte:
  24              	.LFB34:
  25              		.file 1 "sram.c"
   1:sram.c        **** /* ========================================
   2:sram.c        ****  *
   3:sram.c        ****  * Copyright YOUR COMPANY, THE YEAR
   4:sram.c        ****  * All Rights Reserved
   5:sram.c        ****  * UNPUBLISHED, LICENSED SOFTWARE.
   6:sram.c        ****  *
   7:sram.c        ****  * CONFIDENTIAL AND PROPRIETARY INFORMATION
   8:sram.c        ****  * WHICH IS THE PROPERTY OF your company.
   9:sram.c        ****  *
  10:sram.c        ****  * ========================================
  11:sram.c        **** */
  12:sram.c        **** #include <sram.h>
  13:sram.c        **** 
  14:sram.c        **** uint8 readSramByte(uint16 address){
  26              		.loc 1 14 0
  27              		.cfi_startproc
  28 0000 80B5     		push	{r7, lr}
  29              		.cfi_def_cfa_offset 8
  30              		.cfi_offset 7, -8
  31              		.cfi_offset 14, -4
  32 0002 84B0     		sub	sp, sp, #16
  33              		.cfi_def_cfa_offset 24
  34 0004 00AF     		add	r7, sp, #0
  35              		.cfi_def_cfa_register 7
  36 0006 021C     		mov	r2, r0
  37 0008 BB1D     		add	r3, r7, #6
  38 000a 1A80     		strh	r2, [r3]
  15:sram.c        **** // figure 2-1 pg.7
  16:sram.c        ****     
  17:sram.c        ****     SPIM_1_WriteTxData(READ_INSTRUCTION); // send read instruction
  39              		.loc 1 17 0
  40 000c 0320     		mov	r0, #3
ARM GAS  C:\Users\Joseph\AppData\Local\Temp\ccgovb3m.s 			page 2


  41 000e FFF7FEFF 		bl	SPIM_1_WriteTxData
  18:sram.c        ****     uint8 first = address >> 4;
  42              		.loc 1 18 0
  43 0012 BB1D     		add	r3, r7, #6
  44 0014 1B88     		ldrh	r3, [r3]
  45 0016 1B09     		lsr	r3, r3, #4
  46 0018 9AB2     		uxth	r2, r3
  47 001a 0F23     		mov	r3, #15
  48 001c FB18     		add	r3, r7, r3
  49 001e 1A70     		strb	r2, [r3]
  19:sram.c        ****     uint8 last   = address & (0x0F);
  50              		.loc 1 19 0
  51 0020 BB1D     		add	r3, r7, #6
  52 0022 1B88     		ldrh	r3, [r3]
  53 0024 DAB2     		uxtb	r2, r3
  54 0026 0E23     		mov	r3, #14
  55 0028 FB18     		add	r3, r7, r3
  56 002a 0F21     		mov	r1, #15
  57 002c 0A40     		and	r2, r1
  58 002e 1A70     		strb	r2, [r3]
  20:sram.c        ****     SPIM_1_WriteTxData(first); // send first half of address
  59              		.loc 1 20 0
  60 0030 0F23     		mov	r3, #15
  61 0032 FB18     		add	r3, r7, r3
  62 0034 1B78     		ldrb	r3, [r3]
  63 0036 181C     		mov	r0, r3
  64 0038 FFF7FEFF 		bl	SPIM_1_WriteTxData
  21:sram.c        ****     SPIM_1_WriteTxData(last); // send last half od address
  65              		.loc 1 21 0
  66 003c 0E23     		mov	r3, #14
  67 003e FB18     		add	r3, r7, r3
  68 0040 1B78     		ldrb	r3, [r3]
  69 0042 181C     		mov	r0, r3
  70 0044 FFF7FEFF 		bl	SPIM_1_WriteTxData
  22:sram.c        ****     return SPIM_1_ReadRxData();
  71              		.loc 1 22 0
  72 0048 FFF7FEFF 		bl	SPIM_1_ReadRxData
  73 004c 031C     		mov	r3, r0
  23:sram.c        **** }
  74              		.loc 1 23 0
  75 004e 181C     		mov	r0, r3
  76 0050 BD46     		mov	sp, r7
  77 0052 04B0     		add	sp, sp, #16
  78              		@ sp needed
  79 0054 80BD     		pop	{r7, pc}
  80              		.cfi_endproc
  81              	.LFE34:
  82              		.size	readSramByte, .-readSramByte
  83 0056 C046     		.section	.text.writeSramByte,"ax",%progbits
  84              		.align	2
  85              		.global	writeSramByte
  86              		.code	16
  87              		.thumb_func
  88              		.type	writeSramByte, %function
  89              	writeSramByte:
  90              	.LFB35:
  24:sram.c        **** void writeSramByte(uint16 address, uint8 value){
ARM GAS  C:\Users\Joseph\AppData\Local\Temp\ccgovb3m.s 			page 3


  91              		.loc 1 24 0
  92              		.cfi_startproc
  93 0000 80B5     		push	{r7, lr}
  94              		.cfi_def_cfa_offset 8
  95              		.cfi_offset 7, -8
  96              		.cfi_offset 14, -4
  97 0002 84B0     		sub	sp, sp, #16
  98              		.cfi_def_cfa_offset 24
  99 0004 00AF     		add	r7, sp, #0
 100              		.cfi_def_cfa_register 7
 101 0006 021C     		mov	r2, r0
 102 0008 BB1D     		add	r3, r7, #6
 103 000a 1A80     		strh	r2, [r3]
 104 000c 7B1D     		add	r3, r7, #5
 105 000e 0A1C     		add	r2, r1, #0
 106 0010 1A70     		strb	r2, [r3]
  25:sram.c        **** // figure 2-1 pg.7
  26:sram.c        ****     
  27:sram.c        ****     SPIM_1_WriteTxData(WRITE_INSTRUCTION); // send read instruction
 107              		.loc 1 27 0
 108 0012 0220     		mov	r0, #2
 109 0014 FFF7FEFF 		bl	SPIM_1_WriteTxData
  28:sram.c        ****     uint8 first = address >> 4;
 110              		.loc 1 28 0
 111 0018 BB1D     		add	r3, r7, #6
 112 001a 1B88     		ldrh	r3, [r3]
 113 001c 1B09     		lsr	r3, r3, #4
 114 001e 9AB2     		uxth	r2, r3
 115 0020 0F23     		mov	r3, #15
 116 0022 FB18     		add	r3, r7, r3
 117 0024 1A70     		strb	r2, [r3]
  29:sram.c        ****     uint8 last   = address & (0x0F);
 118              		.loc 1 29 0
 119 0026 BB1D     		add	r3, r7, #6
 120 0028 1B88     		ldrh	r3, [r3]
 121 002a DAB2     		uxtb	r2, r3
 122 002c 0E23     		mov	r3, #14
 123 002e FB18     		add	r3, r7, r3
 124 0030 0F21     		mov	r1, #15
 125 0032 0A40     		and	r2, r1
 126 0034 1A70     		strb	r2, [r3]
  30:sram.c        ****     SPIM_1_WriteTxData(first); // send first half of address
 127              		.loc 1 30 0
 128 0036 0F23     		mov	r3, #15
 129 0038 FB18     		add	r3, r7, r3
 130 003a 1B78     		ldrb	r3, [r3]
 131 003c 181C     		mov	r0, r3
 132 003e FFF7FEFF 		bl	SPIM_1_WriteTxData
  31:sram.c        ****     SPIM_1_WriteTxData(last); // send last half od address
 133              		.loc 1 31 0
 134 0042 0E23     		mov	r3, #14
 135 0044 FB18     		add	r3, r7, r3
 136 0046 1B78     		ldrb	r3, [r3]
 137 0048 181C     		mov	r0, r3
 138 004a FFF7FEFF 		bl	SPIM_1_WriteTxData
  32:sram.c        ****     SPIM_1_WriteTxData(value);
 139              		.loc 1 32 0
ARM GAS  C:\Users\Joseph\AppData\Local\Temp\ccgovb3m.s 			page 4


 140 004e 7B1D     		add	r3, r7, #5
 141 0050 1B78     		ldrb	r3, [r3]
 142 0052 181C     		mov	r0, r3
 143 0054 FFF7FEFF 		bl	SPIM_1_WriteTxData
  33:sram.c        **** 
  34:sram.c        **** }
 144              		.loc 1 34 0
 145 0058 BD46     		mov	sp, r7
 146 005a 04B0     		add	sp, sp, #16
 147              		@ sp needed
 148 005c 80BD     		pop	{r7, pc}
 149              		.cfi_endproc
 150              	.LFE35:
 151              		.size	writeSramByte, .-writeSramByte
 152 005e C046     		.text
 153              	.Letext0:
 154              		.file 2 "Generated_Source\\PSoC4/cytypes.h"
 155              		.section	.debug_info,"",%progbits
 156              	.Ldebug_info0:
 157 0000 2A010000 		.4byte	0x12a
 158 0004 0400     		.2byte	0x4
 159 0006 00000000 		.4byte	.Ldebug_abbrev0
 160 000a 04       		.byte	0x4
 161 000b 01       		.uleb128 0x1
 162 000c 0E000000 		.4byte	.LASF19
 163 0010 01       		.byte	0x1
 164 0011 F1000000 		.4byte	.LASF20
 165 0015 00010000 		.4byte	.LASF21
 166 0019 00000000 		.4byte	.Ldebug_ranges0+0
 167 001d 00000000 		.4byte	0
 168 0021 00000000 		.4byte	.Ldebug_line0
 169 0025 02       		.uleb128 0x2
 170 0026 01       		.byte	0x1
 171 0027 06       		.byte	0x6
 172 0028 99010000 		.4byte	.LASF0
 173 002c 02       		.uleb128 0x2
 174 002d 01       		.byte	0x1
 175 002e 08       		.byte	0x8
 176 002f 56010000 		.4byte	.LASF1
 177 0033 02       		.uleb128 0x2
 178 0034 02       		.byte	0x2
 179 0035 05       		.byte	0x5
 180 0036 B1010000 		.4byte	.LASF2
 181 003a 02       		.uleb128 0x2
 182 003b 02       		.byte	0x2
 183 003c 07       		.byte	0x7
 184 003d 86010000 		.4byte	.LASF3
 185 0041 02       		.uleb128 0x2
 186 0042 04       		.byte	0x4
 187 0043 05       		.byte	0x5
 188 0044 69010000 		.4byte	.LASF4
 189 0048 02       		.uleb128 0x2
 190 0049 04       		.byte	0x4
 191 004a 07       		.byte	0x7
 192 004b C2000000 		.4byte	.LASF5
 193 004f 02       		.uleb128 0x2
 194 0050 08       		.byte	0x8
ARM GAS  C:\Users\Joseph\AppData\Local\Temp\ccgovb3m.s 			page 5


 195 0051 05       		.byte	0x5
 196 0052 00000000 		.4byte	.LASF6
 197 0056 02       		.uleb128 0x2
 198 0057 08       		.byte	0x8
 199 0058 07       		.byte	0x7
 200 0059 D4000000 		.4byte	.LASF7
 201 005d 03       		.uleb128 0x3
 202 005e 04       		.byte	0x4
 203 005f 05       		.byte	0x5
 204 0060 696E7400 		.ascii	"int\000"
 205 0064 02       		.uleb128 0x2
 206 0065 04       		.byte	0x4
 207 0066 07       		.byte	0x7
 208 0067 A1000000 		.4byte	.LASF8
 209 006b 04       		.uleb128 0x4
 210 006c BC000000 		.4byte	.LASF9
 211 0070 02       		.byte	0x2
 212 0071 B901     		.2byte	0x1b9
 213 0073 2C000000 		.4byte	0x2c
 214 0077 04       		.uleb128 0x4
 215 0078 BB010000 		.4byte	.LASF10
 216 007c 02       		.byte	0x2
 217 007d BA01     		.2byte	0x1ba
 218 007f 3A000000 		.4byte	0x3a
 219 0083 02       		.uleb128 0x2
 220 0084 04       		.byte	0x4
 221 0085 04       		.byte	0x4
 222 0086 EB000000 		.4byte	.LASF11
 223 008a 02       		.uleb128 0x2
 224 008b 08       		.byte	0x8
 225 008c 04       		.byte	0x4
 226 008d 7F010000 		.4byte	.LASF12
 227 0091 02       		.uleb128 0x2
 228 0092 01       		.byte	0x1
 229 0093 08       		.byte	0x8
 230 0094 64010000 		.4byte	.LASF13
 231 0098 02       		.uleb128 0x2
 232 0099 04       		.byte	0x4
 233 009a 07       		.byte	0x7
 234 009b C2010000 		.4byte	.LASF14
 235 009f 05       		.uleb128 0x5
 236 00a0 72010000 		.4byte	.LASF22
 237 00a4 01       		.byte	0x1
 238 00a5 0E       		.byte	0xe
 239 00a6 6B000000 		.4byte	0x6b
 240 00aa 00000000 		.4byte	.LFB34
 241 00ae 56000000 		.4byte	.LFE34-.LFB34
 242 00b2 01       		.uleb128 0x1
 243 00b3 9C       		.byte	0x9c
 244 00b4 E3000000 		.4byte	0xe3
 245 00b8 06       		.uleb128 0x6
 246 00b9 F8000000 		.4byte	.LASF17
 247 00bd 01       		.byte	0x1
 248 00be 0E       		.byte	0xe
 249 00bf 77000000 		.4byte	0x77
 250 00c3 02       		.uleb128 0x2
 251 00c4 91       		.byte	0x91
ARM GAS  C:\Users\Joseph\AppData\Local\Temp\ccgovb3m.s 			page 6


 252 00c5 6E       		.sleb128 -18
 253 00c6 07       		.uleb128 0x7
 254 00c7 A5010000 		.4byte	.LASF15
 255 00cb 01       		.byte	0x1
 256 00cc 12       		.byte	0x12
 257 00cd 6B000000 		.4byte	0x6b
 258 00d1 02       		.uleb128 0x2
 259 00d2 91       		.byte	0x91
 260 00d3 77       		.sleb128 -9
 261 00d4 07       		.uleb128 0x7
 262 00d5 9C000000 		.4byte	.LASF16
 263 00d9 01       		.byte	0x1
 264 00da 13       		.byte	0x13
 265 00db 6B000000 		.4byte	0x6b
 266 00df 02       		.uleb128 0x2
 267 00e0 91       		.byte	0x91
 268 00e1 76       		.sleb128 -10
 269 00e2 00       		.byte	0
 270 00e3 08       		.uleb128 0x8
 271 00e4 AE000000 		.4byte	.LASF23
 272 00e8 01       		.byte	0x1
 273 00e9 18       		.byte	0x18
 274 00ea 00000000 		.4byte	.LFB35
 275 00ee 5E000000 		.4byte	.LFE35-.LFB35
 276 00f2 01       		.uleb128 0x1
 277 00f3 9C       		.byte	0x9c
 278 00f4 06       		.uleb128 0x6
 279 00f5 F8000000 		.4byte	.LASF17
 280 00f9 01       		.byte	0x1
 281 00fa 18       		.byte	0x18
 282 00fb 77000000 		.4byte	0x77
 283 00ff 02       		.uleb128 0x2
 284 0100 91       		.byte	0x91
 285 0101 6E       		.sleb128 -18
 286 0102 06       		.uleb128 0x6
 287 0103 AB010000 		.4byte	.LASF18
 288 0107 01       		.byte	0x1
 289 0108 18       		.byte	0x18
 290 0109 6B000000 		.4byte	0x6b
 291 010d 02       		.uleb128 0x2
 292 010e 91       		.byte	0x91
 293 010f 6D       		.sleb128 -19
 294 0110 07       		.uleb128 0x7
 295 0111 A5010000 		.4byte	.LASF15
 296 0115 01       		.byte	0x1
 297 0116 1C       		.byte	0x1c
 298 0117 6B000000 		.4byte	0x6b
 299 011b 02       		.uleb128 0x2
 300 011c 91       		.byte	0x91
 301 011d 77       		.sleb128 -9
 302 011e 07       		.uleb128 0x7
 303 011f 9C000000 		.4byte	.LASF16
 304 0123 01       		.byte	0x1
 305 0124 1D       		.byte	0x1d
 306 0125 6B000000 		.4byte	0x6b
 307 0129 02       		.uleb128 0x2
 308 012a 91       		.byte	0x91
ARM GAS  C:\Users\Joseph\AppData\Local\Temp\ccgovb3m.s 			page 7


 309 012b 76       		.sleb128 -10
 310 012c 00       		.byte	0
 311 012d 00       		.byte	0
 312              		.section	.debug_abbrev,"",%progbits
 313              	.Ldebug_abbrev0:
 314 0000 01       		.uleb128 0x1
 315 0001 11       		.uleb128 0x11
 316 0002 01       		.byte	0x1
 317 0003 25       		.uleb128 0x25
 318 0004 0E       		.uleb128 0xe
 319 0005 13       		.uleb128 0x13
 320 0006 0B       		.uleb128 0xb
 321 0007 03       		.uleb128 0x3
 322 0008 0E       		.uleb128 0xe
 323 0009 1B       		.uleb128 0x1b
 324 000a 0E       		.uleb128 0xe
 325 000b 55       		.uleb128 0x55
 326 000c 17       		.uleb128 0x17
 327 000d 11       		.uleb128 0x11
 328 000e 01       		.uleb128 0x1
 329 000f 10       		.uleb128 0x10
 330 0010 17       		.uleb128 0x17
 331 0011 00       		.byte	0
 332 0012 00       		.byte	0
 333 0013 02       		.uleb128 0x2
 334 0014 24       		.uleb128 0x24
 335 0015 00       		.byte	0
 336 0016 0B       		.uleb128 0xb
 337 0017 0B       		.uleb128 0xb
 338 0018 3E       		.uleb128 0x3e
 339 0019 0B       		.uleb128 0xb
 340 001a 03       		.uleb128 0x3
 341 001b 0E       		.uleb128 0xe
 342 001c 00       		.byte	0
 343 001d 00       		.byte	0
 344 001e 03       		.uleb128 0x3
 345 001f 24       		.uleb128 0x24
 346 0020 00       		.byte	0
 347 0021 0B       		.uleb128 0xb
 348 0022 0B       		.uleb128 0xb
 349 0023 3E       		.uleb128 0x3e
 350 0024 0B       		.uleb128 0xb
 351 0025 03       		.uleb128 0x3
 352 0026 08       		.uleb128 0x8
 353 0027 00       		.byte	0
 354 0028 00       		.byte	0
 355 0029 04       		.uleb128 0x4
 356 002a 16       		.uleb128 0x16
 357 002b 00       		.byte	0
 358 002c 03       		.uleb128 0x3
 359 002d 0E       		.uleb128 0xe
 360 002e 3A       		.uleb128 0x3a
 361 002f 0B       		.uleb128 0xb
 362 0030 3B       		.uleb128 0x3b
 363 0031 05       		.uleb128 0x5
 364 0032 49       		.uleb128 0x49
 365 0033 13       		.uleb128 0x13
ARM GAS  C:\Users\Joseph\AppData\Local\Temp\ccgovb3m.s 			page 8


 366 0034 00       		.byte	0
 367 0035 00       		.byte	0
 368 0036 05       		.uleb128 0x5
 369 0037 2E       		.uleb128 0x2e
 370 0038 01       		.byte	0x1
 371 0039 3F       		.uleb128 0x3f
 372 003a 19       		.uleb128 0x19
 373 003b 03       		.uleb128 0x3
 374 003c 0E       		.uleb128 0xe
 375 003d 3A       		.uleb128 0x3a
 376 003e 0B       		.uleb128 0xb
 377 003f 3B       		.uleb128 0x3b
 378 0040 0B       		.uleb128 0xb
 379 0041 27       		.uleb128 0x27
 380 0042 19       		.uleb128 0x19
 381 0043 49       		.uleb128 0x49
 382 0044 13       		.uleb128 0x13
 383 0045 11       		.uleb128 0x11
 384 0046 01       		.uleb128 0x1
 385 0047 12       		.uleb128 0x12
 386 0048 06       		.uleb128 0x6
 387 0049 40       		.uleb128 0x40
 388 004a 18       		.uleb128 0x18
 389 004b 9642     		.uleb128 0x2116
 390 004d 19       		.uleb128 0x19
 391 004e 01       		.uleb128 0x1
 392 004f 13       		.uleb128 0x13
 393 0050 00       		.byte	0
 394 0051 00       		.byte	0
 395 0052 06       		.uleb128 0x6
 396 0053 05       		.uleb128 0x5
 397 0054 00       		.byte	0
 398 0055 03       		.uleb128 0x3
 399 0056 0E       		.uleb128 0xe
 400 0057 3A       		.uleb128 0x3a
 401 0058 0B       		.uleb128 0xb
 402 0059 3B       		.uleb128 0x3b
 403 005a 0B       		.uleb128 0xb
 404 005b 49       		.uleb128 0x49
 405 005c 13       		.uleb128 0x13
 406 005d 02       		.uleb128 0x2
 407 005e 18       		.uleb128 0x18
 408 005f 00       		.byte	0
 409 0060 00       		.byte	0
 410 0061 07       		.uleb128 0x7
 411 0062 34       		.uleb128 0x34
 412 0063 00       		.byte	0
 413 0064 03       		.uleb128 0x3
 414 0065 0E       		.uleb128 0xe
 415 0066 3A       		.uleb128 0x3a
 416 0067 0B       		.uleb128 0xb
 417 0068 3B       		.uleb128 0x3b
 418 0069 0B       		.uleb128 0xb
 419 006a 49       		.uleb128 0x49
 420 006b 13       		.uleb128 0x13
 421 006c 02       		.uleb128 0x2
 422 006d 18       		.uleb128 0x18
ARM GAS  C:\Users\Joseph\AppData\Local\Temp\ccgovb3m.s 			page 9


 423 006e 00       		.byte	0
 424 006f 00       		.byte	0
 425 0070 08       		.uleb128 0x8
 426 0071 2E       		.uleb128 0x2e
 427 0072 01       		.byte	0x1
 428 0073 3F       		.uleb128 0x3f
 429 0074 19       		.uleb128 0x19
 430 0075 03       		.uleb128 0x3
 431 0076 0E       		.uleb128 0xe
 432 0077 3A       		.uleb128 0x3a
 433 0078 0B       		.uleb128 0xb
 434 0079 3B       		.uleb128 0x3b
 435 007a 0B       		.uleb128 0xb
 436 007b 27       		.uleb128 0x27
 437 007c 19       		.uleb128 0x19
 438 007d 11       		.uleb128 0x11
 439 007e 01       		.uleb128 0x1
 440 007f 12       		.uleb128 0x12
 441 0080 06       		.uleb128 0x6
 442 0081 40       		.uleb128 0x40
 443 0082 18       		.uleb128 0x18
 444 0083 9642     		.uleb128 0x2116
 445 0085 19       		.uleb128 0x19
 446 0086 00       		.byte	0
 447 0087 00       		.byte	0
 448 0088 00       		.byte	0
 449              		.section	.debug_aranges,"",%progbits
 450 0000 24000000 		.4byte	0x24
 451 0004 0200     		.2byte	0x2
 452 0006 00000000 		.4byte	.Ldebug_info0
 453 000a 04       		.byte	0x4
 454 000b 00       		.byte	0
 455 000c 0000     		.2byte	0
 456 000e 0000     		.2byte	0
 457 0010 00000000 		.4byte	.LFB34
 458 0014 56000000 		.4byte	.LFE34-.LFB34
 459 0018 00000000 		.4byte	.LFB35
 460 001c 5E000000 		.4byte	.LFE35-.LFB35
 461 0020 00000000 		.4byte	0
 462 0024 00000000 		.4byte	0
 463              		.section	.debug_ranges,"",%progbits
 464              	.Ldebug_ranges0:
 465 0000 00000000 		.4byte	.LFB34
 466 0004 56000000 		.4byte	.LFE34
 467 0008 00000000 		.4byte	.LFB35
 468 000c 5E000000 		.4byte	.LFE35
 469 0010 00000000 		.4byte	0
 470 0014 00000000 		.4byte	0
 471              		.section	.debug_line,"",%progbits
 472              	.Ldebug_line0:
 473 0000 73000000 		.section	.debug_str,"MS",%progbits,1
 473      02004100 
 473      00000201 
 473      FB0E0D00 
 473      01010101 
 474              	.LASF6:
 475 0000 6C6F6E67 		.ascii	"long long int\000"
ARM GAS  C:\Users\Joseph\AppData\Local\Temp\ccgovb3m.s 			page 10


 475      206C6F6E 
 475      6720696E 
 475      7400
 476              	.LASF19:
 477 000e 474E5520 		.ascii	"GNU C 4.9.3 20150303 (release) [ARM/embedded-4_9-br"
 477      4320342E 
 477      392E3320 
 477      32303135 
 477      30333033 
 478 0041 616E6368 		.ascii	"anch revision 221220] -mcpu=cortex-m0 -mthumb -g -O"
 478      20726576 
 478      6973696F 
 478      6E203232 
 478      31323230 
 479 0074 30202D66 		.ascii	"0 -ffunction-sections -ffat-lto-objects\000"
 479      66756E63 
 479      74696F6E 
 479      2D736563 
 479      74696F6E 
 480              	.LASF16:
 481 009c 6C617374 		.ascii	"last\000"
 481      00
 482              	.LASF8:
 483 00a1 756E7369 		.ascii	"unsigned int\000"
 483      676E6564 
 483      20696E74 
 483      00
 484              	.LASF23:
 485 00ae 77726974 		.ascii	"writeSramByte\000"
 485      65537261 
 485      6D427974 
 485      6500
 486              	.LASF9:
 487 00bc 75696E74 		.ascii	"uint8\000"
 487      3800
 488              	.LASF5:
 489 00c2 6C6F6E67 		.ascii	"long unsigned int\000"
 489      20756E73 
 489      69676E65 
 489      6420696E 
 489      7400
 490              	.LASF7:
 491 00d4 6C6F6E67 		.ascii	"long long unsigned int\000"
 491      206C6F6E 
 491      6720756E 
 491      7369676E 
 491      65642069 
 492              	.LASF11:
 493 00eb 666C6F61 		.ascii	"float\000"
 493      7400
 494              	.LASF20:
 495 00f1 7372616D 		.ascii	"sram.c\000"
 495      2E6300
 496              	.LASF17:
 497 00f8 61646472 		.ascii	"address\000"
 497      65737300 
 498              	.LASF21:
ARM GAS  C:\Users\Joseph\AppData\Local\Temp\ccgovb3m.s 			page 11


 499 0100 433A5C55 		.ascii	"C:\\Users\\Joseph\\Documents\\CY8CKIT-049-42xx\\1.0"
 499      73657273 
 499      5C4A6F73 
 499      6570685C 
 499      446F6375 
 500 012e 5C466972 		.ascii	"\\Firmware\\SCB_Bootloader\\Design02.cydsn\000"
 500      6D776172 
 500      655C5343 
 500      425F426F 
 500      6F746C6F 
 501              	.LASF1:
 502 0156 756E7369 		.ascii	"unsigned char\000"
 502      676E6564 
 502      20636861 
 502      7200
 503              	.LASF13:
 504 0164 63686172 		.ascii	"char\000"
 504      00
 505              	.LASF4:
 506 0169 6C6F6E67 		.ascii	"long int\000"
 506      20696E74 
 506      00
 507              	.LASF22:
 508 0172 72656164 		.ascii	"readSramByte\000"
 508      5372616D 
 508      42797465 
 508      00
 509              	.LASF12:
 510 017f 646F7562 		.ascii	"double\000"
 510      6C6500
 511              	.LASF3:
 512 0186 73686F72 		.ascii	"short unsigned int\000"
 512      7420756E 
 512      7369676E 
 512      65642069 
 512      6E7400
 513              	.LASF0:
 514 0199 7369676E 		.ascii	"signed char\000"
 514      65642063 
 514      68617200 
 515              	.LASF15:
 516 01a5 66697273 		.ascii	"first\000"
 516      7400
 517              	.LASF18:
 518 01ab 76616C75 		.ascii	"value\000"
 518      6500
 519              	.LASF2:
 520 01b1 73686F72 		.ascii	"short int\000"
 520      7420696E 
 520      7400
 521              	.LASF10:
 522 01bb 75696E74 		.ascii	"uint16\000"
 522      313600
 523              	.LASF14:
 524 01c2 73697A65 		.ascii	"sizetype\000"
 524      74797065 
 524      00
ARM GAS  C:\Users\Joseph\AppData\Local\Temp\ccgovb3m.s 			page 12


 525              		.ident	"GCC: (GNU Tools for ARM Embedded Processors) 4.9.3 20150303 (release) [ARM/embedded-4_9-br
